
 Performance counter stats for './mem-walk-no-thread-no-thrash':

         4,068,097 cache-misses                                                

       3.518216239 seconds time elapsed


 Performance counter stats for './mem-walk-no-thread-no-thrash':

         3,905,572 cache-misses                                                

       3.244500434 seconds time elapsed


 Performance counter stats for './mem-walk-no-thread-no-thrash':

         3,859,429 cache-misses                                                

       3.273431891 seconds time elapsed


 Performance counter stats for './mem-walk-no-thread-no-thrash':

         4,114,123 cache-misses                                                

       3.878138677 seconds time elapsed


 Performance counter stats for './mem-walk-no-thread-no-thrash':

         4,280,852 cache-misses                                                

       3.863895476 seconds time elapsed


 Performance counter stats for './mem-walk-no-thread-no-thrash':

         3,939,547 cache-misses                                                

       3.484091511 seconds time elapsed


 Performance counter stats for './mem-walk-no-thread-no-thrash':

         4,502,824 cache-misses                                                

       4.173557870 seconds time elapsed


 Performance counter stats for './mem-walk-no-thread-no-thrash':

         3,834,338 cache-misses                                                

       3.096637480 seconds time elapsed


 Performance counter stats for './mem-walk-no-thread-no-thrash':

         4,176,874 cache-misses                                                

       3.824670916 seconds time elapsed


 Performance counter stats for './mem-walk-no-thread-no-thrash':

         4,375,976 cache-misses                                                

       4.225913205 seconds time elapsed


 Performance counter stats for './mem-walk-no-thread':

       554,188,681 cache-misses                                                

      11.019706341 seconds time elapsed


 Performance counter stats for './mem-walk-no-thread':

       549,729,682 cache-misses                                                

      10.969956705 seconds time elapsed


 Performance counter stats for './mem-walk-no-thread':

       539,447,494 cache-misses                                                

      11.013139622 seconds time elapsed


 Performance counter stats for './mem-walk-no-thread':

       549,608,211 cache-misses                                                

      11.014915036 seconds time elapsed


 Performance counter stats for './mem-walk-no-thread':

       538,301,756 cache-misses                                                

      10.984021103 seconds time elapsed


 Performance counter stats for './mem-walk-no-thread':

       561,679,010 cache-misses                                                

      11.019232000 seconds time elapsed


 Performance counter stats for './mem-walk-no-thread':

       555,181,181 cache-misses                                                

      10.969829942 seconds time elapsed


 Performance counter stats for './mem-walk-no-thread':

       528,003,858 cache-misses                                                

      10.976941536 seconds time elapsed


 Performance counter stats for './mem-walk-no-thread':

       539,183,333 cache-misses                                                

      10.952020030 seconds time elapsed


 Performance counter stats for './mem-walk-no-thread':

       557,517,640 cache-misses                                                

      11.013240896 seconds time elapsed


 Performance counter stats for './mem-walk-no-thrash':

        26,306,726 cache-misses                                                

      11.613677530 seconds time elapsed


 Performance counter stats for './mem-walk-no-thrash':

        28,989,660 cache-misses                                                

      11.707951943 seconds time elapsed


 Performance counter stats for './mem-walk-no-thrash':

        26,597,206 cache-misses                                                

      11.711602693 seconds time elapsed


 Performance counter stats for './mem-walk-no-thrash':

        23,171,637 cache-misses                                                

      11.707141363 seconds time elapsed


 Performance counter stats for './mem-walk-no-thrash':

        30,461,208 cache-misses                                                

      11.714543007 seconds time elapsed


 Performance counter stats for './mem-walk-no-thrash':

        26,468,159 cache-misses                                                

      11.704544241 seconds time elapsed


 Performance counter stats for './mem-walk-no-thrash':

        29,583,338 cache-misses                                                

      11.720863298 seconds time elapsed


 Performance counter stats for './mem-walk-no-thrash':

        20,281,541 cache-misses                                                

      11.713308685 seconds time elapsed


 Performance counter stats for './mem-walk-no-thrash':

        27,112,906 cache-misses                                                

      11.701998419 seconds time elapsed


 Performance counter stats for './mem-walk-no-thrash':

        27,165,273 cache-misses                                                

      11.717576526 seconds time elapsed


 Performance counter stats for './mem-walk':

     2,743,404,587 cache-misses                                                

      64.353264203 seconds time elapsed


 Performance counter stats for './mem-walk':

     3,355,451,236 cache-misses                                                

      68.124477370 seconds time elapsed


 Performance counter stats for './mem-walk':

     3,071,931,338 cache-misses                                                

      66.003276117 seconds time elapsed


 Performance counter stats for './mem-walk':

     3,400,238,283 cache-misses                                                

      67.023579409 seconds time elapsed


 Performance counter stats for './mem-walk':

     3,115,589,266 cache-misses                                                

      65.546315018 seconds time elapsed


 Performance counter stats for './mem-walk':

     3,216,469,586 cache-misses                                                

      65.935656452 seconds time elapsed


 Performance counter stats for './mem-walk':

     3,193,659,056 cache-misses                                                

      66.719618921 seconds time elapsed


 Performance counter stats for './mem-walk':

     3,133,062,058 cache-misses                                                

      66.174276757 seconds time elapsed


 Performance counter stats for './mem-walk':

     3,009,511,678 cache-misses                                                

      62.756863251 seconds time elapsed


 Performance counter stats for './mem-walk':

     3,123,402,948 cache-misses                                                

      65.102913155 seconds time elapsed

