
 Performance counter stats for './mem-walk-no-thread-no-thrash':

       425,869,760 cache-misses                                                

       4.312561399 seconds time elapsed


 Performance counter stats for './mem-walk-no-thread-no-thrash':

       509,600,320 cache-misses                                                

       5.108449008 seconds time elapsed


 Performance counter stats for './mem-walk-no-thread-no-thrash':

       531,378,427 cache-misses                                                

       5.352939587 seconds time elapsed


 Performance counter stats for './mem-walk-no-thread-no-thrash':

       468,909,219 cache-misses                                                

       4.677279374 seconds time elapsed


 Performance counter stats for './mem-walk-no-thread-no-thrash':

       507,669,099 cache-misses                                                

       5.158900089 seconds time elapsed


 Performance counter stats for './mem-walk-no-thread-no-thrash':

       519,812,334 cache-misses                                                

       5.185282373 seconds time elapsed


 Performance counter stats for './mem-walk-no-thread-no-thrash':

       495,153,732 cache-misses                                                

       4.948505129 seconds time elapsed


 Performance counter stats for './mem-walk-no-thread-no-thrash':

       504,507,118 cache-misses                                                

       5.082632473 seconds time elapsed


 Performance counter stats for './mem-walk-no-thread-no-thrash':

       523,983,278 cache-misses                                                

       5.222879532 seconds time elapsed


 Performance counter stats for './mem-walk-no-thread-no-thrash':

       495,533,026 cache-misses                                                

       4.984792037 seconds time elapsed


 Performance counter stats for './mem-walk-no-thread':

     7,882,288,849 cache-misses                                                 [100.00%]

      80.637035797 seconds time elapsed


 Performance counter stats for './mem-walk-no-thread':

    12,177,617,158 cache-misses                                                

     118.804256578 seconds time elapsed


 Performance counter stats for './mem-walk-no-thread':

     7,536,431,863 cache-misses                                                 [100.00%]

      78.180120226 seconds time elapsed


 Performance counter stats for './mem-walk-no-thread':

    11,518,287,020 cache-misses                                                

     112.480581317 seconds time elapsed


 Performance counter stats for './mem-walk-no-thread':

     8,596,076,738 cache-misses                                                 [100.00%]

      87.575274988 seconds time elapsed


 Performance counter stats for './mem-walk-no-thread':

    11,588,394,908 cache-misses                                                

     113.755212813 seconds time elapsed


 Performance counter stats for './mem-walk-no-thread':

     8,147,204,223 cache-misses                                                 [100.00%]

      83.479306689 seconds time elapsed


 Performance counter stats for './mem-walk-no-thread':

    11,111,567,109 cache-misses                                                

     108.987445793 seconds time elapsed


 Performance counter stats for './mem-walk-no-thread':

     8,562,653,222 cache-misses                                                 [100.00%]

      87.307656790 seconds time elapsed


 Performance counter stats for './mem-walk-no-thread':

    10,830,009,030 cache-misses                                                

     106.311811913 seconds time elapsed


 Performance counter stats for './mem-walk-no-thrash':

     1,144,145,645 cache-misses                                                

      19.149499593 seconds time elapsed


 Performance counter stats for './mem-walk-no-thrash':

     1,127,350,406 cache-misses                                                 [100.00%]

      16.764287706 seconds time elapsed


 Performance counter stats for './mem-walk-no-thrash':

     1,818,255,409 cache-misses                                                

      22.940932727 seconds time elapsed


 Performance counter stats for './mem-walk-no-thrash':

     1,696,628,895 cache-misses                                                

      21.838338845 seconds time elapsed


 Performance counter stats for './mem-walk-no-thrash':

     1,931,601,145 cache-misses                                                

      23.675428059 seconds time elapsed


 Performance counter stats for './mem-walk-no-thrash':

     2,006,029,097 cache-misses                                                

      24.807426539 seconds time elapsed


 Performance counter stats for './mem-walk-no-thrash':

     1,783,173,460 cache-misses                                                

      22.517075032 seconds time elapsed


 Performance counter stats for './mem-walk-no-thrash':

     1,838,274,632 cache-misses                                                

      22.969052506 seconds time elapsed


 Performance counter stats for './mem-walk-no-thrash':

     1,546,072,074 cache-misses                                                

      21.035716241 seconds time elapsed


 Performance counter stats for './mem-walk-no-thrash':

     1,766,967,526 cache-misses                                                

      22.260475878 seconds time elapsed


 Performance counter stats for './mem-walk':

    36,399,304,446 cache-misses                                                 [100.00%]

     362.249232699 seconds time elapsed


 Performance counter stats for './mem-walk':

    36,422,806,363 cache-misses                                                 [100.00%]

     360.192560262 seconds time elapsed


 Performance counter stats for './mem-walk':

    36,945,508,263 cache-misses                                                 [100.00%]

     364.103210487 seconds time elapsed


 Performance counter stats for './mem-walk':

    12,961,722,217 cache-misses                                                

     139.879367449 seconds time elapsed


 Performance counter stats for './mem-walk':

    11,696,105,995 cache-misses                                                

     127.573793237 seconds time elapsed


 Performance counter stats for './mem-walk':

    11,895,127,528 cache-misses                                                

     128.840422656 seconds time elapsed


 Performance counter stats for './mem-walk':

    11,353,690,750 cache-misses                                                

     124.610779225 seconds time elapsed


 Performance counter stats for './mem-walk':

    12,683,770,539 cache-misses                                                

     134.817136030 seconds time elapsed


 Performance counter stats for './mem-walk':

    12,299,664,315 cache-misses                                                

     132.805513754 seconds time elapsed


 Performance counter stats for './mem-walk':

    11,945,076,875 cache-misses                                                

     129.086435151 seconds time elapsed

