Params: count 0  min_pkt_size: 60  max_pkt_size: 60
     frags: 0  delay: 40000  clone_skb: 10  ifname: eth2
     flows: 0 flowlen: 0
     queue_map_min: 0  queue_map_max: 0
     dst_min: 2.0.0.2  dst_max: 
        src_min:   src_max: 
     src_mac: 40:f2:e9:01:23:14 dst_mac: 40:f2:e9:01:23:00
     udp_src_min: 9  udp_src_max: 9  udp_dst_min: 9  udp_dst_max: 9
     src_mac_count: 0  dst_mac_count: 0
     Flags: 
Current:
     pkts-sofar: 26957629  errors: 0
     started: 45223545012us  stopped: 46301850092us idle: 1064966497us
     seq_num: 26957630  cur_dst_mac_offset: 0  cur_src_mac_offset: 0
     cur_saddr: 1.0.0.1  cur_daddr: 2.0.0.2
     cur_udp_dst: 9  cur_udp_src: 9
     cur_queue_map: 0
     flows: 0
Result: OK: 1078305080(c13338582+d1064966497) usec, 26957629 (60byte,0frags)
  25000pps 12Mb/sec (12000000bps) errors: 0
