
 Performance counter stats for './mem-walk-no-thread-no-thrash':

         9,940,314 cache-misses                                                

       3.846330310 seconds time elapsed


 Performance counter stats for './mem-walk-no-thread-no-thrash':

         9,173,423 cache-misses                                                

       3.418352857 seconds time elapsed


 Performance counter stats for './mem-walk-no-thread-no-thrash':

         9,239,418 cache-misses                                                

       3.475034255 seconds time elapsed


 Performance counter stats for './mem-walk-no-thread-no-thrash':

         9,165,378 cache-misses                                                

       3.438428637 seconds time elapsed


 Performance counter stats for './mem-walk-no-thread-no-thrash':

         9,556,872 cache-misses                                                

       3.756084537 seconds time elapsed


 Performance counter stats for './mem-walk-no-thread-no-thrash':

         8,696,321 cache-misses                                                

       3.221694476 seconds time elapsed


 Performance counter stats for './mem-walk-no-thread-no-thrash':

         8,856,816 cache-misses                                                

       3.198825065 seconds time elapsed


 Performance counter stats for './mem-walk-no-thread-no-thrash':

         8,524,375 cache-misses                                                

       3.139578460 seconds time elapsed


 Performance counter stats for './mem-walk-no-thread-no-thrash':

         9,739,781 cache-misses                                                

       3.789604740 seconds time elapsed


 Performance counter stats for './mem-walk-no-thread-no-thrash':

         8,923,583 cache-misses                                                

       3.338743401 seconds time elapsed


 Performance counter stats for './mem-walk-no-thread':

       528,678,635 cache-misses                                                

      11.840507019 seconds time elapsed


 Performance counter stats for './mem-walk-no-thread':

       516,670,434 cache-misses                                                

      11.889213316 seconds time elapsed


 Performance counter stats for './mem-walk-no-thread':

       532,322,451 cache-misses                                                

      11.864037626 seconds time elapsed


 Performance counter stats for './mem-walk-no-thread':

       536,822,175 cache-misses                                                

      11.871544116 seconds time elapsed


 Performance counter stats for './mem-walk-no-thread':

       527,793,941 cache-misses                                                

      11.871415876 seconds time elapsed


 Performance counter stats for './mem-walk-no-thread':

       533,303,451 cache-misses                                                

      11.899182793 seconds time elapsed


 Performance counter stats for './mem-walk-no-thread':

       534,423,462 cache-misses                                                

      11.905467463 seconds time elapsed


 Performance counter stats for './mem-walk-no-thread':

       525,370,308 cache-misses                                                

      11.855660381 seconds time elapsed


 Performance counter stats for './mem-walk-no-thread':

       521,928,604 cache-misses                                                

      11.871052076 seconds time elapsed


 Performance counter stats for './mem-walk-no-thread':

       536,885,175 cache-misses                                                

      11.897738334 seconds time elapsed


 Performance counter stats for './mem-walk-no-thrash':

        46,291,486 cache-misses                                                

      12.098218502 seconds time elapsed


 Performance counter stats for './mem-walk-no-thrash':

        43,422,045 cache-misses                                                

      11.883348604 seconds time elapsed


 Performance counter stats for './mem-walk-no-thrash':

        42,395,687 cache-misses                                                

      12.209615289 seconds time elapsed


 Performance counter stats for './mem-walk-no-thrash':

        46,487,780 cache-misses                                                

      12.358699727 seconds time elapsed


 Performance counter stats for './mem-walk-no-thrash':

        44,865,010 cache-misses                                                

      12.033682281 seconds time elapsed


 Performance counter stats for './mem-walk-no-thrash':

        45,041,292 cache-misses                                                

      12.237579943 seconds time elapsed


 Performance counter stats for './mem-walk-no-thrash':

        43,140,476 cache-misses                                                

      11.922330549 seconds time elapsed


 Performance counter stats for './mem-walk-no-thrash':

        45,452,587 cache-misses                                                

      12.446007287 seconds time elapsed


 Performance counter stats for './mem-walk-no-thrash':

        45,939,400 cache-misses                                                

      12.780455995 seconds time elapsed


 Performance counter stats for './mem-walk-no-thrash':

        44,577,194 cache-misses                                                

      11.822033576 seconds time elapsed


 Performance counter stats for './mem-walk':

    11,670,428,430 cache-misses                                                

     127.175737405 seconds time elapsed


 Performance counter stats for './mem-walk':

    11,807,762,754 cache-misses                                                

     128.344793446 seconds time elapsed


 Performance counter stats for './mem-walk':

    12,955,857,914 cache-misses                                                

     137.474872617 seconds time elapsed


 Performance counter stats for './mem-walk':

    13,963,373,894 cache-misses                                                

     145.641924742 seconds time elapsed


 Performance counter stats for './mem-walk':

    11,473,537,426 cache-misses                                                

     125.628220019 seconds time elapsed


 Performance counter stats for './mem-walk':

    11,624,074,361 cache-misses                                                

     126.807851076 seconds time elapsed


 Performance counter stats for './mem-walk':

    12,294,380,358 cache-misses                                                

     132.091271873 seconds time elapsed


 Performance counter stats for './mem-walk':

    12,202,997,952 cache-misses                                                

     131.347755346 seconds time elapsed


 Performance counter stats for './mem-walk':

    11,719,062,946 cache-misses                                                

     127.571696758 seconds time elapsed


 Performance counter stats for './mem-walk':

    12,494,392,772 cache-misses                                                

     133.792391757 seconds time elapsed

