
 Performance counter stats for './mem-walk-no-thread-no-thrash':

         3,672,805 cache-misses                                                

       3.971145125 seconds time elapsed


 Performance counter stats for './mem-walk-no-thread-no-thrash':

         3,560,858 cache-misses                                                

       3.709190020 seconds time elapsed


 Performance counter stats for './mem-walk-no-thread-no-thrash':

         3,456,405 cache-misses                                                

       3.333574374 seconds time elapsed


 Performance counter stats for './mem-walk-no-thread-no-thrash':

         3,465,618 cache-misses                                                

       3.647247113 seconds time elapsed


 Performance counter stats for './mem-walk-no-thread-no-thrash':

         3,468,658 cache-misses                                                

       3.424159237 seconds time elapsed


 Performance counter stats for './mem-walk-no-thread-no-thrash':

         3,557,364 cache-misses                                                

       3.851827094 seconds time elapsed


 Performance counter stats for './mem-walk-no-thread-no-thrash':

         3,411,904 cache-misses                                                

       3.143405376 seconds time elapsed


 Performance counter stats for './mem-walk-no-thread-no-thrash':

         3,414,574 cache-misses                                                

       3.315607943 seconds time elapsed


 Performance counter stats for './mem-walk-no-thread-no-thrash':

         3,538,923 cache-misses                                                

       3.903610016 seconds time elapsed


 Performance counter stats for './mem-walk-no-thread-no-thrash':

         3,580,689 cache-misses                                                

       3.834858038 seconds time elapsed


 Performance counter stats for './mem-walk-no-thread':

       541,334,316 cache-misses                                                

      10.932891328 seconds time elapsed


 Performance counter stats for './mem-walk-no-thread':

       546,215,884 cache-misses                                                

      10.891352616 seconds time elapsed


 Performance counter stats for './mem-walk-no-thread':

       562,465,202 cache-misses                                                

      10.896922943 seconds time elapsed


 Performance counter stats for './mem-walk-no-thread':

       553,786,539 cache-misses                                                

      10.874123752 seconds time elapsed


 Performance counter stats for './mem-walk-no-thread':

       549,874,912 cache-misses                                                

      10.904593324 seconds time elapsed


 Performance counter stats for './mem-walk-no-thread':

       550,084,870 cache-misses                                                

      10.861307481 seconds time elapsed


 Performance counter stats for './mem-walk-no-thread':

       550,173,861 cache-misses                                                

      10.924519599 seconds time elapsed


 Performance counter stats for './mem-walk-no-thread':

       537,919,026 cache-misses                                                

      10.877978689 seconds time elapsed


 Performance counter stats for './mem-walk-no-thread':

       536,417,698 cache-misses                                                

      10.871701218 seconds time elapsed


 Performance counter stats for './mem-walk-no-thread':

       546,581,917 cache-misses                                                

      10.836512758 seconds time elapsed


 Performance counter stats for './mem-walk-no-thrash':

        29,348,019 cache-misses                                                

      11.252120121 seconds time elapsed


 Performance counter stats for './mem-walk-no-thrash':

         8,115,714 cache-misses                                                

      11.109130079 seconds time elapsed


 Performance counter stats for './mem-walk-no-thrash':

        26,479,636 cache-misses                                                

      11.344283666 seconds time elapsed


 Performance counter stats for './mem-walk-no-thrash':

         5,589,815 cache-misses                                                

      11.105087351 seconds time elapsed


 Performance counter stats for './mem-walk-no-thrash':

        26,399,830 cache-misses                                                

      11.377369506 seconds time elapsed


 Performance counter stats for './mem-walk-no-thrash':

        10,536,961 cache-misses                                                

      11.106936694 seconds time elapsed


 Performance counter stats for './mem-walk-no-thrash':

         7,172,066 cache-misses                                                

      11.091189925 seconds time elapsed


 Performance counter stats for './mem-walk-no-thrash':

        25,683,971 cache-misses                                                

      11.295422480 seconds time elapsed


 Performance counter stats for './mem-walk-no-thrash':

        18,643,190 cache-misses                                                

      11.395779821 seconds time elapsed


 Performance counter stats for './mem-walk-no-thrash':

         7,470,532 cache-misses                                                

      11.002041099 seconds time elapsed


 Performance counter stats for './mem-walk':

     1,286,303,682 cache-misses                                                

      49.985134003 seconds time elapsed


 Performance counter stats for './mem-walk':

     1,500,685,742 cache-misses                                                

      50.578882844 seconds time elapsed


 Performance counter stats for './mem-walk':

     1,382,337,165 cache-misses                                                

      50.185675304 seconds time elapsed


 Performance counter stats for './mem-walk':

     1,355,044,271 cache-misses                                                

      50.175124289 seconds time elapsed


 Performance counter stats for './mem-walk':

     1,421,555,866 cache-misses                                                

      50.367605336 seconds time elapsed


 Performance counter stats for './mem-walk':

     1,691,045,741 cache-misses                                                

      51.313118313 seconds time elapsed


 Performance counter stats for './mem-walk':

     3,651,319,765 cache-misses                                                

      66.139154617 seconds time elapsed


 Performance counter stats for './mem-walk':

     1,652,693,828 cache-misses                                                

      51.087737849 seconds time elapsed


 Performance counter stats for './mem-walk':

     1,509,963,599 cache-misses                                                

      50.860199362 seconds time elapsed


 Performance counter stats for './mem-walk':

     1,513,453,820 cache-misses                                                

      50.837786645 seconds time elapsed

