
 Performance counter stats for './mem-walk-no-thread-no-thrash':

         3,566,018 cache-misses                                                

       3.730262060 seconds time elapsed


 Performance counter stats for './mem-walk-no-thread-no-thrash':

         3,542,610 cache-misses                                                

       3.112652668 seconds time elapsed


 Performance counter stats for './mem-walk-no-thread-no-thrash':

         3,507,723 cache-misses                                                

       3.360394513 seconds time elapsed


 Performance counter stats for './mem-walk-no-thread-no-thrash':

         3,576,972 cache-misses                                                

       3.995343078 seconds time elapsed


 Performance counter stats for './mem-walk-no-thread-no-thrash':

         3,512,215 cache-misses                                                

       3.751070600 seconds time elapsed


 Performance counter stats for './mem-walk-no-thread-no-thrash':

         3,580,929 cache-misses                                                

       4.006984022 seconds time elapsed


 Performance counter stats for './mem-walk-no-thread-no-thrash':

         3,316,584 cache-misses                                                

       3.149655814 seconds time elapsed


 Performance counter stats for './mem-walk-no-thread-no-thrash':

         3,688,983 cache-misses                                                

       4.065725918 seconds time elapsed


 Performance counter stats for './mem-walk-no-thread-no-thrash':

         3,440,429 cache-misses                                                

       3.297894982 seconds time elapsed


 Performance counter stats for './mem-walk-no-thread-no-thrash':

         3,410,233 cache-misses                                                

       3.462085421 seconds time elapsed


 Performance counter stats for './mem-walk-no-thread':

       547,587,743 cache-misses                                                

      11.315484247 seconds time elapsed


 Performance counter stats for './mem-walk-no-thread':

       553,703,979 cache-misses                                                

      11.317239214 seconds time elapsed


 Performance counter stats for './mem-walk-no-thread':

       551,248,930 cache-misses                                                

      11.302813008 seconds time elapsed


 Performance counter stats for './mem-walk-no-thread':

       539,625,224 cache-misses                                                

      11.412775843 seconds time elapsed


 Performance counter stats for './mem-walk-no-thread':

       552,081,000 cache-misses                                                

      11.358158410 seconds time elapsed


 Performance counter stats for './mem-walk-no-thread':

       543,035,913 cache-misses                                                

      11.354867221 seconds time elapsed


 Performance counter stats for './mem-walk-no-thread':

       559,968,284 cache-misses                                                

      11.315403358 seconds time elapsed


 Performance counter stats for './mem-walk-no-thread':

       547,963,376 cache-misses                                                

      11.395483484 seconds time elapsed


 Performance counter stats for './mem-walk-no-thread':

       552,129,562 cache-misses                                                

      11.360688810 seconds time elapsed


 Performance counter stats for './mem-walk-no-thread':

       548,840,310 cache-misses                                                

      11.327729208 seconds time elapsed


 Performance counter stats for './mem-walk-no-thrash':

        27,151,192 cache-misses                                                

      11.337047303 seconds time elapsed


 Performance counter stats for './mem-walk-no-thrash':

        10,512,854 cache-misses                                                

      11.116303817 seconds time elapsed


 Performance counter stats for './mem-walk-no-thrash':

        16,803,472 cache-misses                                                

      11.272249753 seconds time elapsed


 Performance counter stats for './mem-walk-no-thrash':

        24,025,938 cache-misses                                                

      11.289239156 seconds time elapsed


 Performance counter stats for './mem-walk-no-thrash':

        25,025,231 cache-misses                                                

      11.314892817 seconds time elapsed


 Performance counter stats for './mem-walk-no-thrash':

        10,812,497 cache-misses                                                

      11.113750966 seconds time elapsed


 Performance counter stats for './mem-walk-no-thrash':

        19,989,867 cache-misses                                                

      11.513600016 seconds time elapsed


 Performance counter stats for './mem-walk-no-thrash':

         9,804,148 cache-misses                                                

      11.231356952 seconds time elapsed


 Performance counter stats for './mem-walk-no-thrash':

        24,630,957 cache-misses                                                

      11.341780124 seconds time elapsed


 Performance counter stats for './mem-walk-no-thrash':

        16,431,944 cache-misses                                                

      11.438554915 seconds time elapsed


 Performance counter stats for './mem-walk':

     1,910,055,263 cache-misses                                                

      48.789160378 seconds time elapsed


 Performance counter stats for './mem-walk':

     1,949,287,393 cache-misses                                                

      50.470867589 seconds time elapsed


 Performance counter stats for './mem-walk':

     1,375,348,171 cache-misses                                                

      49.890806818 seconds time elapsed


 Performance counter stats for './mem-walk':

     1,934,179,018 cache-misses                                                

      51.144665847 seconds time elapsed


 Performance counter stats for './mem-walk':

     1,851,949,462 cache-misses                                                

      49.742015711 seconds time elapsed


 Performance counter stats for './mem-walk':

     1,603,949,788 cache-misses                                                

      49.743614711 seconds time elapsed


 Performance counter stats for './mem-walk':

     1,692,094,905 cache-misses                                                

      49.688231611 seconds time elapsed


 Performance counter stats for './mem-walk':

     1,985,449,832 cache-misses                                                

      49.710010254 seconds time elapsed


 Performance counter stats for './mem-walk':

     2,049,270,100 cache-misses                                                

      48.821907436 seconds time elapsed


 Performance counter stats for './mem-walk':

     1,732,782,234 cache-misses                                                

      49.668703884 seconds time elapsed

