
 Performance counter stats for './mem-walk-no-thread-no-thrash':

         3,627,514 cache-misses                                                

       3.745479866 seconds time elapsed


 Performance counter stats for './mem-walk-no-thread-no-thrash':

         3,479,746 cache-misses                                                

       3.253868721 seconds time elapsed


 Performance counter stats for './mem-walk-no-thread-no-thrash':

         3,563,789 cache-misses                                                

       3.485743580 seconds time elapsed


 Performance counter stats for './mem-walk-no-thread-no-thrash':

         3,605,047 cache-misses                                                

       3.520543206 seconds time elapsed


 Performance counter stats for './mem-walk-no-thread-no-thrash':

         3,587,184 cache-misses                                                

       3.531011587 seconds time elapsed


 Performance counter stats for './mem-walk-no-thread-no-thrash':

         3,957,505 cache-misses                                                

       4.181154476 seconds time elapsed


 Performance counter stats for './mem-walk-no-thread-no-thrash':

         3,515,530 cache-misses                                                

       3.234782510 seconds time elapsed


 Performance counter stats for './mem-walk-no-thread-no-thrash':

         3,829,875 cache-misses                                                

       3.916044225 seconds time elapsed


 Performance counter stats for './mem-walk-no-thread-no-thrash':

         3,768,918 cache-misses                                                

       3.924239492 seconds time elapsed


 Performance counter stats for './mem-walk-no-thread-no-thrash':

         3,463,346 cache-misses                                                

       3.103504352 seconds time elapsed


 Performance counter stats for './mem-walk-no-thread':

       601,175,363 cache-misses                                                

      11.089841852 seconds time elapsed


 Performance counter stats for './mem-walk-no-thread':

       579,164,189 cache-misses                                                

      11.063199218 seconds time elapsed


 Performance counter stats for './mem-walk-no-thread':

       595,892,753 cache-misses                                                

      11.079434820 seconds time elapsed


 Performance counter stats for './mem-walk-no-thread':

       596,313,792 cache-misses                                                

      11.077528544 seconds time elapsed


 Performance counter stats for './mem-walk-no-thread':

       589,311,140 cache-misses                                                

      11.084203298 seconds time elapsed


 Performance counter stats for './mem-walk-no-thread':

       588,555,554 cache-misses                                                

      11.100316414 seconds time elapsed


 Performance counter stats for './mem-walk-no-thread':

       593,545,231 cache-misses                                                

      11.081207890 seconds time elapsed


 Performance counter stats for './mem-walk-no-thread':

       583,301,917 cache-misses                                                

      11.080527487 seconds time elapsed


 Performance counter stats for './mem-walk-no-thread':

       591,871,843 cache-misses                                                

      11.080689454 seconds time elapsed


 Performance counter stats for './mem-walk-no-thread':

       595,305,187 cache-misses                                                

      11.084954692 seconds time elapsed


 Performance counter stats for './mem-walk-no-thrash':

        14,460,116 cache-misses                                                

      11.165065852 seconds time elapsed


 Performance counter stats for './mem-walk-no-thrash':

        15,314,766 cache-misses                                                

      11.189877695 seconds time elapsed


 Performance counter stats for './mem-walk-no-thrash':

        10,303,320 cache-misses                                                

      11.109817080 seconds time elapsed


 Performance counter stats for './mem-walk-no-thrash':

        27,313,270 cache-misses                                                

      11.350228855 seconds time elapsed


 Performance counter stats for './mem-walk-no-thrash':

        22,249,013 cache-misses                                                

      11.215404140 seconds time elapsed


 Performance counter stats for './mem-walk-no-thrash':

        14,235,178 cache-misses                                                

      11.428595829 seconds time elapsed


 Performance counter stats for './mem-walk-no-thrash':

        16,058,839 cache-misses                                                

      11.187058715 seconds time elapsed


 Performance counter stats for './mem-walk-no-thrash':

        26,697,463 cache-misses                                                

      11.348947340 seconds time elapsed


 Performance counter stats for './mem-walk-no-thrash':

        16,272,380 cache-misses                                                

      11.413490342 seconds time elapsed


 Performance counter stats for './mem-walk-no-thrash':

        22,233,006 cache-misses                                                

      11.260423269 seconds time elapsed


 Performance counter stats for './mem-walk':

     1,790,163,921 cache-misses                                                

      50.738330547 seconds time elapsed


 Performance counter stats for './mem-walk':

     1,758,575,603 cache-misses                                                

      49.791545092 seconds time elapsed


 Performance counter stats for './mem-walk':

     1,906,181,214 cache-misses                                                

      50.793134142 seconds time elapsed


 Performance counter stats for './mem-walk':

     1,823,846,319 cache-misses                                                

      50.432129675 seconds time elapsed


 Performance counter stats for './mem-walk':

     2,178,887,358 cache-misses                                                

      53.091760651 seconds time elapsed


 Performance counter stats for './mem-walk':

     1,912,135,502 cache-misses                                                

      50.957284594 seconds time elapsed


 Performance counter stats for './mem-walk':

     1,874,791,627 cache-misses                                                

      50.740753544 seconds time elapsed


 Performance counter stats for './mem-walk':

     2,684,405,989 cache-misses                                                

      56.146237199 seconds time elapsed


 Performance counter stats for './mem-walk':

     2,002,674,087 cache-misses                                                

      51.471723242 seconds time elapsed


 Performance counter stats for './mem-walk':

     1,698,088,212 cache-misses                                                

      50.115706658 seconds time elapsed

