
 Performance counter stats for './mem-walk-no-thread-no-thrash':

         4,046,212 cache-misses                                                

       4.068897955 seconds time elapsed


 Performance counter stats for './mem-walk-no-thread-no-thrash':

         3,916,167 cache-misses                                                

       3.954698386 seconds time elapsed


 Performance counter stats for './mem-walk-no-thread-no-thrash':

         4,010,372 cache-misses                                                

       3.868046896 seconds time elapsed


 Performance counter stats for './mem-walk-no-thread-no-thrash':

         4,010,340 cache-misses                                                

       4.143935234 seconds time elapsed


 Performance counter stats for './mem-walk-no-thread-no-thrash':

         3,936,668 cache-misses                                                

       3.935789721 seconds time elapsed


 Performance counter stats for './mem-walk-no-thread-no-thrash':

         3,893,228 cache-misses                                                

       3.851911056 seconds time elapsed


 Performance counter stats for './mem-walk-no-thread-no-thrash':

         3,846,677 cache-misses                                                

       3.627029975 seconds time elapsed


 Performance counter stats for './mem-walk-no-thread-no-thrash':

         3,669,648 cache-misses                                                

       3.153495363 seconds time elapsed


 Performance counter stats for './mem-walk-no-thread-no-thrash':

         3,753,103 cache-misses                                                

       3.481132482 seconds time elapsed


 Performance counter stats for './mem-walk-no-thread-no-thrash':

         3,941,865 cache-misses                                                

       4.001074540 seconds time elapsed


 Performance counter stats for './mem-walk-no-thread':

       583,467,495 cache-misses                                                

      11.128652691 seconds time elapsed


 Performance counter stats for './mem-walk-no-thread':

       581,808,630 cache-misses                                                

      11.122364557 seconds time elapsed


 Performance counter stats for './mem-walk-no-thread':

       554,565,619 cache-misses                                                

      10.989091188 seconds time elapsed


 Performance counter stats for './mem-walk-no-thread':

       549,483,905 cache-misses                                                

      10.971482849 seconds time elapsed


 Performance counter stats for './mem-walk-no-thread':

       544,145,342 cache-misses                                                

      10.943832127 seconds time elapsed


 Performance counter stats for './mem-walk-no-thread':

       537,001,274 cache-misses                                                

      10.936221687 seconds time elapsed


 Performance counter stats for './mem-walk-no-thread':

       542,491,202 cache-misses                                                

      10.966282667 seconds time elapsed


 Performance counter stats for './mem-walk-no-thread':

       540,387,947 cache-misses                                                

      10.945128056 seconds time elapsed


 Performance counter stats for './mem-walk-no-thread':

       544,916,790 cache-misses                                                

      10.989011529 seconds time elapsed


 Performance counter stats for './mem-walk-no-thread':

       537,385,017 cache-misses                                                

      10.925390806 seconds time elapsed


 Performance counter stats for './mem-walk-no-thrash':

        26,599,361 cache-misses                                                

      11.303885879 seconds time elapsed


 Performance counter stats for './mem-walk-no-thrash':

        28,880,975 cache-misses                                                

      11.580903176 seconds time elapsed


 Performance counter stats for './mem-walk-no-thrash':

        27,632,167 cache-misses                                                

      12.023738008 seconds time elapsed


 Performance counter stats for './mem-walk-no-thrash':

        30,791,576 cache-misses                                                

      11.320142192 seconds time elapsed


 Performance counter stats for './mem-walk-no-thrash':

        25,890,698 cache-misses                                                

      11.312682137 seconds time elapsed


 Performance counter stats for './mem-walk-no-thrash':

        25,865,994 cache-misses                                                

      11.309352978 seconds time elapsed


 Performance counter stats for './mem-walk-no-thrash':

        28,279,549 cache-misses                                                

      12.349578226 seconds time elapsed


 Performance counter stats for './mem-walk-no-thrash':

        29,865,552 cache-misses                                                

      11.520167865 seconds time elapsed


 Performance counter stats for './mem-walk-no-thrash':

        30,213,842 cache-misses                                                

      11.519961268 seconds time elapsed


 Performance counter stats for './mem-walk-no-thrash':

        28,086,491 cache-misses                                                

      11.339137799 seconds time elapsed


 Performance counter stats for './mem-walk':

     3,881,430,390 cache-misses                                                

      71.954830189 seconds time elapsed


 Performance counter stats for './mem-walk':

     4,341,532,634 cache-misses                                                

      72.614961630 seconds time elapsed


 Performance counter stats for './mem-walk':

     4,056,192,130 cache-misses                                                

      71.932512248 seconds time elapsed


 Performance counter stats for './mem-walk':

     4,318,768,940 cache-misses                                                

      74.679074129 seconds time elapsed


 Performance counter stats for './mem-walk':

     4,509,394,229 cache-misses                                                

      75.671466186 seconds time elapsed


 Performance counter stats for './mem-walk':

     4,038,163,045 cache-misses                                                

      70.469042010 seconds time elapsed


 Performance counter stats for './mem-walk':

     3,899,179,110 cache-misses                                                

      70.399197748 seconds time elapsed


 Performance counter stats for './mem-walk':

     3,812,916,089 cache-misses                                                

      69.179127844 seconds time elapsed


 Performance counter stats for './mem-walk':

     4,049,476,856 cache-misses                                                

      70.263189286 seconds time elapsed


 Performance counter stats for './mem-walk':

     4,293,412,905 cache-misses                                                

      75.264402060 seconds time elapsed

