
 Performance counter stats for './mem-walk-no-thread-no-thrash':

         3,612,277 cache-misses                                                

       3.810710587 seconds time elapsed


 Performance counter stats for './mem-walk-no-thread-no-thrash':

         3,716,033 cache-misses                                                

       3.751404241 seconds time elapsed


 Performance counter stats for './mem-walk-no-thread-no-thrash':

         3,705,868 cache-misses                                                

       3.753339398 seconds time elapsed


 Performance counter stats for './mem-walk-no-thread-no-thrash':

         3,613,709 cache-misses                                                

       3.313628072 seconds time elapsed


 Performance counter stats for './mem-walk-no-thread-no-thrash':

         3,695,496 cache-misses                                                

       3.697867229 seconds time elapsed


 Performance counter stats for './mem-walk-no-thread-no-thrash':

         3,513,167 cache-misses                                                

       3.426073272 seconds time elapsed


 Performance counter stats for './mem-walk-no-thread-no-thrash':

         3,587,496 cache-misses                                                

       3.103740075 seconds time elapsed


 Performance counter stats for './mem-walk-no-thread-no-thrash':

         3,503,323 cache-misses                                                

       3.562617291 seconds time elapsed


 Performance counter stats for './mem-walk-no-thread-no-thrash':

         3,572,169 cache-misses                                                

       3.509739513 seconds time elapsed


 Performance counter stats for './mem-walk-no-thread-no-thrash':

         3,727,215 cache-misses                                                

       3.907739211 seconds time elapsed


 Performance counter stats for './mem-walk-no-thread':

       582,662,678 cache-misses                                                

      11.019276890 seconds time elapsed


 Performance counter stats for './mem-walk-no-thread':

       557,152,252 cache-misses                                                

      10.854446916 seconds time elapsed


 Performance counter stats for './mem-walk-no-thread':

       546,354,883 cache-misses                                                

      10.868136723 seconds time elapsed


 Performance counter stats for './mem-walk-no-thread':

       542,891,750 cache-misses                                                

      10.836876068 seconds time elapsed


 Performance counter stats for './mem-walk-no-thread':

       535,333,846 cache-misses                                                

      10.818360332 seconds time elapsed


 Performance counter stats for './mem-walk-no-thread':

       536,979,652 cache-misses                                                

      10.844836749 seconds time elapsed


 Performance counter stats for './mem-walk-no-thread':

       556,694,264 cache-misses                                                

      10.880305862 seconds time elapsed


 Performance counter stats for './mem-walk-no-thread':

       548,670,656 cache-misses                                                

      10.903275829 seconds time elapsed


 Performance counter stats for './mem-walk-no-thread':

       537,829,012 cache-misses                                                

      10.815076941 seconds time elapsed


 Performance counter stats for './mem-walk-no-thread':

       533,685,910 cache-misses                                                

      10.852235624 seconds time elapsed


 Performance counter stats for './mem-walk-no-thrash':

        26,450,008 cache-misses                                                

      11.505151917 seconds time elapsed


 Performance counter stats for './mem-walk-no-thrash':

        20,030,606 cache-misses                                                

      11.240078608 seconds time elapsed


 Performance counter stats for './mem-walk-no-thrash':

         6,422,647 cache-misses                                                

      11.103284270 seconds time elapsed


 Performance counter stats for './mem-walk-no-thrash':

        22,438,250 cache-misses                                                

      11.369229332 seconds time elapsed


 Performance counter stats for './mem-walk-no-thrash':

        22,171,145 cache-misses                                                

      11.205119631 seconds time elapsed


 Performance counter stats for './mem-walk-no-thrash':

        22,475,450 cache-misses                                                

      11.344722353 seconds time elapsed


 Performance counter stats for './mem-walk-no-thrash':

        14,273,287 cache-misses                                                

      11.408790614 seconds time elapsed


 Performance counter stats for './mem-walk-no-thrash':

        24,716,045 cache-misses                                                

      11.450332502 seconds time elapsed


 Performance counter stats for './mem-walk-no-thrash':

        13,323,669 cache-misses                                                

      11.500355174 seconds time elapsed


 Performance counter stats for './mem-walk-no-thrash':

        24,196,158 cache-misses                                                

      12.024600937 seconds time elapsed


 Performance counter stats for './mem-walk':

     3,694,132,169 cache-misses                                                

      64.489309550 seconds time elapsed


 Performance counter stats for './mem-walk':

     1,749,049,486 cache-misses                                                

      50.246996531 seconds time elapsed


 Performance counter stats for './mem-walk':

     2,071,797,416 cache-misses                                                

      50.084237060 seconds time elapsed


 Performance counter stats for './mem-walk':

     1,894,796,388 cache-misses                                                

      50.193158885 seconds time elapsed


 Performance counter stats for './mem-walk':

     4,281,482,368 cache-misses                                                

      67.945019219 seconds time elapsed


 Performance counter stats for './mem-walk':

     4,835,961,182 cache-misses                                                

      71.597965328 seconds time elapsed


 Performance counter stats for './mem-walk':

     1,972,205,246 cache-misses                                                

      49.464576799 seconds time elapsed


 Performance counter stats for './mem-walk':

     1,769,653,122 cache-misses                                                

      50.036566073 seconds time elapsed


 Performance counter stats for './mem-walk':

     1,789,895,549 cache-misses                                                

      49.698047400 seconds time elapsed


 Performance counter stats for './mem-walk':

     2,779,389,684 cache-misses                                                

      54.943469433 seconds time elapsed

