
 Performance counter stats for './mem-walk-no-thread-no-thrash':

         3,750,158 cache-misses                                                

       3.985059264 seconds time elapsed


 Performance counter stats for './mem-walk-no-thread-no-thrash':

         3,677,077 cache-misses                                                

       4.060945353 seconds time elapsed


 Performance counter stats for './mem-walk-no-thread-no-thrash':

         3,660,737 cache-misses                                                

       3.758513392 seconds time elapsed


 Performance counter stats for './mem-walk-no-thread-no-thrash':

         3,387,072 cache-misses                                                

       3.186597418 seconds time elapsed


 Performance counter stats for './mem-walk-no-thread-no-thrash':

         3,515,210 cache-misses                                                

       3.468173458 seconds time elapsed


 Performance counter stats for './mem-walk-no-thread-no-thrash':

         3,606,572 cache-misses                                                

       3.748569791 seconds time elapsed


 Performance counter stats for './mem-walk-no-thread-no-thrash':

         3,587,141 cache-misses                                                

       3.141325719 seconds time elapsed


 Performance counter stats for './mem-walk-no-thread-no-thrash':

         3,641,520 cache-misses                                                

       3.802231073 seconds time elapsed


 Performance counter stats for './mem-walk-no-thread-no-thrash':

         3,701,169 cache-misses                                                

       3.861492244 seconds time elapsed


 Performance counter stats for './mem-walk-no-thread-no-thrash':

         3,419,126 cache-misses                                                

       3.128204387 seconds time elapsed


 Performance counter stats for './mem-walk-no-thread':

       540,775,825 cache-misses                                                

      10.947302058 seconds time elapsed


 Performance counter stats for './mem-walk-no-thread':

       550,230,495 cache-misses                                                

      11.003875955 seconds time elapsed


 Performance counter stats for './mem-walk-no-thread':

       560,715,900 cache-misses                                                

      11.036999379 seconds time elapsed


 Performance counter stats for './mem-walk-no-thread':

       550,728,206 cache-misses                                                

      11.045552597 seconds time elapsed


 Performance counter stats for './mem-walk-no-thread':

       546,451,885 cache-misses                                                

      11.000091045 seconds time elapsed


 Performance counter stats for './mem-walk-no-thread':

       547,274,643 cache-misses                                                

      10.951515620 seconds time elapsed


 Performance counter stats for './mem-walk-no-thread':

       543,455,530 cache-misses                                                

      10.972779574 seconds time elapsed


 Performance counter stats for './mem-walk-no-thread':

       547,413,416 cache-misses                                                

      11.024534893 seconds time elapsed


 Performance counter stats for './mem-walk-no-thread':

       548,479,046 cache-misses                                                

      10.990512369 seconds time elapsed


 Performance counter stats for './mem-walk-no-thread':

       548,609,944 cache-misses                                                

      11.009367438 seconds time elapsed


 Performance counter stats for './mem-walk-no-thrash':

         9,857,918 cache-misses                                                

      11.131936364 seconds time elapsed


 Performance counter stats for './mem-walk-no-thrash':

        15,416,310 cache-misses                                                

      11.193344825 seconds time elapsed


 Performance counter stats for './mem-walk-no-thrash':

         5,246,185 cache-misses                                                

      11.083968884 seconds time elapsed


 Performance counter stats for './mem-walk-no-thrash':

        10,497,988 cache-misses                                                

      11.147083040 seconds time elapsed


 Performance counter stats for './mem-walk-no-thrash':

         8,796,037 cache-misses                                                

      11.357632371 seconds time elapsed


 Performance counter stats for './mem-walk-no-thrash':

        13,631,572 cache-misses                                                

      11.221477416 seconds time elapsed


 Performance counter stats for './mem-walk-no-thrash':

        10,258,738 cache-misses                                                

      11.092580853 seconds time elapsed


 Performance counter stats for './mem-walk-no-thrash':

        15,059,270 cache-misses                                                

      11.303743973 seconds time elapsed


 Performance counter stats for './mem-walk-no-thrash':

        10,327,024 cache-misses                                                

      11.205760680 seconds time elapsed


 Performance counter stats for './mem-walk-no-thrash':

         8,151,414 cache-misses                                                

      11.219851911 seconds time elapsed


 Performance counter stats for './mem-walk':

     1,489,021,287 cache-misses                                                

      50.041101822 seconds time elapsed


 Performance counter stats for './mem-walk':

     2,293,253,326 cache-misses                                                

      53.723372699 seconds time elapsed


 Performance counter stats for './mem-walk':

     1,798,354,527 cache-misses                                                

      50.903701497 seconds time elapsed


 Performance counter stats for './mem-walk':

     1,453,648,607 cache-misses                                                

      49.913909453 seconds time elapsed


 Performance counter stats for './mem-walk':

     1,885,156,705 cache-misses                                                

      51.098657829 seconds time elapsed


 Performance counter stats for './mem-walk':

     1,848,173,810 cache-misses                                                

      50.257262919 seconds time elapsed


 Performance counter stats for './mem-walk':

     1,688,776,514 cache-misses                                                

      49.913261618 seconds time elapsed


 Performance counter stats for './mem-walk':

     4,478,222,635 cache-misses                                                

      70.509597843 seconds time elapsed


 Performance counter stats for './mem-walk':

     1,805,609,984 cache-misses                                                

      50.228225966 seconds time elapsed


 Performance counter stats for './mem-walk':

     1,672,657,874 cache-misses                                                

      50.551027495 seconds time elapsed

