
 Performance counter stats for './mem-walk-no-thread-no-thrash':

         3,600,107 cache-misses                                                

       3.151585581 seconds time elapsed


 Performance counter stats for './mem-walk-no-thread-no-thrash':

         3,649,427 cache-misses                                                

       3.250812788 seconds time elapsed


 Performance counter stats for './mem-walk-no-thread-no-thrash':

         3,686,650 cache-misses                                                

       3.592680505 seconds time elapsed


 Performance counter stats for './mem-walk-no-thread-no-thrash':

         3,638,371 cache-misses                                                

       4.007601079 seconds time elapsed


 Performance counter stats for './mem-walk-no-thread-no-thrash':

         3,802,144 cache-misses                                                

       4.000767457 seconds time elapsed


 Performance counter stats for './mem-walk-no-thread':

       755,735,297 cache-misses                                                

      17.650186208 seconds time elapsed


 Performance counter stats for './mem-walk-no-thread':

       755,560,681 cache-misses                                                

      17.664335103 seconds time elapsed


 Performance counter stats for './mem-walk-no-thread':

       755,380,906 cache-misses                                                

      17.633178977 seconds time elapsed


 Performance counter stats for './mem-walk-no-thread':

       756,832,283 cache-misses                                                

      17.645763088 seconds time elapsed


 Performance counter stats for './mem-walk-no-thread':

       755,483,755 cache-misses                                                

      17.676194434 seconds time elapsed


 Performance counter stats for './mem-walk-no-thrash':

         6,962,461 cache-misses                                                

       5.745925606 seconds time elapsed


 Performance counter stats for './mem-walk-no-thrash':

         3,937,664 cache-misses                                                

       5.702656728 seconds time elapsed


 Performance counter stats for './mem-walk-no-thrash':

        11,031,404 cache-misses                                                

       5.806162139 seconds time elapsed


 Performance counter stats for './mem-walk-no-thrash':

        13,698,673 cache-misses                                                

       5.990293850 seconds time elapsed


 Performance counter stats for './mem-walk-no-thrash':

         4,893,400 cache-misses                                                

       5.738779780 seconds time elapsed


 Performance counter stats for './mem-walk':

     2,342,782,076 cache-misses                                                

      52.955863363 seconds time elapsed


 Performance counter stats for './mem-walk':

     1,652,955,428 cache-misses                                                

      45.251767000 seconds time elapsed


 Performance counter stats for './mem-walk':

     1,938,850,809 cache-misses                                                

      49.468373408 seconds time elapsed


 Performance counter stats for './mem-walk':

     2,181,066,227 cache-misses                                                

      50.825794058 seconds time elapsed


 Performance counter stats for './mem-walk':

     2,237,718,929 cache-misses                                                

      51.528735172 seconds time elapsed

