
 Performance counter stats for './mem-walk-no-thread-no-thrash':

         3,594,305 cache-misses                                                

       3.429291633 seconds time elapsed


 Performance counter stats for './mem-walk-no-thread-no-thrash':

         3,399,693 cache-misses                                                

       3.113531957 seconds time elapsed


 Performance counter stats for './mem-walk-no-thread-no-thrash':

         3,471,512 cache-misses                                                

       3.115212150 seconds time elapsed


 Performance counter stats for './mem-walk-no-thread-no-thrash':

         3,679,812 cache-misses                                                

       3.771814222 seconds time elapsed


 Performance counter stats for './mem-walk-no-thread-no-thrash':

         3,670,407 cache-misses                                                

       4.115618020 seconds time elapsed


 Performance counter stats for './mem-walk-no-thread':

       764,003,648 cache-misses                                                

      17.650415715 seconds time elapsed


 Performance counter stats for './mem-walk-no-thread':

       759,318,775 cache-misses                                                

      17.660100339 seconds time elapsed


 Performance counter stats for './mem-walk-no-thread':

       760,461,387 cache-misses                                                

      17.673913033 seconds time elapsed


 Performance counter stats for './mem-walk-no-thread':

       761,633,421 cache-misses                                                

      17.652226585 seconds time elapsed


 Performance counter stats for './mem-walk-no-thread':

       752,879,021 cache-misses                                                

      17.647738624 seconds time elapsed


 Performance counter stats for './mem-walk-no-thrash':

         7,309,460 cache-misses                                                

       6.130741949 seconds time elapsed


 Performance counter stats for './mem-walk-no-thrash':

         6,968,368 cache-misses                                                

       5.834748921 seconds time elapsed


 Performance counter stats for './mem-walk-no-thrash':

         8,455,156 cache-misses                                                

       5.845942583 seconds time elapsed


 Performance counter stats for './mem-walk-no-thrash':

         9,339,401 cache-misses                                                

       6.035822351 seconds time elapsed


 Performance counter stats for './mem-walk-no-thrash':

         8,985,699 cache-misses                                                

       5.658426516 seconds time elapsed


 Performance counter stats for './mem-walk':

     1,761,904,752 cache-misses                                                

      45.366142520 seconds time elapsed


 Performance counter stats for './mem-walk':

     2,139,522,685 cache-misses                                                

      50.281593917 seconds time elapsed


 Performance counter stats for './mem-walk':

     2,160,470,733 cache-misses                                                

      50.531705619 seconds time elapsed


 Performance counter stats for './mem-walk':

     2,195,937,253 cache-misses                                                

      51.027054644 seconds time elapsed


 Performance counter stats for './mem-walk':

     1,986,890,443 cache-misses                                                

      50.217145514 seconds time elapsed

