
 Performance counter stats for './mem-walk-no-thread-no-thrash':

         3,696,509 cache-misses                                                

       3.208560351 seconds time elapsed


 Performance counter stats for './mem-walk-no-thread-no-thrash':

         3,754,312 cache-misses                                                

       3.977838755 seconds time elapsed


 Performance counter stats for './mem-walk-no-thread-no-thrash':

         3,847,248 cache-misses                                                

       4.031378781 seconds time elapsed


 Performance counter stats for './mem-walk-no-thread-no-thrash':

         3,649,064 cache-misses                                                

       3.533196828 seconds time elapsed


 Performance counter stats for './mem-walk-no-thread-no-thrash':

         3,496,652 cache-misses                                                

       3.152257879 seconds time elapsed


 Performance counter stats for './mem-walk-no-thread-no-thrash':

         3,813,605 cache-misses                                                

       3.979791549 seconds time elapsed


 Performance counter stats for './mem-walk-no-thread-no-thrash':

         3,842,449 cache-misses                                                

       3.756715041 seconds time elapsed


 Performance counter stats for './mem-walk-no-thread-no-thrash':

         3,644,918 cache-misses                                                

       3.634994075 seconds time elapsed


 Performance counter stats for './mem-walk-no-thread-no-thrash':

         3,933,098 cache-misses                                                

       4.006670729 seconds time elapsed


 Performance counter stats for './mem-walk-no-thread-no-thrash':

         3,711,515 cache-misses                                                

       3.894241288 seconds time elapsed


 Performance counter stats for './mem-walk-no-thread':

       552,303,022 cache-misses                                                

      11.015780308 seconds time elapsed


 Performance counter stats for './mem-walk-no-thread':

       533,654,962 cache-misses                                                

      11.009406681 seconds time elapsed


 Performance counter stats for './mem-walk-no-thread':

       538,504,191 cache-misses                                                

      10.991661023 seconds time elapsed


 Performance counter stats for './mem-walk-no-thread':

       541,659,497 cache-misses                                                

      10.992439348 seconds time elapsed


 Performance counter stats for './mem-walk-no-thread':

       553,198,996 cache-misses                                                

      10.977526886 seconds time elapsed


 Performance counter stats for './mem-walk-no-thread':

       557,776,279 cache-misses                                                

      11.017827978 seconds time elapsed


 Performance counter stats for './mem-walk-no-thread':

       546,802,517 cache-misses                                                

      10.940207793 seconds time elapsed


 Performance counter stats for './mem-walk-no-thread':

       540,621,796 cache-misses                                                

      10.976757536 seconds time elapsed


 Performance counter stats for './mem-walk-no-thread':

       536,987,192 cache-misses                                                

      10.948810482 seconds time elapsed


 Performance counter stats for './mem-walk-no-thread':

       535,604,586 cache-misses                                                

      10.971322104 seconds time elapsed


 Performance counter stats for './mem-walk-no-thrash':

        23,519,701 cache-misses                                                

      11.260092525 seconds time elapsed


 Performance counter stats for './mem-walk-no-thrash':

        20,633,010 cache-misses                                                

      11.258921978 seconds time elapsed


 Performance counter stats for './mem-walk-no-thrash':

        20,937,532 cache-misses                                                

      11.244118015 seconds time elapsed


 Performance counter stats for './mem-walk-no-thrash':

        27,792,799 cache-misses                                                

      11.506891992 seconds time elapsed


 Performance counter stats for './mem-walk-no-thrash':

        21,855,874 cache-misses                                                

      12.041753723 seconds time elapsed


 Performance counter stats for './mem-walk-no-thrash':

        24,473,933 cache-misses                                                

      11.261893166 seconds time elapsed


 Performance counter stats for './mem-walk-no-thrash':

        17,129,270 cache-misses                                                

      11.246359509 seconds time elapsed


 Performance counter stats for './mem-walk-no-thrash':

        19,113,075 cache-misses                                                

      11.260850273 seconds time elapsed


 Performance counter stats for './mem-walk-no-thrash':

        18,480,610 cache-misses                                                

      11.309241503 seconds time elapsed


 Performance counter stats for './mem-walk-no-thrash':

        23,062,209 cache-misses                                                

      11.259554253 seconds time elapsed


 Performance counter stats for './mem-walk':

     3,172,665,305 cache-misses                                                

      61.912480297 seconds time elapsed


 Performance counter stats for './mem-walk':

     2,802,185,113 cache-misses                                                

      58.219753301 seconds time elapsed


 Performance counter stats for './mem-walk':

     2,898,306,344 cache-misses                                                

      59.413734969 seconds time elapsed


 Performance counter stats for './mem-walk':

     3,729,078,310 cache-misses                                                

      65.428235253 seconds time elapsed


 Performance counter stats for './mem-walk':

     3,228,159,549 cache-misses                                                

      62.186091973 seconds time elapsed


 Performance counter stats for './mem-walk':

     3,248,509,774 cache-misses                                                

      62.372011830 seconds time elapsed


 Performance counter stats for './mem-walk':

     2,973,241,998 cache-misses                                                

      59.551898046 seconds time elapsed


 Performance counter stats for './mem-walk':

     3,308,296,216 cache-misses                                                

      62.731393631 seconds time elapsed


 Performance counter stats for './mem-walk':

     3,185,801,981 cache-misses                                                

      61.680207224 seconds time elapsed


 Performance counter stats for './mem-walk':

     3,322,716,135 cache-misses                                                

      62.780990356 seconds time elapsed

