
 Performance counter stats for './mem-walk-no-thread-no-thrash':

         4,130,862 cache-misses                                                

       3.765242004 seconds time elapsed


 Performance counter stats for './mem-walk-no-thread-no-thrash':

         3,894,526 cache-misses                                                

       3.628141153 seconds time elapsed


 Performance counter stats for './mem-walk-no-thread-no-thrash':

         4,096,665 cache-misses                                                

       4.200090651 seconds time elapsed


 Performance counter stats for './mem-walk-no-thread-no-thrash':

         3,959,077 cache-misses                                                

       3.210078972 seconds time elapsed


 Performance counter stats for './mem-walk-no-thread-no-thrash':

         3,936,689 cache-misses                                                

       3.669821364 seconds time elapsed


 Performance counter stats for './mem-walk-no-thread-no-thrash':

         4,190,081 cache-misses                                                

       4.097964362 seconds time elapsed


 Performance counter stats for './mem-walk-no-thread-no-thrash':

         3,945,110 cache-misses                                                

       3.700930104 seconds time elapsed


 Performance counter stats for './mem-walk-no-thread-no-thrash':

         4,023,439 cache-misses                                                

       3.651668846 seconds time elapsed


 Performance counter stats for './mem-walk-no-thread-no-thrash':

         4,041,969 cache-misses                                                

       3.699504247 seconds time elapsed


 Performance counter stats for './mem-walk-no-thread-no-thrash':

         3,901,980 cache-misses                                                

       3.433270252 seconds time elapsed


 Performance counter stats for './mem-walk-no-thread':

       575,756,194 cache-misses                                                

      11.196981258 seconds time elapsed


 Performance counter stats for './mem-walk-no-thread':

       600,649,625 cache-misses                                                

      11.231303460 seconds time elapsed


 Performance counter stats for './mem-walk-no-thread':

       601,589,947 cache-misses                                                

      11.210994873 seconds time elapsed


 Performance counter stats for './mem-walk-no-thread':

       580,784,117 cache-misses                                                

      11.181442353 seconds time elapsed


 Performance counter stats for './mem-walk-no-thread':

       592,740,291 cache-misses                                                

      11.195411155 seconds time elapsed


 Performance counter stats for './mem-walk-no-thread':

       580,108,151 cache-misses                                                

      11.174734540 seconds time elapsed


 Performance counter stats for './mem-walk-no-thread':

       573,804,792 cache-misses                                                

      11.173166529 seconds time elapsed


 Performance counter stats for './mem-walk-no-thread':

       581,408,722 cache-misses                                                

      11.199596557 seconds time elapsed


 Performance counter stats for './mem-walk-no-thread':

       578,875,443 cache-misses                                                

      11.195261340 seconds time elapsed


 Performance counter stats for './mem-walk-no-thread':

       573,200,156 cache-misses                                                

      11.194895871 seconds time elapsed


 Performance counter stats for './mem-walk-no-thrash':

        13,910,122 cache-misses                                                

      11.953045341 seconds time elapsed


 Performance counter stats for './mem-walk-no-thrash':

        27,358,670 cache-misses                                                

      11.953631385 seconds time elapsed


 Performance counter stats for './mem-walk-no-thrash':

        26,942,824 cache-misses                                                

      11.965200516 seconds time elapsed


 Performance counter stats for './mem-walk-no-thrash':

        32,039,920 cache-misses                                                

      11.963534414 seconds time elapsed


 Performance counter stats for './mem-walk-no-thrash':

        25,346,739 cache-misses                                                

      11.965135086 seconds time elapsed


 Performance counter stats for './mem-walk-no-thrash':

        22,267,021 cache-misses                                                

      11.960475755 seconds time elapsed


 Performance counter stats for './mem-walk-no-thrash':

        23,528,823 cache-misses                                                

      11.965917702 seconds time elapsed


 Performance counter stats for './mem-walk-no-thrash':

        24,832,237 cache-misses                                                

      11.966507150 seconds time elapsed


 Performance counter stats for './mem-walk-no-thrash':

        30,299,911 cache-misses                                                

      11.961352783 seconds time elapsed


 Performance counter stats for './mem-walk-no-thrash':

        29,457,642 cache-misses                                                

      11.972983929 seconds time elapsed


 Performance counter stats for './mem-walk':

     7,277,021,203 cache-misses                                                

      90.992108605 seconds time elapsed


 Performance counter stats for './mem-walk':

     6,842,696,492 cache-misses                                                

      87.457163855 seconds time elapsed


 Performance counter stats for './mem-walk':

     6,756,840,648 cache-misses                                                

      89.633925309 seconds time elapsed


 Performance counter stats for './mem-walk':

     7,000,253,147 cache-misses                                                

      90.075724866 seconds time elapsed


 Performance counter stats for './mem-walk':

     7,278,510,866 cache-misses                                                

      91.223228433 seconds time elapsed


 Performance counter stats for './mem-walk':

     6,356,874,133 cache-misses                                                

      84.858360328 seconds time elapsed


 Performance counter stats for './mem-walk':

     6,896,439,539 cache-misses                                                

      88.416071327 seconds time elapsed


 Performance counter stats for './mem-walk':

     7,199,910,155 cache-misses                                                

      91.338510903 seconds time elapsed


 Performance counter stats for './mem-walk':

     7,326,425,792 cache-misses                                                

      92.742291391 seconds time elapsed


 Performance counter stats for './mem-walk':

     6,710,517,602 cache-misses                                                

      86.591392844 seconds time elapsed

