
 Performance counter stats for './mem-walk-no-thread-no-thrash':

         8,543,028 cache-misses                                                

       3.137793474 seconds time elapsed


 Performance counter stats for './mem-walk-no-thread-no-thrash':

         9,285,268 cache-misses                                                

       3.546311691 seconds time elapsed


 Performance counter stats for './mem-walk-no-thread-no-thrash':

         9,499,533 cache-misses                                                

       3.737682010 seconds time elapsed


 Performance counter stats for './mem-walk-no-thread-no-thrash':

         9,285,040 cache-misses                                                

       3.600685686 seconds time elapsed


 Performance counter stats for './mem-walk-no-thread-no-thrash':

         9,012,940 cache-misses                                                

       3.284817504 seconds time elapsed


 Performance counter stats for './mem-walk-no-thread-no-thrash':

         8,595,363 cache-misses                                                

       3.130842084 seconds time elapsed


 Performance counter stats for './mem-walk-no-thread-no-thrash':

         9,874,525 cache-misses                                                

       3.791703801 seconds time elapsed


 Performance counter stats for './mem-walk-no-thread-no-thrash':

         9,190,724 cache-misses                                                

       3.431605038 seconds time elapsed


 Performance counter stats for './mem-walk-no-thread-no-thrash':

         9,058,163 cache-misses                                                

       3.468854135 seconds time elapsed


 Performance counter stats for './mem-walk-no-thread-no-thrash':

         8,809,000 cache-misses                                                

       3.326985930 seconds time elapsed


 Performance counter stats for './mem-walk-no-thread':

       530,091,007 cache-misses                                                

      11.844618202 seconds time elapsed


 Performance counter stats for './mem-walk-no-thread':

       521,867,137 cache-misses                                                

      11.860281968 seconds time elapsed


 Performance counter stats for './mem-walk-no-thread':

       528,739,303 cache-misses                                                

      11.880314604 seconds time elapsed


 Performance counter stats for './mem-walk-no-thread':

       526,539,646 cache-misses                                                

      11.839638928 seconds time elapsed


 Performance counter stats for './mem-walk-no-thread':

       523,933,250 cache-misses                                                

      11.819584904 seconds time elapsed


 Performance counter stats for './mem-walk-no-thread':

       527,929,947 cache-misses                                                

      11.840077922 seconds time elapsed


 Performance counter stats for './mem-walk-no-thread':

       530,805,048 cache-misses                                                

      11.850684108 seconds time elapsed


 Performance counter stats for './mem-walk-no-thread':

       531,019,374 cache-misses                                                

      11.858028387 seconds time elapsed


 Performance counter stats for './mem-walk-no-thread':

       531,244,251 cache-misses                                                

      11.857248121 seconds time elapsed


 Performance counter stats for './mem-walk-no-thread':

       523,826,497 cache-misses                                                

      11.846428423 seconds time elapsed


 Performance counter stats for './mem-walk-no-thrash':

        45,137,911 cache-misses                                                

      11.955225152 seconds time elapsed


 Performance counter stats for './mem-walk-no-thrash':

        44,643,856 cache-misses                                                

      11.891615493 seconds time elapsed


 Performance counter stats for './mem-walk-no-thrash':

        44,324,133 cache-misses                                                

      12.092386237 seconds time elapsed


 Performance counter stats for './mem-walk-no-thrash':

        46,736,884 cache-misses                                                

      12.305174093 seconds time elapsed


 Performance counter stats for './mem-walk-no-thrash':

        46,639,142 cache-misses                                                

      12.452667635 seconds time elapsed


 Performance counter stats for './mem-walk-no-thrash':

        44,447,364 cache-misses                                                

      12.697189133 seconds time elapsed


 Performance counter stats for './mem-walk-no-thrash':

        45,835,884 cache-misses                                                

      12.102152020 seconds time elapsed


 Performance counter stats for './mem-walk-no-thrash':

        46,614,048 cache-misses                                                

      12.418954550 seconds time elapsed


 Performance counter stats for './mem-walk-no-thrash':

        46,594,460 cache-misses                                                

      12.344170035 seconds time elapsed


 Performance counter stats for './mem-walk-no-thrash':

        42,363,231 cache-misses                                                

      12.311050217 seconds time elapsed


 Performance counter stats for './mem-walk':

    12,037,997,222 cache-misses                                                

     129.986970438 seconds time elapsed


 Performance counter stats for './mem-walk':

    11,481,406,995 cache-misses                                                

     125.325550243 seconds time elapsed


 Performance counter stats for './mem-walk':

    12,887,487,812 cache-misses                                                

     137.158817781 seconds time elapsed


 Performance counter stats for './mem-walk':

    12,685,510,476 cache-misses                                                

     135.289156522 seconds time elapsed


 Performance counter stats for './mem-walk':

    12,001,073,343 cache-misses                                                

     130.570706650 seconds time elapsed


 Performance counter stats for './mem-walk':

    11,935,892,357 cache-misses                                                

     129.813640349 seconds time elapsed


 Performance counter stats for './mem-walk':

    11,803,817,228 cache-misses                                                

     127.848075793 seconds time elapsed


 Performance counter stats for './mem-walk':

    11,721,273,685 cache-misses                                                

     127.679541054 seconds time elapsed


 Performance counter stats for './mem-walk':

    11,958,687,309 cache-misses                                                

     128.275009632 seconds time elapsed


 Performance counter stats for './mem-walk':

    11,020,237,252 cache-misses                                                

     121.658483284 seconds time elapsed

