------------------------------------------------------------
Client connecting to 2.0.0.2, UDP port 5001
Sending 1470 byte datagrams
UDP buffer size:  208 KByte (default)
------------------------------------------------------------
[  3] local 1.0.0.1 port 40964 connected with 2.0.0.2 port 5001
[ ID] Interval       Transfer     Bandwidth
[  3]  0.0- 1.0 sec  96.9 MBytes   813 Mbits/sec
[  3]  1.0- 2.0 sec  96.9 MBytes   813 Mbits/sec
[  3]  2.0- 3.0 sec  96.9 MBytes   813 Mbits/sec
[  3]  3.0- 4.0 sec  97.0 MBytes   814 Mbits/sec
[  3]  4.0- 5.0 sec  96.9 MBytes   812 Mbits/sec
[  3]  5.0- 6.0 sec  94.2 MBytes   790 Mbits/sec
[  3]  6.0- 7.0 sec  96.9 MBytes   813 Mbits/sec
[  3]  7.0- 8.0 sec  96.7 MBytes   811 Mbits/sec
[  3]  8.0- 9.0 sec  93.3 MBytes   783 Mbits/sec
[  3]  9.0-10.0 sec  96.9 MBytes   813 Mbits/sec
[  3] 10.0-11.0 sec  96.9 MBytes   813 Mbits/sec
[  3] 11.0-12.0 sec  96.9 MBytes   813 Mbits/sec
[  3] 12.0-13.0 sec  88.0 MBytes   738 Mbits/sec
[  3] 13.0-14.0 sec  87.4 MBytes   733 Mbits/sec
[  3] 14.0-15.0 sec  96.8 MBytes   812 Mbits/sec
[  3] 15.0-16.0 sec  96.6 MBytes   811 Mbits/sec
[  3] 16.0-17.0 sec  96.9 MBytes   813 Mbits/sec
[  3] 17.0-18.0 sec  96.9 MBytes   813 Mbits/sec
[  3] 18.0-19.0 sec  96.9 MBytes   813 Mbits/sec
[  3] 19.0-20.0 sec  94.1 MBytes   789 Mbits/sec
[  3] 20.0-21.0 sec  93.6 MBytes   785 Mbits/sec
[  3] 21.0-22.0 sec  93.8 MBytes   787 Mbits/sec
[  3] 22.0-23.0 sec  70.8 MBytes   594 Mbits/sec
[  3] 23.0-24.0 sec  94.9 MBytes   796 Mbits/sec
[  3] 24.0-25.0 sec  96.9 MBytes   813 Mbits/sec
[  3] 25.0-26.0 sec  96.6 MBytes   810 Mbits/sec
[  3] 26.0-27.0 sec  96.8 MBytes   812 Mbits/sec
[  3] 27.0-28.0 sec  87.7 MBytes   736 Mbits/sec
[  3] 28.0-29.0 sec  96.0 MBytes   805 Mbits/sec
[  3] 29.0-30.0 sec  90.2 MBytes   757 Mbits/sec
[  3] 30.0-31.0 sec  81.1 MBytes   681 Mbits/sec
[  3] 31.0-32.0 sec  89.6 MBytes   752 Mbits/sec
[  3] 32.0-33.0 sec  95.7 MBytes   803 Mbits/sec
[  3] 33.0-34.0 sec  96.3 MBytes   808 Mbits/sec
[  3] 34.0-35.0 sec  96.9 MBytes   813 Mbits/sec
[  3] 35.0-36.0 sec  96.3 MBytes   808 Mbits/sec
[  3] 36.0-37.0 sec  89.0 MBytes   747 Mbits/sec
[  3] 37.0-38.0 sec  95.9 MBytes   804 Mbits/sec
[  3] 38.0-39.0 sec  95.3 MBytes   799 Mbits/sec
[  3] 39.0-40.0 sec  96.9 MBytes   813 Mbits/sec
[  3] 40.0-41.0 sec  94.9 MBytes   796 Mbits/sec
[  3] 41.0-42.0 sec  89.5 MBytes   751 Mbits/sec
[  3] 42.0-43.0 sec  93.0 MBytes   780 Mbits/sec
[  3] 43.0-44.0 sec  85.3 MBytes   716 Mbits/sec
[  3] 44.0-45.0 sec  91.3 MBytes   766 Mbits/sec
[  3] 45.0-46.0 sec  66.0 MBytes   554 Mbits/sec
[  3] 46.0-47.0 sec  61.4 MBytes   515 Mbits/sec
[  3] 47.0-48.0 sec  96.9 MBytes   812 Mbits/sec
[  3] 48.0-49.0 sec  96.9 MBytes   813 Mbits/sec
[  3] 49.0-50.0 sec  96.9 MBytes   813 Mbits/sec
[  3] 50.0-51.0 sec  96.9 MBytes   813 Mbits/sec
[  3] 51.0-52.0 sec  81.1 MBytes   680 Mbits/sec
[  3] 52.0-53.0 sec  79.5 MBytes   667 Mbits/sec
[  3] 53.0-54.0 sec  89.0 MBytes   747 Mbits/sec
[  3] 54.0-55.0 sec  95.5 MBytes   801 Mbits/sec
[  3] 55.0-56.0 sec  91.2 MBytes   765 Mbits/sec
[  3] 56.0-57.0 sec  88.1 MBytes   739 Mbits/sec
[  3] 57.0-58.0 sec  96.8 MBytes   812 Mbits/sec
[  3] 58.0-59.0 sec  96.9 MBytes   813 Mbits/sec
[  3] 59.0-60.0 sec  96.9 MBytes   813 Mbits/sec
[  3] 60.0-61.0 sec  96.3 MBytes   807 Mbits/sec
[  3] 61.0-62.0 sec  96.9 MBytes   813 Mbits/sec
[  3] 62.0-63.0 sec  91.9 MBytes   771 Mbits/sec
[  3] 63.0-64.0 sec  92.5 MBytes   776 Mbits/sec
[  3] 64.0-65.0 sec  81.0 MBytes   680 Mbits/sec
[  3] 65.0-66.0 sec  88.5 MBytes   742 Mbits/sec
[  3] 66.0-67.0 sec  96.9 MBytes   813 Mbits/sec
[  3] 67.0-68.0 sec  97.0 MBytes   813 Mbits/sec
[  3] 68.0-69.0 sec  96.9 MBytes   813 Mbits/sec
[  3] 69.0-70.0 sec  82.5 MBytes   692 Mbits/sec
[  3] 70.0-71.0 sec  95.7 MBytes   803 Mbits/sec
[  3] 71.0-72.0 sec  84.3 MBytes   707 Mbits/sec
[  3] 72.0-73.0 sec  92.7 MBytes   778 Mbits/sec
[  3] 73.0-74.0 sec  96.5 MBytes   810 Mbits/sec
[  3] 74.0-75.0 sec  96.9 MBytes   813 Mbits/sec
[  3] 75.0-76.0 sec  93.5 MBytes   784 Mbits/sec
[  3] 76.0-77.0 sec  94.5 MBytes   793 Mbits/sec
[  3] 77.0-78.0 sec  96.9 MBytes   813 Mbits/sec
[  3] 78.0-79.0 sec  88.9 MBytes   746 Mbits/sec
[  3] 79.0-80.0 sec  96.9 MBytes   813 Mbits/sec
[  3] 80.0-81.0 sec  96.1 MBytes   806 Mbits/sec
[  3] 81.0-82.0 sec  92.1 MBytes   773 Mbits/sec
[  3] 82.0-83.0 sec  83.5 MBytes   701 Mbits/sec
[  3] 83.0-84.0 sec  96.9 MBytes   813 Mbits/sec
[  3] 84.0-85.0 sec  96.9 MBytes   813 Mbits/sec
[  3] 85.0-86.0 sec  97.0 MBytes   813 Mbits/sec
[  3] 86.0-87.0 sec  95.7 MBytes   803 Mbits/sec
[  3] 87.0-88.0 sec  84.4 MBytes   708 Mbits/sec
[  3] 88.0-89.0 sec  96.9 MBytes   813 Mbits/sec
[  3] 89.0-90.0 sec  93.0 MBytes   780 Mbits/sec
[  3] 90.0-91.0 sec  96.9 MBytes   813 Mbits/sec
[  3] 91.0-92.0 sec  96.9 MBytes   813 Mbits/sec
[  3] 92.0-93.0 sec  96.9 MBytes   813 Mbits/sec
[  3] 93.0-94.0 sec  83.5 MBytes   700 Mbits/sec
[  3] 94.0-95.0 sec  96.5 MBytes   809 Mbits/sec
[  3] 95.0-96.0 sec  96.1 MBytes   806 Mbits/sec
[  3] 96.0-97.0 sec  94.9 MBytes   796 Mbits/sec
[  3] 97.0-98.0 sec  67.7 MBytes   568 Mbits/sec
[  3] 98.0-99.0 sec  87.3 MBytes   732 Mbits/sec
[  3] 99.0-100.0 sec  96.9 MBytes   813 Mbits/sec
[  3] 100.0-101.0 sec  90.6 MBytes   760 Mbits/sec
[  3] 101.0-102.0 sec  92.0 MBytes   772 Mbits/sec
[  3] 102.0-103.0 sec  95.9 MBytes   804 Mbits/sec
[  3] 103.0-104.0 sec  96.9 MBytes   813 Mbits/sec
[  3] 104.0-105.0 sec  84.5 MBytes   709 Mbits/sec
[  3] 105.0-106.0 sec  96.3 MBytes   808 Mbits/sec
[  3] 106.0-107.0 sec  96.9 MBytes   813 Mbits/sec
[  3] 107.0-108.0 sec  93.8 MBytes   787 Mbits/sec
[  3] 108.0-109.0 sec  95.1 MBytes   797 Mbits/sec
[  3] 109.0-110.0 sec  88.3 MBytes   740 Mbits/sec
[  3] 110.0-111.0 sec  86.1 MBytes   722 Mbits/sec
[  3] 111.0-112.0 sec  88.4 MBytes   742 Mbits/sec
[  3] 112.0-113.0 sec  91.1 MBytes   764 Mbits/sec
[  3] 113.0-114.0 sec  96.9 MBytes   813 Mbits/sec
[  3] 114.0-115.0 sec  83.2 MBytes   698 Mbits/sec
[  3] 115.0-116.0 sec  89.5 MBytes   751 Mbits/sec
[  3] 116.0-117.0 sec  71.0 MBytes   596 Mbits/sec
[  3] 117.0-118.0 sec  68.4 MBytes   574 Mbits/sec
[  3] 118.0-119.0 sec  83.7 MBytes   702 Mbits/sec
[  3] 119.0-120.0 sec  95.9 MBytes   804 Mbits/sec
[  3] 120.0-121.0 sec  94.3 MBytes   791 Mbits/sec
[  3] 121.0-122.0 sec  96.9 MBytes   813 Mbits/sec
[  3] 122.0-123.0 sec  96.9 MBytes   813 Mbits/sec
[  3] 123.0-124.0 sec  92.2 MBytes   774 Mbits/sec
[  3] 124.0-125.0 sec  95.0 MBytes   797 Mbits/sec
[  3] 125.0-126.0 sec  87.3 MBytes   732 Mbits/sec
[  3] 126.0-127.0 sec  96.9 MBytes   813 Mbits/sec
[  3] 127.0-128.0 sec  74.9 MBytes   628 Mbits/sec
[  3] 128.0-129.0 sec  96.9 MBytes   813 Mbits/sec
[  3] 129.0-130.0 sec  96.9 MBytes   813 Mbits/sec
[  3] 130.0-131.0 sec  95.2 MBytes   798 Mbits/sec
[  3] 131.0-132.0 sec  96.9 MBytes   813 Mbits/sec
[  3] 132.0-133.0 sec  96.9 MBytes   813 Mbits/sec
[  3] 133.0-134.0 sec  96.9 MBytes   813 Mbits/sec
[  3] 134.0-135.0 sec  97.0 MBytes   814 Mbits/sec
[  3] 135.0-136.0 sec  96.9 MBytes   813 Mbits/sec
[  3] 136.0-137.0 sec  96.9 MBytes   813 Mbits/sec
[  3] 137.0-138.0 sec  96.9 MBytes   813 Mbits/sec
[  3] 138.0-139.0 sec  96.9 MBytes   813 Mbits/sec
[  3] 139.0-140.0 sec  96.9 MBytes   813 Mbits/sec
[  3] 140.0-141.0 sec  97.0 MBytes   813 Mbits/sec
[  3] 141.0-142.0 sec  96.9 MBytes   813 Mbits/sec
[  3] 142.0-143.0 sec  96.9 MBytes   813 Mbits/sec
[  3] 143.0-144.0 sec  96.9 MBytes   813 Mbits/sec
[  3] 144.0-145.0 sec  96.9 MBytes   813 Mbits/sec
[  3] 145.0-146.0 sec  97.0 MBytes   813 Mbits/sec
[  3] 146.0-147.0 sec  96.9 MBytes   813 Mbits/sec
[  3] 147.0-148.0 sec  97.0 MBytes   813 Mbits/sec
[  3] 148.0-149.0 sec  96.9 MBytes   813 Mbits/sec
[  3] 149.0-150.0 sec  96.9 MBytes   813 Mbits/sec
[  3] 150.0-151.0 sec  96.9 MBytes   813 Mbits/sec
[  3] 151.0-152.0 sec  96.9 MBytes   813 Mbits/sec
[  3] 152.0-153.0 sec  96.9 MBytes   813 Mbits/sec
[  3] 153.0-154.0 sec  96.9 MBytes   813 Mbits/sec
[  3] 154.0-155.0 sec  96.9 MBytes   813 Mbits/sec
[  3] 155.0-156.0 sec  96.9 MBytes   813 Mbits/sec
[  3] 156.0-157.0 sec  96.9 MBytes   813 Mbits/sec
[  3] 157.0-158.0 sec  96.9 MBytes   813 Mbits/sec
[  3] 158.0-159.0 sec  96.9 MBytes   813 Mbits/sec
[  3] 159.0-160.0 sec  97.0 MBytes   814 Mbits/sec
[  3] 160.0-161.0 sec  96.9 MBytes   813 Mbits/sec
[  3] 161.0-162.0 sec  96.9 MBytes   813 Mbits/sec
[  3] 162.0-163.0 sec  97.0 MBytes   813 Mbits/sec
[  3] 163.0-164.0 sec  96.9 MBytes   813 Mbits/sec
[  3] 164.0-165.0 sec  96.9 MBytes   813 Mbits/sec
[  3] 165.0-166.0 sec  96.9 MBytes   813 Mbits/sec
[  3] 166.0-167.0 sec  96.9 MBytes   813 Mbits/sec
[  3] 167.0-168.0 sec  96.9 MBytes   813 Mbits/sec
[  3] 168.0-169.0 sec  97.0 MBytes   813 Mbits/sec
[  3] 169.0-170.0 sec  96.9 MBytes   813 Mbits/sec
[  3] 170.0-171.0 sec  97.0 MBytes   813 Mbits/sec
[  3] 171.0-172.0 sec  96.9 MBytes   813 Mbits/sec
[  3] 172.0-173.0 sec  96.9 MBytes   813 Mbits/sec
[  3] 173.0-174.0 sec  96.9 MBytes   813 Mbits/sec
[  3] 174.0-175.0 sec  96.9 MBytes   813 Mbits/sec
[  3] 175.0-176.0 sec  96.9 MBytes   813 Mbits/sec
[  3] 176.0-177.0 sec  96.9 MBytes   813 Mbits/sec
[  3] 177.0-178.0 sec  96.9 MBytes   813 Mbits/sec
[  3] 178.0-179.0 sec  96.9 MBytes   813 Mbits/sec
[  3] 179.0-180.0 sec  97.0 MBytes   814 Mbits/sec
[  3] 180.0-181.0 sec  96.9 MBytes   813 Mbits/sec
[  3] 181.0-182.0 sec  96.9 MBytes   813 Mbits/sec
[  3] 182.0-183.0 sec  96.9 MBytes   813 Mbits/sec
[  3] 183.0-184.0 sec  96.9 MBytes   813 Mbits/sec
[  3] 184.0-185.0 sec  96.9 MBytes   813 Mbits/sec
[  3] 185.0-186.0 sec  97.0 MBytes   813 Mbits/sec
[  3] 186.0-187.0 sec  96.9 MBytes   813 Mbits/sec
[  3] 187.0-188.0 sec  96.9 MBytes   813 Mbits/sec
[  3] 188.0-189.0 sec  96.9 MBytes   813 Mbits/sec
[  3] 189.0-190.0 sec  96.9 MBytes   813 Mbits/sec
[  3] 190.0-191.0 sec  96.9 MBytes   813 Mbits/sec
[  3] 191.0-192.0 sec  96.9 MBytes   813 Mbits/sec
[  3] 192.0-193.0 sec  96.9 MBytes   813 Mbits/sec
[  3] 193.0-194.0 sec  96.9 MBytes   813 Mbits/sec
[  3] 194.0-195.0 sec  96.9 MBytes   813 Mbits/sec
[  3] 195.0-196.0 sec  96.9 MBytes   813 Mbits/sec
[  3] 196.0-197.0 sec  96.9 MBytes   813 Mbits/sec
[  3] 197.0-198.0 sec  96.9 MBytes   813 Mbits/sec
[  3] 198.0-199.0 sec  96.9 MBytes   813 Mbits/sec
[  3] 199.0-200.0 sec  96.9 MBytes   813 Mbits/sec
[  3] 200.0-201.0 sec  96.9 MBytes   813 Mbits/sec
[  3] 201.0-202.0 sec  96.9 MBytes   813 Mbits/sec
[  3] 202.0-203.0 sec  96.9 MBytes   813 Mbits/sec
[  3] 203.0-204.0 sec  96.9 MBytes   813 Mbits/sec
[  3] 204.0-205.0 sec  96.9 MBytes   813 Mbits/sec
[  3] 205.0-206.0 sec  96.9 MBytes   813 Mbits/sec
[  3] 206.0-207.0 sec  97.0 MBytes   813 Mbits/sec
[  3] 207.0-208.0 sec  96.9 MBytes   813 Mbits/sec
[  3] 208.0-209.0 sec  96.9 MBytes   813 Mbits/sec
[  3] 209.0-210.0 sec  97.0 MBytes   813 Mbits/sec
[  3] 210.0-211.0 sec  96.9 MBytes   813 Mbits/sec
[  3] 211.0-212.0 sec  96.9 MBytes   813 Mbits/sec
[  3] 212.0-213.0 sec  96.9 MBytes   813 Mbits/sec
[  3] 213.0-214.0 sec  96.9 MBytes   813 Mbits/sec
[  3] 214.0-215.0 sec  97.0 MBytes   813 Mbits/sec
[  3] 215.0-216.0 sec  96.9 MBytes   813 Mbits/sec
[  3] 216.0-217.0 sec  96.9 MBytes   813 Mbits/sec
[  3] 217.0-218.0 sec  96.9 MBytes   813 Mbits/sec
[  3] 218.0-219.0 sec  96.9 MBytes   813 Mbits/sec
[  3] 219.0-220.0 sec  96.9 MBytes   813 Mbits/sec
[  3] 220.0-221.0 sec  96.9 MBytes   813 Mbits/sec
[  3] 221.0-222.0 sec  96.9 MBytes   813 Mbits/sec
[  3] 222.0-223.0 sec  96.9 MBytes   813 Mbits/sec
[  3] 223.0-224.0 sec  96.9 MBytes   813 Mbits/sec
[  3] 224.0-225.0 sec  96.9 MBytes   813 Mbits/sec
[  3] 225.0-226.0 sec  97.0 MBytes   814 Mbits/sec
[  3] 226.0-227.0 sec  96.9 MBytes   813 Mbits/sec
[  3] 227.0-228.0 sec  96.9 MBytes   813 Mbits/sec
[  3] 228.0-229.0 sec  97.0 MBytes   813 Mbits/sec
[  3] 229.0-230.0 sec  96.9 MBytes   813 Mbits/sec
[  3] 230.0-231.0 sec  96.9 MBytes   813 Mbits/sec
[  3] 231.0-232.0 sec  96.9 MBytes   813 Mbits/sec
[  3] 232.0-233.0 sec  97.0 MBytes   813 Mbits/sec
[  3] 233.0-234.0 sec  96.9 MBytes   813 Mbits/sec
[  3] 234.0-235.0 sec  96.9 MBytes   813 Mbits/sec
[  3] 235.0-236.0 sec  96.9 MBytes   813 Mbits/sec
[  3] 236.0-237.0 sec  96.9 MBytes   813 Mbits/sec
[  3] 237.0-238.0 sec  96.9 MBytes   813 Mbits/sec
[  3] 238.0-239.0 sec  96.9 MBytes   813 Mbits/sec
[  3] 239.0-240.0 sec  96.9 MBytes   813 Mbits/sec
[  3] 240.0-241.0 sec  96.9 MBytes   813 Mbits/sec
[  3] 241.0-242.0 sec  96.9 MBytes   813 Mbits/sec
[  3] 242.0-243.0 sec  96.9 MBytes   813 Mbits/sec
[  3] 243.0-244.0 sec  96.9 MBytes   813 Mbits/sec
[  3] 244.0-245.0 sec  96.9 MBytes   813 Mbits/sec
[  3] 245.0-246.0 sec  96.9 MBytes   813 Mbits/sec
[  3] 246.0-247.0 sec  97.0 MBytes   813 Mbits/sec
[  3] 247.0-248.0 sec  96.9 MBytes   813 Mbits/sec
[  3] 248.0-249.0 sec  97.0 MBytes   813 Mbits/sec
[  3] 249.0-250.0 sec  96.9 MBytes   813 Mbits/sec
[  3] 250.0-251.0 sec  96.9 MBytes   813 Mbits/sec
[  3] 251.0-252.0 sec  96.9 MBytes   813 Mbits/sec
[  3] 252.0-253.0 sec  96.9 MBytes   813 Mbits/sec
[  3] 253.0-254.0 sec  96.9 MBytes   813 Mbits/sec
[  3] 254.0-255.0 sec  97.0 MBytes   813 Mbits/sec
[  3] 255.0-256.0 sec  96.9 MBytes   813 Mbits/sec
[  3] 256.0-257.0 sec  96.9 MBytes   813 Mbits/sec
[  3] 257.0-258.0 sec  96.9 MBytes   813 Mbits/sec
[  3] 258.0-259.0 sec  96.9 MBytes   813 Mbits/sec
[  3] 259.0-260.0 sec  96.9 MBytes   813 Mbits/sec
[  3] 260.0-261.0 sec  96.9 MBytes   813 Mbits/sec
[  3] 261.0-262.0 sec  96.9 MBytes   813 Mbits/sec
[  3] 262.0-263.0 sec  96.9 MBytes   813 Mbits/sec
[  3] 263.0-264.0 sec  96.9 MBytes   813 Mbits/sec
[  3] 264.0-265.0 sec  96.9 MBytes   813 Mbits/sec
[  3] 265.0-266.0 sec  96.9 MBytes   813 Mbits/sec
[  3] 266.0-267.0 sec  96.9 MBytes   813 Mbits/sec
[  3] 267.0-268.0 sec  96.9 MBytes   813 Mbits/sec
[  3] 268.0-269.0 sec  96.9 MBytes   813 Mbits/sec
[  3] 269.0-270.0 sec  96.9 MBytes   813 Mbits/sec
[  3] 270.0-271.0 sec  97.0 MBytes   813 Mbits/sec
[  3] 271.0-272.0 sec  96.9 MBytes   813 Mbits/sec
[  3] 272.0-273.0 sec  96.9 MBytes   813 Mbits/sec
[  3] 273.0-274.0 sec  96.9 MBytes   813 Mbits/sec
[  3] 274.0-275.0 sec  97.0 MBytes   813 Mbits/sec
[  3] 275.0-276.0 sec  96.9 MBytes   813 Mbits/sec
[  3] 276.0-277.0 sec  97.0 MBytes   813 Mbits/sec
[  3] 277.0-278.0 sec  96.9 MBytes   813 Mbits/sec
[  3] 278.0-279.0 sec  96.9 MBytes   813 Mbits/sec
[  3] 279.0-280.0 sec  96.9 MBytes   813 Mbits/sec
[  3] 280.0-281.0 sec  96.9 MBytes   813 Mbits/sec
[  3] 281.0-282.0 sec  96.9 MBytes   813 Mbits/sec
[  3] 282.0-283.0 sec  96.9 MBytes   813 Mbits/sec
[  3] 283.0-284.0 sec  96.9 MBytes   813 Mbits/sec
[  3] 284.0-285.0 sec  97.0 MBytes   813 Mbits/sec
[  3] 285.0-286.0 sec  96.9 MBytes   813 Mbits/sec
[  3] 286.0-287.0 sec  96.9 MBytes   813 Mbits/sec
[  3] 287.0-288.0 sec  96.9 MBytes   813 Mbits/sec
[  3] 288.0-289.0 sec  96.9 MBytes   813 Mbits/sec
[  3] 289.0-290.0 sec  97.0 MBytes   813 Mbits/sec
[  3] 290.0-291.0 sec  96.9 MBytes   813 Mbits/sec
[  3] 291.0-292.0 sec  96.9 MBytes   813 Mbits/sec
[  3] 292.0-293.0 sec  96.9 MBytes   813 Mbits/sec
[  3] 293.0-294.0 sec  96.9 MBytes   813 Mbits/sec
[  3] 294.0-295.0 sec  96.9 MBytes   813 Mbits/sec
[  3] 295.0-296.0 sec  96.9 MBytes   813 Mbits/sec
[  3] 296.0-297.0 sec  96.9 MBytes   813 Mbits/sec
[  3] 297.0-298.0 sec  96.9 MBytes   813 Mbits/sec
[  3] 298.0-299.0 sec  97.0 MBytes   813 Mbits/sec
[  3] 299.0-300.0 sec  96.9 MBytes   813 Mbits/sec
[  3] 300.0-301.0 sec  96.9 MBytes   813 Mbits/sec
[  3] 301.0-302.0 sec  96.9 MBytes   813 Mbits/sec
[  3] 302.0-303.0 sec  96.9 MBytes   813 Mbits/sec
[  3] 303.0-304.0 sec  96.9 MBytes   813 Mbits/sec
[  3] 304.0-305.0 sec  96.9 MBytes   813 Mbits/sec
[  3] 305.0-306.0 sec  96.9 MBytes   813 Mbits/sec
[  3] 306.0-307.0 sec  97.0 MBytes   814 Mbits/sec
[  3] 307.0-308.0 sec  96.8 MBytes   812 Mbits/sec
[  3] 308.0-309.0 sec  97.0 MBytes   814 Mbits/sec
[  3] 309.0-310.0 sec  96.9 MBytes   812 Mbits/sec
[  3] 310.0-311.0 sec  96.9 MBytes   813 Mbits/sec
[  3] 311.0-312.0 sec  96.9 MBytes   813 Mbits/sec
[  3] 312.0-313.0 sec  96.9 MBytes   813 Mbits/sec
[  3] 313.0-314.0 sec  97.0 MBytes   813 Mbits/sec
[  3] 314.0-315.0 sec  96.9 MBytes   813 Mbits/sec
[  3] 315.0-316.0 sec  96.9 MBytes   813 Mbits/sec
[  3] 316.0-317.0 sec  96.9 MBytes   813 Mbits/sec
[  3] 317.0-318.0 sec  96.9 MBytes   813 Mbits/sec
[  3] 318.0-319.0 sec  96.9 MBytes   813 Mbits/sec
[  3] 319.0-320.0 sec  97.0 MBytes   813 Mbits/sec
[  3] 320.0-321.0 sec  96.9 MBytes   813 Mbits/sec
[  3] 321.0-322.0 sec  97.0 MBytes   813 Mbits/sec
[  3] 322.0-323.0 sec  96.9 MBytes   813 Mbits/sec
[  3] 323.0-324.0 sec  96.9 MBytes   813 Mbits/sec
[  3] 324.0-325.0 sec  96.9 MBytes   813 Mbits/sec
[  3] 325.0-326.0 sec  96.9 MBytes   813 Mbits/sec
[  3] 326.0-327.0 sec  96.9 MBytes   813 Mbits/sec
[  3] 327.0-328.0 sec  96.9 MBytes   813 Mbits/sec
[  3] 328.0-329.0 sec  96.9 MBytes   813 Mbits/sec
[  3] 329.0-330.0 sec  96.9 MBytes   813 Mbits/sec
[  3] 330.0-331.0 sec  96.9 MBytes   813 Mbits/sec
[  3] 331.0-332.0 sec  96.9 MBytes   813 Mbits/sec
[  3] 332.0-333.0 sec  96.9 MBytes   813 Mbits/sec
[  3] 333.0-334.0 sec  96.9 MBytes   813 Mbits/sec
[  3] 334.0-335.0 sec  97.0 MBytes   813 Mbits/sec
[  3] 335.0-336.0 sec  96.9 MBytes   813 Mbits/sec
[  3] 336.0-337.0 sec  96.9 MBytes   813 Mbits/sec
[  3] 337.0-338.0 sec  97.0 MBytes   813 Mbits/sec
[  3] 338.0-339.0 sec  96.9 MBytes   813 Mbits/sec
[  3] 339.0-340.0 sec  96.9 MBytes   813 Mbits/sec
[  3] 340.0-341.0 sec  96.9 MBytes   813 Mbits/sec
[  3] 341.0-342.0 sec  97.0 MBytes   813 Mbits/sec
[  3] 342.0-343.0 sec  96.9 MBytes   813 Mbits/sec
[  3] 343.0-344.0 sec  97.0 MBytes   813 Mbits/sec
[  3] 344.0-345.0 sec  96.9 MBytes   813 Mbits/sec
[  3] 345.0-346.0 sec  96.9 MBytes   813 Mbits/sec
[  3] 346.0-347.0 sec  96.9 MBytes   813 Mbits/sec
[  3] 347.0-348.0 sec  96.9 MBytes   813 Mbits/sec
[  3] 348.0-349.0 sec  96.9 MBytes   813 Mbits/sec
[  3] 349.0-350.0 sec  96.9 MBytes   813 Mbits/sec
[  3] 350.0-351.0 sec  97.0 MBytes   814 Mbits/sec
[  3] 351.0-352.0 sec  96.9 MBytes   813 Mbits/sec
[  3] 352.0-353.0 sec  96.9 MBytes   813 Mbits/sec
[  3] 353.0-354.0 sec  96.9 MBytes   813 Mbits/sec
[  3] 354.0-355.0 sec  97.0 MBytes   813 Mbits/sec
[  3] 355.0-356.0 sec  96.9 MBytes   813 Mbits/sec
[  3] 356.0-357.0 sec  97.0 MBytes   813 Mbits/sec
[  3] 357.0-358.0 sec  96.9 MBytes   813 Mbits/sec
[  3] 358.0-359.0 sec  96.9 MBytes   813 Mbits/sec
[  3] 359.0-360.0 sec  96.9 MBytes   813 Mbits/sec
[  3] 360.0-361.0 sec  96.9 MBytes   813 Mbits/sec
[  3] 361.0-362.0 sec  97.0 MBytes   813 Mbits/sec
[  3] 362.0-363.0 sec  96.9 MBytes   813 Mbits/sec
[  3] 363.0-364.0 sec  96.9 MBytes   813 Mbits/sec
[  3] 364.0-365.0 sec  96.9 MBytes   813 Mbits/sec
[  3] 365.0-366.0 sec  96.9 MBytes   813 Mbits/sec
[  3] 366.0-367.0 sec  96.9 MBytes   813 Mbits/sec
[  3] 367.0-368.0 sec  96.9 MBytes   813 Mbits/sec
[  3] 368.0-369.0 sec  96.9 MBytes   813 Mbits/sec
[  3] 369.0-370.0 sec  96.9 MBytes   813 Mbits/sec
[  3] 370.0-371.0 sec  96.9 MBytes   813 Mbits/sec
[  3] 371.0-372.0 sec  96.9 MBytes   813 Mbits/sec
[  3] 372.0-373.0 sec  96.9 MBytes   813 Mbits/sec
[  3]  0.0-373.2 sec  34.7 GBytes   799 Mbits/sec
[  3] Sent 25340949 datagrams
[  3] Server Report:
[  3]  0.0-373.2 sec  34.6 GBytes   797 Mbits/sec   0.042 ms 63673/25340948 (0.25%)
[  3]  0.0-373.2 sec  1 datagrams received out-of-order
