
 Performance counter stats for './mem-walk-no-thread-no-thrash':

         4,034,061 cache-misses                                                

       3.986153688 seconds time elapsed


 Performance counter stats for './mem-walk-no-thread-no-thrash':

         3,802,736 cache-misses                                                

       3.465462231 seconds time elapsed


 Performance counter stats for './mem-walk-no-thread-no-thrash':

         4,018,129 cache-misses                                                

       4.058547220 seconds time elapsed


 Performance counter stats for './mem-walk-no-thread-no-thrash':

         3,651,869 cache-misses                                                

       3.083404721 seconds time elapsed


 Performance counter stats for './mem-walk-no-thread-no-thrash':

         3,865,621 cache-misses                                                

       3.272362152 seconds time elapsed


 Performance counter stats for './mem-walk-no-thread-no-thrash':

         4,089,632 cache-misses                                                

       3.814458122 seconds time elapsed


 Performance counter stats for './mem-walk-no-thread-no-thrash':

         3,985,806 cache-misses                                                

       3.666758798 seconds time elapsed


 Performance counter stats for './mem-walk-no-thread-no-thrash':

         3,795,201 cache-misses                                                

       3.428319866 seconds time elapsed


 Performance counter stats for './mem-walk-no-thread-no-thrash':

         3,678,750 cache-misses                                                

       3.114743818 seconds time elapsed


 Performance counter stats for './mem-walk-no-thread-no-thrash':

         4,067,073 cache-misses                                                

       4.035251455 seconds time elapsed


 Performance counter stats for './mem-walk-no-thread':

       593,721,256 cache-misses                                                

      11.220999586 seconds time elapsed


 Performance counter stats for './mem-walk-no-thread':

       600,505,884 cache-misses                                                

      11.223480671 seconds time elapsed


 Performance counter stats for './mem-walk-no-thread':

       593,659,424 cache-misses                                                

      11.239608007 seconds time elapsed


 Performance counter stats for './mem-walk-no-thread':

       592,267,645 cache-misses                                                

      11.218388552 seconds time elapsed


 Performance counter stats for './mem-walk-no-thread':

       552,003,684 cache-misses                                                

      11.135206426 seconds time elapsed


 Performance counter stats for './mem-walk-no-thread':

       546,400,148 cache-misses                                                

      11.066505592 seconds time elapsed


 Performance counter stats for './mem-walk-no-thread':

       536,496,285 cache-misses                                                

      11.071692404 seconds time elapsed


 Performance counter stats for './mem-walk-no-thread':

       548,042,295 cache-misses                                                

      11.099957877 seconds time elapsed


 Performance counter stats for './mem-walk-no-thread':

       546,093,998 cache-misses                                                

      11.076332113 seconds time elapsed


 Performance counter stats for './mem-walk-no-thread':

       587,527,494 cache-misses                                                

      11.221831074 seconds time elapsed


 Performance counter stats for './mem-walk-no-thrash':

        28,092,182 cache-misses                                                

      11.726266980 seconds time elapsed


 Performance counter stats for './mem-walk-no-thrash':

        17,301,044 cache-misses                                                

      11.745163314 seconds time elapsed


 Performance counter stats for './mem-walk-no-thrash':

        14,521,756 cache-misses                                                

      11.714350456 seconds time elapsed


 Performance counter stats for './mem-walk-no-thrash':

        27,000,246 cache-misses                                                

      11.727042952 seconds time elapsed


 Performance counter stats for './mem-walk-no-thrash':

        27,686,708 cache-misses                                                

      12.159791569 seconds time elapsed


 Performance counter stats for './mem-walk-no-thrash':

        18,330,409 cache-misses                                                

      11.728188306 seconds time elapsed


 Performance counter stats for './mem-walk-no-thrash':

        22,283,698 cache-misses                                                

      11.728657435 seconds time elapsed


 Performance counter stats for './mem-walk-no-thrash':

        26,685,566 cache-misses                                                

      11.735085155 seconds time elapsed


 Performance counter stats for './mem-walk-no-thrash':

        22,848,672 cache-misses                                                

      11.729331185 seconds time elapsed


 Performance counter stats for './mem-walk-no-thrash':

        30,359,442 cache-misses                                                

      11.736722943 seconds time elapsed


 Performance counter stats for './mem-walk':

     3,043,452,601 cache-misses                                                

      62.664445011 seconds time elapsed


 Performance counter stats for './mem-walk':

     2,752,487,009 cache-misses                                                

      65.511686674 seconds time elapsed


 Performance counter stats for './mem-walk':

     2,690,375,271 cache-misses                                                

      66.395294197 seconds time elapsed


 Performance counter stats for './mem-walk':

     3,177,899,844 cache-misses                                                

      62.966647637 seconds time elapsed


 Performance counter stats for './mem-walk':

     3,325,087,655 cache-misses                                                

      68.364813947 seconds time elapsed


 Performance counter stats for './mem-walk':

     2,805,655,544 cache-misses                                                

      63.193149635 seconds time elapsed


 Performance counter stats for './mem-walk':

     2,993,657,529 cache-misses                                                

      70.397568338 seconds time elapsed


 Performance counter stats for './mem-walk':

     3,103,100,323 cache-misses                                                

      67.352877311 seconds time elapsed


 Performance counter stats for './mem-walk':

     3,140,605,087 cache-misses                                                

      67.769900364 seconds time elapsed


 Performance counter stats for './mem-walk':

     2,798,211,818 cache-misses                                                

      65.259632878 seconds time elapsed

