Params: count 0  min_pkt_size: 508  max_pkt_size: 508
     frags: 0  delay: 20000  clone_skb: 10  ifname: eth2
     flows: 0 flowlen: 0
     queue_map_min: 0  queue_map_max: 0
     dst_min: 2.0.0.2  dst_max: 
        src_min:   src_max: 
     src_mac: 40:f2:e9:01:23:14 dst_mac: 40:f2:e9:01:23:00
     udp_src_min: 9  udp_src_max: 9  udp_dst_min: 9  udp_dst_max: 9
     src_mac_count: 0  dst_mac_count: 0
     Flags: 
Current:
     pkts-sofar: 45395781  errors: 0
     started: 31958710012us  stopped: 32866625593us idle: 885228457us
     seq_num: 45395782  cur_dst_mac_offset: 0  cur_src_mac_offset: 0
     cur_saddr: 1.0.0.1  cur_daddr: 2.0.0.2
     cur_udp_dst: 9  cur_udp_src: 9
     cur_queue_map: 0
     flows: 0
Result: OK: 907915580(c22687123+d885228457) usec, 45395781 (508byte,0frags)
  50000pps 203Mb/sec (203200000bps) errors: 0
