
 Performance counter stats for './mem-walk-no-thread-no-thrash':

         3,751,292 cache-misses                                                

       4.158685378 seconds time elapsed


 Performance counter stats for './mem-walk-no-thread-no-thrash':

         3,783,170 cache-misses                                                

       4.174646951 seconds time elapsed


 Performance counter stats for './mem-walk-no-thread-no-thrash':

         3,584,134 cache-misses                                                

       3.712550328 seconds time elapsed


 Performance counter stats for './mem-walk-no-thread-no-thrash':

         3,870,827 cache-misses                                                

       4.043013212 seconds time elapsed


 Performance counter stats for './mem-walk-no-thread-no-thrash':

         3,507,821 cache-misses                                                

       3.162874085 seconds time elapsed


 Performance counter stats for './mem-walk-no-thread-no-thrash':

         3,708,550 cache-misses                                                

       3.832179589 seconds time elapsed


 Performance counter stats for './mem-walk-no-thread-no-thrash':

         3,595,625 cache-misses                                                

       3.201628789 seconds time elapsed


 Performance counter stats for './mem-walk-no-thread-no-thrash':

         3,825,418 cache-misses                                                

       3.957354452 seconds time elapsed


 Performance counter stats for './mem-walk-no-thread-no-thrash':

         3,638,498 cache-misses                                                

       3.705817482 seconds time elapsed


 Performance counter stats for './mem-walk-no-thread-no-thrash':

         3,643,407 cache-misses                                                

       3.807951203 seconds time elapsed


 Performance counter stats for './mem-walk-no-thread':

       580,536,083 cache-misses                                                

      11.067745617 seconds time elapsed


 Performance counter stats for './mem-walk-no-thread':

       595,032,179 cache-misses                                                

      11.084849173 seconds time elapsed


 Performance counter stats for './mem-walk-no-thread':

       602,484,582 cache-misses                                                

      11.105011503 seconds time elapsed


 Performance counter stats for './mem-walk-no-thread':

       594,320,211 cache-misses                                                

      11.055139106 seconds time elapsed


 Performance counter stats for './mem-walk-no-thread':

       603,246,303 cache-misses                                                

      11.082805923 seconds time elapsed


 Performance counter stats for './mem-walk-no-thread':

       589,734,896 cache-misses                                                

      11.060203667 seconds time elapsed


 Performance counter stats for './mem-walk-no-thread':

       603,336,756 cache-misses                                                

      11.107727897 seconds time elapsed


 Performance counter stats for './mem-walk-no-thread':

       591,000,478 cache-misses                                                

      11.055938995 seconds time elapsed


 Performance counter stats for './mem-walk-no-thread':

       601,623,229 cache-misses                                                

      11.113288563 seconds time elapsed


 Performance counter stats for './mem-walk-no-thread':

       595,352,970 cache-misses                                                

      11.047674209 seconds time elapsed


 Performance counter stats for './mem-walk-no-thrash':

         9,509,254 cache-misses                                                

      11.241883047 seconds time elapsed


 Performance counter stats for './mem-walk-no-thrash':

        12,788,215 cache-misses                                                

      11.217838368 seconds time elapsed


 Performance counter stats for './mem-walk-no-thrash':

         6,185,911 cache-misses                                                

      11.090381693 seconds time elapsed


 Performance counter stats for './mem-walk-no-thrash':

        16,206,073 cache-misses                                                

      11.166956522 seconds time elapsed


 Performance counter stats for './mem-walk-no-thrash':

        15,295,830 cache-misses                                                

      11.265030055 seconds time elapsed


 Performance counter stats for './mem-walk-no-thrash':

        11,756,952 cache-misses                                                

      11.109315946 seconds time elapsed


 Performance counter stats for './mem-walk-no-thrash':

        14,792,896 cache-misses                                                

      11.184683331 seconds time elapsed


 Performance counter stats for './mem-walk-no-thrash':

        13,786,500 cache-misses                                                

      11.118289437 seconds time elapsed


 Performance counter stats for './mem-walk-no-thrash':

         5,333,293 cache-misses                                                

      11.088633302 seconds time elapsed


 Performance counter stats for './mem-walk-no-thrash':

         5,275,316 cache-misses                                                

      11.085199841 seconds time elapsed


 Performance counter stats for './mem-walk':

     1,723,348,420 cache-misses                                                

      50.545744090 seconds time elapsed


 Performance counter stats for './mem-walk':

     2,433,891,256 cache-misses                                                

      55.188450715 seconds time elapsed


 Performance counter stats for './mem-walk':

     1,876,792,764 cache-misses                                                

      51.710548333 seconds time elapsed


 Performance counter stats for './mem-walk':

     1,424,325,228 cache-misses                                                

      49.937541171 seconds time elapsed


 Performance counter stats for './mem-walk':

     1,374,277,064 cache-misses                                                

      49.742854006 seconds time elapsed


 Performance counter stats for './mem-walk':

     1,522,979,248 cache-misses                                                

      50.140187018 seconds time elapsed


 Performance counter stats for './mem-walk':

     1,584,210,740 cache-misses                                                

      50.247502327 seconds time elapsed


 Performance counter stats for './mem-walk':

     1,483,512,051 cache-misses                                                

      49.972608568 seconds time elapsed


 Performance counter stats for './mem-walk':

     1,522,958,289 cache-misses                                                

      50.035260532 seconds time elapsed


 Performance counter stats for './mem-walk':

     1,627,965,214 cache-misses                                                

      50.431214408 seconds time elapsed

