
 Performance counter stats for './mem-walk-no-thread-no-thrash':

         5,836,508 cache-misses                                                

       3.781121621 seconds time elapsed


 Performance counter stats for './mem-walk-no-thread-no-thrash':

         3,670,369 cache-misses                                                

       3.760587324 seconds time elapsed


 Performance counter stats for './mem-walk-no-thread-no-thrash':

         3,585,487 cache-misses                                                

       3.997471686 seconds time elapsed


 Performance counter stats for './mem-walk-no-thread-no-thrash':

         3,470,267 cache-misses                                                

       3.296388522 seconds time elapsed


 Performance counter stats for './mem-walk-no-thread-no-thrash':

         3,371,453 cache-misses                                                

       3.306846397 seconds time elapsed


 Performance counter stats for './mem-walk-no-thread-no-thrash':

         3,639,253 cache-misses                                                

       4.199479982 seconds time elapsed


 Performance counter stats for './mem-walk-no-thread-no-thrash':

         3,443,155 cache-misses                                                

       3.570724216 seconds time elapsed


 Performance counter stats for './mem-walk-no-thread-no-thrash':

         3,517,599 cache-misses                                                

       3.757107815 seconds time elapsed


 Performance counter stats for './mem-walk-no-thread-no-thrash':

         3,514,360 cache-misses                                                

       3.744901326 seconds time elapsed


 Performance counter stats for './mem-walk-no-thread-no-thrash':

         3,649,638 cache-misses                                                

       4.119309477 seconds time elapsed


 Performance counter stats for './mem-walk-no-thread':

       587,540,624 cache-misses                                                

      11.906155416 seconds time elapsed


 Performance counter stats for './mem-walk-no-thread':

       587,018,395 cache-misses                                                

      11.015755450 seconds time elapsed


 Performance counter stats for './mem-walk-no-thread':

       595,521,402 cache-misses                                                

      11.029752944 seconds time elapsed


 Performance counter stats for './mem-walk-no-thread':

       598,804,576 cache-misses                                                

      11.014458070 seconds time elapsed


 Performance counter stats for './mem-walk-no-thread':

       588,834,978 cache-misses                                                

      11.005697210 seconds time elapsed


 Performance counter stats for './mem-walk-no-thread':

       604,793,129 cache-misses                                                

      11.058808557 seconds time elapsed


 Performance counter stats for './mem-walk-no-thread':

       604,179,448 cache-misses                                                

      11.047478424 seconds time elapsed


 Performance counter stats for './mem-walk-no-thread':

       593,241,221 cache-misses                                                

      11.049372037 seconds time elapsed


 Performance counter stats for './mem-walk-no-thread':

       594,610,339 cache-misses                                                

      11.018564351 seconds time elapsed


 Performance counter stats for './mem-walk-no-thread':

       595,479,358 cache-misses                                                

      11.015106087 seconds time elapsed


 Performance counter stats for './mem-walk-no-thrash':

        15,138,305 cache-misses                                                

      11.438712482 seconds time elapsed


 Performance counter stats for './mem-walk-no-thrash':

        28,901,300 cache-misses                                                

      11.413750852 seconds time elapsed


 Performance counter stats for './mem-walk-no-thrash':

        13,070,134 cache-misses                                                

      11.263414650 seconds time elapsed


 Performance counter stats for './mem-walk-no-thrash':

        24,690,403 cache-misses                                                

      11.343235613 seconds time elapsed


 Performance counter stats for './mem-walk-no-thrash':

        19,170,724 cache-misses                                                

      11.250174236 seconds time elapsed


 Performance counter stats for './mem-walk-no-thrash':

        27,344,069 cache-misses                                                

      11.361556598 seconds time elapsed


 Performance counter stats for './mem-walk-no-thrash':

        21,464,774 cache-misses                                                

      11.427797498 seconds time elapsed


 Performance counter stats for './mem-walk-no-thrash':

        24,979,660 cache-misses                                                

      11.370581270 seconds time elapsed


 Performance counter stats for './mem-walk-no-thrash':

         6,212,144 cache-misses                                                

      11.111425352 seconds time elapsed


 Performance counter stats for './mem-walk-no-thrash':

        12,252,968 cache-misses                                                

      11.148536556 seconds time elapsed


 Performance counter stats for './mem-walk':

     1,926,244,588 cache-misses                                                

      50.762860830 seconds time elapsed


 Performance counter stats for './mem-walk':

     1,493,344,591 cache-misses                                                

      49.917813513 seconds time elapsed


 Performance counter stats for './mem-walk':

     1,579,954,662 cache-misses                                                

      49.954040505 seconds time elapsed


 Performance counter stats for './mem-walk':

     1,474,850,994 cache-misses                                                

      49.865024963 seconds time elapsed


 Performance counter stats for './mem-walk':

     1,635,229,645 cache-misses                                                

      49.773265506 seconds time elapsed


 Performance counter stats for './mem-walk':

     1,783,774,233 cache-misses                                                

      50.165015048 seconds time elapsed


 Performance counter stats for './mem-walk':

     1,481,203,069 cache-misses                                                

      50.014333280 seconds time elapsed


 Performance counter stats for './mem-walk':

     1,463,083,129 cache-misses                                                

      49.856889227 seconds time elapsed


 Performance counter stats for './mem-walk':

     1,511,576,308 cache-misses                                                

      49.824377394 seconds time elapsed


 Performance counter stats for './mem-walk':

     1,515,946,899 cache-misses                                                

      49.875770839 seconds time elapsed

