
 Performance counter stats for './mem-walk-no-thread-no-thrash':

         3,449,711 cache-misses                                                

       3.240417729 seconds time elapsed


 Performance counter stats for './mem-walk-no-thread-no-thrash':

         3,638,672 cache-misses                                                

       3.540064099 seconds time elapsed


 Performance counter stats for './mem-walk-no-thread-no-thrash':

         3,814,400 cache-misses                                                

       4.030738101 seconds time elapsed


 Performance counter stats for './mem-walk-no-thread-no-thrash':

         3,616,630 cache-misses                                                

       3.749649716 seconds time elapsed


 Performance counter stats for './mem-walk-no-thread-no-thrash':

         3,575,345 cache-misses                                                

       3.811803376 seconds time elapsed


 Performance counter stats for './mem-walk-no-thread-no-thrash':

         3,762,702 cache-misses                                                

       3.970483819 seconds time elapsed


 Performance counter stats for './mem-walk-no-thread-no-thrash':

         3,535,828 cache-misses                                                

       3.597483068 seconds time elapsed


 Performance counter stats for './mem-walk-no-thread-no-thrash':

         3,455,239 cache-misses                                                

       3.148722852 seconds time elapsed


 Performance counter stats for './mem-walk-no-thread-no-thrash':

         3,681,137 cache-misses                                                

       4.059854019 seconds time elapsed


 Performance counter stats for './mem-walk-no-thread-no-thrash':

         3,792,448 cache-misses                                                

       4.128510315 seconds time elapsed


 Performance counter stats for './mem-walk-no-thread':

       594,167,015 cache-misses                                                

      11.175018367 seconds time elapsed


 Performance counter stats for './mem-walk-no-thread':

       605,234,656 cache-misses                                                

      11.214387538 seconds time elapsed


 Performance counter stats for './mem-walk-no-thread':

       598,704,043 cache-misses                                                

      11.125410953 seconds time elapsed


 Performance counter stats for './mem-walk-no-thread':

       605,155,846 cache-misses                                                

      11.206061112 seconds time elapsed


 Performance counter stats for './mem-walk-no-thread':

       595,906,312 cache-misses                                                

      11.125730454 seconds time elapsed


 Performance counter stats for './mem-walk-no-thread':

       594,334,331 cache-misses                                                

      11.175859422 seconds time elapsed


 Performance counter stats for './mem-walk-no-thread':

       596,552,623 cache-misses                                                

      11.130098005 seconds time elapsed


 Performance counter stats for './mem-walk-no-thread':

       590,981,782 cache-misses                                                

      11.114900902 seconds time elapsed


 Performance counter stats for './mem-walk-no-thread':

       597,677,663 cache-misses                                                

      11.052915093 seconds time elapsed


 Performance counter stats for './mem-walk-no-thread':

       604,200,854 cache-misses                                                

      11.077500677 seconds time elapsed


 Performance counter stats for './mem-walk-no-thrash':

         7,055,996 cache-misses                                                

      11.384920073 seconds time elapsed


 Performance counter stats for './mem-walk-no-thrash':

         6,299,835 cache-misses                                                

      11.109131304 seconds time elapsed


 Performance counter stats for './mem-walk-no-thrash':

         6,702,329 cache-misses                                                

      11.107403231 seconds time elapsed


 Performance counter stats for './mem-walk-no-thrash':

         7,056,933 cache-misses                                                

      11.112185606 seconds time elapsed


 Performance counter stats for './mem-walk-no-thrash':

         6,902,937 cache-misses                                                

      11.112742882 seconds time elapsed


 Performance counter stats for './mem-walk-no-thrash':

        22,207,149 cache-misses                                                

      11.249003391 seconds time elapsed


 Performance counter stats for './mem-walk-no-thrash':

        16,471,795 cache-misses                                                

      11.301095451 seconds time elapsed


 Performance counter stats for './mem-walk-no-thrash':

         8,139,904 cache-misses                                                

      11.106321727 seconds time elapsed


 Performance counter stats for './mem-walk-no-thrash':

         6,357,784 cache-misses                                                

      11.102047376 seconds time elapsed


 Performance counter stats for './mem-walk-no-thrash':

         6,507,433 cache-misses                                                

      11.099382375 seconds time elapsed


 Performance counter stats for './mem-walk':

     1,944,261,463 cache-misses                                                

      54.039789984 seconds time elapsed


 Performance counter stats for './mem-walk':

     1,567,885,996 cache-misses                                                

      51.852850606 seconds time elapsed


 Performance counter stats for './mem-walk':

     4,636,657,034 cache-misses                                                

      73.379103764 seconds time elapsed


 Performance counter stats for './mem-walk':

     1,970,423,024 cache-misses                                                

      54.901761822 seconds time elapsed


 Performance counter stats for './mem-walk':

     3,284,771,027 cache-misses                                                

      64.325375126 seconds time elapsed


 Performance counter stats for './mem-walk':

     1,695,030,969 cache-misses                                                

      52.400816328 seconds time elapsed


 Performance counter stats for './mem-walk':

     1,582,469,442 cache-misses                                                

      51.611292369 seconds time elapsed


 Performance counter stats for './mem-walk':

     1,754,228,116 cache-misses                                                

      53.200795089 seconds time elapsed


 Performance counter stats for './mem-walk':

     2,075,398,233 cache-misses                                                

      55.404792086 seconds time elapsed


 Performance counter stats for './mem-walk':

     1,411,421,684 cache-misses                                                

      50.898596361 seconds time elapsed

