
 Performance counter stats for './mem-walk-no-thread-no-thrash':

         3,521,051 cache-misses                                                

       3.703039878 seconds time elapsed


 Performance counter stats for './mem-walk-no-thread-no-thrash':

         3,457,495 cache-misses                                                

       3.648508073 seconds time elapsed


 Performance counter stats for './mem-walk-no-thread-no-thrash':

         3,444,345 cache-misses                                                

       3.357495586 seconds time elapsed


 Performance counter stats for './mem-walk-no-thread-no-thrash':

         3,412,543 cache-misses                                                

       3.343809991 seconds time elapsed


 Performance counter stats for './mem-walk-no-thread-no-thrash':

         3,301,654 cache-misses                                                

       3.090160960 seconds time elapsed


 Performance counter stats for './mem-walk-no-thread-no-thrash':

         3,488,666 cache-misses                                                

       3.364723435 seconds time elapsed


 Performance counter stats for './mem-walk-no-thread-no-thrash':

         3,467,698 cache-misses                                                

       3.227936769 seconds time elapsed


 Performance counter stats for './mem-walk-no-thread-no-thrash':

         3,384,283 cache-misses                                                

       3.272851752 seconds time elapsed


 Performance counter stats for './mem-walk-no-thread-no-thrash':

         3,389,440 cache-misses                                                

       3.516006834 seconds time elapsed


 Performance counter stats for './mem-walk-no-thread-no-thrash':

         3,521,162 cache-misses                                                

       3.679723320 seconds time elapsed


 Performance counter stats for './mem-walk-no-thread':

       597,600,308 cache-misses                                                

      11.219349924 seconds time elapsed


 Performance counter stats for './mem-walk-no-thread':

       580,695,717 cache-misses                                                

      11.183608282 seconds time elapsed


 Performance counter stats for './mem-walk-no-thread':

       599,904,276 cache-misses                                                

      11.188366568 seconds time elapsed


 Performance counter stats for './mem-walk-no-thread':

       598,590,787 cache-misses                                                

      11.141230716 seconds time elapsed


 Performance counter stats for './mem-walk-no-thread':

       598,640,857 cache-misses                                                

      11.243836379 seconds time elapsed


 Performance counter stats for './mem-walk-no-thread':

       589,984,740 cache-misses                                                

      11.231849470 seconds time elapsed


 Performance counter stats for './mem-walk-no-thread':

       600,320,683 cache-misses                                                

      11.226529581 seconds time elapsed


 Performance counter stats for './mem-walk-no-thread':

       589,953,347 cache-misses                                                

      11.154956441 seconds time elapsed


 Performance counter stats for './mem-walk-no-thread':

       601,460,839 cache-misses                                                

      11.217071027 seconds time elapsed


 Performance counter stats for './mem-walk-no-thread':

       601,423,578 cache-misses                                                

      11.172095785 seconds time elapsed


 Performance counter stats for './mem-walk-no-thrash':

        24,130,542 cache-misses                                                

      11.172794698 seconds time elapsed


 Performance counter stats for './mem-walk-no-thrash':

        20,221,891 cache-misses                                                

      11.267961657 seconds time elapsed


 Performance counter stats for './mem-walk-no-thrash':

         6,623,862 cache-misses                                                

      11.106593082 seconds time elapsed


 Performance counter stats for './mem-walk-no-thrash':

        26,607,564 cache-misses                                                

      11.381546838 seconds time elapsed


 Performance counter stats for './mem-walk-no-thrash':

        19,928,235 cache-misses                                                

      11.264601364 seconds time elapsed


 Performance counter stats for './mem-walk-no-thrash':

        13,501,125 cache-misses                                                

      11.225229091 seconds time elapsed


 Performance counter stats for './mem-walk-no-thrash':

        23,351,157 cache-misses                                                

      11.311764285 seconds time elapsed


 Performance counter stats for './mem-walk-no-thrash':

        28,359,644 cache-misses                                                

      11.469484739 seconds time elapsed


 Performance counter stats for './mem-walk-no-thrash':

         7,199,737 cache-misses                                                

      11.128760781 seconds time elapsed


 Performance counter stats for './mem-walk-no-thrash':

        23,073,229 cache-misses                                                

      11.388628442 seconds time elapsed


 Performance counter stats for './mem-walk':

     1,906,766,023 cache-misses                                                

      49.387405653 seconds time elapsed


 Performance counter stats for './mem-walk':

     1,376,257,682 cache-misses                                                

      49.440716898 seconds time elapsed


 Performance counter stats for './mem-walk':

     1,487,166,614 cache-misses                                                

      49.323419729 seconds time elapsed


 Performance counter stats for './mem-walk':

     1,433,896,732 cache-misses                                                

      49.911483388 seconds time elapsed


 Performance counter stats for './mem-walk':

     1,280,407,585 cache-misses                                                

      49.491349305 seconds time elapsed


 Performance counter stats for './mem-walk':

     1,499,134,764 cache-misses                                                

      49.771110603 seconds time elapsed


 Performance counter stats for './mem-walk':

     1,264,470,005 cache-misses                                                

      49.792328892 seconds time elapsed


 Performance counter stats for './mem-walk':

     1,333,123,181 cache-misses                                                

      49.749110327 seconds time elapsed


 Performance counter stats for './mem-walk':

     1,580,705,852 cache-misses                                                

      49.517162018 seconds time elapsed


 Performance counter stats for './mem-walk':

     1,319,806,334 cache-misses                                                

      49.810416675 seconds time elapsed

