
 Performance counter stats for './mem-walk-no-thread-no-thrash':

         9,175,396 cache-misses                                                

       3.468242131 seconds time elapsed


 Performance counter stats for './mem-walk-no-thread-no-thrash':

         9,073,937 cache-misses                                                

       3.470398600 seconds time elapsed


 Performance counter stats for './mem-walk-no-thread-no-thrash':

         8,896,756 cache-misses                                                

       3.337812471 seconds time elapsed


 Performance counter stats for './mem-walk-no-thread-no-thrash':

         8,683,293 cache-misses                                                

       3.221600011 seconds time elapsed


 Performance counter stats for './mem-walk-no-thread-no-thrash':

         9,160,802 cache-misses                                                

       3.461582227 seconds time elapsed


 Performance counter stats for './mem-walk-no-thread-no-thrash':

         9,361,167 cache-misses                                                

       3.522834827 seconds time elapsed


 Performance counter stats for './mem-walk-no-thread-no-thrash':

         9,859,998 cache-misses                                                

       3.855442544 seconds time elapsed


 Performance counter stats for './mem-walk-no-thread-no-thrash':

         9,011,036 cache-misses                                                

       3.412998160 seconds time elapsed


 Performance counter stats for './mem-walk-no-thread-no-thrash':

         9,697,729 cache-misses                                                

       3.697050257 seconds time elapsed


 Performance counter stats for './mem-walk-no-thread-no-thrash':

         9,287,098 cache-misses                                                

       3.470978927 seconds time elapsed


 Performance counter stats for './mem-walk-no-thread':

       512,959,504 cache-misses                                                

      11.868630210 seconds time elapsed


 Performance counter stats for './mem-walk-no-thread':

       532,600,057 cache-misses                                                

      11.889353187 seconds time elapsed


 Performance counter stats for './mem-walk-no-thread':

       529,323,973 cache-misses                                                

      11.878158777 seconds time elapsed


 Performance counter stats for './mem-walk-no-thread':

       520,848,356 cache-misses                                                

      11.856204946 seconds time elapsed


 Performance counter stats for './mem-walk-no-thread':

       524,763,937 cache-misses                                                

      11.909303292 seconds time elapsed


 Performance counter stats for './mem-walk-no-thread':

       526,370,004 cache-misses                                                

      11.841303615 seconds time elapsed


 Performance counter stats for './mem-walk-no-thread':

       522,236,436 cache-misses                                                

      11.842864266 seconds time elapsed


 Performance counter stats for './mem-walk-no-thread':

       529,405,623 cache-misses                                                

      11.856784886 seconds time elapsed


 Performance counter stats for './mem-walk-no-thread':

       520,589,182 cache-misses                                                

      11.839125133 seconds time elapsed


 Performance counter stats for './mem-walk-no-thread':

       523,448,583 cache-misses                                                

      11.861940303 seconds time elapsed


 Performance counter stats for './mem-walk-no-thrash':

        46,585,266 cache-misses                                                

      11.877826590 seconds time elapsed


 Performance counter stats for './mem-walk-no-thrash':

        46,446,878 cache-misses                                                

      12.181861950 seconds time elapsed


 Performance counter stats for './mem-walk-no-thrash':

        47,807,868 cache-misses                                                

      12.141488593 seconds time elapsed


 Performance counter stats for './mem-walk-no-thrash':

        44,894,891 cache-misses                                                

      12.471950135 seconds time elapsed


 Performance counter stats for './mem-walk-no-thrash':

        45,555,614 cache-misses                                                

      12.095394846 seconds time elapsed


 Performance counter stats for './mem-walk-no-thrash':

        44,408,790 cache-misses                                                

      12.178490537 seconds time elapsed


 Performance counter stats for './mem-walk-no-thrash':

        47,831,820 cache-misses                                                

      12.207948907 seconds time elapsed


 Performance counter stats for './mem-walk-no-thrash':

        43,857,142 cache-misses                                                

      12.118754622 seconds time elapsed


 Performance counter stats for './mem-walk-no-thrash':

        46,503,833 cache-misses                                                

      12.059494581 seconds time elapsed


 Performance counter stats for './mem-walk-no-thrash':

        47,123,830 cache-misses                                                

      12.416049703 seconds time elapsed


 Performance counter stats for './mem-walk':

    11,488,085,252 cache-misses                                                

     125.151289360 seconds time elapsed


 Performance counter stats for './mem-walk':

    11,621,420,410 cache-misses                                                

     126.632699313 seconds time elapsed


 Performance counter stats for './mem-walk':

    11,616,842,259 cache-misses                                                

     126.321731817 seconds time elapsed


 Performance counter stats for './mem-walk':

    11,694,933,929 cache-misses                                                

     127.099016259 seconds time elapsed


 Performance counter stats for './mem-walk':

    12,016,915,710 cache-misses                                                

     129.823113251 seconds time elapsed


 Performance counter stats for './mem-walk':

    11,857,302,139 cache-misses                                                

     129.218206151 seconds time elapsed


 Performance counter stats for './mem-walk':

    12,399,727,882 cache-misses                                                

     133.079939382 seconds time elapsed


 Performance counter stats for './mem-walk':

    11,794,842,478 cache-misses                                                

     127.983041004 seconds time elapsed


 Performance counter stats for './mem-walk':

    12,718,678,500 cache-misses                                                

     135.505202742 seconds time elapsed


 Performance counter stats for './mem-walk':

    11,356,657,341 cache-misses                                                

     124.873852768 seconds time elapsed

