------------------------------------------------------------
Client connecting to 2.0.0.2, TCP port 5001
TCP window size: 21.4 KByte (default)
------------------------------------------------------------
[  3] local 1.0.0.1 port 50192 connected with 2.0.0.2 port 5001
[ ID] Interval       Transfer     Bandwidth
[  3]  0.0- 1.0 sec  19.6 MBytes   165 Mbits/sec
[  3]  1.0- 2.0 sec  11.1 MBytes  93.3 Mbits/sec
[  3]  2.0- 3.0 sec  15.8 MBytes   132 Mbits/sec
[  3]  3.0- 4.0 sec  5.12 MBytes  43.0 Mbits/sec
[  3]  4.0- 5.0 sec  9.88 MBytes  82.8 Mbits/sec
[  3]  5.0- 6.0 sec  23.1 MBytes   194 Mbits/sec
[  3]  6.0- 7.0 sec  3.75 MBytes  31.5 Mbits/sec
[  3]  7.0- 8.0 sec  5.12 MBytes  43.0 Mbits/sec
[  3]  8.0- 9.0 sec  1.00 MBytes  8.39 Mbits/sec
[  3]  9.0-10.0 sec  9.38 MBytes  78.6 Mbits/sec
[  3] 10.0-11.0 sec  7.50 MBytes  62.9 Mbits/sec
[  3] 11.0-12.0 sec  14.9 MBytes   125 Mbits/sec
[  3] 12.0-13.0 sec  5.38 MBytes  45.1 Mbits/sec
[  3] 13.0-14.0 sec  21.4 MBytes   179 Mbits/sec
[  3] 14.0-15.0 sec  12.0 MBytes   101 Mbits/sec
[  3] 15.0-16.0 sec  6.00 MBytes  50.3 Mbits/sec
[  3] 16.0-17.0 sec  16.0 MBytes   134 Mbits/sec
[  3] 17.0-18.0 sec  13.1 MBytes   110 Mbits/sec
[  3] 18.0-19.0 sec  5.12 MBytes  43.0 Mbits/sec
[  3] 19.0-20.0 sec  16.1 MBytes   135 Mbits/sec
[  3] 20.0-21.0 sec  25.8 MBytes   216 Mbits/sec
[  3] 21.0-22.0 sec  12.1 MBytes   102 Mbits/sec
[  3] 22.0-23.0 sec  4.00 MBytes  33.6 Mbits/sec
[  3] 23.0-24.0 sec  21.0 MBytes   176 Mbits/sec
[  3] 24.0-25.0 sec  24.4 MBytes   204 Mbits/sec
[  3] 25.0-26.0 sec  21.6 MBytes   181 Mbits/sec
[  3] 26.0-27.0 sec  12.9 MBytes   108 Mbits/sec
[  3] 27.0-28.0 sec  19.5 MBytes   164 Mbits/sec
[  3] 28.0-29.0 sec  15.4 MBytes   129 Mbits/sec
[  3] 29.0-30.0 sec  13.2 MBytes   111 Mbits/sec
[  3] 30.0-31.0 sec  26.6 MBytes   223 Mbits/sec
[  3] 31.0-32.0 sec  15.1 MBytes   127 Mbits/sec
[  3] 32.0-33.0 sec  14.6 MBytes   123 Mbits/sec
[  3] 33.0-34.0 sec  13.6 MBytes   114 Mbits/sec
[  3] 34.0-35.0 sec  17.5 MBytes   147 Mbits/sec
[  3] 35.0-36.0 sec  15.9 MBytes   133 Mbits/sec
[  3] 36.0-37.0 sec  22.6 MBytes   190 Mbits/sec
[  3] 37.0-38.0 sec  6.25 MBytes  52.4 Mbits/sec
[  3] 38.0-39.0 sec  14.8 MBytes   124 Mbits/sec
[  3] 39.0-40.0 sec  9.62 MBytes  80.7 Mbits/sec
[  3] 40.0-41.0 sec  32.0 MBytes   268 Mbits/sec
[  3] 41.0-42.0 sec  15.2 MBytes   128 Mbits/sec
[  3] 42.0-43.0 sec  22.9 MBytes   192 Mbits/sec
[  3] 43.0-44.0 sec  34.1 MBytes   286 Mbits/sec
[  3] 44.0-45.0 sec  12.1 MBytes   102 Mbits/sec
[  3] 45.0-46.0 sec  11.2 MBytes  94.4 Mbits/sec
[  3] 46.0-47.0 sec  30.4 MBytes   255 Mbits/sec
[  3] 47.0-48.0 sec  10.4 MBytes  87.0 Mbits/sec
[  3] 48.0-49.0 sec  24.2 MBytes   203 Mbits/sec
[  3] 49.0-50.0 sec  5.75 MBytes  48.2 Mbits/sec
[  3] 50.0-51.0 sec  31.9 MBytes   267 Mbits/sec
[  3] 51.0-52.0 sec  8.38 MBytes  70.3 Mbits/sec
[  3] 52.0-53.0 sec  15.8 MBytes   132 Mbits/sec
[  3] 53.0-54.0 sec  20.6 MBytes   173 Mbits/sec
[  3] 54.0-55.0 sec  11.5 MBytes  96.5 Mbits/sec
[  3] 55.0-56.0 sec  13.8 MBytes   115 Mbits/sec
[  3] 56.0-57.0 sec  27.6 MBytes   232 Mbits/sec
[  3] 57.0-58.0 sec  16.1 MBytes   135 Mbits/sec
[  3] 58.0-59.0 sec  6.75 MBytes  56.6 Mbits/sec
[  3] 59.0-60.0 sec  6.50 MBytes  54.5 Mbits/sec
[  3] 60.0-61.0 sec  0.00 Bytes  0.00 bits/sec
[  3] 61.0-62.0 sec  13.5 MBytes   113 Mbits/sec
[  3] 62.0-63.0 sec   768 KBytes  6.29 Mbits/sec
[  3] 63.0-64.0 sec  14.1 MBytes   118 Mbits/sec
[  3] 64.0-65.0 sec  6.62 MBytes  55.6 Mbits/sec
[  3] 65.0-66.0 sec  26.6 MBytes   223 Mbits/sec
[  3] 66.0-67.0 sec  16.4 MBytes   137 Mbits/sec
[  3] 67.0-68.0 sec  11.8 MBytes  98.6 Mbits/sec
[  3] 68.0-69.0 sec  29.1 MBytes   244 Mbits/sec
[  3] 69.0-70.0 sec  32.8 MBytes   275 Mbits/sec
[  3] 70.0-71.0 sec  26.9 MBytes   225 Mbits/sec
[  3] 71.0-72.0 sec  17.9 MBytes   150 Mbits/sec
[  3] 72.0-73.0 sec  3.88 MBytes  32.5 Mbits/sec
[  3] 73.0-74.0 sec   384 KBytes  3.15 Mbits/sec
[  3] 74.0-75.0 sec  16.0 MBytes   134 Mbits/sec
[  3] 75.0-76.0 sec  16.0 MBytes   134 Mbits/sec
[  3] 76.0-77.0 sec  14.8 MBytes   124 Mbits/sec
[  3] 77.0-78.0 sec  27.5 MBytes   231 Mbits/sec
[  3] 78.0-79.0 sec  11.5 MBytes  96.5 Mbits/sec
[  3] 79.0-80.0 sec  16.1 MBytes   135 Mbits/sec
[  3] 80.0-81.0 sec  11.2 MBytes  94.4 Mbits/sec
[  3] 81.0-82.0 sec  3.25 MBytes  27.3 Mbits/sec
[  3] 82.0-83.0 sec  19.6 MBytes   165 Mbits/sec
[  3] 83.0-84.0 sec  5.75 MBytes  48.2 Mbits/sec
[  3] 84.0-85.0 sec  18.8 MBytes   157 Mbits/sec
[  3] 85.0-86.0 sec  1.50 MBytes  12.6 Mbits/sec
[  3] 86.0-87.0 sec  20.5 MBytes   172 Mbits/sec
[  3] 87.0-88.0 sec  19.9 MBytes   167 Mbits/sec
[  3] 88.0-89.0 sec  1.38 MBytes  11.5 Mbits/sec
[  3] 89.0-90.0 sec  9.12 MBytes  76.5 Mbits/sec
[  3] 90.0-91.0 sec  15.4 MBytes   129 Mbits/sec
[  3] 91.0-92.0 sec  10.0 MBytes  83.9 Mbits/sec
[  3] 92.0-93.0 sec  16.2 MBytes   136 Mbits/sec
[  3] 93.0-94.0 sec  20.2 MBytes   170 Mbits/sec
[  3] 94.0-95.0 sec  35.9 MBytes   301 Mbits/sec
[  3] 95.0-96.0 sec  3.75 MBytes  31.5 Mbits/sec
[  3] 96.0-97.0 sec   384 KBytes  3.15 Mbits/sec
[  3] 97.0-98.0 sec  23.2 MBytes   195 Mbits/sec
[  3] 98.0-99.0 sec  13.6 MBytes   114 Mbits/sec
[  3] 99.0-100.0 sec  18.8 MBytes   157 Mbits/sec
[  3] 100.0-101.0 sec  0.00 Bytes  0.00 bits/sec
[  3] 101.0-102.0 sec   768 KBytes  6.29 Mbits/sec
[  3] 102.0-103.0 sec  7.25 MBytes  60.8 Mbits/sec
[  3] 103.0-104.0 sec  13.8 MBytes   115 Mbits/sec
[  3] 104.0-105.0 sec  5.25 MBytes  44.0 Mbits/sec
[  3] 105.0-106.0 sec  29.5 MBytes   247 Mbits/sec
[  3] 106.0-107.0 sec  12.4 MBytes   104 Mbits/sec
[  3] 107.0-108.0 sec  6.38 MBytes  53.5 Mbits/sec
[  3] 108.0-109.0 sec  16.1 MBytes   135 Mbits/sec
[  3] 109.0-110.0 sec  1.38 MBytes  11.5 Mbits/sec
[  3] 110.0-111.0 sec  13.1 MBytes   110 Mbits/sec
[  3] 111.0-112.0 sec  4.75 MBytes  39.8 Mbits/sec
[  3] 112.0-113.0 sec  6.38 MBytes  53.5 Mbits/sec
[  3] 113.0-114.0 sec  32.9 MBytes   276 Mbits/sec
[  3] 114.0-115.0 sec  18.9 MBytes   158 Mbits/sec
[  3] 115.0-116.0 sec  21.4 MBytes   179 Mbits/sec
[  3] 116.0-117.0 sec   640 KBytes  5.24 Mbits/sec
[  3] 117.0-118.0 sec  15.4 MBytes   129 Mbits/sec
[  3] 118.0-119.0 sec   384 KBytes  3.15 Mbits/sec
[  3] 119.0-120.0 sec  19.1 MBytes   160 Mbits/sec
[  3] 120.0-121.0 sec  16.8 MBytes   141 Mbits/sec
[  3] 121.0-122.0 sec  17.4 MBytes   146 Mbits/sec
[  3] 122.0-123.0 sec   384 KBytes  3.15 Mbits/sec
[  3] 123.0-124.0 sec  10.9 MBytes  91.2 Mbits/sec
[  3] 124.0-125.0 sec  4.00 MBytes  33.6 Mbits/sec
[  3] 125.0-126.0 sec  16.2 MBytes   136 Mbits/sec
[  3] 126.0-127.0 sec  26.9 MBytes   225 Mbits/sec
[  3] 127.0-128.0 sec  16.2 MBytes   136 Mbits/sec
[  3] 128.0-129.0 sec  5.00 MBytes  41.9 Mbits/sec
[  3] 129.0-130.0 sec  11.2 MBytes  94.4 Mbits/sec
[  3] 130.0-131.0 sec  25.9 MBytes   217 Mbits/sec
[  3] 131.0-132.0 sec  25.8 MBytes   216 Mbits/sec
[  3] 132.0-133.0 sec  16.1 MBytes   135 Mbits/sec
[  3] 133.0-134.0 sec  14.2 MBytes   120 Mbits/sec
[  3] 134.0-135.0 sec  15.8 MBytes   132 Mbits/sec
[  3] 135.0-136.0 sec  10.6 MBytes  89.1 Mbits/sec
[  3] 136.0-137.0 sec  23.9 MBytes   200 Mbits/sec
[  3] 137.0-138.0 sec  12.8 MBytes   107 Mbits/sec
[  3] 138.0-139.0 sec  15.1 MBytes   127 Mbits/sec
[  3] 139.0-140.0 sec  9.62 MBytes  80.7 Mbits/sec
[  3] 140.0-141.0 sec  15.9 MBytes   133 Mbits/sec
[  3] 141.0-142.0 sec  8.38 MBytes  70.3 Mbits/sec
[  3] 142.0-143.0 sec  5.00 MBytes  41.9 Mbits/sec
[  3] 143.0-144.0 sec   384 KBytes  3.15 Mbits/sec
[  3] 144.0-145.0 sec  11.0 MBytes  92.3 Mbits/sec
[  3] 145.0-146.0 sec   384 KBytes  3.15 Mbits/sec
[  3] 146.0-147.0 sec  14.1 MBytes   118 Mbits/sec
[  3] 147.0-148.0 sec  6.38 MBytes  53.5 Mbits/sec
[  3] 148.0-149.0 sec  11.8 MBytes  98.6 Mbits/sec
[  3] 149.0-150.0 sec  14.2 MBytes   120 Mbits/sec
[  3] 150.0-151.0 sec  24.5 MBytes   206 Mbits/sec
[  3] 151.0-152.0 sec  8.25 MBytes  69.2 Mbits/sec
[  3] 152.0-153.0 sec  13.2 MBytes   111 Mbits/sec
[  3] 153.0-154.0 sec  5.50 MBytes  46.1 Mbits/sec
[  3] 154.0-155.0 sec  19.6 MBytes   165 Mbits/sec
[  3] 155.0-156.0 sec  9.50 MBytes  79.7 Mbits/sec
[  3] 156.0-157.0 sec  15.1 MBytes   127 Mbits/sec
[  3] 157.0-158.0 sec  9.38 MBytes  78.6 Mbits/sec
[  3] 158.0-159.0 sec  18.8 MBytes   157 Mbits/sec
[  3] 159.0-160.0 sec  22.4 MBytes   188 Mbits/sec
[  3] 160.0-161.0 sec  17.9 MBytes   150 Mbits/sec
[  3] 161.0-162.0 sec  17.1 MBytes   144 Mbits/sec
[  3] 162.0-163.0 sec   768 KBytes  6.29 Mbits/sec
[  3] 163.0-164.0 sec  15.4 MBytes   129 Mbits/sec
[  3] 164.0-165.0 sec  26.5 MBytes   222 Mbits/sec
[  3] 165.0-166.0 sec  18.0 MBytes   151 Mbits/sec
[  3] 166.0-167.0 sec  12.1 MBytes   102 Mbits/sec
[  3] 167.0-168.0 sec  12.6 MBytes   106 Mbits/sec
[  3] 168.0-169.0 sec  18.1 MBytes   152 Mbits/sec
[  3] 169.0-170.0 sec  7.25 MBytes  60.8 Mbits/sec
[  3] 170.0-171.0 sec  1.38 MBytes  11.5 Mbits/sec
[  3] 171.0-172.0 sec  5.50 MBytes  46.1 Mbits/sec
[  3] 172.0-173.0 sec   384 KBytes  3.15 Mbits/sec
[  3] 173.0-174.0 sec  33.8 MBytes   283 Mbits/sec
[  3] 174.0-175.0 sec  12.9 MBytes   108 Mbits/sec
[  3] 175.0-176.0 sec  7.62 MBytes  64.0 Mbits/sec
[  3] 176.0-177.0 sec  6.12 MBytes  51.4 Mbits/sec
[  3] 177.0-178.0 sec  6.75 MBytes  56.6 Mbits/sec
[  3] 178.0-179.0 sec  14.2 MBytes   120 Mbits/sec
[  3] 179.0-180.0 sec  12.1 MBytes   102 Mbits/sec
[  3] 180.0-181.0 sec   384 KBytes  3.15 Mbits/sec
[  3] 181.0-182.0 sec  22.4 MBytes   188 Mbits/sec
[  3] 182.0-183.0 sec   640 KBytes  5.24 Mbits/sec
[  3] 183.0-184.0 sec  4.88 MBytes  40.9 Mbits/sec
[  3] 184.0-185.0 sec  11.5 MBytes  96.5 Mbits/sec
[  3] 185.0-186.0 sec  4.38 MBytes  36.7 Mbits/sec
[  3] 186.0-187.0 sec  18.4 MBytes   154 Mbits/sec
[  3] 187.0-188.0 sec  22.2 MBytes   187 Mbits/sec
[  3] 188.0-189.0 sec  21.2 MBytes   178 Mbits/sec
[  3] 189.0-190.0 sec  14.9 MBytes   125 Mbits/sec
[  3] 190.0-191.0 sec  31.0 MBytes   260 Mbits/sec
[  3] 191.0-192.0 sec  3.50 MBytes  29.4 Mbits/sec
[  3] 192.0-193.0 sec  9.12 MBytes  76.5 Mbits/sec
[  3] 193.0-194.0 sec  22.6 MBytes   190 Mbits/sec
[  3] 194.0-195.0 sec  14.0 MBytes   117 Mbits/sec
[  3] 195.0-196.0 sec  14.1 MBytes   118 Mbits/sec
[  3] 196.0-197.0 sec  31.9 MBytes   267 Mbits/sec
[  3] 197.0-198.0 sec  18.2 MBytes   153 Mbits/sec
[  3] 198.0-199.0 sec  22.0 MBytes   185 Mbits/sec
[  3] 199.0-200.0 sec   384 KBytes  3.15 Mbits/sec
[  3] 200.0-201.0 sec  12.5 MBytes   105 Mbits/sec
[  3] 201.0-202.0 sec  4.25 MBytes  35.7 Mbits/sec
[  3] 202.0-203.0 sec  13.0 MBytes   109 Mbits/sec
[  3] 203.0-204.0 sec  31.0 MBytes   260 Mbits/sec
[  3] 204.0-205.0 sec  2.25 MBytes  18.9 Mbits/sec
[  3] 205.0-206.0 sec  13.9 MBytes   116 Mbits/sec
[  3] 206.0-207.0 sec  25.6 MBytes   215 Mbits/sec
[  3] 207.0-208.0 sec  3.62 MBytes  30.4 Mbits/sec
[  3] 208.0-209.0 sec  24.5 MBytes   206 Mbits/sec
[  3] 209.0-210.0 sec  5.25 MBytes  44.0 Mbits/sec
[  3] 210.0-211.0 sec  3.00 MBytes  25.2 Mbits/sec
[  3] 211.0-212.0 sec  5.50 MBytes  46.1 Mbits/sec
[  3] 212.0-213.0 sec   384 KBytes  3.15 Mbits/sec
[  3] 213.0-214.0 sec  15.8 MBytes   132 Mbits/sec
[  3] 214.0-215.0 sec   768 KBytes  6.29 Mbits/sec
[  3] 215.0-216.0 sec  7.88 MBytes  66.1 Mbits/sec
[  3] 216.0-217.0 sec  8.12 MBytes  68.2 Mbits/sec
[  3] 217.0-218.0 sec  3.62 MBytes  30.4 Mbits/sec
[  3] 218.0-219.0 sec  6.38 MBytes  53.5 Mbits/sec
[  3] 219.0-220.0 sec  8.88 MBytes  74.4 Mbits/sec
[  3] 220.0-221.0 sec  13.1 MBytes   110 Mbits/sec
[  3] 221.0-222.0 sec  17.1 MBytes   144 Mbits/sec
[  3] 222.0-223.0 sec  1.50 MBytes  12.6 Mbits/sec
[  3] 223.0-224.0 sec  22.9 MBytes   192 Mbits/sec
[  3] 224.0-225.0 sec   384 KBytes  3.15 Mbits/sec
[  3] 225.0-226.0 sec  12.2 MBytes   103 Mbits/sec
[  3] 226.0-227.0 sec  9.75 MBytes  81.8 Mbits/sec
[  3] 227.0-228.0 sec  7.75 MBytes  65.0 Mbits/sec
[  3] 228.0-229.0 sec   384 KBytes  3.15 Mbits/sec
[  3] 229.0-230.0 sec  26.2 MBytes   220 Mbits/sec
[  3] 230.0-231.0 sec  4.25 MBytes  35.7 Mbits/sec
[  3] 231.0-232.0 sec  7.38 MBytes  61.9 Mbits/sec
[  3] 232.0-233.0 sec  14.4 MBytes   121 Mbits/sec
[  3] 233.0-234.0 sec  9.12 MBytes  76.5 Mbits/sec
[  3] 234.0-235.0 sec  20.9 MBytes   175 Mbits/sec
[  3] 235.0-236.0 sec  4.38 MBytes  36.7 Mbits/sec
[  3] 236.0-237.0 sec  19.5 MBytes   164 Mbits/sec
[  3] 237.0-238.0 sec  20.9 MBytes   175 Mbits/sec
[  3] 238.0-239.0 sec  9.62 MBytes  80.7 Mbits/sec
[  3] 239.0-240.0 sec  19.4 MBytes   163 Mbits/sec
[  3] 240.0-241.0 sec  16.6 MBytes   139 Mbits/sec
[  3] 241.0-242.0 sec  2.88 MBytes  24.1 Mbits/sec
[  3] 242.0-243.0 sec  10.6 MBytes  89.1 Mbits/sec
[  3] 243.0-244.0 sec  15.6 MBytes   131 Mbits/sec
[  3] 244.0-245.0 sec  28.2 MBytes   237 Mbits/sec
[  3] 245.0-246.0 sec   640 KBytes  5.24 Mbits/sec
[  3] 246.0-247.0 sec  19.5 MBytes   164 Mbits/sec
[  3] 247.0-248.0 sec  10.0 MBytes  83.9 Mbits/sec
[  3] 248.0-249.0 sec  11.9 MBytes  99.6 Mbits/sec
[  3] 249.0-250.0 sec  18.8 MBytes   157 Mbits/sec
[  3] 250.0-251.0 sec  24.2 MBytes   203 Mbits/sec
[  3] 251.0-252.0 sec  11.2 MBytes  94.4 Mbits/sec
[  3] 252.0-253.0 sec  13.6 MBytes   114 Mbits/sec
[  3] 253.0-254.0 sec  14.6 MBytes   123 Mbits/sec
[  3] 254.0-255.0 sec  27.9 MBytes   234 Mbits/sec
[  3] 255.0-256.0 sec  12.5 MBytes   105 Mbits/sec
[  3] 256.0-257.0 sec  12.2 MBytes   103 Mbits/sec
[  3] 257.0-258.0 sec  4.25 MBytes  35.7 Mbits/sec
[  3] 258.0-259.0 sec  11.8 MBytes  98.6 Mbits/sec
[  3] 259.0-260.0 sec  3.62 MBytes  30.4 Mbits/sec
[  3] 260.0-261.0 sec  18.6 MBytes   156 Mbits/sec
[  3] 261.0-262.0 sec  15.0 MBytes   126 Mbits/sec
[  3] 262.0-263.0 sec  28.2 MBytes   237 Mbits/sec
[  3] 263.0-264.0 sec  9.38 MBytes  78.6 Mbits/sec
[  3] 264.0-265.0 sec  23.8 MBytes   199 Mbits/sec
[  3] 265.0-266.0 sec  32.6 MBytes   274 Mbits/sec
[  3] 266.0-267.0 sec  34.5 MBytes   289 Mbits/sec
[  3] 267.0-268.0 sec  8.88 MBytes  74.4 Mbits/sec
[  3] 268.0-269.0 sec  5.12 MBytes  43.0 Mbits/sec
[  3] 269.0-270.0 sec  9.00 MBytes  75.5 Mbits/sec
[  3] 270.0-271.0 sec   384 KBytes  3.15 Mbits/sec
[  3] 271.0-272.0 sec  9.62 MBytes  80.7 Mbits/sec
[  3] 272.0-273.0 sec  30.6 MBytes   257 Mbits/sec
[  3] 273.0-274.0 sec   384 KBytes  3.15 Mbits/sec
[  3] 274.0-275.0 sec  8.75 MBytes  73.4 Mbits/sec
[  3] 275.0-276.0 sec  12.9 MBytes   108 Mbits/sec
[  3] 276.0-277.0 sec  1.88 MBytes  15.7 Mbits/sec
[  3] 277.0-278.0 sec  11.6 MBytes  97.5 Mbits/sec
[  3] 278.0-279.0 sec  12.5 MBytes   105 Mbits/sec
[  3] 279.0-280.0 sec  23.0 MBytes   193 Mbits/sec
[  3] 280.0-281.0 sec  17.5 MBytes   147 Mbits/sec
[  3] 281.0-282.0 sec  7.62 MBytes  64.0 Mbits/sec
[  3] 282.0-283.0 sec  2.25 MBytes  18.9 Mbits/sec
[  3] 283.0-284.0 sec  22.0 MBytes   185 Mbits/sec
[  3] 284.0-285.0 sec  10.4 MBytes  87.0 Mbits/sec
[  3] 285.0-286.0 sec  20.2 MBytes   170 Mbits/sec
[  3] 286.0-287.0 sec  2.00 MBytes  16.8 Mbits/sec
[  3] 287.0-288.0 sec  29.9 MBytes   251 Mbits/sec
[  3] 288.0-289.0 sec  6.25 MBytes  52.4 Mbits/sec
[  3] 289.0-290.0 sec  1.50 MBytes  12.6 Mbits/sec
[  3] 290.0-291.0 sec  0.00 Bytes  0.00 bits/sec
[  3]  0.0-294.1 sec  3.80 GBytes   111 Mbits/sec
