
 Performance counter stats for './mem-walk-no-thread-no-thrash':

         3,745,192 cache-misses                                                

       4.037543597 seconds time elapsed


 Performance counter stats for './mem-walk-no-thread-no-thrash':

         3,704,801 cache-misses                                                

       3.849122935 seconds time elapsed


 Performance counter stats for './mem-walk-no-thread-no-thrash':

         3,774,051 cache-misses                                                

       4.098301619 seconds time elapsed


 Performance counter stats for './mem-walk-no-thread-no-thrash':

         3,487,364 cache-misses                                                

       3.105744260 seconds time elapsed


 Performance counter stats for './mem-walk-no-thread-no-thrash':

         3,878,726 cache-misses                                                

       4.122201557 seconds time elapsed


 Performance counter stats for './mem-walk-no-thread-no-thrash':

         3,507,594 cache-misses                                                

       3.212702544 seconds time elapsed


 Performance counter stats for './mem-walk-no-thread-no-thrash':

         3,677,657 cache-misses                                                

       3.457222418 seconds time elapsed


 Performance counter stats for './mem-walk-no-thread-no-thrash':

         3,835,367 cache-misses                                                

       4.092812557 seconds time elapsed


 Performance counter stats for './mem-walk-no-thread-no-thrash':

         3,511,859 cache-misses                                                

       3.189450985 seconds time elapsed


 Performance counter stats for './mem-walk-no-thread-no-thrash':

         3,654,887 cache-misses                                                

       3.751862063 seconds time elapsed


 Performance counter stats for './mem-walk-no-thread':

       589,682,352 cache-misses                                                

      11.066276832 seconds time elapsed


 Performance counter stats for './mem-walk-no-thread':

       548,744,577 cache-misses                                                

      10.910552289 seconds time elapsed


 Performance counter stats for './mem-walk-no-thread':

       537,811,253 cache-misses                                                

      10.874350141 seconds time elapsed


 Performance counter stats for './mem-walk-no-thread':

       530,777,493 cache-misses                                                

      10.950303052 seconds time elapsed


 Performance counter stats for './mem-walk-no-thread':

       531,439,656 cache-misses                                                

      10.961826252 seconds time elapsed


 Performance counter stats for './mem-walk-no-thread':

       528,528,028 cache-misses                                                

      10.889886009 seconds time elapsed


 Performance counter stats for './mem-walk-no-thread':

       553,381,572 cache-misses                                                

      10.918833416 seconds time elapsed


 Performance counter stats for './mem-walk-no-thread':

       530,796,149 cache-misses                                                

      10.878797188 seconds time elapsed


 Performance counter stats for './mem-walk-no-thread':

       540,001,731 cache-misses                                                

      10.904715817 seconds time elapsed


 Performance counter stats for './mem-walk-no-thread':

       542,004,962 cache-misses                                                

      10.905290428 seconds time elapsed


 Performance counter stats for './mem-walk-no-thrash':

        10,726,880 cache-misses                                                

      11.146568945 seconds time elapsed


 Performance counter stats for './mem-walk-no-thrash':

        14,271,903 cache-misses                                                

      11.446785817 seconds time elapsed


 Performance counter stats for './mem-walk-no-thrash':

        18,565,861 cache-misses                                                

      11.412768039 seconds time elapsed


 Performance counter stats for './mem-walk-no-thrash':

        18,098,936 cache-misses                                                

      11.158844452 seconds time elapsed


 Performance counter stats for './mem-walk-no-thrash':

        23,631,797 cache-misses                                                

      11.423790837 seconds time elapsed


 Performance counter stats for './mem-walk-no-thrash':

        12,517,108 cache-misses                                                

      11.147006734 seconds time elapsed


 Performance counter stats for './mem-walk-no-thrash':

        15,921,915 cache-misses                                                

      11.308007075 seconds time elapsed


 Performance counter stats for './mem-walk-no-thrash':

        26,002,763 cache-misses                                                

      11.221884778 seconds time elapsed


 Performance counter stats for './mem-walk-no-thrash':

        11,652,009 cache-misses                                                

      11.146194515 seconds time elapsed


 Performance counter stats for './mem-walk-no-thrash':

        14,723,207 cache-misses                                                

      11.156095134 seconds time elapsed


 Performance counter stats for './mem-walk':

     2,815,395,827 cache-misses                                                

      58.509219047 seconds time elapsed


 Performance counter stats for './mem-walk':

     3,512,561,204 cache-misses                                                

      63.600273328 seconds time elapsed


 Performance counter stats for './mem-walk':

     2,878,346,718 cache-misses                                                

      58.627530116 seconds time elapsed


 Performance counter stats for './mem-walk':

     3,278,827,760 cache-misses                                                

      61.694468770 seconds time elapsed


 Performance counter stats for './mem-walk':

     3,145,116,840 cache-misses                                                

      61.298907453 seconds time elapsed


 Performance counter stats for './mem-walk':

     3,874,713,805 cache-misses                                                

      66.168854164 seconds time elapsed


 Performance counter stats for './mem-walk':

     2,864,689,819 cache-misses                                                

      58.830462923 seconds time elapsed


 Performance counter stats for './mem-walk':

     3,516,624,212 cache-misses                                                

      63.734604547 seconds time elapsed


 Performance counter stats for './mem-walk':

     2,965,239,092 cache-misses                                                

      59.833032145 seconds time elapsed


 Performance counter stats for './mem-walk':

     3,380,910,762 cache-misses                                                

      62.982831962 seconds time elapsed

