
 Performance counter stats for './mem-walk-no-thread-no-thrash':

         3,729,353 cache-misses                                                

       3.713551454 seconds time elapsed


 Performance counter stats for './mem-walk-no-thread-no-thrash':

         3,739,465 cache-misses                                                

       3.208918279 seconds time elapsed


 Performance counter stats for './mem-walk-no-thread-no-thrash':

         3,818,058 cache-misses                                                

       3.655229883 seconds time elapsed


 Performance counter stats for './mem-walk-no-thread-no-thrash':

         3,554,327 cache-misses                                                

       3.085963899 seconds time elapsed


 Performance counter stats for './mem-walk-no-thread-no-thrash':

         3,900,652 cache-misses                                                

       4.155607148 seconds time elapsed


 Performance counter stats for './mem-walk-no-thread-no-thrash':

         3,883,102 cache-misses                                                

       4.150931409 seconds time elapsed


 Performance counter stats for './mem-walk-no-thread-no-thrash':

         3,759,406 cache-misses                                                

       3.858491033 seconds time elapsed


 Performance counter stats for './mem-walk-no-thread-no-thrash':

         3,554,716 cache-misses                                                

       3.311277811 seconds time elapsed


 Performance counter stats for './mem-walk-no-thread-no-thrash':

         3,963,432 cache-misses                                                

       3.973582322 seconds time elapsed


 Performance counter stats for './mem-walk-no-thread-no-thrash':

         3,854,220 cache-misses                                                

       3.697476864 seconds time elapsed


 Performance counter stats for './mem-walk-no-thread':

       551,122,412 cache-misses                                                

      11.132699156 seconds time elapsed


 Performance counter stats for './mem-walk-no-thread':

       587,607,764 cache-misses                                                

      11.107527581 seconds time elapsed


 Performance counter stats for './mem-walk-no-thread':

       583,139,453 cache-misses                                                

      11.147724299 seconds time elapsed


 Performance counter stats for './mem-walk-no-thread':

       554,725,934 cache-misses                                                

      11.030595052 seconds time elapsed


 Performance counter stats for './mem-walk-no-thread':

       582,585,752 cache-misses                                                

      11.092975656 seconds time elapsed


 Performance counter stats for './mem-walk-no-thread':

       539,423,920 cache-misses                                                

      11.048469713 seconds time elapsed


 Performance counter stats for './mem-walk-no-thread':

       597,492,992 cache-misses                                                

      11.114688327 seconds time elapsed


 Performance counter stats for './mem-walk-no-thread':

       582,036,183 cache-misses                                                

      11.078615659 seconds time elapsed


 Performance counter stats for './mem-walk-no-thread':

       579,866,474 cache-misses                                                

      11.114023024 seconds time elapsed


 Performance counter stats for './mem-walk-no-thread':

       577,680,399 cache-misses                                                

      11.073483835 seconds time elapsed


 Performance counter stats for './mem-walk-no-thrash':

        17,755,423 cache-misses                                                

      11.200027860 seconds time elapsed


 Performance counter stats for './mem-walk-no-thrash':

        13,460,257 cache-misses                                                

      11.150417887 seconds time elapsed


 Performance counter stats for './mem-walk-no-thrash':

        13,748,043 cache-misses                                                

      11.352503319 seconds time elapsed


 Performance counter stats for './mem-walk-no-thrash':

        15,956,842 cache-misses                                                

      11.313961691 seconds time elapsed


 Performance counter stats for './mem-walk-no-thrash':

        11,471,746 cache-misses                                                

      11.029715502 seconds time elapsed


 Performance counter stats for './mem-walk-no-thrash':

         9,247,583 cache-misses                                                

      11.129051525 seconds time elapsed


 Performance counter stats for './mem-walk-no-thrash':

        13,149,210 cache-misses                                                

      11.272198360 seconds time elapsed


 Performance counter stats for './mem-walk-no-thrash':

         9,000,340 cache-misses                                                

      11.131439167 seconds time elapsed


 Performance counter stats for './mem-walk-no-thrash':

         8,173,822 cache-misses                                                

      11.122673417 seconds time elapsed


 Performance counter stats for './mem-walk-no-thrash':

         9,952,762 cache-misses                                                

      11.130864196 seconds time elapsed


 Performance counter stats for './mem-walk':

     4,358,658,157 cache-misses                                                

      70.792737358 seconds time elapsed


 Performance counter stats for './mem-walk':

     3,596,141,626 cache-misses                                                

      64.949912251 seconds time elapsed


 Performance counter stats for './mem-walk':

     3,876,913,806 cache-misses                                                

      67.296157360 seconds time elapsed


 Performance counter stats for './mem-walk':

     3,299,097,305 cache-misses                                                

      62.862547876 seconds time elapsed


 Performance counter stats for './mem-walk':

     4,705,008,412 cache-misses                                                

      74.689116640 seconds time elapsed


 Performance counter stats for './mem-walk':

     3,491,442,659 cache-misses                                                

      64.696729782 seconds time elapsed


 Performance counter stats for './mem-walk':

     3,111,169,281 cache-misses                                                

      61.941638460 seconds time elapsed


 Performance counter stats for './mem-walk':

     2,869,614,115 cache-misses                                                

      59.192346060 seconds time elapsed


 Performance counter stats for './mem-walk':

     2,961,555,307 cache-misses                                                

      60.834029795 seconds time elapsed


 Performance counter stats for './mem-walk':

     3,135,523,194 cache-misses                                                

      61.223016029 seconds time elapsed

