
 Performance counter stats for './mem-walk-no-thread-no-thrash':

         3,670,081 cache-misses                                                

       3.905035509 seconds time elapsed


 Performance counter stats for './mem-walk-no-thread-no-thrash':

         3,387,423 cache-misses                                                

       3.213305730 seconds time elapsed


 Performance counter stats for './mem-walk-no-thread-no-thrash':

         3,342,656 cache-misses                                                

       3.373521911 seconds time elapsed


 Performance counter stats for './mem-walk-no-thread-no-thrash':

         3,549,583 cache-misses                                                

       3.487741942 seconds time elapsed


 Performance counter stats for './mem-walk-no-thread-no-thrash':

         3,555,162 cache-misses                                                

       3.934908882 seconds time elapsed


 Performance counter stats for './mem-walk-no-thread-no-thrash':

         3,471,695 cache-misses                                                

       3.713576339 seconds time elapsed


 Performance counter stats for './mem-walk-no-thread-no-thrash':

         3,558,776 cache-misses                                                

       3.831673241 seconds time elapsed


 Performance counter stats for './mem-walk-no-thread-no-thrash':

         3,311,406 cache-misses                                                

       3.194383835 seconds time elapsed


 Performance counter stats for './mem-walk-no-thread-no-thrash':

         3,702,618 cache-misses                                                

       4.021505266 seconds time elapsed


 Performance counter stats for './mem-walk-no-thread-no-thrash':

         3,480,305 cache-misses                                                

       3.437544493 seconds time elapsed


 Performance counter stats for './mem-walk-no-thread':

       593,947,794 cache-misses                                                

      11.092641973 seconds time elapsed


 Performance counter stats for './mem-walk-no-thread':

       591,760,867 cache-misses                                                

      11.159309051 seconds time elapsed


 Performance counter stats for './mem-walk-no-thread':

       583,091,719 cache-misses                                                

      11.065912631 seconds time elapsed


 Performance counter stats for './mem-walk-no-thread':

       603,514,978 cache-misses                                                

      11.162319926 seconds time elapsed


 Performance counter stats for './mem-walk-no-thread':

       585,398,103 cache-misses                                                

      11.103141134 seconds time elapsed


 Performance counter stats for './mem-walk-no-thread':

       588,000,060 cache-misses                                                

      11.097424431 seconds time elapsed


 Performance counter stats for './mem-walk-no-thread':

       589,632,670 cache-misses                                                

      11.117729840 seconds time elapsed


 Performance counter stats for './mem-walk-no-thread':

       593,655,817 cache-misses                                                

      11.103110393 seconds time elapsed


 Performance counter stats for './mem-walk-no-thread':

       588,557,624 cache-misses                                                

      11.081916000 seconds time elapsed


 Performance counter stats for './mem-walk-no-thread':

       581,441,175 cache-misses                                                

      11.122053718 seconds time elapsed


 Performance counter stats for './mem-walk-no-thrash':

        11,232,221 cache-misses                                                

      11.180429567 seconds time elapsed


 Performance counter stats for './mem-walk-no-thrash':

         5,529,251 cache-misses                                                

      11.092116885 seconds time elapsed


 Performance counter stats for './mem-walk-no-thrash':

        20,182,997 cache-misses                                                

      11.323642294 seconds time elapsed


 Performance counter stats for './mem-walk-no-thrash':

        17,538,753 cache-misses                                                

      11.409204174 seconds time elapsed


 Performance counter stats for './mem-walk-no-thrash':

        16,900,380 cache-misses                                                

      11.230363132 seconds time elapsed


 Performance counter stats for './mem-walk-no-thrash':

         5,466,781 cache-misses                                                

      11.089768147 seconds time elapsed


 Performance counter stats for './mem-walk-no-thrash':

        26,331,651 cache-misses                                                

      11.314032311 seconds time elapsed


 Performance counter stats for './mem-walk-no-thrash':

        11,207,381 cache-misses                                                

      11.132333089 seconds time elapsed


 Performance counter stats for './mem-walk-no-thrash':

        11,892,596 cache-misses                                                

      11.342474638 seconds time elapsed


 Performance counter stats for './mem-walk-no-thrash':

        23,119,291 cache-misses                                                

      11.184693569 seconds time elapsed


 Performance counter stats for './mem-walk':

     1,873,840,556 cache-misses                                                

      49.699801570 seconds time elapsed


 Performance counter stats for './mem-walk':

     2,198,658,533 cache-misses                                                

      51.004255948 seconds time elapsed


 Performance counter stats for './mem-walk':

     1,645,550,530 cache-misses                                                

      49.715740228 seconds time elapsed


 Performance counter stats for './mem-walk':

     1,825,680,525 cache-misses                                                

      50.253878350 seconds time elapsed


 Performance counter stats for './mem-walk':

     2,316,333,352 cache-misses                                                

      53.441254332 seconds time elapsed


 Performance counter stats for './mem-walk':

     1,586,565,489 cache-misses                                                

      50.096155101 seconds time elapsed


 Performance counter stats for './mem-walk':

     1,881,334,843 cache-misses                                                

      50.620680668 seconds time elapsed


 Performance counter stats for './mem-walk':

     1,753,899,564 cache-misses                                                

      49.996827254 seconds time elapsed


 Performance counter stats for './mem-walk':

     1,591,273,198 cache-misses                                                

      49.855113348 seconds time elapsed


 Performance counter stats for './mem-walk':

     1,563,596,718 cache-misses                                                

      49.691295025 seconds time elapsed

