
 Performance counter stats for './mem-walk-no-thread-no-thrash':

         8,083,296 cache-misses                                                

       8.088542358 seconds time elapsed


 Performance counter stats for './mem-walk-no-thread-no-thrash':

         7,929,808 cache-misses                                                

       7.819212443 seconds time elapsed


 Performance counter stats for './mem-walk-no-thread-no-thrash':

         8,038,679 cache-misses                                                

       8.019909212 seconds time elapsed


 Performance counter stats for './mem-walk-no-thread-no-thrash':

         7,759,438 cache-misses                                                

       7.010479982 seconds time elapsed


 Performance counter stats for './mem-walk-no-thread-no-thrash':

         7,327,839 cache-misses                                                

       6.463036046 seconds time elapsed


 Performance counter stats for './mem-walk-no-thread-no-thrash':

         7,899,077 cache-misses                                                

       7.728568578 seconds time elapsed


 Performance counter stats for './mem-walk-no-thread-no-thrash':

         7,502,750 cache-misses                                                

       6.791687989 seconds time elapsed


 Performance counter stats for './mem-walk-no-thread-no-thrash':

         6,831,490 cache-misses                                                

       6.048291292 seconds time elapsed


 Performance counter stats for './mem-walk-no-thread-no-thrash':

         7,337,267 cache-misses                                                

       6.477445265 seconds time elapsed


 Performance counter stats for './mem-walk-no-thread-no-thrash':

         7,259,371 cache-misses                                                

       6.769132512 seconds time elapsed


 Performance counter stats for './mem-walk-no-thread-no-thrash':

         7,089,891 cache-misses                                                

       6.116103171 seconds time elapsed


 Performance counter stats for './mem-walk-no-thread-no-thrash':

         7,782,002 cache-misses                                                

       7.602641833 seconds time elapsed


 Performance counter stats for './mem-walk-no-thread-no-thrash':

         8,242,700 cache-misses                                                

       7.865012057 seconds time elapsed


 Performance counter stats for './mem-walk-no-thread-no-thrash':

         7,960,584 cache-misses                                                

       7.482163749 seconds time elapsed


 Performance counter stats for './mem-walk-no-thread-no-thrash':

         8,502,886 cache-misses                                                

       8.180569800 seconds time elapsed


 Performance counter stats for './mem-walk-no-thread-no-thrash':

         7,450,617 cache-misses                                                

       6.703312808 seconds time elapsed


 Performance counter stats for './mem-walk-no-thread-no-thrash':

         7,457,025 cache-misses                                                

       7.063756585 seconds time elapsed


 Performance counter stats for './mem-walk-no-thread-no-thrash':

         6,990,470 cache-misses                                                

       6.327063912 seconds time elapsed


 Performance counter stats for './mem-walk-no-thread-no-thrash':

         7,929,196 cache-misses                                                

       7.834718679 seconds time elapsed


 Performance counter stats for './mem-walk-no-thread-no-thrash':

         8,500,131 cache-misses                                                

       6.199738896 seconds time elapsed


 Performance counter stats for './mem-walk-no-thread-no-thrash':

         9,032,013 cache-misses                                                

       7.470067285 seconds time elapsed


 Performance counter stats for './mem-walk-no-thread-no-thrash':

         8,286,204 cache-misses                                                

       8.056452831 seconds time elapsed


 Performance counter stats for './mem-walk-no-thread-no-thrash':

         7,330,643 cache-misses                                                

       6.891691864 seconds time elapsed


 Performance counter stats for './mem-walk-no-thread-no-thrash':

         7,948,353 cache-misses                                                

       7.751840903 seconds time elapsed


 Performance counter stats for './mem-walk-no-thread-no-thrash':

         8,059,896 cache-misses                                                

       8.001859998 seconds time elapsed


 Performance counter stats for './mem-walk-no-thread-no-thrash':

         7,084,024 cache-misses                                                

       6.057179853 seconds time elapsed


 Performance counter stats for './mem-walk-no-thread-no-thrash':

         7,071,347 cache-misses                                                

       6.233484467 seconds time elapsed


 Performance counter stats for './mem-walk-no-thread-no-thrash':

         8,317,821 cache-misses                                                

       8.055926079 seconds time elapsed


 Performance counter stats for './mem-walk-no-thread-no-thrash':

         7,092,694 cache-misses                                                

       6.519030296 seconds time elapsed


 Performance counter stats for './mem-walk-no-thread-no-thrash':

         7,392,145 cache-misses                                                

       6.971535630 seconds time elapsed


 Performance counter stats for './mem-walk-no-thread-no-thrash':

         6,787,868 cache-misses                                                

       6.025164459 seconds time elapsed


 Performance counter stats for './mem-walk-no-thread-no-thrash':

         7,971,864 cache-misses                                                

       7.894063409 seconds time elapsed


 Performance counter stats for './mem-walk-no-thread-no-thrash':

         7,493,031 cache-misses                                                

       7.112387717 seconds time elapsed


 Performance counter stats for './mem-walk-no-thread-no-thrash':

         7,508,985 cache-misses                                                

       6.689663858 seconds time elapsed


 Performance counter stats for './mem-walk-no-thread-no-thrash':

         7,937,777 cache-misses                                                

       7.786838375 seconds time elapsed


 Performance counter stats for './mem-walk-no-thread-no-thrash':

         7,549,280 cache-misses                                                

       7.250480626 seconds time elapsed


 Performance counter stats for './mem-walk-no-thread-no-thrash':

         8,231,141 cache-misses                                                

       7.877016876 seconds time elapsed


 Performance counter stats for './mem-walk-no-thread-no-thrash':

         7,996,051 cache-misses                                                

       8.016364707 seconds time elapsed


 Performance counter stats for './mem-walk-no-thread-no-thrash':

         7,262,738 cache-misses                                                

       6.672719048 seconds time elapsed


 Performance counter stats for './mem-walk-no-thread-no-thrash':

         7,523,028 cache-misses                                                

       6.924305685 seconds time elapsed


 Performance counter stats for './mem-walk-no-thread-no-thrash':

         7,472,303 cache-misses                                                

       7.119698848 seconds time elapsed


 Performance counter stats for './mem-walk-no-thread-no-thrash':

         8,059,402 cache-misses                                                

       7.658624398 seconds time elapsed


 Performance counter stats for './mem-walk-no-thread-no-thrash':

         7,139,073 cache-misses                                                

       6.533045571 seconds time elapsed


 Performance counter stats for './mem-walk-no-thread-no-thrash':

         8,105,335 cache-misses                                                

       7.580540878 seconds time elapsed


 Performance counter stats for './mem-walk-no-thread-no-thrash':

         8,052,820 cache-misses                                                

       8.048074593 seconds time elapsed


 Performance counter stats for './mem-walk-no-thread-no-thrash':

         8,469,332 cache-misses                                                

       8.193861536 seconds time elapsed


 Performance counter stats for './mem-walk-no-thread-no-thrash':

         8,355,954 cache-misses                                                

       8.162564290 seconds time elapsed


 Performance counter stats for './mem-walk-no-thread-no-thrash':

         6,921,709 cache-misses                                                

       6.221871567 seconds time elapsed


 Performance counter stats for './mem-walk-no-thread-no-thrash':

         8,100,699 cache-misses                                                

       8.116258660 seconds time elapsed


 Performance counter stats for './mem-walk-no-thread-no-thrash':

         7,872,566 cache-misses                                                

       7.451978520 seconds time elapsed


 Performance counter stats for './mem-walk-no-thread':

     1,180,510,894 cache-misses                                                

      22.543040293 seconds time elapsed


 Performance counter stats for './mem-walk-no-thread':

     1,185,457,549 cache-misses                                                

      22.506522936 seconds time elapsed


 Performance counter stats for './mem-walk-no-thread':

     1,167,767,089 cache-misses                                                

      22.560001553 seconds time elapsed


 Performance counter stats for './mem-walk-no-thread':

     1,196,989,816 cache-misses                                                

      22.594941376 seconds time elapsed


 Performance counter stats for './mem-walk-no-thread':

     1,159,079,693 cache-misses                                                

      22.554602284 seconds time elapsed


 Performance counter stats for './mem-walk-no-thread':

     1,178,488,955 cache-misses                                                

      22.526912634 seconds time elapsed


 Performance counter stats for './mem-walk-no-thread':

     1,182,958,907 cache-misses                                                

      22.582420774 seconds time elapsed


 Performance counter stats for './mem-walk-no-thread':

     1,008,148,588 cache-misses                                                

      24.304604140 seconds time elapsed


 Performance counter stats for './mem-walk-no-thread':

     1,184,818,147 cache-misses                                                

      23.766004698 seconds time elapsed


 Performance counter stats for './mem-walk-no-thread':

     1,021,169,416 cache-misses                                                

      24.359317281 seconds time elapsed


 Performance counter stats for './mem-walk-no-thread':

     1,195,805,982 cache-misses                                                

      22.667693327 seconds time elapsed


 Performance counter stats for './mem-walk-no-thread':

     1,187,888,126 cache-misses                                                

      23.821611774 seconds time elapsed


 Performance counter stats for './mem-walk-no-thread':

     1,172,659,866 cache-misses                                                

      22.505771634 seconds time elapsed


 Performance counter stats for './mem-walk-no-thread':

     1,165,184,792 cache-misses                                                

      22.477301926 seconds time elapsed


 Performance counter stats for './mem-walk-no-thread':

     1,198,190,512 cache-misses                                                

      22.500641032 seconds time elapsed


 Performance counter stats for './mem-walk-no-thread':

     1,160,195,160 cache-misses                                                

      22.416067884 seconds time elapsed


 Performance counter stats for './mem-walk-no-thread':

     1,177,385,595 cache-misses                                                

      22.447497231 seconds time elapsed


 Performance counter stats for './mem-walk-no-thread':

     1,180,702,716 cache-misses                                                

      22.488880458 seconds time elapsed


 Performance counter stats for './mem-walk-no-thread':

     1,188,662,285 cache-misses                                                

      22.467767919 seconds time elapsed


 Performance counter stats for './mem-walk-no-thread':

     1,188,653,011 cache-misses                                                

      23.901817632 seconds time elapsed


 Performance counter stats for './mem-walk-no-thread':

     1,197,275,897 cache-misses                                                

      22.503399793 seconds time elapsed


 Performance counter stats for './mem-walk-no-thread':

     1,201,136,294 cache-misses                                                

      22.568118719 seconds time elapsed


 Performance counter stats for './mem-walk-no-thread':

     1,164,692,264 cache-misses                                                

      22.403661709 seconds time elapsed


 Performance counter stats for './mem-walk-no-thread':

     1,181,871,650 cache-misses                                                

      22.526955143 seconds time elapsed


 Performance counter stats for './mem-walk-no-thread':

     1,163,714,968 cache-misses                                                

      22.476571097 seconds time elapsed


 Performance counter stats for './mem-walk-no-thread':

     1,164,495,002 cache-misses                                                

      22.517181691 seconds time elapsed


 Performance counter stats for './mem-walk-no-thread':

     1,186,816,833 cache-misses                                                

      22.522832438 seconds time elapsed


 Performance counter stats for './mem-walk-no-thread':

     1,199,776,730 cache-misses                                                

      22.570506119 seconds time elapsed


 Performance counter stats for './mem-walk-no-thread':

     1,165,439,748 cache-misses                                                

      22.527829819 seconds time elapsed


 Performance counter stats for './mem-walk-no-thread':

     1,169,427,365 cache-misses                                                

      23.820042960 seconds time elapsed


 Performance counter stats for './mem-walk-no-thread':

     1,154,921,151 cache-misses                                                

      22.502301223 seconds time elapsed


 Performance counter stats for './mem-walk-no-thread':

     1,165,333,347 cache-misses                                                

      22.459393317 seconds time elapsed


 Performance counter stats for './mem-walk-no-thread':

     1,183,573,633 cache-misses                                                

      22.560862072 seconds time elapsed


 Performance counter stats for './mem-walk-no-thread':

     1,168,218,563 cache-misses                                                

      22.561496010 seconds time elapsed


 Performance counter stats for './mem-walk-no-thread':

     1,175,056,809 cache-misses                                                

      22.437617840 seconds time elapsed


 Performance counter stats for './mem-walk-no-thread':

     1,175,971,556 cache-misses                                                

      22.460667712 seconds time elapsed


 Performance counter stats for './mem-walk-no-thread':

     1,195,106,753 cache-misses                                                

      22.447986565 seconds time elapsed


 Performance counter stats for './mem-walk-no-thread':

     1,180,768,185 cache-misses                                                

      22.457448063 seconds time elapsed


 Performance counter stats for './mem-walk-no-thread':

     1,172,591,390 cache-misses                                                

      22.419954308 seconds time elapsed


 Performance counter stats for './mem-walk-no-thread':

     1,182,997,054 cache-misses                                                

      22.476058848 seconds time elapsed


 Performance counter stats for './mem-walk-no-thread':

     1,168,916,612 cache-misses                                                

      22.626440458 seconds time elapsed


 Performance counter stats for './mem-walk-no-thread':

     1,165,177,631 cache-misses                                                

      22.559439454 seconds time elapsed


 Performance counter stats for './mem-walk-no-thread':

     1,185,920,341 cache-misses                                                

      22.604849033 seconds time elapsed


 Performance counter stats for './mem-walk-no-thread':

     1,163,533,992 cache-misses                                                

      23.086891745 seconds time elapsed


 Performance counter stats for './mem-walk-no-thread':

     1,202,859,525 cache-misses                                                

      22.688838434 seconds time elapsed


 Performance counter stats for './mem-walk-no-thread':

     1,155,491,429 cache-misses                                                

      22.608175739 seconds time elapsed


 Performance counter stats for './mem-walk-no-thread':

     1,200,396,743 cache-misses                                                

      22.702887411 seconds time elapsed


 Performance counter stats for './mem-walk-no-thread':

     1,181,478,326 cache-misses                                                

      22.582074468 seconds time elapsed


 Performance counter stats for './mem-walk-no-thread':

     1,146,233,701 cache-misses                                                

      24.388535310 seconds time elapsed


 Performance counter stats for './mem-walk-no-thread':

     1,151,464,932 cache-misses                                                

      24.502073826 seconds time elapsed


 Performance counter stats for './mem-walk-no-thrash':

        18,097,898 cache-misses                                                

       5.960082629 seconds time elapsed


 Performance counter stats for './mem-walk-no-thrash':

        16,876,846 cache-misses                                                

       6.056752947 seconds time elapsed


 Performance counter stats for './mem-walk-no-thrash':

        15,693,367 cache-misses                                                

       6.044854225 seconds time elapsed


 Performance counter stats for './mem-walk-no-thrash':

        18,459,428 cache-misses                                                

       5.991232463 seconds time elapsed


 Performance counter stats for './mem-walk-no-thrash':

        17,261,517 cache-misses                                                

       6.051610466 seconds time elapsed


 Performance counter stats for './mem-walk-no-thrash':

        18,042,734 cache-misses                                                

       5.960472244 seconds time elapsed


 Performance counter stats for './mem-walk-no-thrash':

        16,018,808 cache-misses                                                

       6.045667257 seconds time elapsed


 Performance counter stats for './mem-walk-no-thrash':

        17,305,531 cache-misses                                                

       6.049958722 seconds time elapsed


 Performance counter stats for './mem-walk-no-thrash':

        17,520,042 cache-misses                                                

       5.894317395 seconds time elapsed


 Performance counter stats for './mem-walk-no-thrash':

        16,668,746 cache-misses                                                

       6.046676670 seconds time elapsed


 Performance counter stats for './mem-walk-no-thrash':

        18,110,228 cache-misses                                                

       5.979798022 seconds time elapsed


 Performance counter stats for './mem-walk-no-thrash':

        17,928,539 cache-misses                                                

       6.047036569 seconds time elapsed


 Performance counter stats for './mem-walk-no-thrash':

        14,920,717 cache-misses                                                

       6.050133528 seconds time elapsed


 Performance counter stats for './mem-walk-no-thrash':

        16,920,515 cache-misses                                                

       5.892964779 seconds time elapsed


 Performance counter stats for './mem-walk-no-thrash':

        17,174,180 cache-misses                                                

       6.051151024 seconds time elapsed


 Performance counter stats for './mem-walk-no-thrash':

        18,519,509 cache-misses                                                

       5.973199053 seconds time elapsed


 Performance counter stats for './mem-walk-no-thrash':

        16,004,595 cache-misses                                                

       6.034549885 seconds time elapsed


 Performance counter stats for './mem-walk-no-thrash':

        16,202,739 cache-misses                                                

       6.050370793 seconds time elapsed


 Performance counter stats for './mem-walk-no-thrash':

        18,064,618 cache-misses                                                

       5.891481878 seconds time elapsed


 Performance counter stats for './mem-walk-no-thrash':

        15,596,405 cache-misses                                                

       6.045557395 seconds time elapsed


 Performance counter stats for './mem-walk-no-thrash':

        18,062,031 cache-misses                                                

       5.972987166 seconds time elapsed


 Performance counter stats for './mem-walk-no-thrash':

        16,085,836 cache-misses                                                

       6.035812678 seconds time elapsed


 Performance counter stats for './mem-walk-no-thrash':

        17,685,463 cache-misses                                                

       6.056503682 seconds time elapsed


 Performance counter stats for './mem-walk-no-thrash':

        17,600,451 cache-misses                                                

       5.879049071 seconds time elapsed


 Performance counter stats for './mem-walk-no-thrash':

        17,148,040 cache-misses                                                

       6.048326001 seconds time elapsed


 Performance counter stats for './mem-walk-no-thrash':

        17,785,491 cache-misses                                                

       5.972384104 seconds time elapsed


 Performance counter stats for './mem-walk-no-thrash':

        15,764,019 cache-misses                                                

       6.032429553 seconds time elapsed


 Performance counter stats for './mem-walk-no-thrash':

        15,331,987 cache-misses                                                

       6.049759224 seconds time elapsed


 Performance counter stats for './mem-walk-no-thrash':

        17,544,649 cache-misses                                                

       5.886054881 seconds time elapsed


 Performance counter stats for './mem-walk-no-thrash':

        14,852,695 cache-misses                                                

       6.050652975 seconds time elapsed


 Performance counter stats for './mem-walk-no-thrash':

        18,389,272 cache-misses                                                

       5.980059046 seconds time elapsed


 Performance counter stats for './mem-walk-no-thrash':

        16,006,390 cache-misses                                                

       6.023656427 seconds time elapsed


 Performance counter stats for './mem-walk-no-thrash':

        15,795,180 cache-misses                                                

       6.047819003 seconds time elapsed


 Performance counter stats for './mem-walk-no-thrash':

        16,841,859 cache-misses                                                

       5.889409702 seconds time elapsed


 Performance counter stats for './mem-walk-no-thrash':

        15,021,490 cache-misses                                                

       6.047339482 seconds time elapsed


 Performance counter stats for './mem-walk-no-thrash':

        19,495,848 cache-misses                                                

       6.080245523 seconds time elapsed


 Performance counter stats for './mem-walk-no-thrash':

        17,229,092 cache-misses                                                

       6.014849880 seconds time elapsed


 Performance counter stats for './mem-walk-no-thrash':

        17,794,343 cache-misses                                                

       6.052174919 seconds time elapsed


 Performance counter stats for './mem-walk-no-thrash':

        15,548,607 cache-misses                                                

       5.876052595 seconds time elapsed


 Performance counter stats for './mem-walk-no-thrash':

        18,342,258 cache-misses                                                

       6.048974954 seconds time elapsed


 Performance counter stats for './mem-walk-no-thrash':

        18,259,178 cache-misses                                                

       5.994022824 seconds time elapsed


 Performance counter stats for './mem-walk-no-thrash':

        15,683,404 cache-misses                                                

       6.011038299 seconds time elapsed


 Performance counter stats for './mem-walk-no-thrash':

        16,594,894 cache-misses                                                

       6.049631539 seconds time elapsed


 Performance counter stats for './mem-walk-no-thrash':

        18,504,801 cache-misses                                                

       5.935766100 seconds time elapsed


 Performance counter stats for './mem-walk-no-thrash':

        15,639,961 cache-misses                                                

       6.051813795 seconds time elapsed


 Performance counter stats for './mem-walk-no-thrash':

        18,738,707 cache-misses                                                

       5.984374350 seconds time elapsed


 Performance counter stats for './mem-walk-no-thrash':

        15,745,745 cache-misses                                                

       6.059656250 seconds time elapsed


 Performance counter stats for './mem-walk-no-thrash':

        15,739,481 cache-misses                                                

       6.050503906 seconds time elapsed


 Performance counter stats for './mem-walk-no-thrash':

        16,700,020 cache-misses                                                

       5.880910061 seconds time elapsed


 Performance counter stats for './mem-walk-no-thrash':

        16,304,233 cache-misses                                                

       6.090838596 seconds time elapsed


 Performance counter stats for './mem-walk':

     3,825,716,831 cache-misses                                                

      50.218747957 seconds time elapsed


 Performance counter stats for './mem-walk':

     4,239,209,959 cache-misses                                                

      52.705153427 seconds time elapsed


 Performance counter stats for './mem-walk':

     3,923,175,397 cache-misses                                                

      51.906829779 seconds time elapsed


 Performance counter stats for './mem-walk':

     3,820,736,826 cache-misses                                                

      51.202682736 seconds time elapsed


 Performance counter stats for './mem-walk':

     3,950,786,540 cache-misses                                                

      52.430713645 seconds time elapsed


 Performance counter stats for './mem-walk':

     3,569,714,311 cache-misses                                                

      48.011466852 seconds time elapsed


 Performance counter stats for './mem-walk':

     3,508,798,063 cache-misses                                                

      48.191891589 seconds time elapsed


 Performance counter stats for './mem-walk':

     3,768,936,552 cache-misses                                                

      49.329762478 seconds time elapsed


 Performance counter stats for './mem-walk':

     3,405,312,459 cache-misses                                                

      46.504254949 seconds time elapsed


 Performance counter stats for './mem-walk':

     3,523,929,841 cache-misses                                                

      47.355639768 seconds time elapsed


 Performance counter stats for './mem-walk':

     3,633,985,977 cache-misses                                                

      47.801650309 seconds time elapsed


 Performance counter stats for './mem-walk':

     3,898,513,946 cache-misses                                                

      51.243213275 seconds time elapsed


 Performance counter stats for './mem-walk':

     3,999,108,058 cache-misses                                                

      51.439758623 seconds time elapsed


 Performance counter stats for './mem-walk':

     3,872,941,495 cache-misses                                                

      50.380481838 seconds time elapsed


 Performance counter stats for './mem-walk':

     3,865,703,253 cache-misses                                                

      50.277608461 seconds time elapsed


 Performance counter stats for './mem-walk':

     3,563,229,836 cache-misses                                                

      47.528472484 seconds time elapsed


 Performance counter stats for './mem-walk':

     3,894,511,427 cache-misses                                                

      52.050575585 seconds time elapsed


 Performance counter stats for './mem-walk':

     3,829,469,683 cache-misses                                                

      50.128943197 seconds time elapsed


 Performance counter stats for './mem-walk':

     3,726,043,412 cache-misses                                                

      49.372400750 seconds time elapsed


 Performance counter stats for './mem-walk':

     3,662,875,148 cache-misses                                                

      48.500963052 seconds time elapsed


 Performance counter stats for './mem-walk':

     3,460,226,155 cache-misses                                                

      47.905577900 seconds time elapsed


 Performance counter stats for './mem-walk':

     3,533,886,345 cache-misses                                                

      47.335810517 seconds time elapsed


 Performance counter stats for './mem-walk':

     3,486,915,161 cache-misses                                                

      47.342513665 seconds time elapsed


 Performance counter stats for './mem-walk':

     3,698,090,495 cache-misses                                                

      48.601700022 seconds time elapsed


 Performance counter stats for './mem-walk':

     3,750,117,366 cache-misses                                                

      50.037639183 seconds time elapsed


 Performance counter stats for './mem-walk':

     3,693,650,347 cache-misses                                                

      49.300378219 seconds time elapsed


 Performance counter stats for './mem-walk':

     3,644,978,338 cache-misses                                                

      48.807256864 seconds time elapsed


 Performance counter stats for './mem-walk':

     3,396,524,320 cache-misses                                                

      47.460776697 seconds time elapsed


 Performance counter stats for './mem-walk':

     3,710,144,677 cache-misses                                                

      49.634558945 seconds time elapsed


 Performance counter stats for './mem-walk':

     3,596,153,322 cache-misses                                                

      49.389951875 seconds time elapsed


 Performance counter stats for './mem-walk':

     3,480,369,114 cache-misses                                                

      46.710244512 seconds time elapsed


 Performance counter stats for './mem-walk':

     3,704,679,557 cache-misses                                                

      48.974691177 seconds time elapsed


 Performance counter stats for './mem-walk':

     3,865,834,808 cache-misses                                                

      49.522301216 seconds time elapsed


 Performance counter stats for './mem-walk':

     4,197,216,172 cache-misses                                                

      53.119116791 seconds time elapsed


 Performance counter stats for './mem-walk':

     4,052,959,047 cache-misses                                                

      52.411114791 seconds time elapsed


 Performance counter stats for './mem-walk':

     3,750,247,971 cache-misses                                                

      49.545279701 seconds time elapsed


 Performance counter stats for './mem-walk':

     3,469,641,223 cache-misses                                                

      46.642976528 seconds time elapsed


 Performance counter stats for './mem-walk':

     3,714,762,933 cache-misses                                                

      49.129914965 seconds time elapsed


 Performance counter stats for './mem-walk':

     3,541,468,416 cache-misses                                                

      48.408752103 seconds time elapsed


 Performance counter stats for './mem-walk':

     3,369,145,032 cache-misses                                                

      46.302938659 seconds time elapsed


 Performance counter stats for './mem-walk':

     4,131,191,888 cache-misses                                                

      53.736828937 seconds time elapsed


 Performance counter stats for './mem-walk':

     4,137,052,961 cache-misses                                                

      51.886868060 seconds time elapsed


 Performance counter stats for './mem-walk':

     3,568,251,446 cache-misses                                                

      47.497690181 seconds time elapsed


 Performance counter stats for './mem-walk':

     3,746,659,904 cache-misses                                                

      49.729910832 seconds time elapsed


 Performance counter stats for './mem-walk':

     3,626,111,054 cache-misses                                                

      48.737313977 seconds time elapsed


 Performance counter stats for './mem-walk':

     3,480,017,803 cache-misses                                                

      46.877908749 seconds time elapsed


 Performance counter stats for './mem-walk':

     3,547,379,064 cache-misses                                                

      47.761392382 seconds time elapsed


 Performance counter stats for './mem-walk':

     3,620,918,137 cache-misses                                                

      48.660313469 seconds time elapsed


 Performance counter stats for './mem-walk':

     3,946,451,564 cache-misses                                                

      50.695900412 seconds time elapsed


 Performance counter stats for './mem-walk':

     3,496,442,852 cache-misses                                                

      47.475568927 seconds time elapsed

