
 Performance counter stats for './mem-walk-no-thread-no-thrash':

         4,470,796 cache-misses                                                

       6.006379848 seconds time elapsed


 Performance counter stats for './mem-walk-no-thread-no-thrash':

         4,746,978 cache-misses                                                

       6.688551535 seconds time elapsed


 Performance counter stats for './mem-walk-no-thread-no-thrash':

         5,012,205 cache-misses                                                

       6.805588433 seconds time elapsed


 Performance counter stats for './mem-walk-no-thread-no-thrash':

         4,551,940 cache-misses                                                

       6.143201844 seconds time elapsed


 Performance counter stats for './mem-walk-no-thread-no-thrash':

         4,602,582 cache-misses                                                

       6.455794056 seconds time elapsed


 Performance counter stats for './mem-walk-no-thread-no-thrash':

         4,735,090 cache-misses                                                

       6.804638390 seconds time elapsed


 Performance counter stats for './mem-walk-no-thread-no-thrash':

         4,852,374 cache-misses                                                

       7.296380368 seconds time elapsed


 Performance counter stats for './mem-walk-no-thread-no-thrash':

         4,858,623 cache-misses                                                

       7.417156740 seconds time elapsed


 Performance counter stats for './mem-walk-no-thread-no-thrash':

         4,714,681 cache-misses                                                

       6.624793731 seconds time elapsed


 Performance counter stats for './mem-walk-no-thread-no-thrash':

         4,950,158 cache-misses                                                

       7.693726929 seconds time elapsed


 Performance counter stats for './mem-walk-no-thread-no-thrash':

         4,763,366 cache-misses                                                

       7.083652106 seconds time elapsed


 Performance counter stats for './mem-walk-no-thread-no-thrash':

         4,493,395 cache-misses                                                

       6.038522870 seconds time elapsed


 Performance counter stats for './mem-walk-no-thread-no-thrash':

         5,025,463 cache-misses                                                

       7.700135790 seconds time elapsed


 Performance counter stats for './mem-walk-no-thread-no-thrash':

         5,184,515 cache-misses                                                

       7.916153620 seconds time elapsed


 Performance counter stats for './mem-walk-no-thread-no-thrash':

         4,851,047 cache-misses                                                

       7.364386816 seconds time elapsed


 Performance counter stats for './mem-walk-no-thread-no-thrash':

         4,721,682 cache-misses                                                

       6.752964993 seconds time elapsed


 Performance counter stats for './mem-walk-no-thread-no-thrash':

         5,124,922 cache-misses                                                

       7.956402851 seconds time elapsed


 Performance counter stats for './mem-walk-no-thread-no-thrash':

         4,769,940 cache-misses                                                

       6.806928862 seconds time elapsed


 Performance counter stats for './mem-walk-no-thread-no-thrash':

         4,462,888 cache-misses                                                

       6.011881060 seconds time elapsed


 Performance counter stats for './mem-walk-no-thread-no-thrash':

         4,851,657 cache-misses                                                

       6.571241391 seconds time elapsed


 Performance counter stats for './mem-walk-no-thread-no-thrash':

         4,901,007 cache-misses                                                

       7.428180812 seconds time elapsed


 Performance counter stats for './mem-walk-no-thread-no-thrash':

         5,045,698 cache-misses                                                

       7.144128506 seconds time elapsed


 Performance counter stats for './mem-walk-no-thread-no-thrash':

         4,912,786 cache-misses                                                

       7.487037120 seconds time elapsed


 Performance counter stats for './mem-walk-no-thread-no-thrash':

         5,224,736 cache-misses                                                

       8.223452181 seconds time elapsed


 Performance counter stats for './mem-walk-no-thread-no-thrash':

         5,065,310 cache-misses                                                

       7.466399746 seconds time elapsed


 Performance counter stats for './mem-walk-no-thread-no-thrash':

         4,539,821 cache-misses                                                

       6.321981810 seconds time elapsed


 Performance counter stats for './mem-walk-no-thread-no-thrash':

         5,046,307 cache-misses                                                

       6.831161023 seconds time elapsed


 Performance counter stats for './mem-walk-no-thread-no-thrash':

         4,571,783 cache-misses                                                

       6.368576855 seconds time elapsed


 Performance counter stats for './mem-walk-no-thread-no-thrash':

         5,076,337 cache-misses                                                

       7.843024294 seconds time elapsed


 Performance counter stats for './mem-walk-no-thread-no-thrash':

         5,379,183 cache-misses                                                

       8.192402547 seconds time elapsed


 Performance counter stats for './mem-walk-no-thread-no-thrash':

         4,730,195 cache-misses                                                

       6.913797178 seconds time elapsed


 Performance counter stats for './mem-walk-no-thread-no-thrash':

         4,935,727 cache-misses                                                

       7.645865354 seconds time elapsed


 Performance counter stats for './mem-walk-no-thread-no-thrash':

         5,341,942 cache-misses                                                

       8.196829675 seconds time elapsed


 Performance counter stats for './mem-walk-no-thread-no-thrash':

         4,702,862 cache-misses                                                

       6.884125886 seconds time elapsed


 Performance counter stats for './mem-walk-no-thread-no-thrash':

         4,994,079 cache-misses                                                

       7.829530722 seconds time elapsed


 Performance counter stats for './mem-walk-no-thread-no-thrash':

         4,682,359 cache-misses                                                

       6.894271560 seconds time elapsed


 Performance counter stats for './mem-walk-no-thread-no-thrash':

         5,134,732 cache-misses                                                

       8.237627084 seconds time elapsed


 Performance counter stats for './mem-walk-no-thread-no-thrash':

         5,327,489 cache-misses                                                

       8.194349382 seconds time elapsed


 Performance counter stats for './mem-walk-no-thread-no-thrash':

         4,914,394 cache-misses                                                

       7.473768701 seconds time elapsed


 Performance counter stats for './mem-walk-no-thread-no-thrash':

         4,544,198 cache-misses                                                

       6.229634448 seconds time elapsed


 Performance counter stats for './mem-walk-no-thread-no-thrash':

         4,651,238 cache-misses                                                

       6.635868428 seconds time elapsed


 Performance counter stats for './mem-walk-no-thread-no-thrash':

         4,978,576 cache-misses                                                

       7.748084639 seconds time elapsed


 Performance counter stats for './mem-walk-no-thread-no-thrash':

         4,961,856 cache-misses                                                

       6.723699922 seconds time elapsed


 Performance counter stats for './mem-walk-no-thread-no-thrash':

         4,951,141 cache-misses                                                

       7.558451990 seconds time elapsed


 Performance counter stats for './mem-walk-no-thread-no-thrash':

         5,018,178 cache-misses                                                

       7.931701404 seconds time elapsed


 Performance counter stats for './mem-walk-no-thread-no-thrash':

         5,021,469 cache-misses                                                

       7.952519108 seconds time elapsed


 Performance counter stats for './mem-walk-no-thread-no-thrash':

         4,631,409 cache-misses                                                

       6.539313778 seconds time elapsed


 Performance counter stats for './mem-walk-no-thread-no-thrash':

         4,804,231 cache-misses                                                

       7.225362654 seconds time elapsed


 Performance counter stats for './mem-walk-no-thread-no-thrash':

         4,689,776 cache-misses                                                

       6.636930791 seconds time elapsed


 Performance counter stats for './mem-walk-no-thread-no-thrash':

         4,494,894 cache-misses                                                

       6.150449640 seconds time elapsed


 Performance counter stats for './mem-walk-no-thread':

     1,162,769,024 cache-misses                                                

      22.083548628 seconds time elapsed


 Performance counter stats for './mem-walk-no-thread':

     1,198,862,742 cache-misses                                                

      22.236425530 seconds time elapsed


 Performance counter stats for './mem-walk-no-thread':

     1,196,878,887 cache-misses                                                

      22.028978479 seconds time elapsed


 Performance counter stats for './mem-walk-no-thread':

     1,192,504,883 cache-misses                                                

      22.128158437 seconds time elapsed


 Performance counter stats for './mem-walk-no-thread':

     1,188,865,832 cache-misses                                                

      22.065850548 seconds time elapsed


 Performance counter stats for './mem-walk-no-thread':

     1,194,541,890 cache-misses                                                

      22.076854473 seconds time elapsed


 Performance counter stats for './mem-walk-no-thread':

     1,147,766,343 cache-misses                                                

      22.252697209 seconds time elapsed


 Performance counter stats for './mem-walk-no-thread':

     1,149,443,658 cache-misses                                                

      22.250079068 seconds time elapsed


 Performance counter stats for './mem-walk-no-thread':

     1,180,260,982 cache-misses                                                

      22.156312961 seconds time elapsed


 Performance counter stats for './mem-walk-no-thread':

     1,157,376,606 cache-misses                                                

      22.103348037 seconds time elapsed


 Performance counter stats for './mem-walk-no-thread':

     1,163,856,096 cache-misses                                                

      22.097889889 seconds time elapsed


 Performance counter stats for './mem-walk-no-thread':

     1,166,681,480 cache-misses                                                

      22.134274256 seconds time elapsed


 Performance counter stats for './mem-walk-no-thread':

     1,181,222,374 cache-misses                                                

      22.088299060 seconds time elapsed


 Performance counter stats for './mem-walk-no-thread':

     1,202,456,918 cache-misses                                                

      22.121059758 seconds time elapsed


 Performance counter stats for './mem-walk-no-thread':

     1,199,771,820 cache-misses                                                

      22.092594137 seconds time elapsed


 Performance counter stats for './mem-walk-no-thread':

     1,189,643,305 cache-misses                                                

      22.080958157 seconds time elapsed


 Performance counter stats for './mem-walk-no-thread':

     1,179,436,045 cache-misses                                                

      22.074321277 seconds time elapsed


 Performance counter stats for './mem-walk-no-thread':

     1,204,992,940 cache-misses                                                

      22.103005371 seconds time elapsed


 Performance counter stats for './mem-walk-no-thread':

     1,102,906,722 cache-misses                                                

      21.671121554 seconds time elapsed


 Performance counter stats for './mem-walk-no-thread':

     1,093,997,091 cache-misses                                                

      21.762686965 seconds time elapsed


 Performance counter stats for './mem-walk-no-thread':

     1,078,465,417 cache-misses                                                

      21.793134148 seconds time elapsed


 Performance counter stats for './mem-walk-no-thread':

     1,082,449,922 cache-misses                                                

      21.720426097 seconds time elapsed


 Performance counter stats for './mem-walk-no-thread':

     1,065,554,685 cache-misses                                                

      21.717267946 seconds time elapsed


 Performance counter stats for './mem-walk-no-thread':

     1,067,058,568 cache-misses                                                

      21.761803636 seconds time elapsed


 Performance counter stats for './mem-walk-no-thread':

     1,061,717,217 cache-misses                                                

      21.678054314 seconds time elapsed


 Performance counter stats for './mem-walk-no-thread':

     1,106,939,597 cache-misses                                                

      21.754046869 seconds time elapsed


 Performance counter stats for './mem-walk-no-thread':

     1,079,839,090 cache-misses                                                

      21.759973468 seconds time elapsed


 Performance counter stats for './mem-walk-no-thread':

     1,083,028,069 cache-misses                                                

      21.807679923 seconds time elapsed


 Performance counter stats for './mem-walk-no-thread':

     1,094,857,691 cache-misses                                                

      21.774059395 seconds time elapsed


 Performance counter stats for './mem-walk-no-thread':

     1,117,091,525 cache-misses                                                

      21.840284360 seconds time elapsed


 Performance counter stats for './mem-walk-no-thread':

     1,101,521,374 cache-misses                                                

      21.796316305 seconds time elapsed


 Performance counter stats for './mem-walk-no-thread':

     1,066,237,670 cache-misses                                                

      21.731552906 seconds time elapsed


 Performance counter stats for './mem-walk-no-thread':

     1,095,564,049 cache-misses                                                

      21.773462308 seconds time elapsed


 Performance counter stats for './mem-walk-no-thread':

     1,101,060,865 cache-misses                                                

      21.761227708 seconds time elapsed


 Performance counter stats for './mem-walk-no-thread':

     1,065,170,125 cache-misses                                                

      21.766162762 seconds time elapsed


 Performance counter stats for './mem-walk-no-thread':

     1,093,337,022 cache-misses                                                

      21.765487796 seconds time elapsed


 Performance counter stats for './mem-walk-no-thread':

     1,086,745,902 cache-misses                                                

      21.696732170 seconds time elapsed


 Performance counter stats for './mem-walk-no-thread':

     1,085,018,759 cache-misses                                                

      21.792159103 seconds time elapsed


 Performance counter stats for './mem-walk-no-thread':

     1,201,432,266 cache-misses                                                

      22.109072832 seconds time elapsed


 Performance counter stats for './mem-walk-no-thread':

     1,157,335,794 cache-misses                                                

      22.065943480 seconds time elapsed


 Performance counter stats for './mem-walk-no-thread':

     1,180,010,023 cache-misses                                                

      22.083779544 seconds time elapsed


 Performance counter stats for './mem-walk-no-thread':

     1,161,619,955 cache-misses                                                

      22.033936030 seconds time elapsed


 Performance counter stats for './mem-walk-no-thread':

     1,149,069,463 cache-misses                                                

      22.036596134 seconds time elapsed


 Performance counter stats for './mem-walk-no-thread':

     1,170,858,127 cache-misses                                                

      22.022408554 seconds time elapsed


 Performance counter stats for './mem-walk-no-thread':

     1,154,636,556 cache-misses                                                

      22.144649937 seconds time elapsed


 Performance counter stats for './mem-walk-no-thread':

     1,174,658,998 cache-misses                                                

      22.083618412 seconds time elapsed


 Performance counter stats for './mem-walk-no-thread':

     1,164,290,413 cache-misses                                                

      22.034659891 seconds time elapsed


 Performance counter stats for './mem-walk-no-thread':

     1,155,354,636 cache-misses                                                

      22.159591072 seconds time elapsed


 Performance counter stats for './mem-walk-no-thread':

     1,197,990,258 cache-misses                                                

      22.145810046 seconds time elapsed


 Performance counter stats for './mem-walk-no-thread':

     1,200,133,340 cache-misses                                                

      22.158818965 seconds time elapsed


 Performance counter stats for './mem-walk-no-thrash':

        11,496,607 cache-misses                                                

       5.811112625 seconds time elapsed


 Performance counter stats for './mem-walk-no-thrash':

         9,181,589 cache-misses                                                

       5.820371090 seconds time elapsed


 Performance counter stats for './mem-walk-no-thrash':

         8,258,666 cache-misses                                                

       5.786279258 seconds time elapsed


 Performance counter stats for './mem-walk-no-thrash':

        11,625,090 cache-misses                                                

       5.953481645 seconds time elapsed


 Performance counter stats for './mem-walk-no-thrash':

         3,791,452 cache-misses                                                

       5.698742383 seconds time elapsed


 Performance counter stats for './mem-walk-no-thrash':

         9,222,433 cache-misses                                                

       5.935106776 seconds time elapsed


 Performance counter stats for './mem-walk-no-thrash':

         9,197,490 cache-misses                                                

       5.774003343 seconds time elapsed


 Performance counter stats for './mem-walk-no-thrash':

         5,323,162 cache-misses                                                

       5.621862527 seconds time elapsed


 Performance counter stats for './mem-walk-no-thrash':

         5,409,043 cache-misses                                                

       5.658405186 seconds time elapsed


 Performance counter stats for './mem-walk-no-thrash':

        10,481,699 cache-misses                                                

       5.893094970 seconds time elapsed


 Performance counter stats for './mem-walk-no-thrash':

        11,201,478 cache-misses                                                

       5.803539512 seconds time elapsed


 Performance counter stats for './mem-walk-no-thrash':

         5,574,543 cache-misses                                                

       5.736716617 seconds time elapsed


 Performance counter stats for './mem-walk-no-thrash':

         7,793,195 cache-misses                                                

       5.874776621 seconds time elapsed


 Performance counter stats for './mem-walk-no-thrash':

         7,334,468 cache-misses                                                

       5.828154961 seconds time elapsed


 Performance counter stats for './mem-walk-no-thrash':

         6,357,583 cache-misses                                                

       5.725322258 seconds time elapsed


 Performance counter stats for './mem-walk-no-thrash':

         3,919,336 cache-misses                                                

       5.711957109 seconds time elapsed


 Performance counter stats for './mem-walk-no-thrash':

         9,432,060 cache-misses                                                

       5.976951581 seconds time elapsed


 Performance counter stats for './mem-walk-no-thrash':

        12,833,906 cache-misses                                                

       6.009373806 seconds time elapsed


 Performance counter stats for './mem-walk-no-thrash':

        13,994,521 cache-misses                                                

       6.008467517 seconds time elapsed


 Performance counter stats for './mem-walk-no-thrash':

         3,801,757 cache-misses                                                

       5.708158683 seconds time elapsed


 Performance counter stats for './mem-walk-no-thrash':

         7,406,271 cache-misses                                                

       5.773772121 seconds time elapsed


 Performance counter stats for './mem-walk-no-thrash':

         5,754,502 cache-misses                                                

       5.887207532 seconds time elapsed


 Performance counter stats for './mem-walk-no-thrash':

        10,466,128 cache-misses                                                

       5.894057445 seconds time elapsed


 Performance counter stats for './mem-walk-no-thrash':

         8,219,765 cache-misses                                                

       5.761731949 seconds time elapsed


 Performance counter stats for './mem-walk-no-thrash':

        11,359,121 cache-misses                                                

       5.783471206 seconds time elapsed


 Performance counter stats for './mem-walk-no-thrash':

         5,715,760 cache-misses                                                

       5.786198355 seconds time elapsed


 Performance counter stats for './mem-walk-no-thrash':

         4,112,301 cache-misses                                                

       5.710603213 seconds time elapsed


 Performance counter stats for './mem-walk-no-thrash':

         6,963,323 cache-misses                                                

       5.753027461 seconds time elapsed


 Performance counter stats for './mem-walk-no-thrash':

        10,622,155 cache-misses                                                

       5.811452347 seconds time elapsed


 Performance counter stats for './mem-walk-no-thrash':

        13,966,803 cache-misses                                                

       5.851870171 seconds time elapsed


 Performance counter stats for './mem-walk-no-thrash':

        12,939,043 cache-misses                                                

       6.017429793 seconds time elapsed


 Performance counter stats for './mem-walk-no-thrash':

        11,843,617 cache-misses                                                

       5.898891971 seconds time elapsed


 Performance counter stats for './mem-walk-no-thrash':

         3,787,911 cache-misses                                                

       5.704903015 seconds time elapsed


 Performance counter stats for './mem-walk-no-thrash':

         4,863,985 cache-misses                                                

       5.704720992 seconds time elapsed


 Performance counter stats for './mem-walk-no-thrash':

         5,123,809 cache-misses                                                

       5.777039632 seconds time elapsed


 Performance counter stats for './mem-walk-no-thrash':

         5,678,231 cache-misses                                                

       5.771924939 seconds time elapsed


 Performance counter stats for './mem-walk-no-thrash':

        10,742,136 cache-misses                                                

       5.964884208 seconds time elapsed


 Performance counter stats for './mem-walk-no-thrash':

         5,543,191 cache-misses                                                

       5.735515162 seconds time elapsed


 Performance counter stats for './mem-walk-no-thrash':

        13,078,164 cache-misses                                                

       5.962905852 seconds time elapsed


 Performance counter stats for './mem-walk-no-thrash':

         7,850,406 cache-misses                                                

       5.874182020 seconds time elapsed


 Performance counter stats for './mem-walk-no-thrash':

         4,870,608 cache-misses                                                

       6.013443859 seconds time elapsed


 Performance counter stats for './mem-walk-no-thrash':

         6,656,487 cache-misses                                                

       5.629929319 seconds time elapsed


 Performance counter stats for './mem-walk-no-thrash':

        11,284,432 cache-misses                                                

       5.775279784 seconds time elapsed


 Performance counter stats for './mem-walk-no-thrash':

         3,942,074 cache-misses                                                

       5.716338291 seconds time elapsed


 Performance counter stats for './mem-walk-no-thrash':

         4,904,971 cache-misses                                                

       5.726279537 seconds time elapsed


 Performance counter stats for './mem-walk-no-thrash':

        13,332,688 cache-misses                                                

       5.890468631 seconds time elapsed


 Performance counter stats for './mem-walk-no-thrash':

         3,793,431 cache-misses                                                

       5.713544942 seconds time elapsed


 Performance counter stats for './mem-walk-no-thrash':

         5,759,971 cache-misses                                                

       5.715848585 seconds time elapsed


 Performance counter stats for './mem-walk-no-thrash':

         6,186,797 cache-misses                                                

       5.777803265 seconds time elapsed


 Performance counter stats for './mem-walk-no-thrash':

         8,882,899 cache-misses                                                

       5.843082721 seconds time elapsed


 Performance counter stats for './mem-walk':

       759,832,853 cache-misses                                                

      24.776502972 seconds time elapsed


 Performance counter stats for './mem-walk':

     1,012,085,609 cache-misses                                                

      25.355339974 seconds time elapsed


 Performance counter stats for './mem-walk':

       862,632,087 cache-misses                                                

      25.210348760 seconds time elapsed


 Performance counter stats for './mem-walk':

       870,382,982 cache-misses                                                

      25.257703443 seconds time elapsed


 Performance counter stats for './mem-walk':

       792,373,959 cache-misses                                                

      25.049529968 seconds time elapsed


 Performance counter stats for './mem-walk':

       631,044,609 cache-misses                                                

      24.759460038 seconds time elapsed


 Performance counter stats for './mem-walk':

       845,978,221 cache-misses                                                

      24.821828301 seconds time elapsed


 Performance counter stats for './mem-walk':

       652,481,480 cache-misses                                                

      25.003936153 seconds time elapsed


 Performance counter stats for './mem-walk':

       791,083,987 cache-misses                                                

      24.927622417 seconds time elapsed


 Performance counter stats for './mem-walk':

       794,296,007 cache-misses                                                

      24.853389931 seconds time elapsed


 Performance counter stats for './mem-walk':

     1,728,589,191 cache-misses                                                

      32.433800469 seconds time elapsed


 Performance counter stats for './mem-walk':

       909,749,057 cache-misses                                                

      25.298711427 seconds time elapsed


 Performance counter stats for './mem-walk':

       799,927,546 cache-misses                                                

      25.037308987 seconds time elapsed


 Performance counter stats for './mem-walk':

       981,453,377 cache-misses                                                

      25.946770560 seconds time elapsed


 Performance counter stats for './mem-walk':

       925,325,150 cache-misses                                                

      25.319489815 seconds time elapsed


 Performance counter stats for './mem-walk':

       769,635,013 cache-misses                                                

      25.174379074 seconds time elapsed


 Performance counter stats for './mem-walk':

       853,075,013 cache-misses                                                

      25.168801701 seconds time elapsed


 Performance counter stats for './mem-walk':

     1,031,131,423 cache-misses                                                

      25.226746278 seconds time elapsed


 Performance counter stats for './mem-walk':

       965,959,075 cache-misses                                                

      24.629596540 seconds time elapsed


 Performance counter stats for './mem-walk':

     1,074,937,529 cache-misses                                                

      25.317432240 seconds time elapsed


 Performance counter stats for './mem-walk':

       896,061,379 cache-misses                                                

      24.726655465 seconds time elapsed


 Performance counter stats for './mem-walk':

       979,127,924 cache-misses                                                

      25.424653916 seconds time elapsed


 Performance counter stats for './mem-walk':

       869,366,741 cache-misses                                                

      25.073937960 seconds time elapsed


 Performance counter stats for './mem-walk':

     1,053,006,963 cache-misses                                                

      25.491561984 seconds time elapsed


 Performance counter stats for './mem-walk':

       821,370,947 cache-misses                                                

      24.973159149 seconds time elapsed


 Performance counter stats for './mem-walk':

       979,836,142 cache-misses                                                

      24.982070456 seconds time elapsed


 Performance counter stats for './mem-walk':

       683,283,512 cache-misses                                                

      24.729230402 seconds time elapsed


 Performance counter stats for './mem-walk':

       812,185,821 cache-misses                                                

      25.036293162 seconds time elapsed


 Performance counter stats for './mem-walk':

       701,983,403 cache-misses                                                

      24.889612469 seconds time elapsed


 Performance counter stats for './mem-walk':

     1,056,273,393 cache-misses                                                

      25.555084208 seconds time elapsed


 Performance counter stats for './mem-walk':

       839,867,357 cache-misses                                                

      25.163171489 seconds time elapsed


 Performance counter stats for './mem-walk':

       957,235,616 cache-misses                                                

      25.147714901 seconds time elapsed


 Performance counter stats for './mem-walk':

     3,480,701,581 cache-misses                                                

      44.354320813 seconds time elapsed


 Performance counter stats for './mem-walk':

       793,922,282 cache-misses                                                

      25.081233784 seconds time elapsed


 Performance counter stats for './mem-walk':

       744,943,965 cache-misses                                                

      24.830408373 seconds time elapsed


 Performance counter stats for './mem-walk':

     1,501,842,331 cache-misses                                                

      28.379233548 seconds time elapsed


 Performance counter stats for './mem-walk':

       834,175,405 cache-misses                                                

      25.325879275 seconds time elapsed


 Performance counter stats for './mem-walk':

       809,841,166 cache-misses                                                

      25.297550545 seconds time elapsed


 Performance counter stats for './mem-walk':

       976,660,680 cache-misses                                                

      25.325304216 seconds time elapsed


 Performance counter stats for './mem-walk':

       865,758,888 cache-misses                                                

      24.773867840 seconds time elapsed


 Performance counter stats for './mem-walk':

       910,614,353 cache-misses                                                

      25.259399642 seconds time elapsed


 Performance counter stats for './mem-walk':

     1,032,990,719 cache-misses                                                

      25.336646931 seconds time elapsed


 Performance counter stats for './mem-walk':

       804,934,236 cache-misses                                                

      25.128435103 seconds time elapsed


 Performance counter stats for './mem-walk':

     1,085,511,899 cache-misses                                                

      25.578029194 seconds time elapsed


 Performance counter stats for './mem-walk':

     1,013,998,347 cache-misses                                                

      25.135099095 seconds time elapsed


 Performance counter stats for './mem-walk':

       861,426,827 cache-misses                                                

      24.739400566 seconds time elapsed


 Performance counter stats for './mem-walk':

       852,862,691 cache-misses                                                

      24.643212267 seconds time elapsed


 Performance counter stats for './mem-walk':

       967,606,944 cache-misses                                                

      24.824521167 seconds time elapsed


 Performance counter stats for './mem-walk':

       894,873,328 cache-misses                                                

      25.211801666 seconds time elapsed


 Performance counter stats for './mem-walk':

       846,392,353 cache-misses                                                

      25.204684377 seconds time elapsed

