
 Performance counter stats for './mem-walk-no-thread-no-thrash':

         3,664,547 cache-misses                                                

       3.428853064 seconds time elapsed


 Performance counter stats for './mem-walk-no-thread-no-thrash':

         3,735,751 cache-misses                                                

       3.493688397 seconds time elapsed


 Performance counter stats for './mem-walk-no-thread-no-thrash':

         3,531,516 cache-misses                                                

       3.146461276 seconds time elapsed


 Performance counter stats for './mem-walk-no-thread-no-thrash':

         3,832,213 cache-misses                                                

       4.099047959 seconds time elapsed


 Performance counter stats for './mem-walk-no-thread-no-thrash':

         3,825,528 cache-misses                                                

       4.009628513 seconds time elapsed


 Performance counter stats for './mem-walk-no-thread-no-thrash':

         3,786,959 cache-misses                                                

       4.053397186 seconds time elapsed


 Performance counter stats for './mem-walk-no-thread-no-thrash':

         3,523,473 cache-misses                                                

       3.398197403 seconds time elapsed


 Performance counter stats for './mem-walk-no-thread-no-thrash':

         3,720,683 cache-misses                                                

       3.703826339 seconds time elapsed


 Performance counter stats for './mem-walk-no-thread-no-thrash':

         3,644,864 cache-misses                                                

       3.910177941 seconds time elapsed


 Performance counter stats for './mem-walk-no-thread-no-thrash':

         3,473,240 cache-misses                                                

       3.189819884 seconds time elapsed


 Performance counter stats for './mem-walk-no-thread':

       587,029,109 cache-misses                                                

      11.018098258 seconds time elapsed


 Performance counter stats for './mem-walk-no-thread':

       604,798,414 cache-misses                                                

      11.091730593 seconds time elapsed


 Performance counter stats for './mem-walk-no-thread':

       599,016,379 cache-misses                                                

      11.051568833 seconds time elapsed


 Performance counter stats for './mem-walk-no-thread':

       590,344,228 cache-misses                                                

      11.058389329 seconds time elapsed


 Performance counter stats for './mem-walk-no-thread':

       603,488,639 cache-misses                                                

      11.066826685 seconds time elapsed


 Performance counter stats for './mem-walk-no-thread':

       536,008,873 cache-misses                                                

      10.882301900 seconds time elapsed


 Performance counter stats for './mem-walk-no-thread':

       537,253,140 cache-misses                                                

      10.859587261 seconds time elapsed


 Performance counter stats for './mem-walk-no-thread':

       537,836,352 cache-misses                                                

      10.880378634 seconds time elapsed


 Performance counter stats for './mem-walk-no-thread':

       536,783,088 cache-misses                                                

      10.887302627 seconds time elapsed


 Performance counter stats for './mem-walk-no-thread':

       535,640,773 cache-misses                                                

      10.851215987 seconds time elapsed


 Performance counter stats for './mem-walk-no-thrash':

         5,227,989 cache-misses                                                

      10.977627649 seconds time elapsed


 Performance counter stats for './mem-walk-no-thrash':

         5,223,253 cache-misses                                                

      11.070281854 seconds time elapsed


 Performance counter stats for './mem-walk-no-thrash':

         5,243,612 cache-misses                                                

      11.081542057 seconds time elapsed


 Performance counter stats for './mem-walk-no-thrash':

        16,944,011 cache-misses                                                

      11.298987902 seconds time elapsed


 Performance counter stats for './mem-walk-no-thrash':

        15,228,232 cache-misses                                                

      11.151352112 seconds time elapsed


 Performance counter stats for './mem-walk-no-thrash':

        24,683,817 cache-misses                                                

      11.354557518 seconds time elapsed


 Performance counter stats for './mem-walk-no-thrash':

         6,069,582 cache-misses                                                

      11.086808040 seconds time elapsed


 Performance counter stats for './mem-walk-no-thrash':

        23,751,448 cache-misses                                                

      11.479907379 seconds time elapsed


 Performance counter stats for './mem-walk-no-thrash':

         8,046,200 cache-misses                                                

      11.992460485 seconds time elapsed


 Performance counter stats for './mem-walk-no-thrash':

        18,018,951 cache-misses                                                

      11.394084827 seconds time elapsed


 Performance counter stats for './mem-walk':

     1,564,740,675 cache-misses                                                

      50.138098554 seconds time elapsed


 Performance counter stats for './mem-walk':

     1,704,177,423 cache-misses                                                

      49.848054012 seconds time elapsed


 Performance counter stats for './mem-walk':

     1,778,442,904 cache-misses                                                

      49.956833868 seconds time elapsed


 Performance counter stats for './mem-walk':

     1,882,416,454 cache-misses                                                

      50.383881454 seconds time elapsed


 Performance counter stats for './mem-walk':

     1,789,079,114 cache-misses                                                

      50.778716618 seconds time elapsed


 Performance counter stats for './mem-walk':

     1,997,744,583 cache-misses                                                

      51.987376918 seconds time elapsed


 Performance counter stats for './mem-walk':

     1,767,637,298 cache-misses                                                

      50.744389356 seconds time elapsed


 Performance counter stats for './mem-walk':

     4,497,571,254 cache-misses                                                

      70.647291103 seconds time elapsed


 Performance counter stats for './mem-walk':

     1,694,287,808 cache-misses                                                

      50.562643963 seconds time elapsed


 Performance counter stats for './mem-walk':

     1,580,818,689 cache-misses                                                

      50.008880742 seconds time elapsed

