
 Performance counter stats for './mem-walk-no-thread-no-thrash':

        10,035,959 cache-misses                                                

       3.830987669 seconds time elapsed


 Performance counter stats for './mem-walk-no-thread-no-thrash':

         9,150,242 cache-misses                                                

       3.360420940 seconds time elapsed


 Performance counter stats for './mem-walk-no-thread-no-thrash':

         9,219,855 cache-misses                                                

       3.451381128 seconds time elapsed


 Performance counter stats for './mem-walk-no-thread-no-thrash':

         9,790,998 cache-misses                                                

       3.829563467 seconds time elapsed


 Performance counter stats for './mem-walk-no-thread-no-thrash':

         8,985,029 cache-misses                                                

       3.307595000 seconds time elapsed


 Performance counter stats for './mem-walk-no-thread-no-thrash':

         9,301,385 cache-misses                                                

       3.447951700 seconds time elapsed


 Performance counter stats for './mem-walk-no-thread-no-thrash':

        10,035,337 cache-misses                                                

       3.863720729 seconds time elapsed


 Performance counter stats for './mem-walk-no-thread-no-thrash':

         8,872,598 cache-misses                                                

       3.286223927 seconds time elapsed


 Performance counter stats for './mem-walk-no-thread-no-thrash':

         9,131,103 cache-misses                                                

       3.458726103 seconds time elapsed


 Performance counter stats for './mem-walk-no-thread-no-thrash':

         8,822,966 cache-misses                                                

       3.351149050 seconds time elapsed


 Performance counter stats for './mem-walk-no-thread':

       529,680,808 cache-misses                                                

      11.863512497 seconds time elapsed


 Performance counter stats for './mem-walk-no-thread':

       527,589,034 cache-misses                                                

      11.853189261 seconds time elapsed


 Performance counter stats for './mem-walk-no-thread':

       526,217,062 cache-misses                                                

      11.842551733 seconds time elapsed


 Performance counter stats for './mem-walk-no-thread':

       527,182,717 cache-misses                                                

      11.863815423 seconds time elapsed


 Performance counter stats for './mem-walk-no-thread':

       524,277,521 cache-misses                                                

      11.840824584 seconds time elapsed


 Performance counter stats for './mem-walk-no-thread':

       526,893,323 cache-misses                                                

      11.862104946 seconds time elapsed


 Performance counter stats for './mem-walk-no-thread':

       512,833,586 cache-misses                                                

      11.851296797 seconds time elapsed


 Performance counter stats for './mem-walk-no-thread':

       520,368,765 cache-misses                                                

      11.857041024 seconds time elapsed


 Performance counter stats for './mem-walk-no-thread':

       524,432,113 cache-misses                                                

      11.861806173 seconds time elapsed


 Performance counter stats for './mem-walk-no-thread':

       533,977,190 cache-misses                                                

      11.889367855 seconds time elapsed


 Performance counter stats for './mem-walk-no-thrash':

        44,037,705 cache-misses                                                

      11.917087711 seconds time elapsed


 Performance counter stats for './mem-walk-no-thrash':

        45,698,665 cache-misses                                                

      11.923576363 seconds time elapsed


 Performance counter stats for './mem-walk-no-thrash':

        45,703,686 cache-misses                                                

      11.858124071 seconds time elapsed


 Performance counter stats for './mem-walk-no-thrash':

        45,682,857 cache-misses                                                

      11.959757699 seconds time elapsed


 Performance counter stats for './mem-walk-no-thrash':

        45,562,275 cache-misses                                                

      12.292074342 seconds time elapsed


 Performance counter stats for './mem-walk-no-thrash':

        42,003,991 cache-misses                                                

      12.033636088 seconds time elapsed


 Performance counter stats for './mem-walk-no-thrash':

        44,301,453 cache-misses                                                

      12.299473903 seconds time elapsed


 Performance counter stats for './mem-walk-no-thrash':

        44,925,528 cache-misses                                                

      11.839350498 seconds time elapsed


 Performance counter stats for './mem-walk-no-thrash':

        46,129,822 cache-misses                                                

      11.961022529 seconds time elapsed


 Performance counter stats for './mem-walk-no-thrash':

        42,958,898 cache-misses                                                

      12.142839500 seconds time elapsed


 Performance counter stats for './mem-walk':

    11,847,797,572 cache-misses                                                

     128.731103853 seconds time elapsed


 Performance counter stats for './mem-walk':

    11,844,329,232 cache-misses                                                

     128.337000884 seconds time elapsed


 Performance counter stats for './mem-walk':

    12,031,519,757 cache-misses                                                

     129.782132946 seconds time elapsed


 Performance counter stats for './mem-walk':

    11,839,697,444 cache-misses                                                

     129.603949921 seconds time elapsed


 Performance counter stats for './mem-walk':

    11,683,946,567 cache-misses                                                

     127.430409971 seconds time elapsed


 Performance counter stats for './mem-walk':

    12,446,238,871 cache-misses                                                

     133.547100213 seconds time elapsed


 Performance counter stats for './mem-walk':

    12,914,595,320 cache-misses                                                

     137.653824412 seconds time elapsed


 Performance counter stats for './mem-walk':

    11,610,913,910 cache-misses                                                

     126.672001026 seconds time elapsed


 Performance counter stats for './mem-walk':

    11,262,681,301 cache-misses                                                

     124.434864841 seconds time elapsed


 Performance counter stats for './mem-walk':

    11,773,057,386 cache-misses                                                

     128.366512911 seconds time elapsed

