
 Performance counter stats for './mem-walk-no-thread-no-thrash':

         3,745,873 cache-misses                                                

       3.882917234 seconds time elapsed


 Performance counter stats for './mem-walk-no-thread-no-thrash':

         3,587,564 cache-misses                                                

       3.129241979 seconds time elapsed


 Performance counter stats for './mem-walk-no-thread-no-thrash':

         3,615,165 cache-misses                                                

       3.522274644 seconds time elapsed


 Performance counter stats for './mem-walk-no-thread-no-thrash':

         3,656,183 cache-misses                                                

       3.627714269 seconds time elapsed


 Performance counter stats for './mem-walk-no-thread-no-thrash':

         3,793,154 cache-misses                                                

       3.807413811 seconds time elapsed


 Performance counter stats for './mem-walk-no-thread-no-thrash':

         3,805,618 cache-misses                                                

       3.785011509 seconds time elapsed


 Performance counter stats for './mem-walk-no-thread-no-thrash':

         3,544,490 cache-misses                                                

       3.140561902 seconds time elapsed


 Performance counter stats for './mem-walk-no-thread-no-thrash':

         3,858,010 cache-misses                                                

       3.976493241 seconds time elapsed


 Performance counter stats for './mem-walk-no-thread-no-thrash':

         3,581,493 cache-misses                                                

       3.241462217 seconds time elapsed


 Performance counter stats for './mem-walk-no-thread-no-thrash':

         3,814,550 cache-misses                                                

       4.058467054 seconds time elapsed


 Performance counter stats for './mem-walk-no-thread':

       583,684,868 cache-misses                                                

      11.068178621 seconds time elapsed


 Performance counter stats for './mem-walk-no-thread':

       580,344,808 cache-misses                                                

      11.175812483 seconds time elapsed


 Performance counter stats for './mem-walk-no-thread':

       602,492,650 cache-misses                                                

      11.112772481 seconds time elapsed


 Performance counter stats for './mem-walk-no-thread':

       590,445,713 cache-misses                                                

      11.073477322 seconds time elapsed


 Performance counter stats for './mem-walk-no-thread':

       582,015,781 cache-misses                                                

      11.102731090 seconds time elapsed


 Performance counter stats for './mem-walk-no-thread':

       529,952,320 cache-misses                                                

      10.955586632 seconds time elapsed


 Performance counter stats for './mem-walk-no-thread':

       531,725,628 cache-misses                                                

      10.969094734 seconds time elapsed


 Performance counter stats for './mem-walk-no-thread':

       535,082,930 cache-misses                                                

      10.935870216 seconds time elapsed


 Performance counter stats for './mem-walk-no-thread':

       534,146,435 cache-misses                                                

      10.940261320 seconds time elapsed


 Performance counter stats for './mem-walk-no-thread':

       543,463,748 cache-misses                                                

      10.939057415 seconds time elapsed


 Performance counter stats for './mem-walk-no-thrash':

        21,691,455 cache-misses                                                

      11.199861989 seconds time elapsed


 Performance counter stats for './mem-walk-no-thrash':

        20,120,602 cache-misses                                                

      11.201326847 seconds time elapsed


 Performance counter stats for './mem-walk-no-thrash':

        16,227,726 cache-misses                                                

      11.209966779 seconds time elapsed


 Performance counter stats for './mem-walk-no-thrash':

        19,705,562 cache-misses                                                

      11.202143845 seconds time elapsed


 Performance counter stats for './mem-walk-no-thrash':

        21,709,137 cache-misses                                                

      11.255762930 seconds time elapsed


 Performance counter stats for './mem-walk-no-thrash':

        24,809,906 cache-misses                                                

      11.312443934 seconds time elapsed


 Performance counter stats for './mem-walk-no-thrash':

        24,434,824 cache-misses                                                

      11.251034508 seconds time elapsed


 Performance counter stats for './mem-walk-no-thrash':

        21,068,339 cache-misses                                                

      11.198965047 seconds time elapsed


 Performance counter stats for './mem-walk-no-thrash':

        25,387,904 cache-misses                                                

      11.219264665 seconds time elapsed


 Performance counter stats for './mem-walk-no-thrash':

        13,029,280 cache-misses                                                

      11.176863014 seconds time elapsed


 Performance counter stats for './mem-walk':

     3,021,201,461 cache-misses                                                

      60.400485913 seconds time elapsed


 Performance counter stats for './mem-walk':

     3,308,762,097 cache-misses                                                

      62.047638119 seconds time elapsed


 Performance counter stats for './mem-walk':

     2,988,872,221 cache-misses                                                

      59.821998441 seconds time elapsed


 Performance counter stats for './mem-walk':

     3,129,350,824 cache-misses                                                

      61.009657651 seconds time elapsed


 Performance counter stats for './mem-walk':

     3,339,999,567 cache-misses                                                

      63.062420144 seconds time elapsed


 Performance counter stats for './mem-walk':

     3,244,984,947 cache-misses                                                

      62.040485324 seconds time elapsed


 Performance counter stats for './mem-walk':

     3,247,574,358 cache-misses                                                

      62.185347756 seconds time elapsed


 Performance counter stats for './mem-walk':

     3,158,493,860 cache-misses                                                

      61.053668590 seconds time elapsed


 Performance counter stats for './mem-walk':

     3,283,600,541 cache-misses                                                

      62.018320061 seconds time elapsed


 Performance counter stats for './mem-walk':

     2,476,095,796 cache-misses                                                

      55.078723776 seconds time elapsed

