
 Performance counter stats for './mem-walk-no-thread-no-thrash':

         3,470,554 cache-misses                                                

       3.241479674 seconds time elapsed


 Performance counter stats for './mem-walk-no-thread-no-thrash':

         3,445,218 cache-misses                                                

       3.212172677 seconds time elapsed


 Performance counter stats for './mem-walk-no-thread-no-thrash':

         3,500,076 cache-misses                                                

       3.125051732 seconds time elapsed


 Performance counter stats for './mem-walk-no-thread-no-thrash':

         3,482,682 cache-misses                                                

       3.078548280 seconds time elapsed


 Performance counter stats for './mem-walk-no-thread-no-thrash':

         3,640,801 cache-misses                                                

       3.429291225 seconds time elapsed


 Performance counter stats for './mem-walk-no-thread-no-thrash':

         3,570,652 cache-misses                                                

       3.537570283 seconds time elapsed


 Performance counter stats for './mem-walk-no-thread-no-thrash':

         3,677,702 cache-misses                                                

       4.152126559 seconds time elapsed


 Performance counter stats for './mem-walk-no-thread-no-thrash':

         3,693,317 cache-misses                                                

       4.153157547 seconds time elapsed


 Performance counter stats for './mem-walk-no-thread-no-thrash':

         3,670,788 cache-misses                                                

       4.052746943 seconds time elapsed


 Performance counter stats for './mem-walk-no-thread-no-thrash':

         3,706,853 cache-misses                                                

       4.207515583 seconds time elapsed


 Performance counter stats for './mem-walk-no-thread':

       548,413,483 cache-misses                                                

      11.076170153 seconds time elapsed


 Performance counter stats for './mem-walk-no-thread':

       542,328,309 cache-misses                                                

      11.117855738 seconds time elapsed


 Performance counter stats for './mem-walk-no-thread':

       564,851,289 cache-misses                                                

      11.098304489 seconds time elapsed


 Performance counter stats for './mem-walk-no-thread':

       540,089,309 cache-misses                                                

      11.213088383 seconds time elapsed


 Performance counter stats for './mem-walk-no-thread':

       542,896,856 cache-misses                                                

      11.160940480 seconds time elapsed


 Performance counter stats for './mem-walk-no-thread':

       546,543,571 cache-misses                                                

      11.178670667 seconds time elapsed


 Performance counter stats for './mem-walk-no-thread':

       553,564,222 cache-misses                                                

      11.144458835 seconds time elapsed


 Performance counter stats for './mem-walk-no-thread':

       554,250,497 cache-misses                                                

      11.183340444 seconds time elapsed


 Performance counter stats for './mem-walk-no-thread':

       547,274,008 cache-misses                                                

      11.084997805 seconds time elapsed


 Performance counter stats for './mem-walk-no-thread':

       544,318,730 cache-misses                                                

      11.161484162 seconds time elapsed


 Performance counter stats for './mem-walk-no-thrash':

        12,612,517 cache-misses                                                

      11.266632154 seconds time elapsed


 Performance counter stats for './mem-walk-no-thrash':

        21,373,575 cache-misses                                                

      11.414938615 seconds time elapsed


 Performance counter stats for './mem-walk-no-thrash':

         5,961,297 cache-misses                                                

      11.090603700 seconds time elapsed


 Performance counter stats for './mem-walk-no-thrash':

        10,907,738 cache-misses                                                

      11.101072173 seconds time elapsed


 Performance counter stats for './mem-walk-no-thrash':

         5,972,814 cache-misses                                                

      10.988334017 seconds time elapsed


 Performance counter stats for './mem-walk-no-thrash':

         6,227,902 cache-misses                                                

      11.094081646 seconds time elapsed


 Performance counter stats for './mem-walk-no-thrash':

         5,587,432 cache-misses                                                

      11.087561568 seconds time elapsed


 Performance counter stats for './mem-walk-no-thrash':

         5,677,365 cache-misses                                                

      11.094743568 seconds time elapsed


 Performance counter stats for './mem-walk-no-thrash':

        12,562,567 cache-misses                                                

      11.122858326 seconds time elapsed


 Performance counter stats for './mem-walk-no-thrash':

         5,493,926 cache-misses                                                

      11.091383658 seconds time elapsed


 Performance counter stats for './mem-walk':

     2,413,258,978 cache-misses                                                

      56.927491036 seconds time elapsed


 Performance counter stats for './mem-walk':

     1,985,237,653 cache-misses                                                

      54.765769719 seconds time elapsed


 Performance counter stats for './mem-walk':

     1,362,527,061 cache-misses                                                

      50.912872263 seconds time elapsed


 Performance counter stats for './mem-walk':

     2,006,411,198 cache-misses                                                

      54.901157474 seconds time elapsed


 Performance counter stats for './mem-walk':

     1,496,872,868 cache-misses                                                

      51.328981353 seconds time elapsed


 Performance counter stats for './mem-walk':

     1,969,327,583 cache-misses                                                

      55.267050837 seconds time elapsed


 Performance counter stats for './mem-walk':

     1,518,665,243 cache-misses                                                

      51.779610817 seconds time elapsed


 Performance counter stats for './mem-walk':

     1,811,624,248 cache-misses                                                

      52.479191003 seconds time elapsed


 Performance counter stats for './mem-walk':

     1,517,475,112 cache-misses                                                

      52.332358163 seconds time elapsed


 Performance counter stats for './mem-walk':

     1,639,190,287 cache-misses                                                

      52.136495665 seconds time elapsed

