
 Performance counter stats for './mem-walk-no-thread-no-thrash':

         3,550,957 cache-misses                                                

       3.431996550 seconds time elapsed


 Performance counter stats for './mem-walk-no-thread-no-thrash':

         3,519,266 cache-misses                                                

       3.618423255 seconds time elapsed


 Performance counter stats for './mem-walk-no-thread-no-thrash':

         3,510,343 cache-misses                                                

       3.322209687 seconds time elapsed


 Performance counter stats for './mem-walk-no-thread-no-thrash':

         3,579,819 cache-misses                                                

       3.583341567 seconds time elapsed


 Performance counter stats for './mem-walk-no-thread-no-thrash':

         3,542,314 cache-misses                                                

       3.978530659 seconds time elapsed


 Performance counter stats for './mem-walk-no-thread-no-thrash':

         3,394,914 cache-misses                                                

       3.317380033 seconds time elapsed


 Performance counter stats for './mem-walk-no-thread-no-thrash':

         3,487,755 cache-misses                                                

       3.733468379 seconds time elapsed


 Performance counter stats for './mem-walk-no-thread-no-thrash':

         3,580,060 cache-misses                                                

       3.423898944 seconds time elapsed


 Performance counter stats for './mem-walk-no-thread-no-thrash':

         3,488,348 cache-misses                                                

       3.315523601 seconds time elapsed


 Performance counter stats for './mem-walk-no-thread-no-thrash':

         3,352,279 cache-misses                                                

       3.269187965 seconds time elapsed


 Performance counter stats for './mem-walk-no-thread':

       562,569,160 cache-misses                                                

      11.063120190 seconds time elapsed


 Performance counter stats for './mem-walk-no-thread':

       541,245,865 cache-misses                                                

      10.981079064 seconds time elapsed


 Performance counter stats for './mem-walk-no-thread':

       551,943,721 cache-misses                                                

      11.027914654 seconds time elapsed


 Performance counter stats for './mem-walk-no-thread':

       546,518,927 cache-misses                                                

      10.942741264 seconds time elapsed


 Performance counter stats for './mem-walk-no-thread':

       546,193,119 cache-misses                                                

      10.991325845 seconds time elapsed


 Performance counter stats for './mem-walk-no-thread':

       552,901,027 cache-misses                                                

      11.021925192 seconds time elapsed


 Performance counter stats for './mem-walk-no-thread':

       547,306,480 cache-misses                                                

      10.955485000 seconds time elapsed


 Performance counter stats for './mem-walk-no-thread':

       564,427,643 cache-misses                                                

      10.998768793 seconds time elapsed


 Performance counter stats for './mem-walk-no-thread':

       549,882,037 cache-misses                                                

      11.067472048 seconds time elapsed


 Performance counter stats for './mem-walk-no-thread':

       544,192,446 cache-misses                                                

      11.030499784 seconds time elapsed


 Performance counter stats for './mem-walk-no-thrash':

        23,300,874 cache-misses                                                

      11.450044894 seconds time elapsed


 Performance counter stats for './mem-walk-no-thrash':

         6,016,641 cache-misses                                                

      11.204601820 seconds time elapsed


 Performance counter stats for './mem-walk-no-thrash':

        23,603,135 cache-misses                                                

      11.235335936 seconds time elapsed


 Performance counter stats for './mem-walk-no-thrash':

         8,003,357 cache-misses                                                

      11.114461701 seconds time elapsed


 Performance counter stats for './mem-walk-no-thrash':

        19,886,477 cache-misses                                                

      11.332393264 seconds time elapsed


 Performance counter stats for './mem-walk-no-thrash':

        19,133,421 cache-misses                                                

      11.206803096 seconds time elapsed


 Performance counter stats for './mem-walk-no-thrash':

        18,786,671 cache-misses                                                

      11.244522138 seconds time elapsed


 Performance counter stats for './mem-walk-no-thrash':

        18,793,449 cache-misses                                                

      11.235711512 seconds time elapsed


 Performance counter stats for './mem-walk-no-thrash':

        23,561,832 cache-misses                                                

      11.551967484 seconds time elapsed


 Performance counter stats for './mem-walk-no-thrash':

        27,042,995 cache-misses                                                

      11.369325181 seconds time elapsed


 Performance counter stats for './mem-walk':

     1,972,755,107 cache-misses                                                

      49.397250407 seconds time elapsed


 Performance counter stats for './mem-walk':

     1,425,954,300 cache-misses                                                

      49.665528920 seconds time elapsed


 Performance counter stats for './mem-walk':

     1,778,016,318 cache-misses                                                

      51.661312722 seconds time elapsed


 Performance counter stats for './mem-walk':

     1,571,567,398 cache-misses                                                

      49.903156627 seconds time elapsed


 Performance counter stats for './mem-walk':

     1,746,771,168 cache-misses                                                

      49.602992430 seconds time elapsed


 Performance counter stats for './mem-walk':

     1,474,712,030 cache-misses                                                

      49.938950358 seconds time elapsed


 Performance counter stats for './mem-walk':

     2,192,600,095 cache-misses                                                

      53.678336245 seconds time elapsed


 Performance counter stats for './mem-walk':

     1,519,997,757 cache-misses                                                

      49.803631094 seconds time elapsed


 Performance counter stats for './mem-walk':

     1,501,721,931 cache-misses                                                

      50.353667898 seconds time elapsed


 Performance counter stats for './mem-walk':

     1,512,267,635 cache-misses                                                

      49.983496926 seconds time elapsed

