
 Performance counter stats for './mem-walk-no-thread-no-thrash':

         3,722,917 cache-misses                                                

       4.092132336 seconds time elapsed


 Performance counter stats for './mem-walk-no-thread-no-thrash':

         3,520,239 cache-misses                                                

       3.351582010 seconds time elapsed


 Performance counter stats for './mem-walk-no-thread-no-thrash':

         3,647,368 cache-misses                                                

       4.060559820 seconds time elapsed


 Performance counter stats for './mem-walk-no-thread-no-thrash':

         3,474,312 cache-misses                                                

       3.405014403 seconds time elapsed


 Performance counter stats for './mem-walk-no-thread-no-thrash':

         3,649,672 cache-misses                                                

       4.037838404 seconds time elapsed


 Performance counter stats for './mem-walk-no-thread-no-thrash':

         3,620,462 cache-misses                                                

       3.946145908 seconds time elapsed


 Performance counter stats for './mem-walk-no-thread-no-thrash':

         3,517,014 cache-misses                                                

       3.486562320 seconds time elapsed


 Performance counter stats for './mem-walk-no-thread-no-thrash':

         3,437,294 cache-misses                                                

       3.313735511 seconds time elapsed


 Performance counter stats for './mem-walk-no-thread-no-thrash':

         3,399,534 cache-misses                                                

       3.152291595 seconds time elapsed


 Performance counter stats for './mem-walk-no-thread-no-thrash':

         3,510,623 cache-misses                                                

       3.259727471 seconds time elapsed


 Performance counter stats for './mem-walk-no-thread':

       533,726,436 cache-misses                                                

      10.873787744 seconds time elapsed


 Performance counter stats for './mem-walk-no-thread':

       555,434,610 cache-misses                                                

      10.961985175 seconds time elapsed


 Performance counter stats for './mem-walk-no-thread':

       550,267,233 cache-misses                                                

      10.941347104 seconds time elapsed


 Performance counter stats for './mem-walk-no-thread':

       534,063,712 cache-misses                                                

      10.903262218 seconds time elapsed


 Performance counter stats for './mem-walk-no-thread':

       547,806,762 cache-misses                                                

      10.934857298 seconds time elapsed


 Performance counter stats for './mem-walk-no-thread':

       537,783,167 cache-misses                                                

      10.863613424 seconds time elapsed


 Performance counter stats for './mem-walk-no-thread':

       548,374,277 cache-misses                                                

      10.923076562 seconds time elapsed


 Performance counter stats for './mem-walk-no-thread':

       533,543,344 cache-misses                                                

      10.925961649 seconds time elapsed


 Performance counter stats for './mem-walk-no-thread':

       551,046,399 cache-misses                                                

      10.927969790 seconds time elapsed


 Performance counter stats for './mem-walk-no-thread':

       553,666,462 cache-misses                                                

      10.969539137 seconds time elapsed


 Performance counter stats for './mem-walk-no-thrash':

         7,538,487 cache-misses                                                

      11.117332669 seconds time elapsed


 Performance counter stats for './mem-walk-no-thrash':

         7,254,162 cache-misses                                                

      11.105021183 seconds time elapsed


 Performance counter stats for './mem-walk-no-thrash':

         7,743,881 cache-misses                                                

      11.116663880 seconds time elapsed


 Performance counter stats for './mem-walk-no-thrash':

        12,669,126 cache-misses                                                

      11.259503377 seconds time elapsed


 Performance counter stats for './mem-walk-no-thrash':

         8,113,139 cache-misses                                                

      11.119659419 seconds time elapsed


 Performance counter stats for './mem-walk-no-thrash':

        19,057,193 cache-misses                                                

      11.207885129 seconds time elapsed


 Performance counter stats for './mem-walk-no-thrash':

         9,928,809 cache-misses                                                

      11.407110684 seconds time elapsed


 Performance counter stats for './mem-walk-no-thrash':

        11,354,664 cache-misses                                                

      11.276478429 seconds time elapsed


 Performance counter stats for './mem-walk-no-thrash':

        21,699,872 cache-misses                                                

      11.298981875 seconds time elapsed


 Performance counter stats for './mem-walk-no-thrash':

        20,864,398 cache-misses                                                

      11.417317394 seconds time elapsed


 Performance counter stats for './mem-walk':

     3,205,698,623 cache-misses                                                

      62.295962396 seconds time elapsed


 Performance counter stats for './mem-walk':

     1,707,986,812 cache-misses                                                

      50.078461525 seconds time elapsed


 Performance counter stats for './mem-walk':

     1,774,124,054 cache-misses                                                

      50.762443063 seconds time elapsed


 Performance counter stats for './mem-walk':

     1,786,123,813 cache-misses                                                

      50.057312675 seconds time elapsed


 Performance counter stats for './mem-walk':

     1,777,675,702 cache-misses                                                

      49.862333008 seconds time elapsed


 Performance counter stats for './mem-walk':

     2,041,905,298 cache-misses                                                

      52.239794150 seconds time elapsed


 Performance counter stats for './mem-walk':

     2,229,275,259 cache-misses                                                

      53.350187162 seconds time elapsed


 Performance counter stats for './mem-walk':

     2,565,692,235 cache-misses                                                

      54.766695412 seconds time elapsed


 Performance counter stats for './mem-walk':

     1,796,724,182 cache-misses                                                

      50.746627633 seconds time elapsed


 Performance counter stats for './mem-walk':

     1,770,687,039 cache-misses                                                

      50.687264911 seconds time elapsed

