
 Performance counter stats for './mem-walk-no-thread-no-thrash':

         3,931,281 cache-misses                                                

       3.603127267 seconds time elapsed


 Performance counter stats for './mem-walk-no-thread-no-thrash':

         3,751,351 cache-misses                                                

       3.642051863 seconds time elapsed


 Performance counter stats for './mem-walk-no-thread-no-thrash':

         3,833,289 cache-misses                                                

       3.996107380 seconds time elapsed


 Performance counter stats for './mem-walk-no-thread-no-thrash':

         3,733,382 cache-misses                                                

       3.946195478 seconds time elapsed


 Performance counter stats for './mem-walk-no-thread-no-thrash':

         3,656,344 cache-misses                                                

       3.931097897 seconds time elapsed


 Performance counter stats for './mem-walk-no-thread':

       460,246,107 cache-misses                                                

      11.457567992 seconds time elapsed


 Performance counter stats for './mem-walk-no-thread':

       467,289,924 cache-misses                                                

      11.448199150 seconds time elapsed


 Performance counter stats for './mem-walk-no-thread':

       475,504,139 cache-misses                                                

      11.453272636 seconds time elapsed


 Performance counter stats for './mem-walk-no-thread':

       463,796,009 cache-misses                                                

      11.429032369 seconds time elapsed


 Performance counter stats for './mem-walk-no-thread':

       468,979,902 cache-misses                                                

      11.431867891 seconds time elapsed


 Performance counter stats for './mem-walk-no-thrash':

         9,996,700 cache-misses                                                

       6.116815704 seconds time elapsed


 Performance counter stats for './mem-walk-no-thrash':

        13,933,609 cache-misses                                                

       6.186706445 seconds time elapsed


 Performance counter stats for './mem-walk-no-thrash':

        14,495,250 cache-misses                                                

       6.107617828 seconds time elapsed


 Performance counter stats for './mem-walk-no-thrash':

         7,777,921 cache-misses                                                

       6.117532674 seconds time elapsed


 Performance counter stats for './mem-walk-no-thrash':

        12,484,477 cache-misses                                                

       5.986322085 seconds time elapsed


 Performance counter stats for './mem-walk':

     3,631,209,878 cache-misses                                                

      46.108223623 seconds time elapsed


 Performance counter stats for './mem-walk':

     3,745,351,566 cache-misses                                                

      47.688172090 seconds time elapsed


 Performance counter stats for './mem-walk':

     3,571,666,515 cache-misses                                                

      46.031628386 seconds time elapsed


 Performance counter stats for './mem-walk':

     3,576,752,621 cache-misses                                                

      45.834172792 seconds time elapsed


 Performance counter stats for './mem-walk':

     3,370,605,817 cache-misses                                                

      43.756722051 seconds time elapsed

