
 Performance counter stats for './mem-walk-no-thread-no-thrash':

         3,560,434 cache-misses                                                

       3.296535359 seconds time elapsed


 Performance counter stats for './mem-walk-no-thread-no-thrash':

         3,590,977 cache-misses                                                

       3.153446338 seconds time elapsed


 Performance counter stats for './mem-walk-no-thread-no-thrash':

         3,682,606 cache-misses                                                

       3.901241324 seconds time elapsed


 Performance counter stats for './mem-walk-no-thread-no-thrash':

         3,356,483 cache-misses                                                

       3.137961460 seconds time elapsed


 Performance counter stats for './mem-walk-no-thread-no-thrash':

         3,530,739 cache-misses                                                

       3.730640238 seconds time elapsed


 Performance counter stats for './mem-walk-no-thread':

       581,668,643 cache-misses                                                

      11.059811264 seconds time elapsed


 Performance counter stats for './mem-walk-no-thread':

       579,805,097 cache-misses                                                

      11.038832706 seconds time elapsed


 Performance counter stats for './mem-walk-no-thread':

       600,416,641 cache-misses                                                

      11.089327651 seconds time elapsed


 Performance counter stats for './mem-walk-no-thread':

       597,530,201 cache-misses                                                

      11.072321147 seconds time elapsed


 Performance counter stats for './mem-walk-no-thread':

       593,965,030 cache-misses                                                

      11.054190000 seconds time elapsed


 Performance counter stats for './mem-walk-no-thrash':

        14,108,272 cache-misses                                                

       5.981280858 seconds time elapsed


 Performance counter stats for './mem-walk-no-thrash':

         4,678,756 cache-misses                                                

       5.718586271 seconds time elapsed


 Performance counter stats for './mem-walk-no-thrash':

         3,857,806 cache-misses                                                

       5.706012871 seconds time elapsed


 Performance counter stats for './mem-walk-no-thrash':

         6,567,851 cache-misses                                                

       5.871896313 seconds time elapsed


 Performance counter stats for './mem-walk-no-thrash':

         7,431,236 cache-misses                                                

       5.759640092 seconds time elapsed


 Performance counter stats for './mem-walk':

     1,062,836,322 cache-misses                                                

      24.950981193 seconds time elapsed


 Performance counter stats for './mem-walk':

       774,968,598 cache-misses                                                

      25.020951749 seconds time elapsed


 Performance counter stats for './mem-walk':

       943,152,666 cache-misses                                                

      24.664634451 seconds time elapsed


 Performance counter stats for './mem-walk':

       894,714,072 cache-misses                                                

      25.306990632 seconds time elapsed


 Performance counter stats for './mem-walk':

       735,079,924 cache-misses                                                

      24.911569640 seconds time elapsed

