
 Performance counter stats for './mem-walk-no-thread-no-thrash':

         3,380,381 cache-misses                                                

       3.104645912 seconds time elapsed


 Performance counter stats for './mem-walk-no-thread-no-thrash':

         3,370,912 cache-misses                                                

       3.105745607 seconds time elapsed


 Performance counter stats for './mem-walk-no-thread-no-thrash':

         3,434,416 cache-misses                                                

       3.252865986 seconds time elapsed


 Performance counter stats for './mem-walk-no-thread-no-thrash':

         3,563,308 cache-misses                                                

       3.778915397 seconds time elapsed


 Performance counter stats for './mem-walk-no-thread-no-thrash':

         3,632,610 cache-misses                                                

       3.490750157 seconds time elapsed


 Performance counter stats for './mem-walk-no-thread-no-thrash':

         3,474,552 cache-misses                                                

       3.408403838 seconds time elapsed


 Performance counter stats for './mem-walk-no-thread-no-thrash':

         3,518,656 cache-misses                                                

       3.399770550 seconds time elapsed


 Performance counter stats for './mem-walk-no-thread-no-thrash':

         3,589,280 cache-misses                                                

       3.893771888 seconds time elapsed


 Performance counter stats for './mem-walk-no-thread-no-thrash':

         3,744,830 cache-misses                                                

       4.081988054 seconds time elapsed


 Performance counter stats for './mem-walk-no-thread-no-thrash':

         3,791,589 cache-misses                                                

       4.129072037 seconds time elapsed


 Performance counter stats for './mem-walk-no-thread':

       533,601,833 cache-misses                                                

      10.911514073 seconds time elapsed


 Performance counter stats for './mem-walk-no-thread':

       545,093,741 cache-misses                                                

      10.888449876 seconds time elapsed


 Performance counter stats for './mem-walk-no-thread':

       602,572,057 cache-misses                                                

      11.034740709 seconds time elapsed


 Performance counter stats for './mem-walk-no-thread':

       591,653,718 cache-misses                                                

      11.034868761 seconds time elapsed


 Performance counter stats for './mem-walk-no-thread':

       595,332,641 cache-misses                                                

      11.080187264 seconds time elapsed


 Performance counter stats for './mem-walk-no-thread':

       590,875,985 cache-misses                                                

      11.013907158 seconds time elapsed


 Performance counter stats for './mem-walk-no-thread':

       590,899,846 cache-misses                                                

      11.020688915 seconds time elapsed


 Performance counter stats for './mem-walk-no-thread':

       601,210,771 cache-misses                                                

      11.001084734 seconds time elapsed


 Performance counter stats for './mem-walk-no-thread':

       594,991,681 cache-misses                                                

      11.008678668 seconds time elapsed


 Performance counter stats for './mem-walk-no-thread':

       585,786,834 cache-misses                                                

      11.037159518 seconds time elapsed


 Performance counter stats for './mem-walk-no-thrash':

         6,113,731 cache-misses                                                

      11.096714402 seconds time elapsed


 Performance counter stats for './mem-walk-no-thrash':

         9,425,149 cache-misses                                                

      11.112572157 seconds time elapsed


 Performance counter stats for './mem-walk-no-thrash':

        11,736,929 cache-misses                                                

      11.986157523 seconds time elapsed


 Performance counter stats for './mem-walk-no-thrash':

        12,347,630 cache-misses                                                

      11.127062051 seconds time elapsed


 Performance counter stats for './mem-walk-no-thrash':

         5,596,559 cache-misses                                                

      11.097522673 seconds time elapsed


 Performance counter stats for './mem-walk-no-thrash':

        17,935,305 cache-misses                                                

      11.279520144 seconds time elapsed


 Performance counter stats for './mem-walk-no-thrash':

         5,618,760 cache-misses                                                

      11.080516650 seconds time elapsed


 Performance counter stats for './mem-walk-no-thrash':

         6,164,459 cache-misses                                                

      11.131331531 seconds time elapsed


 Performance counter stats for './mem-walk-no-thrash':

         9,806,166 cache-misses                                                

      11.234192292 seconds time elapsed


 Performance counter stats for './mem-walk-no-thrash':

        12,223,866 cache-misses                                                

      11.055118633 seconds time elapsed


 Performance counter stats for './mem-walk':

     1,562,774,995 cache-misses                                                

      50.880870955 seconds time elapsed


 Performance counter stats for './mem-walk':

     1,782,297,633 cache-misses                                                

      51.943227497 seconds time elapsed


 Performance counter stats for './mem-walk':

     3,171,741,651 cache-misses                                                

      60.939370671 seconds time elapsed


 Performance counter stats for './mem-walk':

     1,956,803,088 cache-misses                                                

      54.224386538 seconds time elapsed


 Performance counter stats for './mem-walk':

     1,744,997,039 cache-misses                                                

      51.953769893 seconds time elapsed


 Performance counter stats for './mem-walk':

     1,651,450,646 cache-misses                                                

      52.468976323 seconds time elapsed


 Performance counter stats for './mem-walk':

     1,323,205,686 cache-misses                                                

      50.371275839 seconds time elapsed


 Performance counter stats for './mem-walk':

     1,292,986,797 cache-misses                                                

      50.113159045 seconds time elapsed


 Performance counter stats for './mem-walk':

     1,764,511,081 cache-misses                                                

      52.268651868 seconds time elapsed


 Performance counter stats for './mem-walk':

     2,838,299,054 cache-misses                                                

      58.830366866 seconds time elapsed

