
 Performance counter stats for './mem-walk-no-thread-no-thrash':

         3,648,809 cache-misses                                                

       4.202084781 seconds time elapsed


 Performance counter stats for './mem-walk-no-thread-no-thrash':

         3,484,357 cache-misses                                                

       3.431357193 seconds time elapsed


 Performance counter stats for './mem-walk-no-thread-no-thrash':

         3,396,098 cache-misses                                                

       3.143943577 seconds time elapsed


 Performance counter stats for './mem-walk-no-thread-no-thrash':

         3,606,494 cache-misses                                                

       3.908783196 seconds time elapsed


 Performance counter stats for './mem-walk-no-thread-no-thrash':

         3,399,225 cache-misses                                                

       3.426065532 seconds time elapsed


 Performance counter stats for './mem-walk-no-thread-no-thrash':

         3,431,952 cache-misses                                                

       3.507692493 seconds time elapsed


 Performance counter stats for './mem-walk-no-thread-no-thrash':

         3,471,831 cache-misses                                                

       3.486150245 seconds time elapsed


 Performance counter stats for './mem-walk-no-thread-no-thrash':

         3,313,191 cache-misses                                                

       3.151230532 seconds time elapsed


 Performance counter stats for './mem-walk-no-thread-no-thrash':

         3,619,408 cache-misses                                                

       3.995932889 seconds time elapsed


 Performance counter stats for './mem-walk-no-thread-no-thrash':

         3,660,419 cache-misses                                                

       3.802325675 seconds time elapsed


 Performance counter stats for './mem-walk-no-thread':

       580,623,822 cache-misses                                                

      11.099705624 seconds time elapsed


 Performance counter stats for './mem-walk-no-thread':

       580,399,389 cache-misses                                                

      11.074820297 seconds time elapsed


 Performance counter stats for './mem-walk-no-thread':

       580,746,806 cache-misses                                                

      11.099470395 seconds time elapsed


 Performance counter stats for './mem-walk-no-thread':

       542,012,934 cache-misses                                                

      10.915617414 seconds time elapsed


 Performance counter stats for './mem-walk-no-thread':

       564,086,615 cache-misses                                                

      10.989559104 seconds time elapsed


 Performance counter stats for './mem-walk-no-thread':

       559,717,278 cache-misses                                                

      10.943028004 seconds time elapsed


 Performance counter stats for './mem-walk-no-thread':

       559,532,914 cache-misses                                                

      10.957439933 seconds time elapsed


 Performance counter stats for './mem-walk-no-thread':

       554,590,343 cache-misses                                                

      10.917463668 seconds time elapsed


 Performance counter stats for './mem-walk-no-thread':

       548,763,047 cache-misses                                                

      10.947663715 seconds time elapsed


 Performance counter stats for './mem-walk-no-thread':

       538,591,494 cache-misses                                                

      10.892247334 seconds time elapsed


 Performance counter stats for './mem-walk-no-thrash':

         9,771,618 cache-misses                                                

      11.158803927 seconds time elapsed


 Performance counter stats for './mem-walk-no-thrash':

        17,181,633 cache-misses                                                

      11.170393972 seconds time elapsed


 Performance counter stats for './mem-walk-no-thrash':

         8,727,699 cache-misses                                                

      11.147432284 seconds time elapsed


 Performance counter stats for './mem-walk-no-thrash':

        21,547,022 cache-misses                                                

      11.362812788 seconds time elapsed


 Performance counter stats for './mem-walk-no-thrash':

        25,769,859 cache-misses                                                

      11.338570594 seconds time elapsed


 Performance counter stats for './mem-walk-no-thrash':

        30,064,173 cache-misses                                                

      11.366182753 seconds time elapsed


 Performance counter stats for './mem-walk-no-thrash':

         8,265,577 cache-misses                                                

      11.142510322 seconds time elapsed


 Performance counter stats for './mem-walk-no-thrash':

        21,571,790 cache-misses                                                

      11.185340661 seconds time elapsed


 Performance counter stats for './mem-walk-no-thrash':

        24,683,012 cache-misses                                                

      11.216844973 seconds time elapsed


 Performance counter stats for './mem-walk-no-thrash':

        28,541,339 cache-misses                                                

      11.437921570 seconds time elapsed


 Performance counter stats for './mem-walk':

     1,924,490,007 cache-misses                                                

      50.041262886 seconds time elapsed


 Performance counter stats for './mem-walk':

     1,805,220,551 cache-misses                                                

      49.590010552 seconds time elapsed


 Performance counter stats for './mem-walk':

     2,688,462,982 cache-misses                                                

      55.690439215 seconds time elapsed


 Performance counter stats for './mem-walk':

     1,620,572,016 cache-misses                                                

      49.775587494 seconds time elapsed


 Performance counter stats for './mem-walk':

     1,944,348,288 cache-misses                                                

      48.910925012 seconds time elapsed


 Performance counter stats for './mem-walk':

     2,181,194,251 cache-misses                                                

      50.364409196 seconds time elapsed


 Performance counter stats for './mem-walk':

     1,785,560,225 cache-misses                                                

      49.407421842 seconds time elapsed


 Performance counter stats for './mem-walk':

     1,702,751,041 cache-misses                                                

      50.072326007 seconds time elapsed


 Performance counter stats for './mem-walk':

     1,683,613,689 cache-misses                                                

      49.938556988 seconds time elapsed


 Performance counter stats for './mem-walk':

     1,923,539,792 cache-misses                                                

      53.213378017 seconds time elapsed

