
 Performance counter stats for './mem-walk-no-thread-no-thrash':

         3,611,186 cache-misses                                                

       3.763092643 seconds time elapsed


 Performance counter stats for './mem-walk-no-thread-no-thrash':

         3,434,180 cache-misses                                                

       3.198434702 seconds time elapsed


 Performance counter stats for './mem-walk-no-thread-no-thrash':

         3,620,434 cache-misses                                                

       3.906387773 seconds time elapsed


 Performance counter stats for './mem-walk-no-thread-no-thrash':

         3,436,883 cache-misses                                                

       3.204282911 seconds time elapsed


 Performance counter stats for './mem-walk-no-thread-no-thrash':

         3,738,384 cache-misses                                                

       4.125371615 seconds time elapsed


 Performance counter stats for './mem-walk-no-thread-no-thrash':

         3,786,909 cache-misses                                                

       4.163957155 seconds time elapsed


 Performance counter stats for './mem-walk-no-thread-no-thrash':

         3,446,082 cache-misses                                                

       3.263969276 seconds time elapsed


 Performance counter stats for './mem-walk-no-thread-no-thrash':

         3,871,602 cache-misses                                                

       4.172183991 seconds time elapsed


 Performance counter stats for './mem-walk-no-thread-no-thrash':

         3,578,626 cache-misses                                                

       3.821862556 seconds time elapsed


 Performance counter stats for './mem-walk-no-thread-no-thrash':

         3,714,485 cache-misses                                                

       3.587677607 seconds time elapsed


 Performance counter stats for './mem-walk-no-thread':

       599,632,960 cache-misses                                                

      11.119075981 seconds time elapsed


 Performance counter stats for './mem-walk-no-thread':

       584,126,427 cache-misses                                                

      11.062927107 seconds time elapsed


 Performance counter stats for './mem-walk-no-thread':

       595,546,561 cache-misses                                                

      11.104693613 seconds time elapsed


 Performance counter stats for './mem-walk-no-thread':

       604,058,756 cache-misses                                                

      11.165520959 seconds time elapsed


 Performance counter stats for './mem-walk-no-thread':

       592,668,580 cache-misses                                                

      11.119269966 seconds time elapsed


 Performance counter stats for './mem-walk-no-thread':

       586,499,868 cache-misses                                                

      11.090797236 seconds time elapsed


 Performance counter stats for './mem-walk-no-thread':

       592,854,307 cache-misses                                                

      11.067484035 seconds time elapsed


 Performance counter stats for './mem-walk-no-thread':

       606,523,081 cache-misses                                                

      11.070972770 seconds time elapsed


 Performance counter stats for './mem-walk-no-thread':

       586,205,674 cache-misses                                                

      11.074752401 seconds time elapsed


 Performance counter stats for './mem-walk-no-thread':

       595,360,217 cache-misses                                                

      11.093135276 seconds time elapsed


 Performance counter stats for './mem-walk-no-thrash':

        20,123,721 cache-misses                                                

      11.221250245 seconds time elapsed


 Performance counter stats for './mem-walk-no-thrash':

         5,712,091 cache-misses                                                

      10.998604449 seconds time elapsed


 Performance counter stats for './mem-walk-no-thrash':

         5,310,723 cache-misses                                                

      11.099236193 seconds time elapsed


 Performance counter stats for './mem-walk-no-thrash':

        19,784,915 cache-misses                                                

      11.328633889 seconds time elapsed


 Performance counter stats for './mem-walk-no-thrash':

         5,780,386 cache-misses                                                

      11.092160462 seconds time elapsed


 Performance counter stats for './mem-walk-no-thrash':

        24,163,754 cache-misses                                                

      11.429412939 seconds time elapsed


 Performance counter stats for './mem-walk-no-thrash':

         5,707,171 cache-misses                                                

      11.097871264 seconds time elapsed


 Performance counter stats for './mem-walk-no-thrash':

         9,466,212 cache-misses                                                

      11.230557062 seconds time elapsed


 Performance counter stats for './mem-walk-no-thrash':

         5,346,689 cache-misses                                                

      10.994643131 seconds time elapsed


 Performance counter stats for './mem-walk-no-thrash':

        11,781,734 cache-misses                                                

      11.389765667 seconds time elapsed


 Performance counter stats for './mem-walk':

     1,689,234,659 cache-misses                                                

      49.350051874 seconds time elapsed


 Performance counter stats for './mem-walk':

     1,953,788,348 cache-misses                                                

      50.296360011 seconds time elapsed


 Performance counter stats for './mem-walk':

     1,862,391,669 cache-misses                                                

      51.647298149 seconds time elapsed


 Performance counter stats for './mem-walk':

     1,514,437,359 cache-misses                                                

      49.186781064 seconds time elapsed


 Performance counter stats for './mem-walk':

     1,718,118,101 cache-misses                                                

      50.157767784 seconds time elapsed


 Performance counter stats for './mem-walk':

     1,982,697,429 cache-misses                                                

      51.275017483 seconds time elapsed


 Performance counter stats for './mem-walk':

     1,652,965,342 cache-misses                                                

      49.857950827 seconds time elapsed


 Performance counter stats for './mem-walk':

     1,800,732,137 cache-misses                                                

      49.786226109 seconds time elapsed


 Performance counter stats for './mem-walk':

     1,692,287,423 cache-misses                                                

      49.615501649 seconds time elapsed


 Performance counter stats for './mem-walk':

     1,858,294,189 cache-misses                                                

      50.495048646 seconds time elapsed

