
 Performance counter stats for './mem-walk-no-thread-no-thrash':

         4,257,077 cache-misses                                                

       3.431938749 seconds time elapsed


 Performance counter stats for './mem-walk-no-thread-no-thrash':

         6,167,797 cache-misses                                                

       4.172781126 seconds time elapsed


 Performance counter stats for './mem-walk-no-thread-no-thrash':

         5,655,024 cache-misses                                                

       4.267084674 seconds time elapsed


 Performance counter stats for './mem-walk-no-thread-no-thrash':

         4,613,849 cache-misses                                                

       3.825285127 seconds time elapsed


 Performance counter stats for './mem-walk-no-thread-no-thrash':

         4,449,105 cache-misses                                                

       3.540343839 seconds time elapsed


 Performance counter stats for './mem-walk-no-thread':

       540,868,794 cache-misses                                                

      11.205838515 seconds time elapsed


 Performance counter stats for './mem-walk-no-thread':

       553,461,572 cache-misses                                                

      11.251364797 seconds time elapsed


 Performance counter stats for './mem-walk-no-thread':

       527,746,953 cache-misses                                                

      11.218016715 seconds time elapsed


 Performance counter stats for './mem-walk-no-thread':

       529,697,721 cache-misses                                                

      11.198562449 seconds time elapsed


 Performance counter stats for './mem-walk-no-thread':

       546,188,889 cache-misses                                                

      11.228070753 seconds time elapsed


 Performance counter stats for './mem-walk-no-thrash':

        16,592,332 cache-misses                                                

       6.123877476 seconds time elapsed


 Performance counter stats for './mem-walk-no-thrash':

        15,450,590 cache-misses                                                

       6.273472188 seconds time elapsed


 Performance counter stats for './mem-walk-no-thrash':

        17,052,619 cache-misses                                                

       6.033239862 seconds time elapsed


 Performance counter stats for './mem-walk-no-thrash':

        16,449,946 cache-misses                                                

       6.259867028 seconds time elapsed


 Performance counter stats for './mem-walk-no-thrash':

        15,516,647 cache-misses                                                

       6.268451833 seconds time elapsed


 Performance counter stats for './mem-walk':

     3,302,428,269 cache-misses                                                

      44.766232560 seconds time elapsed


 Performance counter stats for './mem-walk':

       810,744,300 cache-misses                                                

      25.219390847 seconds time elapsed


 Performance counter stats for './mem-walk':

       779,361,874 cache-misses                                                

      25.130323482 seconds time elapsed


 Performance counter stats for './mem-walk':

       728,138,192 cache-misses                                                

      24.781138615 seconds time elapsed


 Performance counter stats for './mem-walk':

       680,393,016 cache-misses                                                

      25.022986664 seconds time elapsed

