------------------------------------------------------------
Server listening on UDP port 5001
Receiving 1470 byte datagrams
UDP buffer size:  208 KByte (default)
------------------------------------------------------------
------------------------------------------------------------
Client connecting to 2.0.0.2, UDP port 5001
Sending 1470 byte datagrams
UDP buffer size:  208 KByte (default)
------------------------------------------------------------
[  5] local 1.0.0.1 port 37623 connected with 2.0.0.2 port 5001
[  3] local 1.0.0.1 port 5001 connected with 2.0.0.2 port 44951
[ ID] Interval       Transfer     Bandwidth        Jitter   Lost/Total Datagrams
[  3]  0.0- 1.0 sec  56.9 MBytes   477 Mbits/sec   0.345 ms 28539/69129 (41%)
[  5]  0.0- 1.0 sec  57.7 MBytes   484 Mbits/sec
[  5]  1.0- 2.0 sec  48.1 MBytes   403 Mbits/sec
[  3]  1.0- 2.0 sec  48.8 MBytes   409 Mbits/sec   0.019 ms 34213/69008 (50%)
[  3]  2.0- 3.0 sec  48.2 MBytes   405 Mbits/sec   0.015 ms 34912/69315 (50%)
[  5]  2.0- 3.0 sec  48.8 MBytes   409 Mbits/sec
[  5]  3.0- 4.0 sec  48.2 MBytes   404 Mbits/sec
[  3]  3.0- 4.0 sec  48.6 MBytes   408 Mbits/sec   0.022 ms 34225/68924 (50%)
[  3]  4.0- 5.0 sec  48.3 MBytes   405 Mbits/sec   0.019 ms 34914/69389 (50%)
[  5]  4.0- 5.0 sec  48.7 MBytes   408 Mbits/sec
[  5]  5.0- 6.0 sec  48.3 MBytes   405 Mbits/sec
[  3]  5.0- 6.0 sec  48.5 MBytes   407 Mbits/sec   0.017 ms 34215/68842 (50%)
[  3]  6.0- 7.0 sec  48.5 MBytes   407 Mbits/sec   0.013 ms 34911/69481 (50%)
[  5]  6.0- 7.0 sec  48.6 MBytes   408 Mbits/sec
[  5]  7.0- 8.0 sec  48.4 MBytes   406 Mbits/sec
[  3]  7.0- 8.0 sec  48.4 MBytes   406 Mbits/sec   0.036 ms 34223/68755 (50%)
[  3]  8.0- 9.0 sec  48.6 MBytes   408 Mbits/sec   0.017 ms 34902/69555 (50%)
[  5]  8.0- 9.0 sec  48.5 MBytes   407 Mbits/sec
[  5]  9.0-10.0 sec  48.5 MBytes   407 Mbits/sec
[  3]  9.0-10.0 sec  48.3 MBytes   405 Mbits/sec   0.026 ms 34216/68665 (50%)
[  3] 10.0-11.0 sec  48.7 MBytes   409 Mbits/sec   0.020 ms 34910/69653 (50%)
[  5] 10.0-11.0 sec  48.4 MBytes   406 Mbits/sec
[  5] 11.0-12.0 sec  48.7 MBytes   408 Mbits/sec
[  3] 11.0-12.0 sec  48.2 MBytes   404 Mbits/sec   0.024 ms 34215/68574 (50%)
[  3] 12.0-13.0 sec  48.8 MBytes   410 Mbits/sec   0.017 ms 34909/69734 (50%)
[  5] 12.0-13.0 sec  48.2 MBytes   404 Mbits/sec
[  5] 13.0-14.0 sec  48.8 MBytes   409 Mbits/sec
[  3] 13.0-14.0 sec  48.1 MBytes   403 Mbits/sec   0.018 ms 34217/68494 (50%)
[  3] 14.0-15.0 sec  48.8 MBytes   409 Mbits/sec   0.057 ms 34921/69715 (50%)
[  5] 14.0-15.0 sec  48.1 MBytes   403 Mbits/sec
[  3] 15.0-16.0 sec  48.1 MBytes   403 Mbits/sec   0.019 ms 34203/68511 (50%)
[  5] 15.0-16.0 sec  48.9 MBytes   410 Mbits/sec
[  3] 16.0-17.0 sec  48.9 MBytes   410 Mbits/sec   0.017 ms 34911/69795 (50%)
[  5] 16.0-17.0 sec  47.9 MBytes   402 Mbits/sec
[  3] 17.0-18.0 sec  48.0 MBytes   402 Mbits/sec   0.013 ms 34217/68435 (50%)
[  5] 17.0-18.0 sec  48.9 MBytes   410 Mbits/sec
[  5] 18.0-19.0 sec  47.9 MBytes   402 Mbits/sec
[  3] 18.0-19.0 sec  48.9 MBytes   410 Mbits/sec   0.026 ms 34910/69810 (50%)
[  3] 19.0-20.0 sec  48.1 MBytes   403 Mbits/sec   0.321 ms 34915/69222 (50%)
[  5] 19.0-20.0 sec  48.9 MBytes   410 Mbits/sec
[  5] 20.0-21.0 sec  48.1 MBytes   403 Mbits/sec
[  3] 20.0-21.0 sec  48.8 MBytes   409 Mbits/sec   0.027 ms 34211/69006 (50%)
[  3] 21.0-22.0 sec  48.2 MBytes   404 Mbits/sec   0.017 ms 34922/69312 (50%)
[  5] 21.0-22.0 sec  48.8 MBytes   409 Mbits/sec
[  5] 22.0-23.0 sec  48.1 MBytes   404 Mbits/sec
[  3] 22.0-23.0 sec  48.7 MBytes   408 Mbits/sec   0.023 ms 34204/68916 (50%)
[  3] 23.0-24.0 sec  48.3 MBytes   406 Mbits/sec   0.017 ms 34915/69401 (50%)
[  5] 23.0-24.0 sec  48.8 MBytes   409 Mbits/sec
[  5] 24.0-25.0 sec  48.3 MBytes   405 Mbits/sec
[  3] 24.0-25.0 sec  48.5 MBytes   407 Mbits/sec   0.024 ms 34209/68825 (50%)
[  3] 25.0-26.0 sec  48.5 MBytes   407 Mbits/sec   0.013 ms 34915/69485 (50%)
[  5] 25.0-26.0 sec  48.6 MBytes   408 Mbits/sec
[  5] 26.0-27.0 sec  48.4 MBytes   406 Mbits/sec
[  3] 26.0-27.0 sec  48.4 MBytes   406 Mbits/sec   0.017 ms 34212/68744 (50%)
[  3] 27.0-28.0 sec  48.6 MBytes   407 Mbits/sec   0.013 ms 34915/69557 (50%)
[  5] 27.0-28.0 sec  48.5 MBytes   407 Mbits/sec
[  5] 28.0-29.0 sec  48.5 MBytes   407 Mbits/sec
[  3] 28.0-29.0 sec  48.3 MBytes   405 Mbits/sec   0.024 ms 34211/68671 (50%)
[  3] 29.0-30.0 sec  48.5 MBytes   407 Mbits/sec   0.063 ms 34913/69537 (50%)
[  5] 29.0-30.0 sec  48.3 MBytes   406 Mbits/sec
[  5] 30.0-31.0 sec  48.7 MBytes   408 Mbits/sec
[  3] 30.0-31.0 sec  48.3 MBytes   405 Mbits/sec   0.020 ms 34222/68700 (50%)
[  3] 31.0-32.0 sec  48.6 MBytes   408 Mbits/sec   0.013 ms 34913/69614 (50%)
[  5] 31.0-32.0 sec  48.2 MBytes   404 Mbits/sec
[  5] 32.0-33.0 sec  48.8 MBytes   409 Mbits/sec
[  3] 32.0-33.0 sec  48.2 MBytes   405 Mbits/sec   0.023 ms 34219/68620 (50%)
[  3] 33.0-34.0 sec  48.8 MBytes   409 Mbits/sec   0.014 ms 34911/69699 (50%)
[  5] 33.0-34.0 sec  48.1 MBytes   403 Mbits/sec
[  3] 34.0-35.0 sec  48.1 MBytes   404 Mbits/sec   0.023 ms 34214/68528 (50%)
[  5] 34.0-35.0 sec  48.9 MBytes   410 Mbits/sec
[  3] 35.0-36.0 sec  48.9 MBytes   410 Mbits/sec   0.016 ms 34911/69786 (50%)
[  5] 35.0-36.0 sec  47.9 MBytes   402 Mbits/sec
[  3] 36.0-37.0 sec  48.0 MBytes   403 Mbits/sec   0.023 ms 34213/68440 (50%)
[  5] 36.0-37.0 sec  48.9 MBytes   410 Mbits/sec
[  5] 37.0-38.0 sec  47.9 MBytes   402 Mbits/sec
[  3] 37.0-38.0 sec  48.9 MBytes   410 Mbits/sec   0.024 ms 34913/69813 (50%)
[  3] 38.0-39.0 sec  48.1 MBytes   404 Mbits/sec   0.157 ms 34911/69230 (50%)
[  5] 38.0-39.0 sec  48.9 MBytes   410 Mbits/sec
[  5] 39.0-40.0 sec  48.1 MBytes   403 Mbits/sec
[  3] 39.0-40.0 sec  48.8 MBytes   409 Mbits/sec   0.023 ms 34215/68998 (50%)
[  3] 40.0-41.0 sec  48.2 MBytes   404 Mbits/sec   0.018 ms 34922/69315 (50%)
[  5] 40.0-41.0 sec  48.8 MBytes   409 Mbits/sec
[  5] 41.0-42.0 sec  48.2 MBytes   404 Mbits/sec
[  3] 41.0-42.0 sec  48.7 MBytes   408 Mbits/sec   0.018 ms 34207/68916 (50%)
[  3] 42.0-43.0 sec  48.3 MBytes   405 Mbits/sec   0.016 ms 34922/69361 (50%)
[  5] 42.0-43.0 sec  48.7 MBytes   408 Mbits/sec
[  5] 43.0-44.0 sec  48.3 MBytes   405 Mbits/sec
[  3] 43.0-44.0 sec  48.6 MBytes   408 Mbits/sec   0.021 ms 34215/68878 (50%)
[  3] 44.0-45.0 sec  48.3 MBytes   405 Mbits/sec   0.029 ms 34910/69352 (50%)
[  5] 44.0-45.0 sec  48.6 MBytes   408 Mbits/sec
[  5] 45.0-46.0 sec  48.4 MBytes   406 Mbits/sec
[  3] 45.0-46.0 sec  48.6 MBytes   408 Mbits/sec   0.020 ms 34211/68871 (50%)
[  3] 46.0-47.0 sec  48.4 MBytes   406 Mbits/sec   0.019 ms 34915/69446 (50%)
[  5] 46.0-47.0 sec  48.5 MBytes   407 Mbits/sec
[  5] 47.0-48.0 sec  48.5 MBytes   407 Mbits/sec
[  3] 47.0-48.0 sec  48.5 MBytes   407 Mbits/sec   0.018 ms 34216/68787 (50%)
[  3] 48.0-49.0 sec  48.5 MBytes   407 Mbits/sec   0.022 ms 34910/69529 (50%)
[  5] 48.0-49.0 sec  48.3 MBytes   406 Mbits/sec
[  5] 49.0-50.0 sec  48.7 MBytes   408 Mbits/sec
[  3] 49.0-50.0 sec  48.3 MBytes   406 Mbits/sec   0.025 ms 34215/68698 (50%)
[  3] 50.0-51.0 sec  48.7 MBytes   408 Mbits/sec   0.019 ms 34923/69626 (50%)
[  5] 50.0-51.0 sec  48.2 MBytes   404 Mbits/sec
[  5] 51.0-52.0 sec  48.8 MBytes   409 Mbits/sec
[  3] 51.0-52.0 sec  48.2 MBytes   405 Mbits/sec   0.024 ms 34212/68611 (50%)
[  3] 52.0-53.0 sec  48.8 MBytes   409 Mbits/sec   0.018 ms 34914/69704 (50%)
[  5] 52.0-53.0 sec  48.1 MBytes   403 Mbits/sec
[  3] 53.0-54.0 sec  48.1 MBytes   404 Mbits/sec   0.019 ms 34215/68527 (50%)
[  5] 53.0-54.0 sec  48.9 MBytes   410 Mbits/sec
[  3] 54.0-55.0 sec  48.9 MBytes   410 Mbits/sec   0.016 ms 34900/69797 (50%)
[  5] 54.0-55.0 sec  47.9 MBytes   402 Mbits/sec
[  3] 55.0-56.0 sec  48.0 MBytes   402 Mbits/sec   0.023 ms 34202/68407 (50%)
[  5] 55.0-56.0 sec  48.9 MBytes   410 Mbits/sec
[  5] 56.0-57.0 sec  47.9 MBytes   402 Mbits/sec
[  3] 56.0-57.0 sec  48.9 MBytes   410 Mbits/sec   0.024 ms 34900/69800 (50%)
[  3] 57.0-58.0 sec  48.1 MBytes   403 Mbits/sec   0.013 ms 34202/68497 (50%)
[  5] 57.0-58.0 sec  48.9 MBytes   410 Mbits/sec
[  5] 58.0-59.0 sec  48.0 MBytes   403 Mbits/sec
[  3] 58.0-59.0 sec  48.8 MBytes   409 Mbits/sec   0.022 ms 34900/69707 (50%)
[  3] 59.0-60.0 sec  48.2 MBytes   404 Mbits/sec   0.031 ms 34900/69259 (50%)
[  5] 59.0-60.0 sec  48.9 MBytes   410 Mbits/sec
[  5] 60.0-61.0 sec  48.1 MBytes   404 Mbits/sec
[  3] 60.0-61.0 sec  48.7 MBytes   409 Mbits/sec   0.024 ms 34202/68945 (50%)
[  3] 61.0-62.0 sec  48.3 MBytes   405 Mbits/sec   0.020 ms 34904/69372 (50%)
[  5] 61.0-62.0 sec  48.8 MBytes   409 Mbits/sec
[  5] 62.0-63.0 sec  48.2 MBytes   405 Mbits/sec
[  3] 62.0-63.0 sec  48.6 MBytes   407 Mbits/sec   0.020 ms 34212/68846 (50%)
[  3] 63.0-64.0 sec  48.4 MBytes   406 Mbits/sec   0.017 ms 34913/69471 (50%)
[  5] 63.0-64.0 sec  48.6 MBytes   408 Mbits/sec
[  5] 64.0-65.0 sec  48.4 MBytes   406 Mbits/sec
[  3] 64.0-65.0 sec  48.4 MBytes   406 Mbits/sec   0.020 ms 34215/68759 (50%)
[  3] 65.0-66.0 sec  48.6 MBytes   408 Mbits/sec   0.016 ms 34912/69566 (50%)
[  5] 65.0-66.0 sec  48.5 MBytes   407 Mbits/sec
[  5] 66.0-67.0 sec  48.6 MBytes   407 Mbits/sec
[  3] 66.0-67.0 sec  48.3 MBytes   405 Mbits/sec   0.022 ms 34222/68670 (50%)
[  3] 67.0-68.0 sec  48.7 MBytes   409 Mbits/sec   0.017 ms 34904/69652 (50%)
[  5] 67.0-68.0 sec  48.3 MBytes   405 Mbits/sec
[  5] 68.0-69.0 sec  48.7 MBytes   408 Mbits/sec
[  3] 68.0-69.0 sec  48.2 MBytes   404 Mbits/sec   0.019 ms 34213/68567 (50%)
[  3] 69.0-70.0 sec  48.8 MBytes   410 Mbits/sec   0.049 ms 34909/69742 (50%)
[  5] 69.0-70.0 sec  48.2 MBytes   404 Mbits/sec
[  5] 70.0-71.0 sec  48.8 MBytes   409 Mbits/sec
[  3] 70.0-71.0 sec  48.0 MBytes   403 Mbits/sec   0.043 ms 34217/68486 (50%)
[  3] 71.0-72.0 sec  48.9 MBytes   410 Mbits/sec   0.015 ms 34912/69782 (50%)
[  5] 71.0-72.0 sec  48.1 MBytes   403 Mbits/sec
[  3] 72.0-73.0 sec  48.0 MBytes   403 Mbits/sec   0.022 ms 34217/68449 (50%)
[  5] 72.0-73.0 sec  48.9 MBytes   410 Mbits/sec
[  3] 73.0-74.0 sec  48.9 MBytes   410 Mbits/sec   0.019 ms 34909/69795 (50%)
[  5] 73.0-74.0 sec  47.9 MBytes   402 Mbits/sec
[  3] 74.0-75.0 sec  48.0 MBytes   402 Mbits/sec   0.014 ms 34214/68430 (50%)
[  5] 74.0-75.0 sec  48.9 MBytes   410 Mbits/sec
[  5] 75.0-76.0 sec  47.9 MBytes   402 Mbits/sec
[  3] 75.0-76.0 sec  48.9 MBytes   410 Mbits/sec   0.011 ms 34915/69815 (50%)
[  3] 76.0-77.0 sec  48.1 MBytes   403 Mbits/sec   0.329 ms 34918/69225 (50%)
[  5] 76.0-77.0 sec  48.9 MBytes   410 Mbits/sec
[  5] 77.0-78.0 sec  48.0 MBytes   403 Mbits/sec
[  3] 77.0-78.0 sec  48.8 MBytes   409 Mbits/sec   0.024 ms 34213/69008 (50%)
[  3] 78.0-79.0 sec  48.2 MBytes   405 Mbits/sec   0.017 ms 34903/69306 (50%)
[  5] 78.0-79.0 sec  48.9 MBytes   410 Mbits/sec
[  5] 79.0-80.0 sec  48.2 MBytes   404 Mbits/sec
[  3] 79.0-80.0 sec  48.6 MBytes   408 Mbits/sec   0.026 ms 34223/68922 (50%)
[  3] 80.0-81.0 sec  48.3 MBytes   406 Mbits/sec   0.016 ms 34904/69390 (50%)
[  5] 80.0-81.0 sec  48.7 MBytes   408 Mbits/sec
[  5] 81.0-82.0 sec  48.3 MBytes   405 Mbits/sec
[  3] 81.0-82.0 sec  48.5 MBytes   407 Mbits/sec   0.025 ms 34210/68826 (50%)
[  3] 82.0-83.0 sec  48.5 MBytes   407 Mbits/sec   0.017 ms 34915/69485 (50%)
[  5] 82.0-83.0 sec  48.6 MBytes   408 Mbits/sec
[  5] 83.0-84.0 sec  48.4 MBytes   406 Mbits/sec
[  3] 83.0-84.0 sec  48.4 MBytes   406 Mbits/sec   0.013 ms 34214/68746 (50%)
[  3] 84.0-85.0 sec  48.6 MBytes   408 Mbits/sec   0.017 ms 34910/69564 (50%)
[  5] 84.0-85.0 sec  48.5 MBytes   407 Mbits/sec
[  5] 85.0-86.0 sec  48.5 MBytes   407 Mbits/sec
[  3] 85.0-86.0 sec  48.3 MBytes   405 Mbits/sec   0.024 ms 34215/68663 (50%)
[  3] 86.0-87.0 sec  48.6 MBytes   408 Mbits/sec   0.019 ms 34921/69604 (50%)
[  5] 86.0-87.0 sec  48.3 MBytes   406 Mbits/sec
[  5] 87.0-88.0 sec  48.7 MBytes   408 Mbits/sec
[  3] 87.0-88.0 sec  48.3 MBytes   405 Mbits/sec   0.018 ms 34215/68634 (50%)
[  3] 88.0-89.0 sec  48.6 MBytes   408 Mbits/sec   0.015 ms 34905/69606 (50%)
[  5] 88.0-89.0 sec  48.2 MBytes   404 Mbits/sec
[  5] 89.0-90.0 sec  48.8 MBytes   409 Mbits/sec
[  3] 89.0-90.0 sec  48.2 MBytes   405 Mbits/sec   0.022 ms 34214/68615 (50%)
[  3] 90.0-91.0 sec  48.8 MBytes   409 Mbits/sec   0.019 ms 34914/69711 (50%)
[  5] 90.0-91.0 sec  48.1 MBytes   403 Mbits/sec
[  3] 91.0-92.0 sec  48.1 MBytes   403 Mbits/sec   0.014 ms 34214/68519 (50%)
[  5] 91.0-92.0 sec  48.9 MBytes   410 Mbits/sec
[  3] 92.0-93.0 sec  48.9 MBytes   410 Mbits/sec   0.018 ms 34920/69793 (50%)
[  5] 92.0-93.0 sec  47.9 MBytes   402 Mbits/sec
[  3] 93.0-94.0 sec  48.0 MBytes   403 Mbits/sec   0.021 ms 34216/68445 (50%)
[  5] 93.0-94.0 sec  48.9 MBytes   410 Mbits/sec
[  5] 94.0-95.0 sec  47.9 MBytes   402 Mbits/sec
[  3] 94.0-95.0 sec  48.9 MBytes   410 Mbits/sec   0.023 ms 34908/69808 (50%)
[  3] 95.0-96.0 sec  48.1 MBytes   403 Mbits/sec   0.321 ms 34913/69220 (50%)
[  5] 95.0-96.0 sec  48.9 MBytes   410 Mbits/sec
[  5] 96.0-97.0 sec  48.0 MBytes   403 Mbits/sec
[  3] 96.0-97.0 sec  48.8 MBytes   409 Mbits/sec   0.018 ms 34215/69010 (50%)
[  3] 97.0-98.0 sec  48.2 MBytes   405 Mbits/sec   0.016 ms 34912/69313 (50%)
[  5] 97.0-98.0 sec  48.9 MBytes   410 Mbits/sec
[  5] 98.0-99.0 sec  48.2 MBytes   404 Mbits/sec
[  3] 98.0-99.0 sec  48.6 MBytes   408 Mbits/sec   0.023 ms 34214/68915 (50%)
[  3] 99.0-100.0 sec  48.3 MBytes   405 Mbits/sec   0.017 ms 34923/69397 (50%)
[  5] 99.0-100.0 sec  48.7 MBytes   408 Mbits/sec
[  5] 100.0-101.0 sec  48.3 MBytes   405 Mbits/sec
[  3] 100.0-101.0 sec  48.5 MBytes   407 Mbits/sec   0.020 ms 34217/68845 (50%)
[  3] 101.0-102.0 sec  48.3 MBytes   406 Mbits/sec   0.016 ms 34910/69397 (50%)
[  5] 101.0-102.0 sec  48.6 MBytes   407 Mbits/sec
[  5] 102.0-103.0 sec  48.4 MBytes   406 Mbits/sec
[  3] 102.0-103.0 sec  48.5 MBytes   407 Mbits/sec   0.018 ms 34222/68837 (50%)
[  3] 103.0-104.0 sec  48.4 MBytes   406 Mbits/sec   0.019 ms 34904/69429 (50%)
[  5] 103.0-104.0 sec  48.5 MBytes   407 Mbits/sec
[  5] 104.0-105.0 sec  48.5 MBytes   407 Mbits/sec
[  3] 104.0-105.0 sec  48.5 MBytes   407 Mbits/sec   0.022 ms 34213/68790 (50%)
[  3] 105.0-106.0 sec  48.5 MBytes   407 Mbits/sec   0.035 ms 34913/69532 (50%)
[  5] 105.0-106.0 sec  48.4 MBytes   406 Mbits/sec
[  5] 106.0-107.0 sec  48.7 MBytes   408 Mbits/sec
[  3] 106.0-107.0 sec  48.3 MBytes   406 Mbits/sec   0.017 ms 34214/68697 (50%)
[  3] 107.0-108.0 sec  48.6 MBytes   408 Mbits/sec   0.018 ms 34920/69621 (50%)
[  5] 107.0-108.0 sec  48.2 MBytes   404 Mbits/sec
[  5] 108.0-109.0 sec  48.8 MBytes   409 Mbits/sec
[  3] 108.0-109.0 sec  48.2 MBytes   405 Mbits/sec   0.017 ms 34219/68620 (50%)
[  3] 109.0-110.0 sec  48.8 MBytes   409 Mbits/sec   0.021 ms 34911/69696 (50%)
[  5] 109.0-110.0 sec  48.1 MBytes   403 Mbits/sec
[  3] 110.0-111.0 sec  48.1 MBytes   404 Mbits/sec   0.025 ms 34213/68530 (50%)
[  5] 110.0-111.0 sec  48.9 MBytes   410 Mbits/sec
[  5] 111.0-112.0 sec  39.1 MBytes   328 Mbits/sec
[  3] 111.0-112.0 sec  49.2 MBytes   413 Mbits/sec   0.013 ms 28575/63697 (45%)
[  3] 112.0-113.0 sec  79.5 MBytes   667 Mbits/sec   0.014 ms 9227/65971 (14%)
