
 Performance counter stats for './mem-walk-no-thread-no-thrash':

         3,575,581 cache-misses                                                

       3.626445403 seconds time elapsed


 Performance counter stats for './mem-walk-no-thread-no-thrash':

         3,397,314 cache-misses                                                

       3.208852226 seconds time elapsed


 Performance counter stats for './mem-walk-no-thread-no-thrash':

         3,375,667 cache-misses                                                

       3.104238320 seconds time elapsed


 Performance counter stats for './mem-walk-no-thread-no-thrash':

         3,546,308 cache-misses                                                

       3.436224110 seconds time elapsed


 Performance counter stats for './mem-walk-no-thread-no-thrash':

         3,439,050 cache-misses                                                

       3.205949089 seconds time elapsed


 Performance counter stats for './mem-walk-no-thread':

       537,943,980 cache-misses                                                

      10.869203002 seconds time elapsed


 Performance counter stats for './mem-walk-no-thread':

       537,094,324 cache-misses                                                

      10.868992493 seconds time elapsed


 Performance counter stats for './mem-walk-no-thread':

       538,124,118 cache-misses                                                

      10.851959133 seconds time elapsed


 Performance counter stats for './mem-walk-no-thread':

       539,062,258 cache-misses                                                

      10.873848809 seconds time elapsed


 Performance counter stats for './mem-walk-no-thread':

       546,900,911 cache-misses                                                

      10.888311871 seconds time elapsed


 Performance counter stats for './mem-walk-no-thrash':

        10,394,348 cache-misses                                                

       5.825549992 seconds time elapsed


 Performance counter stats for './mem-walk-no-thrash':

         8,626,280 cache-misses                                                

       5.877719379 seconds time elapsed


 Performance counter stats for './mem-walk-no-thrash':

         8,933,836 cache-misses                                                

       5.788228176 seconds time elapsed


 Performance counter stats for './mem-walk-no-thrash':

         7,315,318 cache-misses                                                

       5.846996065 seconds time elapsed


 Performance counter stats for './mem-walk-no-thrash':

        11,852,083 cache-misses                                                

       5.783371008 seconds time elapsed


 Performance counter stats for './mem-walk':

       855,068,207 cache-misses                                                

      25.092860952 seconds time elapsed


 Performance counter stats for './mem-walk':

       634,970,574 cache-misses                                                

      24.907143516 seconds time elapsed


 Performance counter stats for './mem-walk':

     3,035,469,099 cache-misses                                                

      42.241096718 seconds time elapsed


 Performance counter stats for './mem-walk':

     1,747,100,751 cache-misses                                                

      31.839297577 seconds time elapsed


 Performance counter stats for './mem-walk':

       821,021,185 cache-misses                                                

      25.091399625 seconds time elapsed

