
 Performance counter stats for './mem-walk-no-thread-no-thrash':

         4,000,368 cache-misses                                                

       3.324982959 seconds time elapsed


 Performance counter stats for './mem-walk-no-thread-no-thrash':

         4,060,416 cache-misses                                                

       3.778846471 seconds time elapsed


 Performance counter stats for './mem-walk-no-thread-no-thrash':

         4,086,687 cache-misses                                                

       3.907340512 seconds time elapsed


 Performance counter stats for './mem-walk-no-thread-no-thrash':

         3,835,737 cache-misses                                                

       3.242583183 seconds time elapsed


 Performance counter stats for './mem-walk-no-thread-no-thrash':

         3,818,788 cache-misses                                                

       3.204409179 seconds time elapsed


 Performance counter stats for './mem-walk-no-thread-no-thrash':

         4,057,614 cache-misses                                                

       3.484043546 seconds time elapsed


 Performance counter stats for './mem-walk-no-thread-no-thrash':

         3,861,438 cache-misses                                                

       3.319677520 seconds time elapsed


 Performance counter stats for './mem-walk-no-thread-no-thrash':

         4,041,926 cache-misses                                                

       3.745946072 seconds time elapsed


 Performance counter stats for './mem-walk-no-thread-no-thrash':

         3,912,938 cache-misses                                                

       3.455468008 seconds time elapsed


 Performance counter stats for './mem-walk-no-thread-no-thrash':

         3,817,624 cache-misses                                                

       3.189560797 seconds time elapsed


 Performance counter stats for './mem-walk-no-thread':

       583,630,313 cache-misses                                                

      11.143041803 seconds time elapsed


 Performance counter stats for './mem-walk-no-thread':

       596,075,860 cache-misses                                                

      11.142242354 seconds time elapsed


 Performance counter stats for './mem-walk-no-thread':

       583,047,946 cache-misses                                                

      11.161470806 seconds time elapsed


 Performance counter stats for './mem-walk-no-thread':

       576,964,623 cache-misses                                                

      11.130750837 seconds time elapsed


 Performance counter stats for './mem-walk-no-thread':

       584,050,870 cache-misses                                                

      11.124707209 seconds time elapsed


 Performance counter stats for './mem-walk-no-thread':

       578,453,569 cache-misses                                                

      11.134761332 seconds time elapsed


 Performance counter stats for './mem-walk-no-thread':

       576,402,605 cache-misses                                                

      11.128300399 seconds time elapsed


 Performance counter stats for './mem-walk-no-thread':

       600,176,155 cache-misses                                                

      11.173115296 seconds time elapsed


 Performance counter stats for './mem-walk-no-thread':

       581,621,571 cache-misses                                                

      11.113369923 seconds time elapsed


 Performance counter stats for './mem-walk-no-thread':

       590,415,211 cache-misses                                                

      11.146867131 seconds time elapsed


 Performance counter stats for './mem-walk-no-thrash':

        21,057,770 cache-misses                                                

      11.556199269 seconds time elapsed


 Performance counter stats for './mem-walk-no-thrash':

        21,642,126 cache-misses                                                

      11.561344056 seconds time elapsed


 Performance counter stats for './mem-walk-no-thrash':

        21,295,576 cache-misses                                                

      11.557564747 seconds time elapsed


 Performance counter stats for './mem-walk-no-thrash':

        22,292,379 cache-misses                                                

      11.565412807 seconds time elapsed


 Performance counter stats for './mem-walk-no-thrash':

        24,968,951 cache-misses                                                

      11.561104603 seconds time elapsed


 Performance counter stats for './mem-walk-no-thrash':

        26,566,216 cache-misses                                                

      11.558678762 seconds time elapsed


 Performance counter stats for './mem-walk-no-thrash':

        24,614,046 cache-misses                                                

      11.566265071 seconds time elapsed


 Performance counter stats for './mem-walk-no-thrash':

        27,542,172 cache-misses                                                

      11.564692702 seconds time elapsed


 Performance counter stats for './mem-walk-no-thrash':

        21,389,924 cache-misses                                                

      11.564407107 seconds time elapsed


 Performance counter stats for './mem-walk-no-thrash':

        19,905,073 cache-misses                                                

      11.559308691 seconds time elapsed


 Performance counter stats for './mem-walk':

     3,474,318,584 cache-misses                                                

      66.580623817 seconds time elapsed


 Performance counter stats for './mem-walk':

     3,430,454,969 cache-misses                                                

      68.003838639 seconds time elapsed


 Performance counter stats for './mem-walk':

     3,378,062,431 cache-misses                                                

      66.963573001 seconds time elapsed


 Performance counter stats for './mem-walk':

     3,527,149,747 cache-misses                                                

      66.121635998 seconds time elapsed


 Performance counter stats for './mem-walk':

     3,672,594,184 cache-misses                                                

      70.527736095 seconds time elapsed


 Performance counter stats for './mem-walk':

     3,582,832,448 cache-misses                                                

      68.560226936 seconds time elapsed


 Performance counter stats for './mem-walk':

     3,745,059,185 cache-misses                                                

      69.553657916 seconds time elapsed


 Performance counter stats for './mem-walk':

     4,912,596,780 cache-misses                                                

      78.879994807 seconds time elapsed


 Performance counter stats for './mem-walk':

     3,825,070,286 cache-misses                                                

      72.313816171 seconds time elapsed


 Performance counter stats for './mem-walk':

     3,428,430,107 cache-misses                                                

      68.724698493 seconds time elapsed

