
 Performance counter stats for './mem-walk-no-thread-no-thrash':

         3,459,100 cache-misses                                                

       3.117342965 seconds time elapsed


 Performance counter stats for './mem-walk-no-thread-no-thrash':

         3,579,102 cache-misses                                                

       3.379691309 seconds time elapsed


 Performance counter stats for './mem-walk-no-thread-no-thrash':

         3,596,935 cache-misses                                                

       3.621732999 seconds time elapsed


 Performance counter stats for './mem-walk-no-thread-no-thrash':

         3,689,670 cache-misses                                                

       3.807248140 seconds time elapsed


 Performance counter stats for './mem-walk-no-thread-no-thrash':

         3,847,985 cache-misses                                                

       4.012210015 seconds time elapsed


 Performance counter stats for './mem-walk-no-thread-no-thrash':

         3,536,020 cache-misses                                                

       3.641096822 seconds time elapsed


 Performance counter stats for './mem-walk-no-thread-no-thrash':

         3,463,345 cache-misses                                                

       3.396706869 seconds time elapsed


 Performance counter stats for './mem-walk-no-thread-no-thrash':

         3,844,305 cache-misses                                                

       4.173511421 seconds time elapsed


 Performance counter stats for './mem-walk-no-thread-no-thrash':

         3,780,070 cache-misses                                                

       3.808437185 seconds time elapsed


 Performance counter stats for './mem-walk-no-thread-no-thrash':

         3,700,492 cache-misses                                                

       3.852609786 seconds time elapsed


 Performance counter stats for './mem-walk-no-thread':

       587,932,257 cache-misses                                                

      11.037821600 seconds time elapsed


 Performance counter stats for './mem-walk-no-thread':

       584,019,269 cache-misses                                                

      11.067441901 seconds time elapsed


 Performance counter stats for './mem-walk-no-thread':

       576,673,774 cache-misses                                                

      11.082760504 seconds time elapsed


 Performance counter stats for './mem-walk-no-thread':

       584,678,842 cache-misses                                                

      11.032531415 seconds time elapsed


 Performance counter stats for './mem-walk-no-thread':

       591,121,991 cache-misses                                                

      11.079330884 seconds time elapsed


 Performance counter stats for './mem-walk-no-thread':

       582,158,470 cache-misses                                                

      11.027786174 seconds time elapsed


 Performance counter stats for './mem-walk-no-thread':

       597,164,614 cache-misses                                                

      11.054949766 seconds time elapsed


 Performance counter stats for './mem-walk-no-thread':

       596,562,275 cache-misses                                                

      11.038057591 seconds time elapsed


 Performance counter stats for './mem-walk-no-thread':

       580,492,366 cache-misses                                                

      11.122148267 seconds time elapsed


 Performance counter stats for './mem-walk-no-thread':

       594,201,205 cache-misses                                                

      11.038219145 seconds time elapsed


 Performance counter stats for './mem-walk-no-thrash':

        17,437,638 cache-misses                                                

      11.336782755 seconds time elapsed


 Performance counter stats for './mem-walk-no-thrash':

        22,812,180 cache-misses                                                

      11.202655167 seconds time elapsed


 Performance counter stats for './mem-walk-no-thrash':

        15,698,234 cache-misses                                                

      11.210961787 seconds time elapsed


 Performance counter stats for './mem-walk-no-thrash':

         5,520,345 cache-misses                                                

      11.093361113 seconds time elapsed


 Performance counter stats for './mem-walk-no-thrash':

        27,767,241 cache-misses                                                

      11.312446083 seconds time elapsed


 Performance counter stats for './mem-walk-no-thrash':

        26,942,820 cache-misses                                                

      11.374822848 seconds time elapsed


 Performance counter stats for './mem-walk-no-thrash':

         5,698,304 cache-misses                                                

      11.086010445 seconds time elapsed


 Performance counter stats for './mem-walk-no-thrash':

        23,440,496 cache-misses                                                

      11.288670588 seconds time elapsed


 Performance counter stats for './mem-walk-no-thrash':

        29,896,237 cache-misses                                                

      11.614953840 seconds time elapsed


 Performance counter stats for './mem-walk-no-thrash':

        20,313,249 cache-misses                                                

      11.370833989 seconds time elapsed


 Performance counter stats for './mem-walk':

     1,847,214,573 cache-misses                                                

      50.178698654 seconds time elapsed


 Performance counter stats for './mem-walk':

     1,575,100,012 cache-misses                                                

      49.879653296 seconds time elapsed


 Performance counter stats for './mem-walk':

     2,056,586,516 cache-misses                                                

      49.753534957 seconds time elapsed


 Performance counter stats for './mem-walk':

     1,683,244,922 cache-misses                                                

      50.221778647 seconds time elapsed


 Performance counter stats for './mem-walk':

     2,020,430,755 cache-misses                                                

      49.199703819 seconds time elapsed


 Performance counter stats for './mem-walk':

     1,872,674,085 cache-misses                                                

      49.994000968 seconds time elapsed


 Performance counter stats for './mem-walk':

     1,926,281,909 cache-misses                                                

      50.107029025 seconds time elapsed


 Performance counter stats for './mem-walk':

     1,770,566,564 cache-misses                                                

      49.860144419 seconds time elapsed


 Performance counter stats for './mem-walk':

     2,113,333,692 cache-misses                                                

      48.978857877 seconds time elapsed


 Performance counter stats for './mem-walk':

     1,972,647,371 cache-misses                                                

      49.792876321 seconds time elapsed

