
 Performance counter stats for './mem-walk-no-thread-no-thrash':

         4,467,698 cache-misses                                                

       3.816712189 seconds time elapsed


 Performance counter stats for './mem-walk-no-thread-no-thrash':

         4,432,913 cache-misses                                                

       3.648229969 seconds time elapsed


 Performance counter stats for './mem-walk-no-thread-no-thrash':

         3,723,114 cache-misses                                                

       3.288584175 seconds time elapsed


 Performance counter stats for './mem-walk-no-thread-no-thrash':

         3,749,300 cache-misses                                                

       3.350869925 seconds time elapsed


 Performance counter stats for './mem-walk-no-thread-no-thrash':

         3,673,733 cache-misses                                                

       3.191119366 seconds time elapsed


 Performance counter stats for './mem-walk-no-thread-no-thrash':

         3,950,155 cache-misses                                                

       3.940047597 seconds time elapsed


 Performance counter stats for './mem-walk-no-thread-no-thrash':

         4,053,238 cache-misses                                                

       4.067089602 seconds time elapsed


 Performance counter stats for './mem-walk-no-thread-no-thrash':

         3,836,882 cache-misses                                                

       3.370844876 seconds time elapsed


 Performance counter stats for './mem-walk-no-thread-no-thrash':

         3,755,521 cache-misses                                                

       3.382347934 seconds time elapsed


 Performance counter stats for './mem-walk-no-thread-no-thrash':

         3,892,946 cache-misses                                                

       3.262707697 seconds time elapsed


 Performance counter stats for './mem-walk-no-thread':

       594,832,615 cache-misses                                                

      11.311293123 seconds time elapsed


 Performance counter stats for './mem-walk-no-thread':

       598,401,333 cache-misses                                                

      11.210336014 seconds time elapsed


 Performance counter stats for './mem-walk-no-thread':

       601,267,813 cache-misses                                                

      11.238290233 seconds time elapsed


 Performance counter stats for './mem-walk-no-thread':

       595,478,737 cache-misses                                                

      11.214729274 seconds time elapsed


 Performance counter stats for './mem-walk-no-thread':

       593,638,186 cache-misses                                                

      11.207490190 seconds time elapsed


 Performance counter stats for './mem-walk-no-thread':

       589,150,865 cache-misses                                                

      11.217957643 seconds time elapsed


 Performance counter stats for './mem-walk-no-thread':

       586,330,107 cache-misses                                                

      11.240210785 seconds time elapsed


 Performance counter stats for './mem-walk-no-thread':

       576,082,640 cache-misses                                                

      11.303390597 seconds time elapsed


 Performance counter stats for './mem-walk-no-thread':

       589,074,373 cache-misses                                                

      11.190489934 seconds time elapsed


 Performance counter stats for './mem-walk-no-thread':

       596,423,446 cache-misses                                                

      11.223951139 seconds time elapsed


 Performance counter stats for './mem-walk-no-thrash':

        27,321,464 cache-misses                                                

      11.290655625 seconds time elapsed


 Performance counter stats for './mem-walk-no-thrash':

        23,799,754 cache-misses                                                

      12.257739022 seconds time elapsed


 Performance counter stats for './mem-walk-no-thrash':

        22,544,667 cache-misses                                                

      11.293833218 seconds time elapsed


 Performance counter stats for './mem-walk-no-thrash':

        26,477,639 cache-misses                                                

      11.292431846 seconds time elapsed


 Performance counter stats for './mem-walk-no-thrash':

        25,507,588 cache-misses                                                

      11.290944372 seconds time elapsed


 Performance counter stats for './mem-walk-no-thrash':

        26,197,283 cache-misses                                                

      11.297416780 seconds time elapsed


 Performance counter stats for './mem-walk-no-thrash':

        21,259,274 cache-misses                                                

      11.289064447 seconds time elapsed


 Performance counter stats for './mem-walk-no-thrash':

        20,846,199 cache-misses                                                

      11.281040233 seconds time elapsed


 Performance counter stats for './mem-walk-no-thrash':

        27,725,959 cache-misses                                                

      11.450637109 seconds time elapsed


 Performance counter stats for './mem-walk-no-thrash':

        26,489,267 cache-misses                                                

      11.307219642 seconds time elapsed


 Performance counter stats for './mem-walk':

     5,881,441,958 cache-misses                                                

      83.387696400 seconds time elapsed


 Performance counter stats for './mem-walk':

     5,963,038,980 cache-misses                                                

      84.017102074 seconds time elapsed


 Performance counter stats for './mem-walk':

     6,102,125,620 cache-misses                                                

      86.085039134 seconds time elapsed


 Performance counter stats for './mem-walk':

     6,029,947,944 cache-misses                                                

      86.310518509 seconds time elapsed


 Performance counter stats for './mem-walk':

     6,965,891,809 cache-misses                                                

      93.410580549 seconds time elapsed


 Performance counter stats for './mem-walk':

     6,314,693,086 cache-misses                                                

      88.946294474 seconds time elapsed


 Performance counter stats for './mem-walk':

     6,191,233,195 cache-misses                                                

      86.530727003 seconds time elapsed


 Performance counter stats for './mem-walk':

     6,045,285,785 cache-misses                                                

      84.859450611 seconds time elapsed


 Performance counter stats for './mem-walk':

     6,077,316,266 cache-misses                                                

      87.221595103 seconds time elapsed


 Performance counter stats for './mem-walk':

     6,109,113,747 cache-misses                                                

      86.352066638 seconds time elapsed

