
 Performance counter stats for './mem-walk-no-thread-no-thrash':

         3,693,806 cache-misses                                                

       3.594069887 seconds time elapsed


 Performance counter stats for './mem-walk-no-thread-no-thrash':

         3,485,116 cache-misses                                                

       3.513921642 seconds time elapsed


 Performance counter stats for './mem-walk-no-thread-no-thrash':

         3,534,861 cache-misses                                                

       3.783953637 seconds time elapsed


 Performance counter stats for './mem-walk-no-thread-no-thrash':

         3,305,828 cache-misses                                                

       3.095067679 seconds time elapsed


 Performance counter stats for './mem-walk-no-thread-no-thrash':

         3,444,217 cache-misses                                                

       3.209773388 seconds time elapsed


 Performance counter stats for './mem-walk-no-thread-no-thrash':

         3,449,721 cache-misses                                                

       3.571997443 seconds time elapsed


 Performance counter stats for './mem-walk-no-thread-no-thrash':

         3,352,473 cache-misses                                                

       3.103752305 seconds time elapsed


 Performance counter stats for './mem-walk-no-thread-no-thrash':

         3,556,298 cache-misses                                                

       3.541867663 seconds time elapsed


 Performance counter stats for './mem-walk-no-thread-no-thrash':

         3,760,558 cache-misses                                                

       4.010586880 seconds time elapsed


 Performance counter stats for './mem-walk-no-thread-no-thrash':

         3,594,209 cache-misses                                                

       4.039599126 seconds time elapsed


 Performance counter stats for './mem-walk-no-thread':

       597,131,322 cache-misses                                                

      11.130700018 seconds time elapsed


 Performance counter stats for './mem-walk-no-thread':

       600,801,875 cache-misses                                                

      11.145064272 seconds time elapsed


 Performance counter stats for './mem-walk-no-thread':

       608,357,047 cache-misses                                                

      11.167034231 seconds time elapsed


 Performance counter stats for './mem-walk-no-thread':

       600,589,753 cache-misses                                                

      11.144274081 seconds time elapsed


 Performance counter stats for './mem-walk-no-thread':

       599,283,734 cache-misses                                                

      11.202715392 seconds time elapsed


 Performance counter stats for './mem-walk-no-thread':

       608,591,758 cache-misses                                                

      11.227334501 seconds time elapsed


 Performance counter stats for './mem-walk-no-thread':

       605,356,378 cache-misses                                                

      11.207750459 seconds time elapsed


 Performance counter stats for './mem-walk-no-thread':

       607,492,664 cache-misses                                                

      11.202758228 seconds time elapsed


 Performance counter stats for './mem-walk-no-thread':

       601,922,431 cache-misses                                                

      11.224951849 seconds time elapsed


 Performance counter stats for './mem-walk-no-thread':

       596,119,404 cache-misses                                                

      11.261719663 seconds time elapsed


 Performance counter stats for './mem-walk-no-thrash':

        23,130,362 cache-misses                                                

      12.041906760 seconds time elapsed


 Performance counter stats for './mem-walk-no-thrash':

        20,832,770 cache-misses                                                

      11.292900973 seconds time elapsed


 Performance counter stats for './mem-walk-no-thrash':

        15,829,047 cache-misses                                                

      11.266548377 seconds time elapsed


 Performance counter stats for './mem-walk-no-thrash':

        13,802,683 cache-misses                                                

      11.155113267 seconds time elapsed


 Performance counter stats for './mem-walk-no-thrash':

        30,552,042 cache-misses                                                

      11.351942568 seconds time elapsed


 Performance counter stats for './mem-walk-no-thrash':

        21,692,775 cache-misses                                                

      11.349993325 seconds time elapsed


 Performance counter stats for './mem-walk-no-thrash':

        16,881,200 cache-misses                                                

      11.239631791 seconds time elapsed


 Performance counter stats for './mem-walk-no-thrash':

        13,046,869 cache-misses                                                

      11.230548650 seconds time elapsed


 Performance counter stats for './mem-walk-no-thrash':

        25,140,636 cache-misses                                                

      11.493232206 seconds time elapsed


 Performance counter stats for './mem-walk-no-thrash':

        24,405,434 cache-misses                                                

      11.350299253 seconds time elapsed


 Performance counter stats for './mem-walk':

     1,608,974,303 cache-misses                                                

      49.689267752 seconds time elapsed


 Performance counter stats for './mem-walk':

     1,816,291,316 cache-misses                                                

      49.561065359 seconds time elapsed


 Performance counter stats for './mem-walk':

     2,152,081,434 cache-misses                                                

      49.752206129 seconds time elapsed


 Performance counter stats for './mem-walk':

     2,635,418,536 cache-misses                                                

      55.497153028 seconds time elapsed


 Performance counter stats for './mem-walk':

     1,834,295,437 cache-misses                                                

      49.724112963 seconds time elapsed


 Performance counter stats for './mem-walk':

     1,981,512,843 cache-misses                                                

      52.618912342 seconds time elapsed


 Performance counter stats for './mem-walk':

     2,251,550,314 cache-misses                                                

      54.319689978 seconds time elapsed


 Performance counter stats for './mem-walk':

     1,653,568,074 cache-misses                                                

      49.282544363 seconds time elapsed


 Performance counter stats for './mem-walk':

     1,821,887,333 cache-misses                                                

      49.586029924 seconds time elapsed


 Performance counter stats for './mem-walk':

     1,548,844,165 cache-misses                                                

      49.442833120 seconds time elapsed

