Params: count 0  min_pkt_size: 1496  max_pkt_size: 1496
     frags: 0  delay: 0  clone_skb: 10  ifname: eth2
     flows: 0 flowlen: 0
     queue_map_min: 0  queue_map_max: 0
     dst_min: 2.0.0.2  dst_max: 
        src_min:   src_max: 
     src_mac: 40:f2:e9:01:23:14 dst_mac: 40:f2:e9:01:23:00
     udp_src_min: 9  udp_src_max: 9  udp_dst_min: 9  udp_dst_max: 9
     src_mac_count: 0  dst_mac_count: 0
     Flags: 
Current:
     pkts-sofar: 76060898  errors: 0
     started: 120381304010us  stopped: 121306242988us idle: 129858us
     seq_num: 76060899  cur_dst_mac_offset: 0  cur_src_mac_offset: 0
     cur_saddr: 1.0.0.1  cur_daddr: 2.0.0.2
     cur_udp_dst: 9  cur_udp_src: 9
     cur_queue_map: 0
     flows: 0
Result: OK: 924938978(c924809119+d129858) usec, 76060898 (1496byte,0frags)
  82233pps 984Mb/sec (984164544bps) errors: 0
