
 Performance counter stats for './mem-walk-no-thread-no-thrash':

         3,587,287 cache-misses                                                

       3.212982382 seconds time elapsed


 Performance counter stats for './mem-walk-no-thread-no-thrash':

         3,685,180 cache-misses                                                

       3.957138093 seconds time elapsed


 Performance counter stats for './mem-walk-no-thread-no-thrash':

         3,680,686 cache-misses                                                

       3.907369841 seconds time elapsed


 Performance counter stats for './mem-walk-no-thread-no-thrash':

         3,638,237 cache-misses                                                

       3.932985965 seconds time elapsed


 Performance counter stats for './mem-walk-no-thread-no-thrash':

         3,554,297 cache-misses                                                

       3.371299468 seconds time elapsed


 Performance counter stats for './mem-walk-no-thread-no-thrash':

         3,605,067 cache-misses                                                

       3.782042153 seconds time elapsed


 Performance counter stats for './mem-walk-no-thread-no-thrash':

         3,698,050 cache-misses                                                

       3.874887864 seconds time elapsed


 Performance counter stats for './mem-walk-no-thread-no-thrash':

         3,917,625 cache-misses                                                

       4.056843499 seconds time elapsed


 Performance counter stats for './mem-walk-no-thread-no-thrash':

         3,603,369 cache-misses                                                

       3.589875286 seconds time elapsed


 Performance counter stats for './mem-walk-no-thread-no-thrash':

         3,588,669 cache-misses                                                

       3.909881549 seconds time elapsed


 Performance counter stats for './mem-walk-no-thread':

       585,856,434 cache-misses                                                

      11.045696221 seconds time elapsed


 Performance counter stats for './mem-walk-no-thread':

       575,996,589 cache-misses                                                

      11.074265273 seconds time elapsed


 Performance counter stats for './mem-walk-no-thread':

       581,600,546 cache-misses                                                

      11.052710639 seconds time elapsed


 Performance counter stats for './mem-walk-no-thread':

       580,537,793 cache-misses                                                

      11.114380183 seconds time elapsed


 Performance counter stats for './mem-walk-no-thread':

       588,566,511 cache-misses                                                

      11.061072752 seconds time elapsed


 Performance counter stats for './mem-walk-no-thread':

       592,744,694 cache-misses                                                

      11.065295237 seconds time elapsed


 Performance counter stats for './mem-walk-no-thread':

       602,192,577 cache-misses                                                

      11.063690316 seconds time elapsed


 Performance counter stats for './mem-walk-no-thread':

       595,462,802 cache-misses                                                

      11.062465000 seconds time elapsed


 Performance counter stats for './mem-walk-no-thread':

       586,059,141 cache-misses                                                

      11.028943712 seconds time elapsed


 Performance counter stats for './mem-walk-no-thread':

       600,167,887 cache-misses                                                

      11.061053824 seconds time elapsed


 Performance counter stats for './mem-walk-no-thrash':

        13,091,040 cache-misses                                                

      11.361203324 seconds time elapsed


 Performance counter stats for './mem-walk-no-thrash':

         5,347,905 cache-misses                                                

      11.084143544 seconds time elapsed


 Performance counter stats for './mem-walk-no-thrash':

        19,801,161 cache-misses                                                

      11.351956979 seconds time elapsed


 Performance counter stats for './mem-walk-no-thrash':

        24,103,874 cache-misses                                                

      11.441394798 seconds time elapsed


 Performance counter stats for './mem-walk-no-thrash':

         7,033,059 cache-misses                                                

      11.116864586 seconds time elapsed


 Performance counter stats for './mem-walk-no-thrash':

        25,073,479 cache-misses                                                

      11.332509522 seconds time elapsed


 Performance counter stats for './mem-walk-no-thrash':

        25,635,188 cache-misses                                                

      11.295476561 seconds time elapsed


 Performance counter stats for './mem-walk-no-thrash':

        16,706,848 cache-misses                                                

      11.160710355 seconds time elapsed


 Performance counter stats for './mem-walk-no-thrash':

         5,746,428 cache-misses                                                

      11.106421408 seconds time elapsed


 Performance counter stats for './mem-walk-no-thrash':

        21,140,889 cache-misses                                                

      11.264090840 seconds time elapsed


 Performance counter stats for './mem-walk':

     1,974,371,087 cache-misses                                                

      50.153000812 seconds time elapsed


 Performance counter stats for './mem-walk':

     2,103,045,339 cache-misses                                                

      49.687332299 seconds time elapsed


 Performance counter stats for './mem-walk':

     3,511,844,991 cache-misses                                                

      62.677993202 seconds time elapsed


 Performance counter stats for './mem-walk':

     1,608,771,176 cache-misses                                                

      49.916510435 seconds time elapsed


 Performance counter stats for './mem-walk':

     1,776,642,312 cache-misses                                                

      50.010290170 seconds time elapsed


 Performance counter stats for './mem-walk':

     1,740,380,350 cache-misses                                                

      50.154989477 seconds time elapsed


 Performance counter stats for './mem-walk':

     1,871,192,053 cache-misses                                                

      50.270703524 seconds time elapsed


 Performance counter stats for './mem-walk':

     1,987,153,184 cache-misses                                                

      50.228689428 seconds time elapsed


 Performance counter stats for './mem-walk':

     1,777,986,195 cache-misses                                                

      49.752738284 seconds time elapsed


 Performance counter stats for './mem-walk':

     1,906,759,854 cache-misses                                                

      50.418228201 seconds time elapsed

