
 Performance counter stats for './mem-walk-no-thread-no-thrash':

         3,508,502 cache-misses                                                

       3.195802148 seconds time elapsed


 Performance counter stats for './mem-walk-no-thread-no-thrash':

         3,638,170 cache-misses                                                

       3.324174921 seconds time elapsed


 Performance counter stats for './mem-walk-no-thread-no-thrash':

         3,822,085 cache-misses                                                

       4.024538720 seconds time elapsed


 Performance counter stats for './mem-walk-no-thread-no-thrash':

         3,560,167 cache-misses                                                

       3.484125640 seconds time elapsed


 Performance counter stats for './mem-walk-no-thread-no-thrash':

         3,560,104 cache-misses                                                

       3.200571178 seconds time elapsed


 Performance counter stats for './mem-walk-no-thread-no-thrash':

         3,656,668 cache-misses                                                

       3.834168824 seconds time elapsed


 Performance counter stats for './mem-walk-no-thread-no-thrash':

         3,624,805 cache-misses                                                

       3.624527909 seconds time elapsed


 Performance counter stats for './mem-walk-no-thread-no-thrash':

         3,877,215 cache-misses                                                

       4.174438813 seconds time elapsed


 Performance counter stats for './mem-walk-no-thread-no-thrash':

         3,712,292 cache-misses                                                

       4.003223956 seconds time elapsed


 Performance counter stats for './mem-walk-no-thread-no-thrash':

         3,585,223 cache-misses                                                

       3.309933080 seconds time elapsed


 Performance counter stats for './mem-walk-no-thread':

       561,193,788 cache-misses                                                

      10.973123967 seconds time elapsed


 Performance counter stats for './mem-walk-no-thread':

       545,915,968 cache-misses                                                

      10.937560704 seconds time elapsed


 Performance counter stats for './mem-walk-no-thread':

       536,158,639 cache-misses                                                

      10.939689276 seconds time elapsed


 Performance counter stats for './mem-walk-no-thread':

       543,165,841 cache-misses                                                

      10.913230931 seconds time elapsed


 Performance counter stats for './mem-walk-no-thread':

       530,118,570 cache-misses                                                

      10.935707333 seconds time elapsed


 Performance counter stats for './mem-walk-no-thread':

       557,412,578 cache-misses                                                

      10.948028087 seconds time elapsed


 Performance counter stats for './mem-walk-no-thread':

       603,272,010 cache-misses                                                

      11.145222412 seconds time elapsed


 Performance counter stats for './mem-walk-no-thread':

       592,847,129 cache-misses                                                

      11.085300853 seconds time elapsed


 Performance counter stats for './mem-walk-no-thread':

       588,474,095 cache-misses                                                

      11.107156788 seconds time elapsed


 Performance counter stats for './mem-walk-no-thread':

       580,264,813 cache-misses                                                

      11.099078271 seconds time elapsed


 Performance counter stats for './mem-walk-no-thrash':

        10,245,071 cache-misses                                                

      11.213296311 seconds time elapsed


 Performance counter stats for './mem-walk-no-thrash':

        13,623,792 cache-misses                                                

      11.206132053 seconds time elapsed


 Performance counter stats for './mem-walk-no-thrash':

        21,829,730 cache-misses                                                

      11.419213834 seconds time elapsed


 Performance counter stats for './mem-walk-no-thrash':

        13,620,529 cache-misses                                                

      11.227816979 seconds time elapsed


 Performance counter stats for './mem-walk-no-thrash':

         7,780,797 cache-misses                                                

      11.117287061 seconds time elapsed


 Performance counter stats for './mem-walk-no-thrash':

        15,395,545 cache-misses                                                

      11.444337652 seconds time elapsed


 Performance counter stats for './mem-walk-no-thrash':

         8,682,838 cache-misses                                                

      11.371127418 seconds time elapsed


 Performance counter stats for './mem-walk-no-thrash':

         5,789,400 cache-misses                                                

      11.100267847 seconds time elapsed


 Performance counter stats for './mem-walk-no-thrash':

        16,218,428 cache-misses                                                

      11.172759454 seconds time elapsed


 Performance counter stats for './mem-walk-no-thrash':

         5,876,622 cache-misses                                                

      11.094435863 seconds time elapsed


 Performance counter stats for './mem-walk':

     1,653,353,935 cache-misses                                                

      49.778431439 seconds time elapsed


 Performance counter stats for './mem-walk':

     1,569,297,795 cache-misses                                                

      49.485078237 seconds time elapsed


 Performance counter stats for './mem-walk':

     1,755,672,102 cache-misses                                                

      50.126134306 seconds time elapsed


 Performance counter stats for './mem-walk':

     1,903,447,281 cache-misses                                                

      50.825228124 seconds time elapsed


 Performance counter stats for './mem-walk':

     1,788,823,806 cache-misses                                                

      51.116269625 seconds time elapsed


 Performance counter stats for './mem-walk':

     1,575,491,879 cache-misses                                                

      49.581238767 seconds time elapsed


 Performance counter stats for './mem-walk':

     2,006,915,859 cache-misses                                                

      51.182012610 seconds time elapsed


 Performance counter stats for './mem-walk':

     1,778,252,341 cache-misses                                                

      50.055188744 seconds time elapsed


 Performance counter stats for './mem-walk':

     1,625,150,981 cache-misses                                                

      49.234199456 seconds time elapsed


 Performance counter stats for './mem-walk':

     2,107,563,931 cache-misses                                                

      52.078965423 seconds time elapsed

