
 Performance counter stats for './mem-walk-no-thread-no-thrash':

         3,577,637 cache-misses                                                

       3.673383056 seconds time elapsed


 Performance counter stats for './mem-walk-no-thread-no-thrash':

         3,643,706 cache-misses                                                

       3.700325405 seconds time elapsed


 Performance counter stats for './mem-walk-no-thread-no-thrash':

         3,575,382 cache-misses                                                

       3.481611717 seconds time elapsed


 Performance counter stats for './mem-walk-no-thread-no-thrash':

         3,461,179 cache-misses                                                

       3.424173709 seconds time elapsed


 Performance counter stats for './mem-walk-no-thread-no-thrash':

         3,521,503 cache-misses                                                

       3.262173874 seconds time elapsed


 Performance counter stats for './mem-walk-no-thread-no-thrash':

         3,478,777 cache-misses                                                

       3.410464982 seconds time elapsed


 Performance counter stats for './mem-walk-no-thread-no-thrash':

         3,647,966 cache-misses                                                

       3.201365321 seconds time elapsed


 Performance counter stats for './mem-walk-no-thread-no-thrash':

         3,601,945 cache-misses                                                

       3.705984541 seconds time elapsed


 Performance counter stats for './mem-walk-no-thread-no-thrash':

         3,774,679 cache-misses                                                

       3.955727624 seconds time elapsed


 Performance counter stats for './mem-walk-no-thread-no-thrash':

         3,469,620 cache-misses                                                

       3.272940251 seconds time elapsed


 Performance counter stats for './mem-walk-no-thread':

       532,896,448 cache-misses                                                

      10.857081020 seconds time elapsed


 Performance counter stats for './mem-walk-no-thread':

       536,709,633 cache-misses                                                

      10.813779151 seconds time elapsed


 Performance counter stats for './mem-walk-no-thread':

       533,165,440 cache-misses                                                

      10.866676859 seconds time elapsed


 Performance counter stats for './mem-walk-no-thread':

       551,272,248 cache-misses                                                

      10.876477192 seconds time elapsed


 Performance counter stats for './mem-walk-no-thread':

       529,711,143 cache-misses                                                

      10.845159193 seconds time elapsed


 Performance counter stats for './mem-walk-no-thread':

       536,380,497 cache-misses                                                

      10.814170357 seconds time elapsed


 Performance counter stats for './mem-walk-no-thread':

       537,709,787 cache-misses                                                

      10.838226265 seconds time elapsed


 Performance counter stats for './mem-walk-no-thread':

       534,258,424 cache-misses                                                

      10.868457301 seconds time elapsed


 Performance counter stats for './mem-walk-no-thread':

       537,494,726 cache-misses                                                

      10.833518577 seconds time elapsed


 Performance counter stats for './mem-walk-no-thread':

       546,268,513 cache-misses                                                

      10.850041715 seconds time elapsed


 Performance counter stats for './mem-walk-no-thrash':

        24,601,315 cache-misses                                                

      11.173122402 seconds time elapsed


 Performance counter stats for './mem-walk-no-thrash':

         7,091,483 cache-misses                                                

      11.115555883 seconds time elapsed


 Performance counter stats for './mem-walk-no-thrash':

        27,623,660 cache-misses                                                

      11.331884161 seconds time elapsed


 Performance counter stats for './mem-walk-no-thrash':

        30,314,643 cache-misses                                                

      11.611154887 seconds time elapsed


 Performance counter stats for './mem-walk-no-thrash':

        22,469,301 cache-misses                                                

      11.331271572 seconds time elapsed


 Performance counter stats for './mem-walk-no-thrash':

        26,682,240 cache-misses                                                

      11.304946410 seconds time elapsed


 Performance counter stats for './mem-walk-no-thrash':

        14,104,697 cache-misses                                                

      11.987469977 seconds time elapsed


 Performance counter stats for './mem-walk-no-thrash':

        13,495,955 cache-misses                                                

      11.264274779 seconds time elapsed


 Performance counter stats for './mem-walk-no-thrash':

        23,841,883 cache-misses                                                

      11.280881258 seconds time elapsed


 Performance counter stats for './mem-walk-no-thrash':

        21,669,564 cache-misses                                                

      11.267016667 seconds time elapsed


 Performance counter stats for './mem-walk':

     2,028,405,664 cache-misses                                                

      50.337181456 seconds time elapsed


 Performance counter stats for './mem-walk':

     1,629,040,243 cache-misses                                                

      50.066356318 seconds time elapsed


 Performance counter stats for './mem-walk':

     1,819,175,769 cache-misses                                                

      50.229419755 seconds time elapsed


 Performance counter stats for './mem-walk':

     4,420,743,641 cache-misses                                                

      70.109942493 seconds time elapsed


 Performance counter stats for './mem-walk':

     1,647,926,950 cache-misses                                                

      50.133005170 seconds time elapsed


 Performance counter stats for './mem-walk':

     2,012,210,547 cache-misses                                                

      49.504951702 seconds time elapsed


 Performance counter stats for './mem-walk':

     1,974,705,973 cache-misses                                                

      49.977800151 seconds time elapsed


 Performance counter stats for './mem-walk':

     1,809,272,924 cache-misses                                                

      50.159771222 seconds time elapsed


 Performance counter stats for './mem-walk':

     1,588,090,324 cache-misses                                                

      49.738086633 seconds time elapsed


 Performance counter stats for './mem-walk':

     1,891,392,546 cache-misses                                                

      49.785053222 seconds time elapsed

