
 Performance counter stats for './mem-walk-no-thread-no-thrash':

         3,606,693 cache-misses                                                

       3.639099941 seconds time elapsed


 Performance counter stats for './mem-walk-no-thread-no-thrash':

         3,618,054 cache-misses                                                

       3.178279300 seconds time elapsed


 Performance counter stats for './mem-walk-no-thread-no-thrash':

         3,569,894 cache-misses                                                

       3.372415557 seconds time elapsed


 Performance counter stats for './mem-walk-no-thread-no-thrash':

         3,463,628 cache-misses                                                

       3.126594029 seconds time elapsed


 Performance counter stats for './mem-walk-no-thread-no-thrash':

         3,488,206 cache-misses                                                

       3.180455462 seconds time elapsed


 Performance counter stats for './mem-walk-no-thread-no-thrash':

         3,838,507 cache-misses                                                

       3.913616023 seconds time elapsed


 Performance counter stats for './mem-walk-no-thread-no-thrash':

         3,736,104 cache-misses                                                

       3.881910314 seconds time elapsed


 Performance counter stats for './mem-walk-no-thread-no-thrash':

         3,547,228 cache-misses                                                

       3.374347260 seconds time elapsed


 Performance counter stats for './mem-walk-no-thread-no-thrash':

         3,738,793 cache-misses                                                

       4.002767948 seconds time elapsed


 Performance counter stats for './mem-walk-no-thread-no-thrash':

         3,900,511 cache-misses                                                

       4.175810052 seconds time elapsed


 Performance counter stats for './mem-walk-no-thread':

       557,696,231 cache-misses                                                

      10.974523659 seconds time elapsed


 Performance counter stats for './mem-walk-no-thread':

       536,077,702 cache-misses                                                

      10.932013698 seconds time elapsed


 Performance counter stats for './mem-walk-no-thread':

       532,585,777 cache-misses                                                

      11.007863246 seconds time elapsed


 Performance counter stats for './mem-walk-no-thread':

       540,957,602 cache-misses                                                

      10.919185906 seconds time elapsed


 Performance counter stats for './mem-walk-no-thread':

       526,758,277 cache-misses                                                

      10.921363961 seconds time elapsed


 Performance counter stats for './mem-walk-no-thread':

       541,237,659 cache-misses                                                

      10.921510617 seconds time elapsed


 Performance counter stats for './mem-walk-no-thread':

       555,882,043 cache-misses                                                

      10.975387179 seconds time elapsed


 Performance counter stats for './mem-walk-no-thread':

       545,642,430 cache-misses                                                

      10.948355553 seconds time elapsed


 Performance counter stats for './mem-walk-no-thread':

       556,516,954 cache-misses                                                

      10.988652533 seconds time elapsed


 Performance counter stats for './mem-walk-no-thread':

       546,642,284 cache-misses                                                

      10.944267656 seconds time elapsed


 Performance counter stats for './mem-walk-no-thrash':

        14,122,489 cache-misses                                                

      11.969211109 seconds time elapsed


 Performance counter stats for './mem-walk-no-thrash':

        21,929,486 cache-misses                                                

      11.226050493 seconds time elapsed


 Performance counter stats for './mem-walk-no-thrash':

        23,743,800 cache-misses                                                

      11.552214132 seconds time elapsed


 Performance counter stats for './mem-walk-no-thrash':

        16,424,132 cache-misses                                                

      11.287709460 seconds time elapsed


 Performance counter stats for './mem-walk-no-thrash':

        15,083,631 cache-misses                                                

      11.296447768 seconds time elapsed


 Performance counter stats for './mem-walk-no-thrash':

        13,446,083 cache-misses                                                

      11.140309466 seconds time elapsed


 Performance counter stats for './mem-walk-no-thrash':

        20,445,121 cache-misses                                                

      11.215396110 seconds time elapsed


 Performance counter stats for './mem-walk-no-thrash':

         9,089,434 cache-misses                                                

      11.133572309 seconds time elapsed


 Performance counter stats for './mem-walk-no-thrash':

        14,210,489 cache-misses                                                

      11.999072149 seconds time elapsed


 Performance counter stats for './mem-walk-no-thrash':

        10,762,478 cache-misses                                                

      11.130921718 seconds time elapsed


 Performance counter stats for './mem-walk':

     1,846,475,575 cache-misses                                                

      51.127242148 seconds time elapsed


 Performance counter stats for './mem-walk':

     2,178,489,883 cache-misses                                                

      52.647425392 seconds time elapsed


 Performance counter stats for './mem-walk':

     2,763,736,516 cache-misses                                                

      57.346956046 seconds time elapsed


 Performance counter stats for './mem-walk':

     2,293,420,200 cache-misses                                                

      53.927150002 seconds time elapsed


 Performance counter stats for './mem-walk':

     5,018,464,085 cache-misses                                                

      73.695035481 seconds time elapsed


 Performance counter stats for './mem-walk':

     2,049,473,256 cache-misses                                                

      52.471960342 seconds time elapsed


 Performance counter stats for './mem-walk':

     2,119,135,477 cache-misses                                                

      52.827885498 seconds time elapsed


 Performance counter stats for './mem-walk':

     2,029,573,027 cache-misses                                                

      51.847026158 seconds time elapsed


 Performance counter stats for './mem-walk':

     2,282,557,699 cache-misses                                                

      53.149529687 seconds time elapsed


 Performance counter stats for './mem-walk':

     2,530,129,630 cache-misses                                                

      55.494344463 seconds time elapsed

