
 Performance counter stats for './mem-walk-no-thread-no-thrash':

         3,671,527 cache-misses                                                

       3.937623215 seconds time elapsed


 Performance counter stats for './mem-walk-no-thread-no-thrash':

         3,528,450 cache-misses                                                

       3.266750274 seconds time elapsed


 Performance counter stats for './mem-walk-no-thread-no-thrash':

         3,606,771 cache-misses                                                

       3.881169676 seconds time elapsed


 Performance counter stats for './mem-walk-no-thread-no-thrash':

         3,364,317 cache-misses                                                

       3.126197080 seconds time elapsed


 Performance counter stats for './mem-walk-no-thread-no-thrash':

         3,805,745 cache-misses                                                

       4.007330698 seconds time elapsed


 Performance counter stats for './mem-walk-no-thread-no-thrash':

         3,374,390 cache-misses                                                

       3.127823363 seconds time elapsed


 Performance counter stats for './mem-walk-no-thread-no-thrash':

         3,619,025 cache-misses                                                

       3.852440984 seconds time elapsed


 Performance counter stats for './mem-walk-no-thread-no-thrash':

         3,622,124 cache-misses                                                

       4.001167494 seconds time elapsed


 Performance counter stats for './mem-walk-no-thread-no-thrash':

         3,860,669 cache-misses                                                

       4.074481832 seconds time elapsed


 Performance counter stats for './mem-walk-no-thread-no-thrash':

         3,638,191 cache-misses                                                

       4.037119329 seconds time elapsed


 Performance counter stats for './mem-walk-no-thread':

       552,249,937 cache-misses                                                

      10.888326140 seconds time elapsed


 Performance counter stats for './mem-walk-no-thread':

       556,689,319 cache-misses                                                

      10.883701876 seconds time elapsed


 Performance counter stats for './mem-walk-no-thread':

       536,431,348 cache-misses                                                

      10.838616959 seconds time elapsed


 Performance counter stats for './mem-walk-no-thread':

       544,848,398 cache-misses                                                

      10.888437434 seconds time elapsed


 Performance counter stats for './mem-walk-no-thread':

       544,891,309 cache-misses                                                

      10.863333240 seconds time elapsed


 Performance counter stats for './mem-walk-no-thread':

       536,016,755 cache-misses                                                

      10.845410569 seconds time elapsed


 Performance counter stats for './mem-walk-no-thread':

       556,910,696 cache-misses                                                

      10.871019627 seconds time elapsed


 Performance counter stats for './mem-walk-no-thread':

       548,713,205 cache-misses                                                

      10.859667036 seconds time elapsed


 Performance counter stats for './mem-walk-no-thread':

       544,368,242 cache-misses                                                

      10.861768766 seconds time elapsed


 Performance counter stats for './mem-walk-no-thread':

       538,292,997 cache-misses                                                

      10.837364231 seconds time elapsed


 Performance counter stats for './mem-walk-no-thrash':

         9,027,178 cache-misses                                                

      11.132358090 seconds time elapsed


 Performance counter stats for './mem-walk-no-thrash':

        24,570,359 cache-misses                                                

      11.276176441 seconds time elapsed


 Performance counter stats for './mem-walk-no-thrash':

        23,548,295 cache-misses                                                

      11.308962047 seconds time elapsed


 Performance counter stats for './mem-walk-no-thrash':

        27,649,747 cache-misses                                                

      11.357340179 seconds time elapsed


 Performance counter stats for './mem-walk-no-thrash':

        10,147,032 cache-misses                                                

      11.151941406 seconds time elapsed


 Performance counter stats for './mem-walk-no-thrash':

        14,618,511 cache-misses                                                

      11.275001189 seconds time elapsed


 Performance counter stats for './mem-walk-no-thrash':

        10,562,652 cache-misses                                                

      11.139722180 seconds time elapsed


 Performance counter stats for './mem-walk-no-thrash':

        18,354,716 cache-misses                                                

      11.275987138 seconds time elapsed


 Performance counter stats for './mem-walk-no-thrash':

        28,060,299 cache-misses                                                

      11.401705720 seconds time elapsed


 Performance counter stats for './mem-walk-no-thrash':

        21,564,205 cache-misses                                                

      11.357531796 seconds time elapsed


 Performance counter stats for './mem-walk':

     1,939,825,791 cache-misses                                                

      50.813324653 seconds time elapsed


 Performance counter stats for './mem-walk':

     1,559,149,606 cache-misses                                                

      49.528504630 seconds time elapsed


 Performance counter stats for './mem-walk':

     1,839,210,723 cache-misses                                                

      49.430474178 seconds time elapsed


 Performance counter stats for './mem-walk':

     1,666,434,646 cache-misses                                                

      49.613865067 seconds time elapsed


 Performance counter stats for './mem-walk':

     2,183,512,908 cache-misses                                                

      49.888450112 seconds time elapsed


 Performance counter stats for './mem-walk':

     1,725,716,336 cache-misses                                                

      50.059327495 seconds time elapsed


 Performance counter stats for './mem-walk':

     1,838,942,872 cache-misses                                                

      49.692884902 seconds time elapsed


 Performance counter stats for './mem-walk':

     1,930,280,388 cache-misses                                                

      49.031518622 seconds time elapsed


 Performance counter stats for './mem-walk':

     1,694,598,616 cache-misses                                                

      49.607204524 seconds time elapsed


 Performance counter stats for './mem-walk':

     2,081,904,946 cache-misses                                                

      49.428604064 seconds time elapsed

