
 Performance counter stats for './mem-walk-no-thread-no-thrash':

         4,357,557 cache-misses                                                

       3.202345292 seconds time elapsed


 Performance counter stats for './mem-walk-no-thread-no-thrash':

         4,128,932 cache-misses                                                

       3.101605487 seconds time elapsed


 Performance counter stats for './mem-walk-no-thread-no-thrash':

         4,369,437 cache-misses                                                

       3.583986061 seconds time elapsed


 Performance counter stats for './mem-walk-no-thread-no-thrash':

         4,630,409 cache-misses                                                

       3.919706253 seconds time elapsed


 Performance counter stats for './mem-walk-no-thread-no-thrash':

         4,561,184 cache-misses                                                

       3.760829250 seconds time elapsed


 Performance counter stats for './mem-walk-no-thread':

       547,071,987 cache-misses                                                

      11.246076561 seconds time elapsed


 Performance counter stats for './mem-walk-no-thread':

       553,773,551 cache-misses                                                

      11.301763498 seconds time elapsed


 Performance counter stats for './mem-walk-no-thread':

       548,135,144 cache-misses                                                

      11.234308115 seconds time elapsed


 Performance counter stats for './mem-walk-no-thread':

       556,054,163 cache-misses                                                

      11.299815065 seconds time elapsed


 Performance counter stats for './mem-walk-no-thread':

       486,796,818 cache-misses                                                

      11.952465131 seconds time elapsed


 Performance counter stats for './mem-walk-no-thrash':

        16,291,133 cache-misses                                                

       5.997058016 seconds time elapsed


 Performance counter stats for './mem-walk-no-thrash':

        15,073,920 cache-misses                                                

       6.254086646 seconds time elapsed


 Performance counter stats for './mem-walk-no-thrash':

        17,344,493 cache-misses                                                

       6.116501235 seconds time elapsed


 Performance counter stats for './mem-walk-no-thrash':

        17,466,569 cache-misses                                                

       6.254281047 seconds time elapsed


 Performance counter stats for './mem-walk-no-thrash':

        15,871,163 cache-misses                                                

       6.248356035 seconds time elapsed


 Performance counter stats for './mem-walk':

     1,383,104,845 cache-misses                                                

      28.897341297 seconds time elapsed


 Performance counter stats for './mem-walk':

       805,701,076 cache-misses                                                

      25.049208967 seconds time elapsed


 Performance counter stats for './mem-walk':

     1,149,907,916 cache-misses                                                

      25.479406304 seconds time elapsed


 Performance counter stats for './mem-walk':

     1,023,571,193 cache-misses                                                

      25.134811902 seconds time elapsed


 Performance counter stats for './mem-walk':

     1,019,871,399 cache-misses                                                

      26.565004960 seconds time elapsed

