
 Performance counter stats for './mem-walk-no-thread-no-thrash':

         3,707,475 cache-misses                                                

       3.719114890 seconds time elapsed


 Performance counter stats for './mem-walk-no-thread-no-thrash':

         3,519,727 cache-misses                                                

       3.794108525 seconds time elapsed


 Performance counter stats for './mem-walk-no-thread-no-thrash':

         3,509,564 cache-misses                                                

       3.512368290 seconds time elapsed


 Performance counter stats for './mem-walk-no-thread-no-thrash':

         3,635,421 cache-misses                                                

       3.691948105 seconds time elapsed


 Performance counter stats for './mem-walk-no-thread-no-thrash':

         3,706,940 cache-misses                                                

       4.016504795 seconds time elapsed


 Performance counter stats for './mem-walk-no-thread':

       606,093,303 cache-misses                                                

      11.055913256 seconds time elapsed


 Performance counter stats for './mem-walk-no-thread':

       577,989,343 cache-misses                                                

      11.017904538 seconds time elapsed


 Performance counter stats for './mem-walk-no-thread':

       581,557,489 cache-misses                                                

      11.010114652 seconds time elapsed


 Performance counter stats for './mem-walk-no-thread':

       581,726,114 cache-misses                                                

      11.036783945 seconds time elapsed


 Performance counter stats for './mem-walk-no-thread':

       586,680,994 cache-misses                                                

      11.031663637 seconds time elapsed


 Performance counter stats for './mem-walk-no-thrash':

         4,232,056 cache-misses                                                

       5.716588906 seconds time elapsed


 Performance counter stats for './mem-walk-no-thrash':

         4,616,668 cache-misses                                                

       5.722586441 seconds time elapsed


 Performance counter stats for './mem-walk-no-thrash':

         9,972,679 cache-misses                                                

       6.049615283 seconds time elapsed


 Performance counter stats for './mem-walk-no-thrash':

         7,176,110 cache-misses                                                

       6.048605898 seconds time elapsed


 Performance counter stats for './mem-walk-no-thrash':

         7,894,055 cache-misses                                                

       5.885995274 seconds time elapsed


 Performance counter stats for './mem-walk':

       901,405,090 cache-misses                                                

      25.174775894 seconds time elapsed


 Performance counter stats for './mem-walk':

       868,482,363 cache-misses                                                

      24.906555946 seconds time elapsed


 Performance counter stats for './mem-walk':

       924,877,725 cache-misses                                                

      25.186977299 seconds time elapsed


 Performance counter stats for './mem-walk':

       941,841,685 cache-misses                                                

      25.438855821 seconds time elapsed


 Performance counter stats for './mem-walk':

       913,279,917 cache-misses                                                

      24.934325524 seconds time elapsed

