
 Performance counter stats for './mem-walk-no-thread-no-thrash':

         3,809,768 cache-misses                                                

       3.652516968 seconds time elapsed


 Performance counter stats for './mem-walk-no-thread-no-thrash':

         3,869,039 cache-misses                                                

       4.163462188 seconds time elapsed


 Performance counter stats for './mem-walk-no-thread-no-thrash':

         3,623,580 cache-misses                                                

       3.210075291 seconds time elapsed


 Performance counter stats for './mem-walk-no-thread-no-thrash':

         3,723,183 cache-misses                                                

       3.586698372 seconds time elapsed


 Performance counter stats for './mem-walk-no-thread-no-thrash':

         3,473,977 cache-misses                                                

       3.132404187 seconds time elapsed


 Performance counter stats for './mem-walk-no-thread-no-thrash':

         3,556,892 cache-misses                                                

       3.394879258 seconds time elapsed


 Performance counter stats for './mem-walk-no-thread-no-thrash':

         3,567,001 cache-misses                                                

       3.488904737 seconds time elapsed


 Performance counter stats for './mem-walk-no-thread-no-thrash':

         3,693,701 cache-misses                                                

       3.160837727 seconds time elapsed


 Performance counter stats for './mem-walk-no-thread-no-thrash':

         3,544,355 cache-misses                                                

       3.197818312 seconds time elapsed


 Performance counter stats for './mem-walk-no-thread-no-thrash':

         3,700,818 cache-misses                                                

       3.926856600 seconds time elapsed


 Performance counter stats for './mem-walk-no-thread':

       603,158,020 cache-misses                                                

      11.116317688 seconds time elapsed


 Performance counter stats for './mem-walk-no-thread':

       594,570,596 cache-misses                                                

      11.091321948 seconds time elapsed


 Performance counter stats for './mem-walk-no-thread':

       593,793,561 cache-misses                                                

      11.100993234 seconds time elapsed


 Performance counter stats for './mem-walk-no-thread':

       594,862,294 cache-misses                                                

      11.073166020 seconds time elapsed


 Performance counter stats for './mem-walk-no-thread':

       583,898,276 cache-misses                                                

      11.051928697 seconds time elapsed


 Performance counter stats for './mem-walk-no-thread':

       599,373,055 cache-misses                                                

      11.082285890 seconds time elapsed


 Performance counter stats for './mem-walk-no-thread':

       581,878,359 cache-misses                                                

      11.081433039 seconds time elapsed


 Performance counter stats for './mem-walk-no-thread':

       591,127,258 cache-misses                                                

      11.084313516 seconds time elapsed


 Performance counter stats for './mem-walk-no-thread':

       579,674,321 cache-misses                                                

      11.117720885 seconds time elapsed


 Performance counter stats for './mem-walk-no-thread':

       581,586,491 cache-misses                                                

      11.070748355 seconds time elapsed


 Performance counter stats for './mem-walk-no-thrash':

        21,720,157 cache-misses                                                

      11.401609431 seconds time elapsed


 Performance counter stats for './mem-walk-no-thrash':

        16,053,716 cache-misses                                                

      11.224378519 seconds time elapsed


 Performance counter stats for './mem-walk-no-thrash':

        21,095,249 cache-misses                                                

      11.400178582 seconds time elapsed


 Performance counter stats for './mem-walk-no-thrash':

         5,267,892 cache-misses                                                

      11.087857265 seconds time elapsed


 Performance counter stats for './mem-walk-no-thrash':

        11,111,039 cache-misses                                                

      11.087860994 seconds time elapsed


 Performance counter stats for './mem-walk-no-thrash':

        23,697,932 cache-misses                                                

      11.297358265 seconds time elapsed


 Performance counter stats for './mem-walk-no-thrash':

        19,676,523 cache-misses                                                

      11.347824061 seconds time elapsed


 Performance counter stats for './mem-walk-no-thrash':

        12,143,684 cache-misses                                                

      11.183451641 seconds time elapsed


 Performance counter stats for './mem-walk-no-thrash':

        19,047,496 cache-misses                                                

      11.392168601 seconds time elapsed


 Performance counter stats for './mem-walk-no-thrash':

        10,713,988 cache-misses                                                

      11.298731273 seconds time elapsed


 Performance counter stats for './mem-walk':

     1,518,609,903 cache-misses                                                

      49.523205579 seconds time elapsed


 Performance counter stats for './mem-walk':

     1,764,831,056 cache-misses                                                

      50.627355213 seconds time elapsed


 Performance counter stats for './mem-walk':

     1,626,498,961 cache-misses                                                

      50.384615528 seconds time elapsed


 Performance counter stats for './mem-walk':

     1,499,599,067 cache-misses                                                

      49.984139030 seconds time elapsed


 Performance counter stats for './mem-walk':

     1,659,641,786 cache-misses                                                

      50.416730316 seconds time elapsed


 Performance counter stats for './mem-walk':

     1,543,047,875 cache-misses                                                

      50.031410204 seconds time elapsed


 Performance counter stats for './mem-walk':

     1,708,733,127 cache-misses                                                

      50.508281600 seconds time elapsed


 Performance counter stats for './mem-walk':

     1,621,108,828 cache-misses                                                

      50.380420443 seconds time elapsed


 Performance counter stats for './mem-walk':

     1,484,056,149 cache-misses                                                

      50.127052769 seconds time elapsed


 Performance counter stats for './mem-walk':

     1,529,802,697 cache-misses                                                

      49.752127745 seconds time elapsed

