
 Performance counter stats for './mem-walk-no-thread-no-thrash':

         3,887,261 cache-misses                                                

       4.166820313 seconds time elapsed


 Performance counter stats for './mem-walk-no-thread-no-thrash':

         3,538,285 cache-misses                                                

       3.528859464 seconds time elapsed


 Performance counter stats for './mem-walk-no-thread-no-thrash':

         3,375,026 cache-misses                                                

       2.992083606 seconds time elapsed


 Performance counter stats for './mem-walk-no-thread-no-thrash':

         3,701,690 cache-misses                                                

       4.145905557 seconds time elapsed


 Performance counter stats for './mem-walk-no-thread-no-thrash':

         3,599,679 cache-misses                                                

       3.827161700 seconds time elapsed


 Performance counter stats for './mem-walk-no-thread-no-thrash':

         3,692,166 cache-misses                                                

       3.891553118 seconds time elapsed


 Performance counter stats for './mem-walk-no-thread-no-thrash':

         3,711,990 cache-misses                                                

       4.144859320 seconds time elapsed


 Performance counter stats for './mem-walk-no-thread-no-thrash':

         3,802,809 cache-misses                                                

       4.166039332 seconds time elapsed


 Performance counter stats for './mem-walk-no-thread-no-thrash':

         3,421,737 cache-misses                                                

       3.255387515 seconds time elapsed


 Performance counter stats for './mem-walk-no-thread-no-thrash':

         3,476,255 cache-misses                                                

       3.414508980 seconds time elapsed


 Performance counter stats for './mem-walk-no-thread':

       586,586,105 cache-misses                                                

      11.015553769 seconds time elapsed


 Performance counter stats for './mem-walk-no-thread':

       584,354,331 cache-misses                                                

      11.039377255 seconds time elapsed


 Performance counter stats for './mem-walk-no-thread':

       586,455,184 cache-misses                                                

      11.004115986 seconds time elapsed


 Performance counter stats for './mem-walk-no-thread':

       594,219,339 cache-misses                                                

      11.042011275 seconds time elapsed


 Performance counter stats for './mem-walk-no-thread':

       585,671,419 cache-misses                                                

      11.022361029 seconds time elapsed


 Performance counter stats for './mem-walk-no-thread':

       600,647,961 cache-misses                                                

      11.027655650 seconds time elapsed


 Performance counter stats for './mem-walk-no-thread':

       584,087,978 cache-misses                                                

      11.021023913 seconds time elapsed


 Performance counter stats for './mem-walk-no-thread':

       583,761,586 cache-misses                                                

      11.039616845 seconds time elapsed


 Performance counter stats for './mem-walk-no-thread':

       597,398,115 cache-misses                                                

      11.030990571 seconds time elapsed


 Performance counter stats for './mem-walk-no-thread':

       594,490,631 cache-misses                                                

      11.014619084 seconds time elapsed


 Performance counter stats for './mem-walk-no-thrash':

        18,785,515 cache-misses                                                

      11.251776288 seconds time elapsed


 Performance counter stats for './mem-walk-no-thrash':

         6,779,410 cache-misses                                                

      11.110615220 seconds time elapsed


 Performance counter stats for './mem-walk-no-thrash':

        23,017,630 cache-misses                                                

      11.292897568 seconds time elapsed


 Performance counter stats for './mem-walk-no-thrash':

        17,876,127 cache-misses                                                

      11.361155641 seconds time elapsed


 Performance counter stats for './mem-walk-no-thrash':

        26,095,823 cache-misses                                                

      11.456618557 seconds time elapsed


 Performance counter stats for './mem-walk-no-thrash':

        22,350,827 cache-misses                                                

      11.352493592 seconds time elapsed


 Performance counter stats for './mem-walk-no-thrash':

        21,678,345 cache-misses                                                

      11.259314108 seconds time elapsed


 Performance counter stats for './mem-walk-no-thrash':

        18,927,956 cache-misses                                                

      11.263103285 seconds time elapsed


 Performance counter stats for './mem-walk-no-thrash':

         7,710,753 cache-misses                                                

      11.146805958 seconds time elapsed


 Performance counter stats for './mem-walk-no-thrash':

        17,686,603 cache-misses                                                

      11.602438722 seconds time elapsed


 Performance counter stats for './mem-walk':

     1,438,380,995 cache-misses                                                

      48.992318512 seconds time elapsed


 Performance counter stats for './mem-walk':

     1,950,553,418 cache-misses                                                

      49.703030103 seconds time elapsed


 Performance counter stats for './mem-walk':

     1,830,875,270 cache-misses                                                

      50.020426002 seconds time elapsed


 Performance counter stats for './mem-walk':

     1,882,751,127 cache-misses                                                

      49.725087630 seconds time elapsed


 Performance counter stats for './mem-walk':

     2,104,632,004 cache-misses                                                

      50.638166813 seconds time elapsed


 Performance counter stats for './mem-walk':

     1,929,990,847 cache-misses                                                

      52.181947949 seconds time elapsed


 Performance counter stats for './mem-walk':

     2,063,966,883 cache-misses                                                

      50.050632079 seconds time elapsed


 Performance counter stats for './mem-walk':

     2,257,023,453 cache-misses                                                

      52.342261775 seconds time elapsed


 Performance counter stats for './mem-walk':

     1,782,241,538 cache-misses                                                

      49.503820309 seconds time elapsed


 Performance counter stats for './mem-walk':

     1,939,661,870 cache-misses                                                

      49.838730827 seconds time elapsed

