
 Performance counter stats for './mem-walk-no-thread-no-thrash':

         9,608,186 cache-misses                                                

       3.701915709 seconds time elapsed


 Performance counter stats for './mem-walk-no-thread-no-thrash':

         9,503,455 cache-misses                                                

       3.697649947 seconds time elapsed


 Performance counter stats for './mem-walk-no-thread-no-thrash':

         9,252,253 cache-misses                                                

       3.504752237 seconds time elapsed


 Performance counter stats for './mem-walk-no-thread-no-thrash':

         8,679,554 cache-misses                                                

       3.158365568 seconds time elapsed


 Performance counter stats for './mem-walk-no-thread-no-thrash':

         9,616,815 cache-misses                                                

       3.651762512 seconds time elapsed


 Performance counter stats for './mem-walk-no-thread-no-thrash':

         9,834,547 cache-misses                                                

       3.740409809 seconds time elapsed


 Performance counter stats for './mem-walk-no-thread-no-thrash':

         9,155,621 cache-misses                                                

       3.358626176 seconds time elapsed


 Performance counter stats for './mem-walk-no-thread-no-thrash':

         8,813,010 cache-misses                                                

       3.311563160 seconds time elapsed


 Performance counter stats for './mem-walk-no-thread-no-thrash':

         9,590,425 cache-misses                                                

       3.658322327 seconds time elapsed


 Performance counter stats for './mem-walk-no-thread-no-thrash':

         8,814,955 cache-misses                                                

       3.212354343 seconds time elapsed


 Performance counter stats for './mem-walk-no-thread':

       517,978,032 cache-misses                                                

      11.841738615 seconds time elapsed


 Performance counter stats for './mem-walk-no-thread':

       530,939,636 cache-misses                                                

      11.855291421 seconds time elapsed


 Performance counter stats for './mem-walk-no-thread':

       514,377,393 cache-misses                                                

      11.849864461 seconds time elapsed


 Performance counter stats for './mem-walk-no-thread':

       527,819,718 cache-misses                                                

      11.860752076 seconds time elapsed


 Performance counter stats for './mem-walk-no-thread':

       517,997,286 cache-misses                                                

      11.920170609 seconds time elapsed


 Performance counter stats for './mem-walk-no-thread':

       520,036,034 cache-misses                                                

      11.845028440 seconds time elapsed


 Performance counter stats for './mem-walk-no-thread':

       531,210,222 cache-misses                                                

      11.843184034 seconds time elapsed


 Performance counter stats for './mem-walk-no-thread':

       512,239,755 cache-misses                                                

      11.834407039 seconds time elapsed


 Performance counter stats for './mem-walk-no-thread':

       521,621,048 cache-misses                                                

      11.815893921 seconds time elapsed


 Performance counter stats for './mem-walk-no-thread':

       525,701,900 cache-misses                                                

      11.831770807 seconds time elapsed


 Performance counter stats for './mem-walk-no-thrash':

        44,638,174 cache-misses                                                

      12.371709310 seconds time elapsed


 Performance counter stats for './mem-walk-no-thrash':

        47,539,336 cache-misses                                                

      12.519084003 seconds time elapsed


 Performance counter stats for './mem-walk-no-thrash':

        44,664,080 cache-misses                                                

      12.269437678 seconds time elapsed


 Performance counter stats for './mem-walk-no-thrash':

        46,466,423 cache-misses                                                

      12.177649779 seconds time elapsed


 Performance counter stats for './mem-walk-no-thrash':

        43,909,120 cache-misses                                                

      11.904695773 seconds time elapsed


 Performance counter stats for './mem-walk-no-thrash':

        46,785,849 cache-misses                                                

      12.122463028 seconds time elapsed


 Performance counter stats for './mem-walk-no-thrash':

        44,409,700 cache-misses                                                

      12.121484187 seconds time elapsed


 Performance counter stats for './mem-walk-no-thrash':

        46,187,844 cache-misses                                                

      12.175724799 seconds time elapsed


 Performance counter stats for './mem-walk-no-thrash':

        45,796,525 cache-misses                                                

      12.122481081 seconds time elapsed


 Performance counter stats for './mem-walk-no-thrash':

        45,526,807 cache-misses                                                

      12.296228130 seconds time elapsed


 Performance counter stats for './mem-walk':

    11,543,170,369 cache-misses                                                

     127.423702237 seconds time elapsed


 Performance counter stats for './mem-walk':

    11,363,445,277 cache-misses                                                

     124.887764813 seconds time elapsed


 Performance counter stats for './mem-walk':

    12,214,084,521 cache-misses                                                

     132.034464436 seconds time elapsed


 Performance counter stats for './mem-walk':

    14,073,075,328 cache-misses                                                

     146.237209778 seconds time elapsed


 Performance counter stats for './mem-walk':

    11,613,100,801 cache-misses                                                

     126.608318437 seconds time elapsed


 Performance counter stats for './mem-walk':

    11,578,798,077 cache-misses                                                

     126.307396640 seconds time elapsed


 Performance counter stats for './mem-walk':

    11,385,850,814 cache-misses                                                

     124.223610584 seconds time elapsed


 Performance counter stats for './mem-walk':

    11,935,641,530 cache-misses                                                

     129.246142304 seconds time elapsed


 Performance counter stats for './mem-walk':

    12,599,993,387 cache-misses                                                

     133.820087568 seconds time elapsed


 Performance counter stats for './mem-walk':

    11,681,816,646 cache-misses                                                

     127.646265472 seconds time elapsed

