
 Performance counter stats for './mem-walk-no-thread-no-thrash':

         3,904,159 cache-misses                                                

       3.372416267 seconds time elapsed


 Performance counter stats for './mem-walk-no-thread-no-thrash':

         4,076,995 cache-misses                                                

       3.889591437 seconds time elapsed


 Performance counter stats for './mem-walk-no-thread-no-thrash':

         4,085,623 cache-misses                                                

       4.202169713 seconds time elapsed


 Performance counter stats for './mem-walk-no-thread-no-thrash':

         4,222,424 cache-misses                                                

       4.011474508 seconds time elapsed


 Performance counter stats for './mem-walk-no-thread-no-thrash':

         4,164,877 cache-misses                                                

       4.052559932 seconds time elapsed


 Performance counter stats for './mem-walk-no-thread':

       577,411,898 cache-misses                                                

      11.204126540 seconds time elapsed


 Performance counter stats for './mem-walk-no-thread':

       581,539,457 cache-misses                                                

      11.172093491 seconds time elapsed


 Performance counter stats for './mem-walk-no-thread':

       582,294,715 cache-misses                                                

      11.185836899 seconds time elapsed


 Performance counter stats for './mem-walk-no-thread':

       592,867,573 cache-misses                                                

      11.183272343 seconds time elapsed


 Performance counter stats for './mem-walk-no-thread':

       580,065,151 cache-misses                                                

      11.184423846 seconds time elapsed


 Performance counter stats for './mem-walk-no-thrash':

         7,803,414 cache-misses                                                

       6.135757951 seconds time elapsed


 Performance counter stats for './mem-walk-no-thrash':

        13,934,253 cache-misses                                                

       6.147017408 seconds time elapsed


 Performance counter stats for './mem-walk-no-thrash':

         9,580,733 cache-misses                                                

       6.138042320 seconds time elapsed


 Performance counter stats for './mem-walk-no-thrash':

         8,259,654 cache-misses                                                

       6.128445484 seconds time elapsed


 Performance counter stats for './mem-walk-no-thrash':

         8,454,779 cache-misses                                                

       6.130137223 seconds time elapsed


 Performance counter stats for './mem-walk':

     3,524,165,022 cache-misses                                                

      46.051631365 seconds time elapsed


 Performance counter stats for './mem-walk':

     3,363,874,596 cache-misses                                                

      44.363844030 seconds time elapsed


 Performance counter stats for './mem-walk':

     3,768,160,162 cache-misses                                                

      47.826615697 seconds time elapsed


 Performance counter stats for './mem-walk':

     3,572,063,825 cache-misses                                                

      45.882753326 seconds time elapsed


 Performance counter stats for './mem-walk':

     3,361,369,278 cache-misses                                                

      44.499524076 seconds time elapsed

