
 Performance counter stats for './mem-walk-no-thread-no-thrash':

         3,850,610 cache-misses                                                

       3.823757950 seconds time elapsed


 Performance counter stats for './mem-walk-no-thread-no-thrash':

         3,664,937 cache-misses                                                

       3.742313198 seconds time elapsed


 Performance counter stats for './mem-walk-no-thread-no-thrash':

         3,417,007 cache-misses                                                

       3.169995584 seconds time elapsed


 Performance counter stats for './mem-walk-no-thread-no-thrash':

         3,346,712 cache-misses                                                

       3.132054634 seconds time elapsed


 Performance counter stats for './mem-walk-no-thread-no-thrash':

         3,556,960 cache-misses                                                

       3.898323108 seconds time elapsed


 Performance counter stats for './mem-walk-no-thread':

       537,434,649 cache-misses                                                

      10.865064569 seconds time elapsed


 Performance counter stats for './mem-walk-no-thread':

       550,988,615 cache-misses                                                

      10.882227486 seconds time elapsed


 Performance counter stats for './mem-walk-no-thread':

       533,981,527 cache-misses                                                

      10.844040500 seconds time elapsed


 Performance counter stats for './mem-walk-no-thread':

       543,494,496 cache-misses                                                

      10.859307493 seconds time elapsed


 Performance counter stats for './mem-walk-no-thread':

       553,132,627 cache-misses                                                

      10.880700848 seconds time elapsed


 Performance counter stats for './mem-walk-no-thrash':

         8,650,668 cache-misses                                                

       5.954776751 seconds time elapsed


 Performance counter stats for './mem-walk-no-thrash':

        12,696,098 cache-misses                                                

       5.815350265 seconds time elapsed


 Performance counter stats for './mem-walk-no-thrash':

        10,917,335 cache-misses                                                

       5.826119856 seconds time elapsed


 Performance counter stats for './mem-walk-no-thrash':

         9,886,854 cache-misses                                                

       5.764468862 seconds time elapsed


 Performance counter stats for './mem-walk-no-thrash':

         8,426,239 cache-misses                                                

       5.890505821 seconds time elapsed


 Performance counter stats for './mem-walk':

       844,922,031 cache-misses                                                

      24.808105995 seconds time elapsed


 Performance counter stats for './mem-walk':

       872,264,719 cache-misses                                                

      25.102730281 seconds time elapsed


 Performance counter stats for './mem-walk':

     1,038,329,681 cache-misses                                                

      24.430909111 seconds time elapsed


 Performance counter stats for './mem-walk':

       788,587,390 cache-misses                                                

      24.905431555 seconds time elapsed


 Performance counter stats for './mem-walk':

       793,818,856 cache-misses                                                

      25.013299788 seconds time elapsed

