
 Performance counter stats for './mem-walk-no-thread-no-thrash':

         3,942,125 cache-misses                                                

       3.482750437 seconds time elapsed


 Performance counter stats for './mem-walk-no-thread-no-thrash':

         3,997,054 cache-misses                                                

       3.752118567 seconds time elapsed


 Performance counter stats for './mem-walk-no-thread-no-thrash':

         3,981,763 cache-misses                                                

       4.004869894 seconds time elapsed


 Performance counter stats for './mem-walk-no-thread-no-thrash':

         3,869,990 cache-misses                                                

       3.601386907 seconds time elapsed


 Performance counter stats for './mem-walk-no-thread-no-thrash':

         4,127,983 cache-misses                                                

       3.965789248 seconds time elapsed


 Performance counter stats for './mem-walk-no-thread-no-thrash':

         4,188,826 cache-misses                                                

       4.225141786 seconds time elapsed


 Performance counter stats for './mem-walk-no-thread-no-thrash':

         4,112,925 cache-misses                                                

       3.953132756 seconds time elapsed


 Performance counter stats for './mem-walk-no-thread-no-thrash':

         3,999,763 cache-misses                                                

       4.001649253 seconds time elapsed


 Performance counter stats for './mem-walk-no-thread-no-thrash':

         4,000,679 cache-misses                                                

       3.750465714 seconds time elapsed


 Performance counter stats for './mem-walk-no-thread-no-thrash':

         4,061,407 cache-misses                                                

       3.959657024 seconds time elapsed


 Performance counter stats for './mem-walk-no-thread':

       583,709,259 cache-misses                                                

      11.117883784 seconds time elapsed


 Performance counter stats for './mem-walk-no-thread':

       528,423,071 cache-misses                                                

      11.019108120 seconds time elapsed


 Performance counter stats for './mem-walk-no-thread':

       543,927,888 cache-misses                                                

      10.939627618 seconds time elapsed


 Performance counter stats for './mem-walk-no-thread':

       542,331,335 cache-misses                                                

      10.958514709 seconds time elapsed


 Performance counter stats for './mem-walk-no-thread':

       534,551,707 cache-misses                                                

      10.950393504 seconds time elapsed


 Performance counter stats for './mem-walk-no-thread':

       528,931,894 cache-misses                                                

      10.954819807 seconds time elapsed


 Performance counter stats for './mem-walk-no-thread':

       528,432,019 cache-misses                                                

      10.974973721 seconds time elapsed


 Performance counter stats for './mem-walk-no-thread':

       544,264,329 cache-misses                                                

      10.959969482 seconds time elapsed


 Performance counter stats for './mem-walk-no-thread':

       550,173,942 cache-misses                                                

      10.957892906 seconds time elapsed


 Performance counter stats for './mem-walk-no-thread':

       542,259,171 cache-misses                                                

      10.937409653 seconds time elapsed


 Performance counter stats for './mem-walk-no-thrash':

        25,023,130 cache-misses                                                

      11.491754755 seconds time elapsed


 Performance counter stats for './mem-walk-no-thrash':

        24,702,364 cache-misses                                                

      11.486129217 seconds time elapsed


 Performance counter stats for './mem-walk-no-thrash':

        22,479,843 cache-misses                                                

      11.471251604 seconds time elapsed


 Performance counter stats for './mem-walk-no-thrash':

        26,814,384 cache-misses                                                

      11.483538329 seconds time elapsed


 Performance counter stats for './mem-walk-no-thrash':

        19,423,270 cache-misses                                                

      11.478131219 seconds time elapsed


 Performance counter stats for './mem-walk-no-thrash':

        28,588,533 cache-misses                                                

      11.560125646 seconds time elapsed


 Performance counter stats for './mem-walk-no-thrash':

        21,731,945 cache-misses                                                

      11.470250320 seconds time elapsed


 Performance counter stats for './mem-walk-no-thrash':

        17,585,788 cache-misses                                                

      11.368916664 seconds time elapsed


 Performance counter stats for './mem-walk-no-thrash':

        28,416,316 cache-misses                                                

      11.485128638 seconds time elapsed


 Performance counter stats for './mem-walk-no-thrash':

        27,471,453 cache-misses                                                

      11.483942061 seconds time elapsed


 Performance counter stats for './mem-walk':

     3,081,708,486 cache-misses                                                

      61.716292327 seconds time elapsed


 Performance counter stats for './mem-walk':

     3,152,317,770 cache-misses                                                

      62.992389423 seconds time elapsed


 Performance counter stats for './mem-walk':

     4,164,054,124 cache-misses                                                

      70.020531934 seconds time elapsed


 Performance counter stats for './mem-walk':

     3,760,346,425 cache-misses                                                

      68.785947823 seconds time elapsed


 Performance counter stats for './mem-walk':

     3,053,424,853 cache-misses                                                

      60.475690529 seconds time elapsed


 Performance counter stats for './mem-walk':

     2,955,496,628 cache-misses                                                

      59.713073113 seconds time elapsed


 Performance counter stats for './mem-walk':

     4,018,907,669 cache-misses                                                

      68.058908716 seconds time elapsed


 Performance counter stats for './mem-walk':

     3,284,255,456 cache-misses                                                

      63.057055142 seconds time elapsed


 Performance counter stats for './mem-walk':

     2,841,375,273 cache-misses                                                

      60.416279868 seconds time elapsed


 Performance counter stats for './mem-walk':

     2,929,201,414 cache-misses                                                

      61.999692803 seconds time elapsed

