
 Performance counter stats for './mem-walk-no-thread-no-thrash':

         3,537,877 cache-misses                                                

       3.301583370 seconds time elapsed


 Performance counter stats for './mem-walk-no-thread-no-thrash':

         3,660,773 cache-misses                                                

       3.536539896 seconds time elapsed


 Performance counter stats for './mem-walk-no-thread-no-thrash':

         3,564,918 cache-misses                                                

       3.210584923 seconds time elapsed


 Performance counter stats for './mem-walk-no-thread-no-thrash':

         3,405,272 cache-misses                                                

       3.100784429 seconds time elapsed


 Performance counter stats for './mem-walk-no-thread-no-thrash':

         3,437,465 cache-misses                                                

       3.200963828 seconds time elapsed


 Performance counter stats for './mem-walk-no-thread-no-thrash':

         3,646,269 cache-misses                                                

       3.903155210 seconds time elapsed


 Performance counter stats for './mem-walk-no-thread-no-thrash':

         3,825,135 cache-misses                                                

       4.069571431 seconds time elapsed


 Performance counter stats for './mem-walk-no-thread-no-thrash':

         3,788,531 cache-misses                                                

       4.070017635 seconds time elapsed


 Performance counter stats for './mem-walk-no-thread-no-thrash':

         3,710,700 cache-misses                                                

       3.892320753 seconds time elapsed


 Performance counter stats for './mem-walk-no-thread-no-thrash':

         3,843,072 cache-misses                                                

       4.006249452 seconds time elapsed


 Performance counter stats for './mem-walk-no-thread':

       546,937,171 cache-misses                                                

      10.918227202 seconds time elapsed


 Performance counter stats for './mem-walk-no-thread':

       545,395,720 cache-misses                                                

      10.900337441 seconds time elapsed


 Performance counter stats for './mem-walk-no-thread':

       540,994,581 cache-misses                                                

      10.861668464 seconds time elapsed


 Performance counter stats for './mem-walk-no-thread':

       559,691,867 cache-misses                                                

      10.949757211 seconds time elapsed


 Performance counter stats for './mem-walk-no-thread':

       549,719,934 cache-misses                                                

      10.903354356 seconds time elapsed


 Performance counter stats for './mem-walk-no-thread':

       549,703,300 cache-misses                                                

      10.918221515 seconds time elapsed


 Performance counter stats for './mem-walk-no-thread':

       559,718,049 cache-misses                                                

      10.945214694 seconds time elapsed


 Performance counter stats for './mem-walk-no-thread':

       531,654,668 cache-misses                                                

      10.944709245 seconds time elapsed


 Performance counter stats for './mem-walk-no-thread':

       558,837,707 cache-misses                                                

      10.981512677 seconds time elapsed


 Performance counter stats for './mem-walk-no-thread':

       546,558,566 cache-misses                                                

      10.951370404 seconds time elapsed


 Performance counter stats for './mem-walk-no-thrash':

        24,339,157 cache-misses                                                

      11.327137432 seconds time elapsed


 Performance counter stats for './mem-walk-no-thrash':

         9,853,958 cache-misses                                                

      11.146670466 seconds time elapsed


 Performance counter stats for './mem-walk-no-thrash':

        18,283,678 cache-misses                                                

      11.045694534 seconds time elapsed


 Performance counter stats for './mem-walk-no-thrash':

        14,538,643 cache-misses                                                

      11.285895743 seconds time elapsed


 Performance counter stats for './mem-walk-no-thrash':

        16,608,176 cache-misses                                                

      11.423179164 seconds time elapsed


 Performance counter stats for './mem-walk-no-thrash':

        14,723,007 cache-misses                                                

      11.190618590 seconds time elapsed


 Performance counter stats for './mem-walk-no-thrash':

        28,057,871 cache-misses                                                

      11.465777262 seconds time elapsed


 Performance counter stats for './mem-walk-no-thrash':

        23,452,378 cache-misses                                                

      11.244211598 seconds time elapsed


 Performance counter stats for './mem-walk-no-thrash':

        25,236,211 cache-misses                                                

      11.275686684 seconds time elapsed


 Performance counter stats for './mem-walk-no-thrash':

        10,029,239 cache-misses                                                

      11.131727005 seconds time elapsed


 Performance counter stats for './mem-walk':

     5,527,779,148 cache-misses                                                

      78.052057956 seconds time elapsed


 Performance counter stats for './mem-walk':

     2,972,245,578 cache-misses                                                

      59.327613072 seconds time elapsed


 Performance counter stats for './mem-walk':

     3,530,829,111 cache-misses                                                

      64.967353192 seconds time elapsed


 Performance counter stats for './mem-walk':

     2,734,287,863 cache-misses                                                

      57.841909726 seconds time elapsed


 Performance counter stats for './mem-walk':

     3,952,580,985 cache-misses                                                

      67.315821994 seconds time elapsed


 Performance counter stats for './mem-walk':

     3,387,947,778 cache-misses                                                

      62.952595692 seconds time elapsed


 Performance counter stats for './mem-walk':

     3,186,086,089 cache-misses                                                

      61.614149858 seconds time elapsed


 Performance counter stats for './mem-walk':

     3,507,205,049 cache-misses                                                

      63.785679260 seconds time elapsed


 Performance counter stats for './mem-walk':

     3,440,932,551 cache-misses                                                

      63.524247109 seconds time elapsed


 Performance counter stats for './mem-walk':

     4,215,977,068 cache-misses                                                

      67.092785797 seconds time elapsed

