
 Performance counter stats for './mem-walk-no-thread-no-thrash':

         6,907,623 cache-misses                                                

       4.048655495 seconds time elapsed


 Performance counter stats for './mem-walk-no-thread-no-thrash':

         6,164,986 cache-misses                                                

       3.284950409 seconds time elapsed


 Performance counter stats for './mem-walk-no-thread-no-thrash':

         5,940,931 cache-misses                                                

       3.307810342 seconds time elapsed


 Performance counter stats for './mem-walk-no-thread-no-thrash':

         6,000,134 cache-misses                                                

       3.271676577 seconds time elapsed


 Performance counter stats for './mem-walk-no-thread-no-thrash':

         6,368,339 cache-misses                                                

       3.787822426 seconds time elapsed


 Performance counter stats for './mem-walk-no-thread-no-thrash':

         5,668,976 cache-misses                                                

       3.095435663 seconds time elapsed


 Performance counter stats for './mem-walk-no-thread-no-thrash':

         6,063,550 cache-misses                                                

       3.586008275 seconds time elapsed


 Performance counter stats for './mem-walk-no-thread-no-thrash':

         6,005,318 cache-misses                                                

       3.519714105 seconds time elapsed


 Performance counter stats for './mem-walk-no-thread-no-thrash':

         5,658,248 cache-misses                                                

       3.082286956 seconds time elapsed


 Performance counter stats for './mem-walk-no-thread-no-thrash':

         6,185,781 cache-misses                                                

       3.610664789 seconds time elapsed


 Performance counter stats for './mem-walk-no-thread-no-thrash':

         6,700,710 cache-misses                                                

       4.167830736 seconds time elapsed


 Performance counter stats for './mem-walk-no-thread-no-thrash':

         6,701,671 cache-misses                                                

       4.174574827 seconds time elapsed


 Performance counter stats for './mem-walk-no-thread-no-thrash':

         5,759,148 cache-misses                                                

       3.258557122 seconds time elapsed


 Performance counter stats for './mem-walk-no-thread-no-thrash':

         5,968,350 cache-misses                                                

       3.479554990 seconds time elapsed


 Performance counter stats for './mem-walk-no-thread-no-thrash':

         6,552,308 cache-misses                                                

       4.101973726 seconds time elapsed


 Performance counter stats for './mem-walk-no-thread-no-thrash':

         5,737,819 cache-misses                                                

       3.244302372 seconds time elapsed


 Performance counter stats for './mem-walk-no-thread-no-thrash':

         6,714,948 cache-misses                                                

       4.180015306 seconds time elapsed


 Performance counter stats for './mem-walk-no-thread-no-thrash':

         5,867,829 cache-misses                                                

       3.264070855 seconds time elapsed


 Performance counter stats for './mem-walk-no-thread-no-thrash':

         5,954,318 cache-misses                                                

       3.266394792 seconds time elapsed


 Performance counter stats for './mem-walk-no-thread-no-thrash':

         6,399,886 cache-misses                                                

       3.979190847 seconds time elapsed


 Performance counter stats for './mem-walk-no-thread-no-thrash':

         6,179,851 cache-misses                                                

       3.604133402 seconds time elapsed


 Performance counter stats for './mem-walk-no-thread-no-thrash':

         5,647,566 cache-misses                                                

       3.156567465 seconds time elapsed


 Performance counter stats for './mem-walk-no-thread-no-thrash':

         6,163,691 cache-misses                                                

       3.273460502 seconds time elapsed


 Performance counter stats for './mem-walk-no-thread-no-thrash':

         6,846,795 cache-misses                                                

       3.993654835 seconds time elapsed


 Performance counter stats for './mem-walk-no-thread-no-thrash':

         6,180,805 cache-misses                                                

       3.429300819 seconds time elapsed


 Performance counter stats for './mem-walk-no-thread-no-thrash':

         6,646,323 cache-misses                                                

       4.002385984 seconds time elapsed


 Performance counter stats for './mem-walk-no-thread-no-thrash':

         6,314,419 cache-misses                                                

       3.445997877 seconds time elapsed


 Performance counter stats for './mem-walk-no-thread-no-thrash':

         6,437,532 cache-misses                                                

       3.915184030 seconds time elapsed


 Performance counter stats for './mem-walk-no-thread-no-thrash':

         6,364,874 cache-misses                                                

       3.928596488 seconds time elapsed


 Performance counter stats for './mem-walk-no-thread-no-thrash':

         5,799,421 cache-misses                                                

       3.302187906 seconds time elapsed


 Performance counter stats for './mem-walk-no-thread-no-thrash':

         6,049,713 cache-misses                                                

       3.484530363 seconds time elapsed


 Performance counter stats for './mem-walk-no-thread-no-thrash':

         6,422,293 cache-misses                                                

       3.857801792 seconds time elapsed


 Performance counter stats for './mem-walk-no-thread-no-thrash':

         6,214,593 cache-misses                                                

       3.754816569 seconds time elapsed


 Performance counter stats for './mem-walk-no-thread-no-thrash':

         6,297,046 cache-misses                                                

       3.853511743 seconds time elapsed


 Performance counter stats for './mem-walk-no-thread-no-thrash':

         6,384,201 cache-misses                                                

       3.951910422 seconds time elapsed


 Performance counter stats for './mem-walk-no-thread-no-thrash':

         5,598,715 cache-misses                                                

       3.094345777 seconds time elapsed


 Performance counter stats for './mem-walk-no-thread-no-thrash':

         5,943,258 cache-misses                                                

       3.373501134 seconds time elapsed


 Performance counter stats for './mem-walk-no-thread-no-thrash':

         5,756,606 cache-misses                                                

       3.151036946 seconds time elapsed


 Performance counter stats for './mem-walk-no-thread-no-thrash':

         6,190,017 cache-misses                                                

       3.737941042 seconds time elapsed


 Performance counter stats for './mem-walk-no-thread-no-thrash':

         6,536,204 cache-misses                                                

       4.129231510 seconds time elapsed


 Performance counter stats for './mem-walk-no-thread-no-thrash':

         5,883,521 cache-misses                                                

       3.263195339 seconds time elapsed


 Performance counter stats for './mem-walk-no-thread-no-thrash':

         6,596,297 cache-misses                                                

       4.067370628 seconds time elapsed


 Performance counter stats for './mem-walk-no-thread-no-thrash':

         6,229,364 cache-misses                                                

       3.655633460 seconds time elapsed


 Performance counter stats for './mem-walk-no-thread-no-thrash':

         6,050,143 cache-misses                                                

       3.572811742 seconds time elapsed


 Performance counter stats for './mem-walk-no-thread-no-thrash':

         6,367,543 cache-misses                                                

       3.935798463 seconds time elapsed


 Performance counter stats for './mem-walk-no-thread-no-thrash':

         6,685,128 cache-misses                                                

       4.168305825 seconds time elapsed


 Performance counter stats for './mem-walk-no-thread-no-thrash':

         6,054,116 cache-misses                                                

       3.438513243 seconds time elapsed


 Performance counter stats for './mem-walk-no-thread-no-thrash':

         6,103,349 cache-misses                                                

       3.644062873 seconds time elapsed


 Performance counter stats for './mem-walk-no-thread-no-thrash':

         6,351,620 cache-misses                                                

       3.906733408 seconds time elapsed


 Performance counter stats for './mem-walk-no-thread-no-thrash':

         6,132,231 cache-misses                                                

       3.675813154 seconds time elapsed


 Performance counter stats for './mem-walk-no-thread':

       589,528,967 cache-misses                                                

      11.619652008 seconds time elapsed


 Performance counter stats for './mem-walk-no-thread':

       589,602,347 cache-misses                                                

      11.590816694 seconds time elapsed


 Performance counter stats for './mem-walk-no-thread':

       588,672,951 cache-misses                                                

      11.589800377 seconds time elapsed


 Performance counter stats for './mem-walk-no-thread':

       589,429,847 cache-misses                                                

      11.587540937 seconds time elapsed


 Performance counter stats for './mem-walk-no-thread':

       581,309,677 cache-misses                                                

      11.584736091 seconds time elapsed


 Performance counter stats for './mem-walk-no-thread':

       583,065,215 cache-misses                                                

      11.583186807 seconds time elapsed


 Performance counter stats for './mem-walk-no-thread':

       584,268,251 cache-misses                                                

      11.610010287 seconds time elapsed


 Performance counter stats for './mem-walk-no-thread':

       575,413,401 cache-misses                                                

      11.589814209 seconds time elapsed


 Performance counter stats for './mem-walk-no-thread':

       574,698,849 cache-misses                                                

      11.616120614 seconds time elapsed


 Performance counter stats for './mem-walk-no-thread':

       579,745,967 cache-misses                                                

      11.597598527 seconds time elapsed


 Performance counter stats for './mem-walk-no-thread':

       596,404,521 cache-misses                                                

      11.633249307 seconds time elapsed


 Performance counter stats for './mem-walk-no-thread':

       594,161,259 cache-misses                                                

      11.599600194 seconds time elapsed


 Performance counter stats for './mem-walk-no-thread':

       581,317,169 cache-misses                                                

      11.596364543 seconds time elapsed


 Performance counter stats for './mem-walk-no-thread':

       589,178,238 cache-misses                                                

      11.617400156 seconds time elapsed


 Performance counter stats for './mem-walk-no-thread':

       583,899,416 cache-misses                                                

      11.617805291 seconds time elapsed


 Performance counter stats for './mem-walk-no-thread':

       576,108,873 cache-misses                                                

      11.654942072 seconds time elapsed


 Performance counter stats for './mem-walk-no-thread':

       595,873,345 cache-misses                                                

      11.638059660 seconds time elapsed


 Performance counter stats for './mem-walk-no-thread':

       588,815,788 cache-misses                                                

      11.591124815 seconds time elapsed


 Performance counter stats for './mem-walk-no-thread':

       589,631,674 cache-misses                                                

      11.621374503 seconds time elapsed


 Performance counter stats for './mem-walk-no-thread':

       581,711,374 cache-misses                                                

      11.593173691 seconds time elapsed


 Performance counter stats for './mem-walk-no-thread':

       595,715,500 cache-misses                                                

      11.639025236 seconds time elapsed


 Performance counter stats for './mem-walk-no-thread':

       580,202,240 cache-misses                                                

      11.594495033 seconds time elapsed


 Performance counter stats for './mem-walk-no-thread':

       579,944,965 cache-misses                                                

      11.606094026 seconds time elapsed


 Performance counter stats for './mem-walk-no-thread':

       580,180,306 cache-misses                                                

      11.575492840 seconds time elapsed


 Performance counter stats for './mem-walk-no-thread':

       550,760,404 cache-misses                                                

      11.726670186 seconds time elapsed


 Performance counter stats for './mem-walk-no-thread':

       602,323,807 cache-misses                                                

      11.903119714 seconds time elapsed


 Performance counter stats for './mem-walk-no-thread':

       580,259,546 cache-misses                                                

      11.603488564 seconds time elapsed


 Performance counter stats for './mem-walk-no-thread':

       590,567,418 cache-misses                                                

      11.606477650 seconds time elapsed


 Performance counter stats for './mem-walk-no-thread':

       591,693,273 cache-misses                                                

      11.596399767 seconds time elapsed


 Performance counter stats for './mem-walk-no-thread':

       593,703,368 cache-misses                                                

      11.587806189 seconds time elapsed


 Performance counter stats for './mem-walk-no-thread':

       597,072,064 cache-misses                                                

      11.613491751 seconds time elapsed


 Performance counter stats for './mem-walk-no-thread':

       584,798,309 cache-misses                                                

      11.558751167 seconds time elapsed


 Performance counter stats for './mem-walk-no-thread':

       580,749,826 cache-misses                                                

      11.583490764 seconds time elapsed


 Performance counter stats for './mem-walk-no-thread':

       582,553,676 cache-misses                                                

      11.575376860 seconds time elapsed


 Performance counter stats for './mem-walk-no-thread':

       573,448,525 cache-misses                                                

      11.574841665 seconds time elapsed


 Performance counter stats for './mem-walk-no-thread':

       576,172,936 cache-misses                                                

      11.638055369 seconds time elapsed


 Performance counter stats for './mem-walk-no-thread':

       587,561,228 cache-misses                                                

      11.578618434 seconds time elapsed


 Performance counter stats for './mem-walk-no-thread':

       587,765,303 cache-misses                                                

      11.587677976 seconds time elapsed


 Performance counter stats for './mem-walk-no-thread':

       576,828,358 cache-misses                                                

      11.633467103 seconds time elapsed


 Performance counter stats for './mem-walk-no-thread':

       594,545,666 cache-misses                                                

      11.571619423 seconds time elapsed


 Performance counter stats for './mem-walk-no-thread':

       593,399,501 cache-misses                                                

      11.588870417 seconds time elapsed


 Performance counter stats for './mem-walk-no-thread':

       580,478,287 cache-misses                                                

      11.557632193 seconds time elapsed


 Performance counter stats for './mem-walk-no-thread':

       590,611,726 cache-misses                                                

      11.578661542 seconds time elapsed


 Performance counter stats for './mem-walk-no-thread':

       589,010,704 cache-misses                                                

      11.592871510 seconds time elapsed


 Performance counter stats for './mem-walk-no-thread':

       599,056,171 cache-misses                                                

      11.604394439 seconds time elapsed


 Performance counter stats for './mem-walk-no-thread':

       580,000,115 cache-misses                                                

      11.562332762 seconds time elapsed


 Performance counter stats for './mem-walk-no-thread':

       581,535,727 cache-misses                                                

      11.595151053 seconds time elapsed


 Performance counter stats for './mem-walk-no-thread':

       589,243,629 cache-misses                                                

      11.580185614 seconds time elapsed


 Performance counter stats for './mem-walk-no-thread':

       589,852,075 cache-misses                                                

      11.587486237 seconds time elapsed


 Performance counter stats for './mem-walk-no-thread':

       596,727,006 cache-misses                                                

      11.597061669 seconds time elapsed


 Performance counter stats for './mem-walk-no-thrash':

        17,753,527 cache-misses                                                

       6.069139074 seconds time elapsed


 Performance counter stats for './mem-walk-no-thrash':

        20,708,520 cache-misses                                                

       6.076950619 seconds time elapsed


 Performance counter stats for './mem-walk-no-thrash':

        17,814,186 cache-misses                                                

       6.073837719 seconds time elapsed


 Performance counter stats for './mem-walk-no-thrash':

        18,384,539 cache-misses                                                

       6.077938850 seconds time elapsed


 Performance counter stats for './mem-walk-no-thrash':

        19,216,407 cache-misses                                                

       6.063504361 seconds time elapsed


 Performance counter stats for './mem-walk-no-thrash':

        18,869,138 cache-misses                                                

       6.097568021 seconds time elapsed


 Performance counter stats for './mem-walk-no-thrash':

        23,888,417 cache-misses                                                

       6.583027336 seconds time elapsed


 Performance counter stats for './mem-walk-no-thrash':

        18,688,058 cache-misses                                                

       6.055881598 seconds time elapsed


 Performance counter stats for './mem-walk-no-thrash':

        18,134,074 cache-misses                                                

       6.078524931 seconds time elapsed


 Performance counter stats for './mem-walk-no-thrash':

        18,456,519 cache-misses                                                

       6.065098522 seconds time elapsed


 Performance counter stats for './mem-walk-no-thrash':

        19,396,839 cache-misses                                                

       6.067419868 seconds time elapsed


 Performance counter stats for './mem-walk-no-thrash':

        18,809,591 cache-misses                                                

       5.968415150 seconds time elapsed


 Performance counter stats for './mem-walk-no-thrash':

        18,274,470 cache-misses                                                

       6.063688856 seconds time elapsed


 Performance counter stats for './mem-walk-no-thrash':

        17,399,843 cache-misses                                                

       6.074473515 seconds time elapsed


 Performance counter stats for './mem-walk-no-thrash':

        19,294,300 cache-misses                                                

       6.064124394 seconds time elapsed


 Performance counter stats for './mem-walk-no-thrash':

        22,843,265 cache-misses                                                

       6.083743774 seconds time elapsed


 Performance counter stats for './mem-walk-no-thrash':

        17,663,470 cache-misses                                                

       6.071514220 seconds time elapsed


 Performance counter stats for './mem-walk-no-thrash':

        18,544,864 cache-misses                                                

       6.078127349 seconds time elapsed


 Performance counter stats for './mem-walk-no-thrash':

        19,097,671 cache-misses                                                

       6.078933936 seconds time elapsed


 Performance counter stats for './mem-walk-no-thrash':

        18,234,508 cache-misses                                                

       6.079802178 seconds time elapsed


 Performance counter stats for './mem-walk-no-thrash':

        19,692,275 cache-misses                                                

       6.096706826 seconds time elapsed


 Performance counter stats for './mem-walk-no-thrash':

        18,012,467 cache-misses                                                

       6.061381963 seconds time elapsed


 Performance counter stats for './mem-walk-no-thrash':

        19,539,746 cache-misses                                                

       5.973926419 seconds time elapsed


 Performance counter stats for './mem-walk-no-thrash':

        19,494,339 cache-misses                                                

       6.120618039 seconds time elapsed


 Performance counter stats for './mem-walk-no-thrash':

        19,081,684 cache-misses                                                

       6.073541663 seconds time elapsed


 Performance counter stats for './mem-walk-no-thrash':

        21,169,078 cache-misses                                                

       6.066418124 seconds time elapsed


 Performance counter stats for './mem-walk-no-thrash':

        18,691,356 cache-misses                                                

       6.079577623 seconds time elapsed


 Performance counter stats for './mem-walk-no-thrash':

        18,688,204 cache-misses                                                

       6.087611517 seconds time elapsed


 Performance counter stats for './mem-walk-no-thrash':

        19,744,274 cache-misses                                                

       6.079492914 seconds time elapsed


 Performance counter stats for './mem-walk-no-thrash':

        18,715,239 cache-misses                                                

       6.071883964 seconds time elapsed


 Performance counter stats for './mem-walk-no-thrash':

        17,886,907 cache-misses                                                

       6.088326120 seconds time elapsed


 Performance counter stats for './mem-walk-no-thrash':

        19,083,403 cache-misses                                                

       6.197591078 seconds time elapsed


 Performance counter stats for './mem-walk-no-thrash':

        21,524,522 cache-misses                                                

       6.080307121 seconds time elapsed


 Performance counter stats for './mem-walk-no-thrash':

        18,168,691 cache-misses                                                

       6.086898558 seconds time elapsed


 Performance counter stats for './mem-walk-no-thrash':

        18,731,491 cache-misses                                                

       6.077598402 seconds time elapsed


 Performance counter stats for './mem-walk-no-thrash':

        17,630,830 cache-misses                                                

       6.069471577 seconds time elapsed


 Performance counter stats for './mem-walk-no-thrash':

        20,886,800 cache-misses                                                

       6.064909990 seconds time elapsed


 Performance counter stats for './mem-walk-no-thrash':

        18,656,486 cache-misses                                                

       6.066789338 seconds time elapsed


 Performance counter stats for './mem-walk-no-thrash':

        17,587,348 cache-misses                                                

       6.071089493 seconds time elapsed


 Performance counter stats for './mem-walk-no-thrash':

        18,430,701 cache-misses                                                

       6.072946049 seconds time elapsed


 Performance counter stats for './mem-walk-no-thrash':

        19,053,280 cache-misses                                                

       6.071142054 seconds time elapsed


 Performance counter stats for './mem-walk-no-thrash':

        19,014,382 cache-misses                                                

       6.083119665 seconds time elapsed


 Performance counter stats for './mem-walk-no-thrash':

        19,804,723 cache-misses                                                

       6.076653289 seconds time elapsed


 Performance counter stats for './mem-walk-no-thrash':

        22,811,256 cache-misses                                                

       6.086153851 seconds time elapsed


 Performance counter stats for './mem-walk-no-thrash':

        18,876,916 cache-misses                                                

       6.076069483 seconds time elapsed


 Performance counter stats for './mem-walk-no-thrash':

        18,614,362 cache-misses                                                

       6.067333232 seconds time elapsed


 Performance counter stats for './mem-walk-no-thrash':

        23,155,025 cache-misses                                                

       6.088348151 seconds time elapsed


 Performance counter stats for './mem-walk-no-thrash':

        18,444,100 cache-misses                                                

       6.061024393 seconds time elapsed


 Performance counter stats for './mem-walk-no-thrash':

        18,510,638 cache-misses                                                

       6.079025245 seconds time elapsed


 Performance counter stats for './mem-walk-no-thrash':

        18,850,381 cache-misses                                                

       6.080720266 seconds time elapsed


 Performance counter stats for './mem-walk':

     5,346,295,596 cache-misses                                                

      63.970780455 seconds time elapsed


 Performance counter stats for './mem-walk':

     5,891,473,180 cache-misses                                                

      66.750992347 seconds time elapsed


 Performance counter stats for './mem-walk':

     5,916,433,999 cache-misses                                                

      67.307406713 seconds time elapsed


 Performance counter stats for './mem-walk':

     6,013,728,567 cache-misses                                                

      67.855767399 seconds time elapsed


 Performance counter stats for './mem-walk':

     5,919,359,939 cache-misses                                                

      67.419515925 seconds time elapsed


 Performance counter stats for './mem-walk':

     5,921,798,902 cache-misses                                                

      67.373668587 seconds time elapsed


 Performance counter stats for './mem-walk':

     5,752,169,816 cache-misses                                                

      66.593041009 seconds time elapsed


 Performance counter stats for './mem-walk':

     5,887,038,476 cache-misses                                                

      67.291802734 seconds time elapsed


 Performance counter stats for './mem-walk':

     5,923,126,896 cache-misses                                                

      67.390972123 seconds time elapsed


 Performance counter stats for './mem-walk':

     5,856,944,032 cache-misses                                                

      66.929289677 seconds time elapsed


 Performance counter stats for './mem-walk':

     5,836,953,007 cache-misses                                                

      66.426537968 seconds time elapsed


 Performance counter stats for './mem-walk':

     5,849,782,649 cache-misses                                                

      67.163696455 seconds time elapsed


 Performance counter stats for './mem-walk':

     5,995,646,777 cache-misses                                                

      68.135095068 seconds time elapsed


 Performance counter stats for './mem-walk':

     5,965,778,002 cache-misses                                                

      68.159696868 seconds time elapsed


 Performance counter stats for './mem-walk':

     5,837,301,241 cache-misses                                                

      66.882098424 seconds time elapsed


 Performance counter stats for './mem-walk':

     5,703,995,795 cache-misses                                                

      65.890042327 seconds time elapsed


 Performance counter stats for './mem-walk':

     5,863,613,166 cache-misses                                                

      66.950898770 seconds time elapsed


 Performance counter stats for './mem-walk':

     5,908,921,123 cache-misses                                                

      67.177359116 seconds time elapsed


 Performance counter stats for './mem-walk':

     5,908,997,337 cache-misses                                                

      67.849742364 seconds time elapsed


 Performance counter stats for './mem-walk':

     5,992,001,338 cache-misses                                                

      67.711070983 seconds time elapsed


 Performance counter stats for './mem-walk':

     5,728,670,148 cache-misses                                                

      66.664339941 seconds time elapsed


 Performance counter stats for './mem-walk':

     5,840,870,545 cache-misses                                                

      66.716135268 seconds time elapsed


 Performance counter stats for './mem-walk':

     5,920,855,769 cache-misses                                                

      68.748916673 seconds time elapsed


 Performance counter stats for './mem-walk':

     5,939,278,360 cache-misses                                                

      67.538866596 seconds time elapsed


 Performance counter stats for './mem-walk':

     5,826,403,858 cache-misses                                                

      67.258450032 seconds time elapsed


 Performance counter stats for './mem-walk':

     5,833,257,597 cache-misses                                                

      66.966372916 seconds time elapsed


 Performance counter stats for './mem-walk':

     5,927,368,730 cache-misses                                                

      67.549166137 seconds time elapsed


 Performance counter stats for './mem-walk':

     5,826,233,926 cache-misses                                                

      66.878070920 seconds time elapsed


 Performance counter stats for './mem-walk':

     5,885,921,025 cache-misses                                                

      67.448662139 seconds time elapsed


 Performance counter stats for './mem-walk':

     5,846,757,327 cache-misses                                                

      67.599365620 seconds time elapsed


 Performance counter stats for './mem-walk':

     5,973,325,100 cache-misses                                                

      67.940420522 seconds time elapsed


 Performance counter stats for './mem-walk':

     5,904,234,788 cache-misses                                                

      67.974393754 seconds time elapsed


 Performance counter stats for './mem-walk':

     5,931,109,821 cache-misses                                                

      67.148253898 seconds time elapsed


 Performance counter stats for './mem-walk':

     6,012,402,882 cache-misses                                                

      67.284132693 seconds time elapsed


 Performance counter stats for './mem-walk':

     5,802,573,390 cache-misses                                                

      66.451476803 seconds time elapsed


 Performance counter stats for './mem-walk':

     5,864,335,084 cache-misses                                                

      67.351975289 seconds time elapsed


 Performance counter stats for './mem-walk':

     5,929,991,238 cache-misses                                                

      67.660841370 seconds time elapsed


 Performance counter stats for './mem-walk':

     5,844,348,167 cache-misses                                                

      67.685458801 seconds time elapsed


 Performance counter stats for './mem-walk':

     5,880,414,883 cache-misses                                                

      68.232393953 seconds time elapsed


 Performance counter stats for './mem-walk':

     5,850,829,386 cache-misses                                                

      66.349417065 seconds time elapsed


 Performance counter stats for './mem-walk':

     5,921,412,066 cache-misses                                                

      68.611521493 seconds time elapsed


 Performance counter stats for './mem-walk':

     5,861,031,380 cache-misses                                                

      66.583672918 seconds time elapsed


 Performance counter stats for './mem-walk':

     5,843,584,211 cache-misses                                                

      66.867370295 seconds time elapsed


 Performance counter stats for './mem-walk':

     5,771,483,468 cache-misses                                                

      67.749457269 seconds time elapsed


 Performance counter stats for './mem-walk':

     6,036,924,353 cache-misses                                                

      67.922511495 seconds time elapsed


 Performance counter stats for './mem-walk':

     5,871,479,031 cache-misses                                                

      67.720650504 seconds time elapsed


 Performance counter stats for './mem-walk':

     5,527,812,202 cache-misses                                                

      64.451827320 seconds time elapsed


 Performance counter stats for './mem-walk':

     5,767,568,908 cache-misses                                                

      66.856561245 seconds time elapsed


 Performance counter stats for './mem-walk':

     5,734,306,248 cache-misses                                                

      65.267593659 seconds time elapsed


 Performance counter stats for './mem-walk':

     5,845,832,049 cache-misses                                                

      67.091592104 seconds time elapsed

