
 Performance counter stats for './mem-walk-no-thread-no-thrash':

         3,641,660 cache-misses                                                

       3.750981841 seconds time elapsed


 Performance counter stats for './mem-walk-no-thread-no-thrash':

         3,620,955 cache-misses                                                

       4.093570942 seconds time elapsed


 Performance counter stats for './mem-walk-no-thread-no-thrash':

         3,675,233 cache-misses                                                

       4.143726726 seconds time elapsed


 Performance counter stats for './mem-walk-no-thread-no-thrash':

         3,566,234 cache-misses                                                

       3.683377366 seconds time elapsed


 Performance counter stats for './mem-walk-no-thread-no-thrash':

         3,644,873 cache-misses                                                

       3.853178792 seconds time elapsed


 Performance counter stats for './mem-walk-no-thread-no-thrash':

         3,660,460 cache-misses                                                

       3.999435731 seconds time elapsed


 Performance counter stats for './mem-walk-no-thread-no-thrash':

         3,621,561 cache-misses                                                

       4.030926965 seconds time elapsed


 Performance counter stats for './mem-walk-no-thread-no-thrash':

         3,637,805 cache-misses                                                

       3.753571791 seconds time elapsed


 Performance counter stats for './mem-walk-no-thread-no-thrash':

         3,491,287 cache-misses                                                

       3.627291908 seconds time elapsed


 Performance counter stats for './mem-walk-no-thread-no-thrash':

         3,498,717 cache-misses                                                

       3.305635046 seconds time elapsed


 Performance counter stats for './mem-walk-no-thread-no-thrash':

         3,529,322 cache-misses                                                

       3.466022143 seconds time elapsed


 Performance counter stats for './mem-walk-no-thread-no-thrash':

         3,585,512 cache-misses                                                

       3.932281114 seconds time elapsed


 Performance counter stats for './mem-walk-no-thread-no-thrash':

         3,671,035 cache-misses                                                

       3.806714232 seconds time elapsed


 Performance counter stats for './mem-walk-no-thread-no-thrash':

         3,651,083 cache-misses                                                

       3.898292399 seconds time elapsed


 Performance counter stats for './mem-walk-no-thread-no-thrash':

         3,727,833 cache-misses                                                

       3.820007466 seconds time elapsed


 Performance counter stats for './mem-walk-no-thread-no-thrash':

         3,647,488 cache-misses                                                

       3.544402855 seconds time elapsed


 Performance counter stats for './mem-walk-no-thread-no-thrash':

         3,545,750 cache-misses                                                

       3.369905098 seconds time elapsed


 Performance counter stats for './mem-walk-no-thread-no-thrash':

         3,444,116 cache-misses                                                

       3.219445023 seconds time elapsed


 Performance counter stats for './mem-walk-no-thread-no-thrash':

         3,620,604 cache-misses                                                

       4.083015201 seconds time elapsed


 Performance counter stats for './mem-walk-no-thread-no-thrash':

         3,530,711 cache-misses                                                

       3.642347992 seconds time elapsed


 Performance counter stats for './mem-walk-no-thread-no-thrash':

         3,699,103 cache-misses                                                

       4.002375794 seconds time elapsed


 Performance counter stats for './mem-walk-no-thread-no-thrash':

         3,577,765 cache-misses                                                

       3.930065034 seconds time elapsed


 Performance counter stats for './mem-walk-no-thread-no-thrash':

         3,779,840 cache-misses                                                

       4.224532414 seconds time elapsed


 Performance counter stats for './mem-walk-no-thread-no-thrash':

         3,410,753 cache-misses                                                

       3.245107661 seconds time elapsed


 Performance counter stats for './mem-walk-no-thread-no-thrash':

         3,706,961 cache-misses                                                

       3.860197968 seconds time elapsed


 Performance counter stats for './mem-walk-no-thread-no-thrash':

         3,709,828 cache-misses                                                

       3.958713866 seconds time elapsed


 Performance counter stats for './mem-walk-no-thread-no-thrash':

         3,379,594 cache-misses                                                

       3.115224766 seconds time elapsed


 Performance counter stats for './mem-walk-no-thread-no-thrash':

         3,823,055 cache-misses                                                

       4.165736930 seconds time elapsed


 Performance counter stats for './mem-walk-no-thread-no-thrash':

         3,723,230 cache-misses                                                

       4.144607170 seconds time elapsed


 Performance counter stats for './mem-walk-no-thread-no-thrash':

         3,470,957 cache-misses                                                

       3.472713031 seconds time elapsed


 Performance counter stats for './mem-walk-no-thread-no-thrash':

         3,741,560 cache-misses                                                

       3.920723570 seconds time elapsed


 Performance counter stats for './mem-walk-no-thread-no-thrash':

         3,685,345 cache-misses                                                

       3.991863168 seconds time elapsed


 Performance counter stats for './mem-walk-no-thread-no-thrash':

         3,376,990 cache-misses                                                

       3.178636646 seconds time elapsed


 Performance counter stats for './mem-walk-no-thread-no-thrash':

         3,850,348 cache-misses                                                

       4.123484257 seconds time elapsed


 Performance counter stats for './mem-walk-no-thread-no-thrash':

         3,478,685 cache-misses                                                

       3.480333831 seconds time elapsed


 Performance counter stats for './mem-walk-no-thread-no-thrash':

         3,652,881 cache-misses                                                

       3.805986448 seconds time elapsed


 Performance counter stats for './mem-walk-no-thread-no-thrash':

         3,372,364 cache-misses                                                

       3.104338661 seconds time elapsed


 Performance counter stats for './mem-walk-no-thread-no-thrash':

         3,695,795 cache-misses                                                

       3.483528486 seconds time elapsed


 Performance counter stats for './mem-walk-no-thread-no-thrash':

         3,493,585 cache-misses                                                

       3.376479505 seconds time elapsed


 Performance counter stats for './mem-walk-no-thread-no-thrash':

         3,555,318 cache-misses                                                

       3.804226911 seconds time elapsed


 Performance counter stats for './mem-walk-no-thread-no-thrash':

         3,571,305 cache-misses                                                

       3.951091705 seconds time elapsed


 Performance counter stats for './mem-walk-no-thread-no-thrash':

         3,586,741 cache-misses                                                

       3.553956118 seconds time elapsed


 Performance counter stats for './mem-walk-no-thread-no-thrash':

         3,568,777 cache-misses                                                

       3.440494043 seconds time elapsed


 Performance counter stats for './mem-walk-no-thread-no-thrash':

         3,633,345 cache-misses                                                

       3.147097408 seconds time elapsed


 Performance counter stats for './mem-walk-no-thread-no-thrash':

         3,772,494 cache-misses                                                

       4.013414681 seconds time elapsed


 Performance counter stats for './mem-walk-no-thread-no-thrash':

         3,539,464 cache-misses                                                

       3.533011397 seconds time elapsed


 Performance counter stats for './mem-walk-no-thread-no-thrash':

         3,466,473 cache-misses                                                

       3.366922312 seconds time elapsed


 Performance counter stats for './mem-walk-no-thread-no-thrash':

         3,567,345 cache-misses                                                

       3.712001792 seconds time elapsed


 Performance counter stats for './mem-walk-no-thread-no-thrash':

         3,615,162 cache-misses                                                

       3.509592000 seconds time elapsed


 Performance counter stats for './mem-walk-no-thread-no-thrash':

         3,628,066 cache-misses                                                

       3.857798400 seconds time elapsed


 Performance counter stats for './mem-walk-no-thread':

       585,573,797 cache-misses                                                

      11.039639864 seconds time elapsed


 Performance counter stats for './mem-walk-no-thread':

       592,549,146 cache-misses                                                

      11.041450417 seconds time elapsed


 Performance counter stats for './mem-walk-no-thread':

       589,112,847 cache-misses                                                

      11.025652068 seconds time elapsed


 Performance counter stats for './mem-walk-no-thread':

       602,312,719 cache-misses                                                

      11.070141502 seconds time elapsed


 Performance counter stats for './mem-walk-no-thread':

       595,623,529 cache-misses                                                

      11.042762865 seconds time elapsed


 Performance counter stats for './mem-walk-no-thread':

       580,581,046 cache-misses                                                

      11.019503818 seconds time elapsed


 Performance counter stats for './mem-walk-no-thread':

       603,014,829 cache-misses                                                

      11.084909241 seconds time elapsed


 Performance counter stats for './mem-walk-no-thread':

       558,181,785 cache-misses                                                

      10.895353819 seconds time elapsed


 Performance counter stats for './mem-walk-no-thread':

       535,743,062 cache-misses                                                

      10.860435925 seconds time elapsed


 Performance counter stats for './mem-walk-no-thread':

       534,215,086 cache-misses                                                

      10.853319575 seconds time elapsed


 Performance counter stats for './mem-walk-no-thread':

       549,023,896 cache-misses                                                

      10.865119566 seconds time elapsed


 Performance counter stats for './mem-walk-no-thread':

       539,962,874 cache-misses                                                

      10.857432433 seconds time elapsed


 Performance counter stats for './mem-walk-no-thread':

       557,284,420 cache-misses                                                

      10.907293686 seconds time elapsed


 Performance counter stats for './mem-walk-no-thread':

       537,419,135 cache-misses                                                

      10.844897233 seconds time elapsed


 Performance counter stats for './mem-walk-no-thread':

       529,451,321 cache-misses                                                

      10.864077871 seconds time elapsed


 Performance counter stats for './mem-walk-no-thread':

       533,587,784 cache-misses                                                

      10.840610954 seconds time elapsed


 Performance counter stats for './mem-walk-no-thread':

       551,363,768 cache-misses                                                

      10.885235335 seconds time elapsed


 Performance counter stats for './mem-walk-no-thread':

       537,657,645 cache-misses                                                

      10.831424068 seconds time elapsed


 Performance counter stats for './mem-walk-no-thread':

       529,208,288 cache-misses                                                

      10.897306462 seconds time elapsed


 Performance counter stats for './mem-walk-no-thread':

       536,028,795 cache-misses                                                

      10.834334508 seconds time elapsed


 Performance counter stats for './mem-walk-no-thread':

       551,263,817 cache-misses                                                

      10.873421689 seconds time elapsed


 Performance counter stats for './mem-walk-no-thread':

       535,125,614 cache-misses                                                

      10.851723231 seconds time elapsed


 Performance counter stats for './mem-walk-no-thread':

       555,629,820 cache-misses                                                

      10.914999051 seconds time elapsed


 Performance counter stats for './mem-walk-no-thread':

       549,083,135 cache-misses                                                

      10.867387681 seconds time elapsed


 Performance counter stats for './mem-walk-no-thread':

       537,170,806 cache-misses                                                

      10.866734199 seconds time elapsed


 Performance counter stats for './mem-walk-no-thread':

       534,774,647 cache-misses                                                

      10.832808696 seconds time elapsed


 Performance counter stats for './mem-walk-no-thread':

       556,927,777 cache-misses                                                

      10.925904310 seconds time elapsed


 Performance counter stats for './mem-walk-no-thread':

       552,555,661 cache-misses                                                

      10.886366203 seconds time elapsed


 Performance counter stats for './mem-walk-no-thread':

       545,640,425 cache-misses                                                

      10.874190959 seconds time elapsed


 Performance counter stats for './mem-walk-no-thread':

       541,748,964 cache-misses                                                

      10.854782365 seconds time elapsed


 Performance counter stats for './mem-walk-no-thread':

       559,098,407 cache-misses                                                

      10.915359877 seconds time elapsed


 Performance counter stats for './mem-walk-no-thread':

       531,890,596 cache-misses                                                

      10.889773354 seconds time elapsed


 Performance counter stats for './mem-walk-no-thread':

       554,407,670 cache-misses                                                

      10.891664193 seconds time elapsed


 Performance counter stats for './mem-walk-no-thread':

       536,597,725 cache-misses                                                

      10.841099777 seconds time elapsed


 Performance counter stats for './mem-walk-no-thread':

       583,327,905 cache-misses                                                

      11.048253108 seconds time elapsed


 Performance counter stats for './mem-walk-no-thread':

       593,538,591 cache-misses                                                

      11.031149714 seconds time elapsed


 Performance counter stats for './mem-walk-no-thread':

       581,113,502 cache-misses                                                

      11.060529214 seconds time elapsed


 Performance counter stats for './mem-walk-no-thread':

       577,090,310 cache-misses                                                

      11.079453816 seconds time elapsed


 Performance counter stats for './mem-walk-no-thread':

       602,656,425 cache-misses                                                

      11.075700765 seconds time elapsed


 Performance counter stats for './mem-walk-no-thread':

       592,103,727 cache-misses                                                

      11.051001550 seconds time elapsed


 Performance counter stats for './mem-walk-no-thread':

       593,225,507 cache-misses                                                

      11.033854316 seconds time elapsed


 Performance counter stats for './mem-walk-no-thread':

       595,729,989 cache-misses                                                

      11.020408575 seconds time elapsed


 Performance counter stats for './mem-walk-no-thread':

       601,999,595 cache-misses                                                

      11.067560405 seconds time elapsed


 Performance counter stats for './mem-walk-no-thread':

       586,658,753 cache-misses                                                

      11.027984314 seconds time elapsed


 Performance counter stats for './mem-walk-no-thread':

       585,251,476 cache-misses                                                

      11.024718089 seconds time elapsed


 Performance counter stats for './mem-walk-no-thread':

       596,507,639 cache-misses                                                

      11.043016227 seconds time elapsed


 Performance counter stats for './mem-walk-no-thread':

       593,378,750 cache-misses                                                

      11.044191803 seconds time elapsed


 Performance counter stats for './mem-walk-no-thread':

       595,874,597 cache-misses                                                

      11.022882852 seconds time elapsed


 Performance counter stats for './mem-walk-no-thread':

       605,686,761 cache-misses                                                

      11.089443384 seconds time elapsed


 Performance counter stats for './mem-walk-no-thread':

       600,220,027 cache-misses                                                

      11.034288712 seconds time elapsed


 Performance counter stats for './mem-walk-no-thrash':

         9,620,286 cache-misses                                                

       5.936136692 seconds time elapsed


 Performance counter stats for './mem-walk-no-thrash':

         6,630,409 cache-misses                                                

       5.771676553 seconds time elapsed


 Performance counter stats for './mem-walk-no-thrash':

         8,888,875 cache-misses                                                

       5.892021111 seconds time elapsed


 Performance counter stats for './mem-walk-no-thrash':

        10,765,004 cache-misses                                                

       5.858290353 seconds time elapsed


 Performance counter stats for './mem-walk-no-thrash':

         5,230,379 cache-misses                                                

       5.739856079 seconds time elapsed


 Performance counter stats for './mem-walk-no-thrash':

        11,027,631 cache-misses                                                

       5.853520999 seconds time elapsed


 Performance counter stats for './mem-walk-no-thrash':

         7,122,955 cache-misses                                                

       5.804633664 seconds time elapsed


 Performance counter stats for './mem-walk-no-thrash':

        12,957,908 cache-misses                                                

       5.945109589 seconds time elapsed


 Performance counter stats for './mem-walk-no-thrash':

         8,540,900 cache-misses                                                

       5.788630579 seconds time elapsed


 Performance counter stats for './mem-walk-no-thrash':

         9,765,321 cache-misses                                                

       5.823112521 seconds time elapsed


 Performance counter stats for './mem-walk-no-thrash':

        10,535,881 cache-misses                                                

       5.821881783 seconds time elapsed


 Performance counter stats for './mem-walk-no-thrash':

         8,056,504 cache-misses                                                

       5.788055906 seconds time elapsed


 Performance counter stats for './mem-walk-no-thrash':

         9,550,924 cache-misses                                                

       5.807281975 seconds time elapsed


 Performance counter stats for './mem-walk-no-thrash':

        14,844,703 cache-misses                                                

       5.866351700 seconds time elapsed


 Performance counter stats for './mem-walk-no-thrash':

         4,499,268 cache-misses                                                

       5.708455247 seconds time elapsed


 Performance counter stats for './mem-walk-no-thrash':

        11,977,901 cache-misses                                                

       5.799792981 seconds time elapsed


 Performance counter stats for './mem-walk-no-thrash':

        10,166,105 cache-misses                                                

       6.098268945 seconds time elapsed


 Performance counter stats for './mem-walk-no-thrash':

         7,706,954 cache-misses                                                

       5.816920015 seconds time elapsed


 Performance counter stats for './mem-walk-no-thrash':

         7,219,298 cache-misses                                                

       5.891931711 seconds time elapsed


 Performance counter stats for './mem-walk-no-thrash':

         4,053,651 cache-misses                                                

       5.708765378 seconds time elapsed


 Performance counter stats for './mem-walk-no-thrash':

         9,490,314 cache-misses                                                

       6.037681876 seconds time elapsed


 Performance counter stats for './mem-walk-no-thrash':

         8,653,841 cache-misses                                                

       6.037297102 seconds time elapsed


 Performance counter stats for './mem-walk-no-thrash':

         7,417,085 cache-misses                                                

       5.767818182 seconds time elapsed


 Performance counter stats for './mem-walk-no-thrash':

         6,478,798 cache-misses                                                

       5.737129097 seconds time elapsed


 Performance counter stats for './mem-walk-no-thrash':

        12,678,038 cache-misses                                                

       5.781676166 seconds time elapsed


 Performance counter stats for './mem-walk-no-thrash':

         4,336,483 cache-misses                                                

       5.722077110 seconds time elapsed


 Performance counter stats for './mem-walk-no-thrash':

         8,367,178 cache-misses                                                

       5.747106338 seconds time elapsed


 Performance counter stats for './mem-walk-no-thrash':

        12,207,548 cache-misses                                                

       5.941600585 seconds time elapsed


 Performance counter stats for './mem-walk-no-thrash':

        11,138,361 cache-misses                                                

       5.803989476 seconds time elapsed


 Performance counter stats for './mem-walk-no-thrash':

        12,486,656 cache-misses                                                

       5.974085786 seconds time elapsed


 Performance counter stats for './mem-walk-no-thrash':

        13,483,080 cache-misses                                                

       5.949778824 seconds time elapsed


 Performance counter stats for './mem-walk-no-thrash':

        12,320,295 cache-misses                                                

       5.704139384 seconds time elapsed


 Performance counter stats for './mem-walk-no-thrash':

         8,502,317 cache-misses                                                

       5.769348410 seconds time elapsed


 Performance counter stats for './mem-walk-no-thrash':

         5,999,051 cache-misses                                                

       5.738874807 seconds time elapsed


 Performance counter stats for './mem-walk-no-thrash':

        10,123,729 cache-misses                                                

       5.861877086 seconds time elapsed


 Performance counter stats for './mem-walk-no-thrash':

         5,461,807 cache-misses                                                

       6.003680294 seconds time elapsed


 Performance counter stats for './mem-walk-no-thrash':

         8,865,926 cache-misses                                                

       5.817485944 seconds time elapsed


 Performance counter stats for './mem-walk-no-thrash':

         6,154,821 cache-misses                                                

       5.963097642 seconds time elapsed


 Performance counter stats for './mem-walk-no-thrash':

         9,702,576 cache-misses                                                

       6.088957719 seconds time elapsed


 Performance counter stats for './mem-walk-no-thrash':

         6,839,147 cache-misses                                                

       5.733601568 seconds time elapsed


 Performance counter stats for './mem-walk-no-thrash':

         5,781,180 cache-misses                                                

       5.743768666 seconds time elapsed


 Performance counter stats for './mem-walk-no-thrash':

         6,894,544 cache-misses                                                

       5.776464972 seconds time elapsed


 Performance counter stats for './mem-walk-no-thrash':

        13,337,791 cache-misses                                                

       5.991779197 seconds time elapsed


 Performance counter stats for './mem-walk-no-thrash':

         4,973,156 cache-misses                                                

       5.729448583 seconds time elapsed


 Performance counter stats for './mem-walk-no-thrash':

         9,649,551 cache-misses                                                

       5.758416588 seconds time elapsed


 Performance counter stats for './mem-walk-no-thrash':

         4,579,245 cache-misses                                                

       5.744834515 seconds time elapsed


 Performance counter stats for './mem-walk-no-thrash':

        11,015,259 cache-misses                                                

       5.755017332 seconds time elapsed


 Performance counter stats for './mem-walk-no-thrash':

         4,403,189 cache-misses                                                

       5.715949071 seconds time elapsed


 Performance counter stats for './mem-walk-no-thrash':

        10,043,887 cache-misses                                                

       5.986397443 seconds time elapsed


 Performance counter stats for './mem-walk-no-thrash':

         9,717,038 cache-misses                                                

       5.997071973 seconds time elapsed


 Performance counter stats for './mem-walk':

       925,670,285 cache-misses                                                

      25.123186733 seconds time elapsed


 Performance counter stats for './mem-walk':

       889,381,799 cache-misses                                                

      24.915018999 seconds time elapsed


 Performance counter stats for './mem-walk':

       967,521,889 cache-misses                                                

      24.949182784 seconds time elapsed


 Performance counter stats for './mem-walk':

       830,214,377 cache-misses                                                

      24.673117190 seconds time elapsed


 Performance counter stats for './mem-walk':

       989,243,935 cache-misses                                                

      25.126431865 seconds time elapsed


 Performance counter stats for './mem-walk':

       811,607,456 cache-misses                                                

      24.774616353 seconds time elapsed


 Performance counter stats for './mem-walk':

       908,133,958 cache-misses                                                

      24.707395154 seconds time elapsed


 Performance counter stats for './mem-walk':

       806,472,596 cache-misses                                                

      24.702240669 seconds time elapsed


 Performance counter stats for './mem-walk':

     2,024,256,265 cache-misses                                                

      33.927205752 seconds time elapsed


 Performance counter stats for './mem-walk':

       974,451,090 cache-misses                                                

      25.240490763 seconds time elapsed


 Performance counter stats for './mem-walk':

       936,824,846 cache-misses                                                

      25.048864808 seconds time elapsed


 Performance counter stats for './mem-walk':

       790,233,934 cache-misses                                                

      25.265235560 seconds time elapsed


 Performance counter stats for './mem-walk':

       744,422,122 cache-misses                                                

      24.857850000 seconds time elapsed


 Performance counter stats for './mem-walk':

       993,589,710 cache-misses                                                

      25.386841584 seconds time elapsed


 Performance counter stats for './mem-walk':

       918,135,631 cache-misses                                                

      24.955525536 seconds time elapsed


 Performance counter stats for './mem-walk':

     2,658,677,223 cache-misses                                                

      38.176069593 seconds time elapsed


 Performance counter stats for './mem-walk':

     1,041,138,851 cache-misses                                                

      25.380198206 seconds time elapsed


 Performance counter stats for './mem-walk':

       712,397,677 cache-misses                                                

      24.896708469 seconds time elapsed


 Performance counter stats for './mem-walk':

       744,947,090 cache-misses                                                

      24.924995451 seconds time elapsed


 Performance counter stats for './mem-walk':

       809,645,811 cache-misses                                                

      24.891595001 seconds time elapsed


 Performance counter stats for './mem-walk':

       912,335,097 cache-misses                                                

      25.012625889 seconds time elapsed


 Performance counter stats for './mem-walk':

       715,598,281 cache-misses                                                

      24.992092380 seconds time elapsed


 Performance counter stats for './mem-walk':

     1,016,090,240 cache-misses                                                

      24.955289384 seconds time elapsed


 Performance counter stats for './mem-walk':

       755,014,962 cache-misses                                                

      24.964163958 seconds time elapsed


 Performance counter stats for './mem-walk':

     1,056,752,847 cache-misses                                                

      25.634350909 seconds time elapsed


 Performance counter stats for './mem-walk':

       967,831,784 cache-misses                                                

      25.237959028 seconds time elapsed


 Performance counter stats for './mem-walk':

       833,245,218 cache-misses                                                

      24.883785408 seconds time elapsed


 Performance counter stats for './mem-walk':

       793,475,134 cache-misses                                                

      25.050354561 seconds time elapsed


 Performance counter stats for './mem-walk':

     1,069,075,852 cache-misses                                                

      25.271401397 seconds time elapsed


 Performance counter stats for './mem-walk':

     1,027,752,400 cache-misses                                                

      25.642297753 seconds time elapsed


 Performance counter stats for './mem-walk':

       873,070,938 cache-misses                                                

      25.046442052 seconds time elapsed


 Performance counter stats for './mem-walk':

     2,397,743,248 cache-misses                                                

      35.601902056 seconds time elapsed


 Performance counter stats for './mem-walk':

       883,040,073 cache-misses                                                

      25.129936480 seconds time elapsed


 Performance counter stats for './mem-walk':

     1,072,564,922 cache-misses                                                

      24.640137084 seconds time elapsed


 Performance counter stats for './mem-walk':

       840,259,891 cache-misses                                                

      25.096000031 seconds time elapsed


 Performance counter stats for './mem-walk':

     1,159,633,635 cache-misses                                                

      25.153239418 seconds time elapsed


 Performance counter stats for './mem-walk':

       835,012,789 cache-misses                                                

      24.929980574 seconds time elapsed


 Performance counter stats for './mem-walk':

       894,419,498 cache-misses                                                

      25.204250139 seconds time elapsed


 Performance counter stats for './mem-walk':

       713,340,219 cache-misses                                                

      24.951786271 seconds time elapsed


 Performance counter stats for './mem-walk':

     1,030,071,363 cache-misses                                                

      25.231661369 seconds time elapsed


 Performance counter stats for './mem-walk':

       705,784,737 cache-misses                                                

      24.945910969 seconds time elapsed


 Performance counter stats for './mem-walk':

     1,009,209,706 cache-misses                                                

      25.291489250 seconds time elapsed


 Performance counter stats for './mem-walk':

       602,264,578 cache-misses                                                

      24.740444490 seconds time elapsed


 Performance counter stats for './mem-walk':

       767,552,435 cache-misses                                                

      24.998816187 seconds time elapsed


 Performance counter stats for './mem-walk':

       704,230,415 cache-misses                                                

      24.930385189 seconds time elapsed


 Performance counter stats for './mem-walk':

       782,000,068 cache-misses                                                

      25.192552466 seconds time elapsed


 Performance counter stats for './mem-walk':

       698,344,957 cache-misses                                                

      24.854758187 seconds time elapsed


 Performance counter stats for './mem-walk':

       826,901,231 cache-misses                                                

      25.137180071 seconds time elapsed


 Performance counter stats for './mem-walk':

     1,144,152,284 cache-misses                                                

      27.770633245 seconds time elapsed


 Performance counter stats for './mem-walk':

       854,197,988 cache-misses                                                

      25.088334756 seconds time elapsed

