
 Performance counter stats for './mem-walk-no-thread-no-thrash':

         3,548,125 cache-misses                                                

       3.733757335 seconds time elapsed


 Performance counter stats for './mem-walk-no-thread-no-thrash':

         3,467,671 cache-misses                                                

       3.510979695 seconds time elapsed


 Performance counter stats for './mem-walk-no-thread-no-thrash':

         3,605,123 cache-misses                                                

       3.603581150 seconds time elapsed


 Performance counter stats for './mem-walk-no-thread-no-thrash':

         3,602,185 cache-misses                                                

       3.609939513 seconds time elapsed


 Performance counter stats for './mem-walk-no-thread-no-thrash':

         3,608,856 cache-misses                                                

       4.059495852 seconds time elapsed


 Performance counter stats for './mem-walk-no-thread-no-thrash':

         3,417,819 cache-misses                                                

       3.327182810 seconds time elapsed


 Performance counter stats for './mem-walk-no-thread-no-thrash':

         3,463,977 cache-misses                                                

       3.258829362 seconds time elapsed


 Performance counter stats for './mem-walk-no-thread-no-thrash':

         3,503,049 cache-misses                                                

       3.166755977 seconds time elapsed


 Performance counter stats for './mem-walk-no-thread-no-thrash':

         3,747,443 cache-misses                                                

       4.228584176 seconds time elapsed


 Performance counter stats for './mem-walk-no-thread-no-thrash':

         3,709,168 cache-misses                                                

       4.010732302 seconds time elapsed


 Performance counter stats for './mem-walk-no-thread':

       587,530,968 cache-misses                                                

      11.222295650 seconds time elapsed


 Performance counter stats for './mem-walk-no-thread':

       596,387,461 cache-misses                                                

      11.187340145 seconds time elapsed


 Performance counter stats for './mem-walk-no-thread':

       599,039,250 cache-misses                                                

      11.163143763 seconds time elapsed


 Performance counter stats for './mem-walk-no-thread':

       588,795,915 cache-misses                                                

      11.213989483 seconds time elapsed


 Performance counter stats for './mem-walk-no-thread':

       594,111,326 cache-misses                                                

      11.140850635 seconds time elapsed


 Performance counter stats for './mem-walk-no-thread':

       591,322,203 cache-misses                                                

      11.109604947 seconds time elapsed


 Performance counter stats for './mem-walk-no-thread':

       597,624,555 cache-misses                                                

      11.120262125 seconds time elapsed


 Performance counter stats for './mem-walk-no-thread':

       576,400,986 cache-misses                                                

      11.130120838 seconds time elapsed


 Performance counter stats for './mem-walk-no-thread':

       583,812,432 cache-misses                                                

      11.110398871 seconds time elapsed


 Performance counter stats for './mem-walk-no-thread':

       579,034,115 cache-misses                                                

      11.087734464 seconds time elapsed


 Performance counter stats for './mem-walk-no-thrash':

         6,658,720 cache-misses                                                

      11.261059925 seconds time elapsed


 Performance counter stats for './mem-walk-no-thrash':

         5,754,843 cache-misses                                                

      11.091984417 seconds time elapsed


 Performance counter stats for './mem-walk-no-thrash':

         8,044,098 cache-misses                                                

      11.107177019 seconds time elapsed


 Performance counter stats for './mem-walk-no-thrash':

         9,588,229 cache-misses                                                

      11.419978936 seconds time elapsed


 Performance counter stats for './mem-walk-no-thrash':

         5,458,461 cache-misses                                                

      11.092374904 seconds time elapsed


 Performance counter stats for './mem-walk-no-thrash':

         5,852,426 cache-misses                                                

      11.015803219 seconds time elapsed


 Performance counter stats for './mem-walk-no-thrash':

        20,907,937 cache-misses                                                

      11.232571745 seconds time elapsed


 Performance counter stats for './mem-walk-no-thrash':

         9,288,943 cache-misses                                                

      11.097044796 seconds time elapsed


 Performance counter stats for './mem-walk-no-thrash':

         5,940,854 cache-misses                                                

      11.112815634 seconds time elapsed


 Performance counter stats for './mem-walk-no-thrash':

         9,529,869 cache-misses                                                

      11.217058105 seconds time elapsed


 Performance counter stats for './mem-walk':

     1,245,773,917 cache-misses                                                

      50.107559636 seconds time elapsed


 Performance counter stats for './mem-walk':

     1,730,613,130 cache-misses                                                

      52.606776665 seconds time elapsed


 Performance counter stats for './mem-walk':

     1,595,645,594 cache-misses                                                

      51.556775571 seconds time elapsed


 Performance counter stats for './mem-walk':

     1,997,841,568 cache-misses                                                

      52.788282518 seconds time elapsed


 Performance counter stats for './mem-walk':

     1,311,037,519 cache-misses                                                

      50.125408991 seconds time elapsed


 Performance counter stats for './mem-walk':

     1,554,697,036 cache-misses                                                

      51.254156321 seconds time elapsed


 Performance counter stats for './mem-walk':

     1,616,277,226 cache-misses                                                

      51.843962990 seconds time elapsed


 Performance counter stats for './mem-walk':

     1,284,906,454 cache-misses                                                

      50.218188724 seconds time elapsed


 Performance counter stats for './mem-walk':

     1,559,960,529 cache-misses                                                

      51.172901126 seconds time elapsed


 Performance counter stats for './mem-walk':

     1,352,759,964 cache-misses                                                

      50.493101469 seconds time elapsed

