
 Performance counter stats for './mem-walk-no-thread-no-thrash':

         3,638,529 cache-misses                                                

       3.760161171 seconds time elapsed


 Performance counter stats for './mem-walk-no-thread-no-thrash':

         3,306,101 cache-misses                                                

       3.133427240 seconds time elapsed


 Performance counter stats for './mem-walk-no-thread-no-thrash':

         3,485,706 cache-misses                                                

       3.128550557 seconds time elapsed


 Performance counter stats for './mem-walk-no-thread-no-thrash':

         3,768,311 cache-misses                                                

       4.056011610 seconds time elapsed


 Performance counter stats for './mem-walk-no-thread-no-thrash':

         3,603,137 cache-misses                                                

       3.807202758 seconds time elapsed


 Performance counter stats for './mem-walk-no-thread-no-thrash':

         3,521,034 cache-misses                                                

       3.567445304 seconds time elapsed


 Performance counter stats for './mem-walk-no-thread-no-thrash':

         3,323,893 cache-misses                                                

       3.126766357 seconds time elapsed


 Performance counter stats for './mem-walk-no-thread-no-thrash':

         3,628,745 cache-misses                                                

       4.136994329 seconds time elapsed


 Performance counter stats for './mem-walk-no-thread-no-thrash':

         3,606,467 cache-misses                                                

       3.807388189 seconds time elapsed


 Performance counter stats for './mem-walk-no-thread-no-thrash':

         3,541,826 cache-misses                                                

       3.908851816 seconds time elapsed


 Performance counter stats for './mem-walk-no-thread':

       587,132,613 cache-misses                                                

      11.232079964 seconds time elapsed


 Performance counter stats for './mem-walk-no-thread':

       590,903,414 cache-misses                                                

      11.317277476 seconds time elapsed


 Performance counter stats for './mem-walk-no-thread':

       592,298,193 cache-misses                                                

      11.193924743 seconds time elapsed


 Performance counter stats for './mem-walk-no-thread':

       584,328,833 cache-misses                                                

      11.299922634 seconds time elapsed


 Performance counter stats for './mem-walk-no-thread':

       597,305,456 cache-misses                                                

      11.224498124 seconds time elapsed


 Performance counter stats for './mem-walk-no-thread':

       579,966,370 cache-misses                                                

      11.339505581 seconds time elapsed


 Performance counter stats for './mem-walk-no-thread':

       602,738,304 cache-misses                                                

      11.248925667 seconds time elapsed


 Performance counter stats for './mem-walk-no-thread':

       594,376,802 cache-misses                                                

      11.321873767 seconds time elapsed


 Performance counter stats for './mem-walk-no-thread':

       595,588,818 cache-misses                                                

      11.217258744 seconds time elapsed


 Performance counter stats for './mem-walk-no-thread':

       578,936,402 cache-misses                                                

      11.287274313 seconds time elapsed


 Performance counter stats for './mem-walk-no-thrash':

        29,727,432 cache-misses                                                

      11.339247371 seconds time elapsed


 Performance counter stats for './mem-walk-no-thrash':

        10,059,938 cache-misses                                                

      11.103768168 seconds time elapsed


 Performance counter stats for './mem-walk-no-thrash':

        27,363,233 cache-misses                                                

      11.361623434 seconds time elapsed


 Performance counter stats for './mem-walk-no-thrash':

         8,244,161 cache-misses                                                

      11.121769016 seconds time elapsed


 Performance counter stats for './mem-walk-no-thrash':

        24,721,349 cache-misses                                                

      11.279180506 seconds time elapsed


 Performance counter stats for './mem-walk-no-thrash':

        19,174,664 cache-misses                                                

      11.263376891 seconds time elapsed


 Performance counter stats for './mem-walk-no-thrash':

        28,303,489 cache-misses                                                

      11.416859711 seconds time elapsed


 Performance counter stats for './mem-walk-no-thrash':

        18,057,340 cache-misses                                                

      12.019379065 seconds time elapsed


 Performance counter stats for './mem-walk-no-thrash':

        23,758,447 cache-misses                                                

      11.328725543 seconds time elapsed


 Performance counter stats for './mem-walk-no-thrash':

         9,866,563 cache-misses                                                

      11.010943904 seconds time elapsed


 Performance counter stats for './mem-walk':

     1,710,796,854 cache-misses                                                

      49.439184744 seconds time elapsed


 Performance counter stats for './mem-walk':

     2,450,089,937 cache-misses                                                

      56.609732221 seconds time elapsed


 Performance counter stats for './mem-walk':

     1,941,750,191 cache-misses                                                

      50.192953003 seconds time elapsed


 Performance counter stats for './mem-walk':

     1,621,950,579 cache-misses                                                

      49.691529064 seconds time elapsed


 Performance counter stats for './mem-walk':

     1,430,372,918 cache-misses                                                

      50.000074605 seconds time elapsed


 Performance counter stats for './mem-walk':

     1,510,863,860 cache-misses                                                

      50.111028009 seconds time elapsed


 Performance counter stats for './mem-walk':

     1,639,443,149 cache-misses                                                

      49.571614113 seconds time elapsed


 Performance counter stats for './mem-walk':

     2,081,278,744 cache-misses                                                

      53.638223481 seconds time elapsed


 Performance counter stats for './mem-walk':

     1,665,806,816 cache-misses                                                

      49.478754050 seconds time elapsed


 Performance counter stats for './mem-walk':

     1,573,388,597 cache-misses                                                

      49.704481785 seconds time elapsed

