Params: count 0  min_pkt_size: 60  max_pkt_size: 60
     frags: 0  delay: 1000  clone_skb: 10  ifname: eth2
     flows: 0 flowlen: 0
     queue_map_min: 0  queue_map_max: 0
     dst_min: 2.0.0.2  dst_max: 
        src_min:   src_max: 
     src_mac: 40:f2:e9:01:23:14 dst_mac: 40:f2:e9:01:23:00
     udp_src_min: 9  udp_src_max: 9  udp_dst_min: 9  udp_dst_max: 9
     src_mac_count: 0  dst_mac_count: 0
     Flags: 
Current:
     pkts-sofar: 1178880291  errors: 0
     started: 39528733014us  stopped: 40707613303us idle: 617115589us
     seq_num: 1178880292  cur_dst_mac_offset: 0  cur_src_mac_offset: 0
     cur_saddr: 1.0.0.1  cur_daddr: 2.0.0.2
     cur_udp_dst: 9  cur_udp_src: 9
     cur_queue_map: 0
     flows: 0
Result: OK: 1178880289(c561764700+d617115589) usec, 1178880291 (60byte,0frags)
  1000000pps 480Mb/sec (480000000bps) errors: 0
