
 Performance counter stats for './mem-walk-no-thread-no-thrash':

         9,121,050 cache-misses                                                

       3.469785661 seconds time elapsed


 Performance counter stats for './mem-walk-no-thread-no-thrash':

         9,606,954 cache-misses                                                

       3.713989348 seconds time elapsed


 Performance counter stats for './mem-walk-no-thread-no-thrash':

         9,662,787 cache-misses                                                

       3.742882170 seconds time elapsed


 Performance counter stats for './mem-walk-no-thread-no-thrash':

         9,617,053 cache-misses                                                

       3.769220768 seconds time elapsed


 Performance counter stats for './mem-walk-no-thread-no-thrash':

         9,510,497 cache-misses                                                

       3.737828642 seconds time elapsed


 Performance counter stats for './mem-walk-no-thread-no-thrash':

         8,694,889 cache-misses                                                

       3.201853048 seconds time elapsed


 Performance counter stats for './mem-walk-no-thread-no-thrash':

         9,508,307 cache-misses                                                

       3.631887757 seconds time elapsed


 Performance counter stats for './mem-walk-no-thread-no-thrash':

         8,853,638 cache-misses                                                

       3.247882737 seconds time elapsed


 Performance counter stats for './mem-walk-no-thread-no-thrash':

         8,812,803 cache-misses                                                

       3.257739516 seconds time elapsed


 Performance counter stats for './mem-walk-no-thread-no-thrash':

         9,314,140 cache-misses                                                

       3.554832989 seconds time elapsed


 Performance counter stats for './mem-walk-no-thread':

       526,588,939 cache-misses                                                

      11.836992493 seconds time elapsed


 Performance counter stats for './mem-walk-no-thread':

       536,236,798 cache-misses                                                

      11.879838763 seconds time elapsed


 Performance counter stats for './mem-walk-no-thread':

       517,416,691 cache-misses                                                

      11.863149141 seconds time elapsed


 Performance counter stats for './mem-walk-no-thread':

       519,546,151 cache-misses                                                

      11.830333851 seconds time elapsed


 Performance counter stats for './mem-walk-no-thread':

       532,221,709 cache-misses                                                

      11.889754858 seconds time elapsed


 Performance counter stats for './mem-walk-no-thread':

       534,682,424 cache-misses                                                

      11.884864029 seconds time elapsed


 Performance counter stats for './mem-walk-no-thread':

       522,149,942 cache-misses                                                

      11.826508068 seconds time elapsed


 Performance counter stats for './mem-walk-no-thread':

       531,367,931 cache-misses                                                

      11.845224887 seconds time elapsed


 Performance counter stats for './mem-walk-no-thread':

       518,789,886 cache-misses                                                

      11.850562676 seconds time elapsed


 Performance counter stats for './mem-walk-no-thread':

       536,086,457 cache-misses                                                

      11.867717275 seconds time elapsed


 Performance counter stats for './mem-walk-no-thrash':

        44,295,377 cache-misses                                                

      12.037868541 seconds time elapsed


 Performance counter stats for './mem-walk-no-thrash':

        45,943,659 cache-misses                                                

      11.970406477 seconds time elapsed


 Performance counter stats for './mem-walk-no-thrash':

        43,558,357 cache-misses                                                

      11.879343419 seconds time elapsed


 Performance counter stats for './mem-walk-no-thrash':

        45,961,740 cache-misses                                                

      12.550444787 seconds time elapsed


 Performance counter stats for './mem-walk-no-thrash':

        42,823,996 cache-misses                                                

      12.031616080 seconds time elapsed


 Performance counter stats for './mem-walk-no-thrash':

        43,280,528 cache-misses                                                

      11.953202728 seconds time elapsed


 Performance counter stats for './mem-walk-no-thrash':

        45,546,705 cache-misses                                                

      12.157527006 seconds time elapsed


 Performance counter stats for './mem-walk-no-thrash':

        44,740,744 cache-misses                                                

      12.150905594 seconds time elapsed


 Performance counter stats for './mem-walk-no-thrash':

        45,544,099 cache-misses                                                

      12.055594190 seconds time elapsed


 Performance counter stats for './mem-walk-no-thrash':

        46,941,401 cache-misses                                                

      12.036527884 seconds time elapsed


 Performance counter stats for './mem-walk':

    11,907,968,633 cache-misses                                                

     128.733165693 seconds time elapsed


 Performance counter stats for './mem-walk':

    11,789,450,469 cache-misses                                                

     128.071055622 seconds time elapsed


 Performance counter stats for './mem-walk':

    11,763,292,516 cache-misses                                                

     127.753924979 seconds time elapsed


 Performance counter stats for './mem-walk':

    11,819,328,922 cache-misses                                                

     128.559673110 seconds time elapsed


 Performance counter stats for './mem-walk':

    12,045,960,285 cache-misses                                                

     129.728366453 seconds time elapsed


 Performance counter stats for './mem-walk':

    11,394,963,378 cache-misses                                                

     124.856117933 seconds time elapsed


 Performance counter stats for './mem-walk':

    11,527,101,992 cache-misses                                                

     126.066504489 seconds time elapsed


 Performance counter stats for './mem-walk':

    11,553,379,330 cache-misses                                                

     126.390125611 seconds time elapsed


 Performance counter stats for './mem-walk':

    11,139,296,589 cache-misses                                                

     122.824931011 seconds time elapsed


 Performance counter stats for './mem-walk':

    12,257,852,192 cache-misses                                                

     131.843173013 seconds time elapsed

