
 Performance counter stats for './mem-walk-no-thread-no-thrash':

         3,552,750 cache-misses                                                

       3.362900563 seconds time elapsed


 Performance counter stats for './mem-walk-no-thread-no-thrash':

         3,803,145 cache-misses                                                

       3.751698567 seconds time elapsed


 Performance counter stats for './mem-walk-no-thread-no-thrash':

         3,591,238 cache-misses                                                

       3.193010529 seconds time elapsed


 Performance counter stats for './mem-walk-no-thread-no-thrash':

         3,890,142 cache-misses                                                

       3.911762115 seconds time elapsed


 Performance counter stats for './mem-walk-no-thread-no-thrash':

         3,871,794 cache-misses                                                

       3.702869457 seconds time elapsed


 Performance counter stats for './mem-walk-no-thread-no-thrash':

         3,663,121 cache-misses                                                

       3.414298560 seconds time elapsed


 Performance counter stats for './mem-walk-no-thread-no-thrash':

         3,753,259 cache-misses                                                

       3.704075514 seconds time elapsed


 Performance counter stats for './mem-walk-no-thread-no-thrash':

         3,746,271 cache-misses                                                

       3.323521637 seconds time elapsed


 Performance counter stats for './mem-walk-no-thread-no-thrash':

         3,928,097 cache-misses                                                

       3.869038114 seconds time elapsed


 Performance counter stats for './mem-walk-no-thread-no-thrash':

         3,808,689 cache-misses                                                

       3.905801951 seconds time elapsed


 Performance counter stats for './mem-walk-no-thread':

       575,867,446 cache-misses                                                

      11.144934939 seconds time elapsed


 Performance counter stats for './mem-walk-no-thread':

       577,432,904 cache-misses                                                

      11.092347349 seconds time elapsed


 Performance counter stats for './mem-walk-no-thread':

       602,908,258 cache-misses                                                

      11.111933998 seconds time elapsed


 Performance counter stats for './mem-walk-no-thread':

       574,512,159 cache-misses                                                

      11.113705500 seconds time elapsed


 Performance counter stats for './mem-walk-no-thread':

       595,300,258 cache-misses                                                

      11.102647552 seconds time elapsed


 Performance counter stats for './mem-walk-no-thread':

       596,622,665 cache-misses                                                

      11.098295250 seconds time elapsed


 Performance counter stats for './mem-walk-no-thread':

       600,781,340 cache-misses                                                

      11.133254206 seconds time elapsed


 Performance counter stats for './mem-walk-no-thread':

       579,554,901 cache-misses                                                

      11.089961781 seconds time elapsed


 Performance counter stats for './mem-walk-no-thread':

       574,458,556 cache-misses                                                

      11.113438355 seconds time elapsed


 Performance counter stats for './mem-walk-no-thread':

       582,461,519 cache-misses                                                

      11.116331851 seconds time elapsed


 Performance counter stats for './mem-walk-no-thrash':

        27,241,283 cache-misses                                                

      11.253731795 seconds time elapsed


 Performance counter stats for './mem-walk-no-thrash':

        23,113,676 cache-misses                                                

      11.237492447 seconds time elapsed


 Performance counter stats for './mem-walk-no-thrash':

        26,717,704 cache-misses                                                

      11.283857075 seconds time elapsed


 Performance counter stats for './mem-walk-no-thrash':

        28,720,892 cache-misses                                                

      11.469079526 seconds time elapsed


 Performance counter stats for './mem-walk-no-thrash':

        21,530,560 cache-misses                                                

      11.232521177 seconds time elapsed


 Performance counter stats for './mem-walk-no-thrash':

        21,410,626 cache-misses                                                

      11.242459439 seconds time elapsed


 Performance counter stats for './mem-walk-no-thrash':

        23,404,196 cache-misses                                                

      11.239204980 seconds time elapsed


 Performance counter stats for './mem-walk-no-thrash':

        19,973,155 cache-misses                                                

      11.213695175 seconds time elapsed


 Performance counter stats for './mem-walk-no-thrash':

        26,454,905 cache-misses                                                

      11.249497167 seconds time elapsed


 Performance counter stats for './mem-walk-no-thrash':

        22,578,356 cache-misses                                                

      11.237831815 seconds time elapsed


 Performance counter stats for './mem-walk':

     3,718,718,510 cache-misses                                                

      65.345563964 seconds time elapsed


 Performance counter stats for './mem-walk':

     3,483,025,759 cache-misses                                                

      63.969877068 seconds time elapsed


 Performance counter stats for './mem-walk':

     3,816,360,726 cache-misses                                                

      66.014189587 seconds time elapsed


 Performance counter stats for './mem-walk':

     2,872,921,370 cache-misses                                                

      58.857387209 seconds time elapsed


 Performance counter stats for './mem-walk':

     3,950,956,337 cache-misses                                                

      67.446098204 seconds time elapsed


 Performance counter stats for './mem-walk':

     3,839,722,469 cache-misses                                                

      67.074418658 seconds time elapsed


 Performance counter stats for './mem-walk':

     2,967,699,887 cache-misses                                                

      59.982520023 seconds time elapsed


 Performance counter stats for './mem-walk':

     3,565,812,694 cache-misses                                                

      64.888520369 seconds time elapsed


 Performance counter stats for './mem-walk':

     3,505,540,812 cache-misses                                                

      63.435324376 seconds time elapsed


 Performance counter stats for './mem-walk':

     3,413,580,469 cache-misses                                                

      63.034752007 seconds time elapsed

