
 Performance counter stats for './mem-walk-no-thread-no-thrash':

         3,595,003 cache-misses                                                

       3.644694508 seconds time elapsed


 Performance counter stats for './mem-walk-no-thread-no-thrash':

         3,726,644 cache-misses                                                

       4.082732056 seconds time elapsed


 Performance counter stats for './mem-walk-no-thread-no-thrash':

         3,772,734 cache-misses                                                

       4.011120654 seconds time elapsed


 Performance counter stats for './mem-walk-no-thread-no-thrash':

         3,577,276 cache-misses                                                

       3.759901513 seconds time elapsed


 Performance counter stats for './mem-walk-no-thread-no-thrash':

         3,520,384 cache-misses                                                

       3.587969143 seconds time elapsed


 Performance counter stats for './mem-walk-no-thread-no-thrash':

         3,446,099 cache-misses                                                

       3.132117193 seconds time elapsed


 Performance counter stats for './mem-walk-no-thread-no-thrash':

         3,617,771 cache-misses                                                

       3.563670059 seconds time elapsed


 Performance counter stats for './mem-walk-no-thread-no-thrash':

         3,682,446 cache-misses                                                

       4.097540784 seconds time elapsed


 Performance counter stats for './mem-walk-no-thread-no-thrash':

         3,732,995 cache-misses                                                

       4.032915906 seconds time elapsed


 Performance counter stats for './mem-walk-no-thread-no-thrash':

         3,557,220 cache-misses                                                

       3.722676261 seconds time elapsed


 Performance counter stats for './mem-walk-no-thread':

       593,148,605 cache-misses                                                

      11.023457479 seconds time elapsed


 Performance counter stats for './mem-walk-no-thread':

       580,369,945 cache-misses                                                

      11.012977030 seconds time elapsed


 Performance counter stats for './mem-walk-no-thread':

       604,191,259 cache-misses                                                

      11.068773477 seconds time elapsed


 Performance counter stats for './mem-walk-no-thread':

       596,586,573 cache-misses                                                

      11.069184979 seconds time elapsed


 Performance counter stats for './mem-walk-no-thread':

       597,709,190 cache-misses                                                

      11.035620317 seconds time elapsed


 Performance counter stats for './mem-walk-no-thread':

       584,229,154 cache-misses                                                

      11.041424995 seconds time elapsed


 Performance counter stats for './mem-walk-no-thread':

       578,244,146 cache-misses                                                

      11.038449978 seconds time elapsed


 Performance counter stats for './mem-walk-no-thread':

       573,646,768 cache-misses                                                

      11.065882100 seconds time elapsed


 Performance counter stats for './mem-walk-no-thread':

       596,010,696 cache-misses                                                

      11.044442077 seconds time elapsed


 Performance counter stats for './mem-walk-no-thread':

       589,671,698 cache-misses                                                

      11.046758520 seconds time elapsed


 Performance counter stats for './mem-walk-no-thrash':

        27,370,392 cache-misses                                                

      11.227580101 seconds time elapsed


 Performance counter stats for './mem-walk-no-thrash':

        25,587,901 cache-misses                                                

      11.297788986 seconds time elapsed


 Performance counter stats for './mem-walk-no-thrash':

        22,973,142 cache-misses                                                

      11.408956332 seconds time elapsed


 Performance counter stats for './mem-walk-no-thrash':

        22,647,315 cache-misses                                                

      11.372062085 seconds time elapsed


 Performance counter stats for './mem-walk-no-thrash':

        22,357,345 cache-misses                                                

      11.389168421 seconds time elapsed


 Performance counter stats for './mem-walk-no-thrash':

        24,674,382 cache-misses                                                

      11.494666011 seconds time elapsed


 Performance counter stats for './mem-walk-no-thrash':

        13,160,925 cache-misses                                                

      11.171952870 seconds time elapsed


 Performance counter stats for './mem-walk-no-thrash':

        23,436,789 cache-misses                                                

      11.420933066 seconds time elapsed


 Performance counter stats for './mem-walk-no-thrash':

        20,295,878 cache-misses                                                

      11.384160071 seconds time elapsed


 Performance counter stats for './mem-walk-no-thrash':

        27,218,898 cache-misses                                                

      11.424693094 seconds time elapsed


 Performance counter stats for './mem-walk':

     1,994,662,097 cache-misses                                                

      50.353430509 seconds time elapsed


 Performance counter stats for './mem-walk':

     1,975,720,446 cache-misses                                                

      49.986675902 seconds time elapsed


 Performance counter stats for './mem-walk':

     1,905,249,194 cache-misses                                                

      50.209841402 seconds time elapsed


 Performance counter stats for './mem-walk':

     1,644,535,484 cache-misses                                                

      49.522802808 seconds time elapsed


 Performance counter stats for './mem-walk':

     2,006,448,228 cache-misses                                                

      50.558292306 seconds time elapsed


 Performance counter stats for './mem-walk':

     1,714,953,797 cache-misses                                                

      50.156985408 seconds time elapsed


 Performance counter stats for './mem-walk':

     2,220,395,546 cache-misses                                                

      50.838242804 seconds time elapsed


 Performance counter stats for './mem-walk':

     1,772,686,939 cache-misses                                                

      49.785373951 seconds time elapsed


 Performance counter stats for './mem-walk':

     2,017,045,712 cache-misses                                                

      49.491428152 seconds time elapsed


 Performance counter stats for './mem-walk':

     1,710,511,410 cache-misses                                                

      50.198052711 seconds time elapsed

