
 Performance counter stats for './mem-walk-no-thread-no-thrash':

         4,139,774 cache-misses                                                

       3.381186290 seconds time elapsed


 Performance counter stats for './mem-walk-no-thread-no-thrash':

         4,168,047 cache-misses                                                

       3.780986223 seconds time elapsed


 Performance counter stats for './mem-walk-no-thread-no-thrash':

         4,214,592 cache-misses                                                

       3.700090777 seconds time elapsed


 Performance counter stats for './mem-walk-no-thread-no-thrash':

         4,028,261 cache-misses                                                

       3.360800616 seconds time elapsed


 Performance counter stats for './mem-walk-no-thread-no-thrash':

         4,173,450 cache-misses                                                

       3.749185361 seconds time elapsed


 Performance counter stats for './mem-walk-no-thread-no-thrash':

         4,216,249 cache-misses                                                

       3.642300522 seconds time elapsed


 Performance counter stats for './mem-walk-no-thread-no-thrash':

         4,221,046 cache-misses                                                

       3.786430812 seconds time elapsed


 Performance counter stats for './mem-walk-no-thread-no-thrash':

         4,211,840 cache-misses                                                

       3.797519912 seconds time elapsed


 Performance counter stats for './mem-walk-no-thread-no-thrash':

         4,230,416 cache-misses                                                

       3.838451292 seconds time elapsed


 Performance counter stats for './mem-walk-no-thread-no-thrash':

         4,196,883 cache-misses                                                

       3.797430852 seconds time elapsed


 Performance counter stats for './mem-walk-no-thread':

       591,106,253 cache-misses                                                

      11.277310363 seconds time elapsed


 Performance counter stats for './mem-walk-no-thread':

       583,328,752 cache-misses                                                

      11.264134015 seconds time elapsed


 Performance counter stats for './mem-walk-no-thread':

       594,302,193 cache-misses                                                

      11.257331647 seconds time elapsed


 Performance counter stats for './mem-walk-no-thread':

       572,229,187 cache-misses                                                

      11.255804713 seconds time elapsed


 Performance counter stats for './mem-walk-no-thread':

       575,225,350 cache-misses                                                

      11.271860040 seconds time elapsed


 Performance counter stats for './mem-walk-no-thread':

       588,788,058 cache-misses                                                

      11.272125652 seconds time elapsed


 Performance counter stats for './mem-walk-no-thread':

       588,510,375 cache-misses                                                

      11.272140455 seconds time elapsed


 Performance counter stats for './mem-walk-no-thread':

       583,123,684 cache-misses                                                

      11.283308671 seconds time elapsed


 Performance counter stats for './mem-walk-no-thread':

       593,868,944 cache-misses                                                

      11.286167340 seconds time elapsed


 Performance counter stats for './mem-walk-no-thread':

       592,740,503 cache-misses                                                

      11.313616910 seconds time elapsed


 Performance counter stats for './mem-walk-no-thrash':

        27,783,568 cache-misses                                                

      12.144021413 seconds time elapsed


 Performance counter stats for './mem-walk-no-thrash':

        30,204,073 cache-misses                                                

      12.358735527 seconds time elapsed


 Performance counter stats for './mem-walk-no-thrash':

        29,519,547 cache-misses                                                

      12.256711154 seconds time elapsed


 Performance counter stats for './mem-walk-no-thrash':

        30,231,747 cache-misses                                                

      12.242136225 seconds time elapsed


 Performance counter stats for './mem-walk-no-thrash':

        32,667,386 cache-misses                                                

      12.256489106 seconds time elapsed


 Performance counter stats for './mem-walk-no-thrash':

        30,316,035 cache-misses                                                

      12.259891127 seconds time elapsed


 Performance counter stats for './mem-walk-no-thrash':

        27,231,901 cache-misses                                                

      12.242157690 seconds time elapsed


 Performance counter stats for './mem-walk-no-thrash':

        29,880,342 cache-misses                                                

      12.258898499 seconds time elapsed


 Performance counter stats for './mem-walk-no-thrash':

        28,621,368 cache-misses                                                

      12.240769907 seconds time elapsed


 Performance counter stats for './mem-walk-no-thrash':

        28,312,050 cache-misses                                                

      12.256680956 seconds time elapsed


 Performance counter stats for './mem-walk':

     6,918,000,366 cache-misses                                                

      91.832961072 seconds time elapsed


 Performance counter stats for './mem-walk':

     7,383,994,976 cache-misses                                                

      97.277445267 seconds time elapsed


 Performance counter stats for './mem-walk':

     6,814,386,560 cache-misses                                                

      88.805082039 seconds time elapsed


 Performance counter stats for './mem-walk':

     7,011,580,995 cache-misses                                                

      90.774358332 seconds time elapsed


 Performance counter stats for './mem-walk':

     6,397,601,860 cache-misses                                                

      86.765029502 seconds time elapsed


 Performance counter stats for './mem-walk':

     6,762,703,286 cache-misses                                                

      89.404095283 seconds time elapsed


 Performance counter stats for './mem-walk':

     6,283,645,991 cache-misses                                                

      86.093520117 seconds time elapsed


 Performance counter stats for './mem-walk':

     6,751,429,331 cache-misses                                                

      88.104762695 seconds time elapsed


 Performance counter stats for './mem-walk':

     6,796,768,933 cache-misses                                                

      89.541112260 seconds time elapsed


 Performance counter stats for './mem-walk':

     6,270,935,381 cache-misses                                                

      84.964101357 seconds time elapsed

