
 Performance counter stats for './mem-walk-no-thread-no-thrash':

         3,729,095 cache-misses                                                

       4.131597847 seconds time elapsed


 Performance counter stats for './mem-walk-no-thread-no-thrash':

         3,786,141 cache-misses                                                

       3.973556647 seconds time elapsed


 Performance counter stats for './mem-walk-no-thread-no-thrash':

         3,552,808 cache-misses                                                

       3.590005436 seconds time elapsed


 Performance counter stats for './mem-walk-no-thread-no-thrash':

         3,513,816 cache-misses                                                

       3.178274466 seconds time elapsed


 Performance counter stats for './mem-walk-no-thread-no-thrash':

         3,785,507 cache-misses                                                

       4.223739218 seconds time elapsed


 Performance counter stats for './mem-walk-no-thread-no-thrash':

         3,616,028 cache-misses                                                

       3.743742564 seconds time elapsed


 Performance counter stats for './mem-walk-no-thread-no-thrash':

         3,508,885 cache-misses                                                

       3.153293108 seconds time elapsed


 Performance counter stats for './mem-walk-no-thread-no-thrash':

         3,621,209 cache-misses                                                

       4.000656464 seconds time elapsed


 Performance counter stats for './mem-walk-no-thread-no-thrash':

         3,791,115 cache-misses                                                

       4.012058439 seconds time elapsed


 Performance counter stats for './mem-walk-no-thread-no-thrash':

         3,372,545 cache-misses                                                

       3.154095591 seconds time elapsed


 Performance counter stats for './mem-walk-no-thread':

       542,299,450 cache-misses                                                

      10.978966773 seconds time elapsed


 Performance counter stats for './mem-walk-no-thread':

       553,171,251 cache-misses                                                

      10.949943682 seconds time elapsed


 Performance counter stats for './mem-walk-no-thread':

       552,005,126 cache-misses                                                

      10.926455784 seconds time elapsed


 Performance counter stats for './mem-walk-no-thread':

       557,148,893 cache-misses                                                

      10.937885484 seconds time elapsed


 Performance counter stats for './mem-walk-no-thread':

       533,031,077 cache-misses                                                

      10.897792762 seconds time elapsed


 Performance counter stats for './mem-walk-no-thread':

       562,363,806 cache-misses                                                

      10.915107175 seconds time elapsed


 Performance counter stats for './mem-walk-no-thread':

       553,291,940 cache-misses                                                

      10.882720755 seconds time elapsed


 Performance counter stats for './mem-walk-no-thread':

       545,107,315 cache-misses                                                

      10.867401708 seconds time elapsed


 Performance counter stats for './mem-walk-no-thread':

       541,286,609 cache-misses                                                

      10.896571608 seconds time elapsed


 Performance counter stats for './mem-walk-no-thread':

       594,879,072 cache-misses                                                

      11.057735089 seconds time elapsed


 Performance counter stats for './mem-walk-no-thrash':

        17,003,582 cache-misses                                                

      11.383871247 seconds time elapsed


 Performance counter stats for './mem-walk-no-thrash':

        13,006,364 cache-misses                                                

      11.178232885 seconds time elapsed


 Performance counter stats for './mem-walk-no-thrash':

         6,249,005 cache-misses                                                

      11.089498320 seconds time elapsed


 Performance counter stats for './mem-walk-no-thrash':

        19,332,341 cache-misses                                                

      11.430510268 seconds time elapsed


 Performance counter stats for './mem-walk-no-thrash':

        10,780,046 cache-misses                                                

      11.401439162 seconds time elapsed


 Performance counter stats for './mem-walk-no-thrash':

        12,107,318 cache-misses                                                

      11.178639492 seconds time elapsed


 Performance counter stats for './mem-walk-no-thrash':

        14,502,747 cache-misses                                                

      11.127924778 seconds time elapsed


 Performance counter stats for './mem-walk-no-thrash':

         9,784,217 cache-misses                                                

      11.175125897 seconds time elapsed


 Performance counter stats for './mem-walk-no-thrash':

        19,376,504 cache-misses                                                

      11.343171353 seconds time elapsed


 Performance counter stats for './mem-walk-no-thrash':

        13,848,458 cache-misses                                                

      11.274068655 seconds time elapsed


 Performance counter stats for './mem-walk':

     1,804,755,752 cache-misses                                                

      50.669783738 seconds time elapsed


 Performance counter stats for './mem-walk':

     2,030,871,241 cache-misses                                                

      52.521372122 seconds time elapsed


 Performance counter stats for './mem-walk':

     1,943,589,954 cache-misses                                                

      51.271436986 seconds time elapsed


 Performance counter stats for './mem-walk':

     1,684,327,299 cache-misses                                                

      50.372848913 seconds time elapsed


 Performance counter stats for './mem-walk':

     1,721,596,114 cache-misses                                                

      50.534358012 seconds time elapsed


 Performance counter stats for './mem-walk':

     1,971,703,363 cache-misses                                                

      51.763075777 seconds time elapsed


 Performance counter stats for './mem-walk':

     1,627,163,723 cache-misses                                                

      50.176716991 seconds time elapsed


 Performance counter stats for './mem-walk':

     1,681,611,403 cache-misses                                                

      49.861251874 seconds time elapsed


 Performance counter stats for './mem-walk':

     1,793,087,149 cache-misses                                                

      49.684506612 seconds time elapsed


 Performance counter stats for './mem-walk':

     1,846,117,864 cache-misses                                                

      50.813666429 seconds time elapsed

