
 Performance counter stats for './mem-walk-no-thread-no-thrash':

         3,793,872 cache-misses                                                

       4.147710786 seconds time elapsed


 Performance counter stats for './mem-walk-no-thread-no-thrash':

         3,496,047 cache-misses                                                

       3.100876665 seconds time elapsed


 Performance counter stats for './mem-walk-no-thread-no-thrash':

         3,650,749 cache-misses                                                

       3.569285312 seconds time elapsed


 Performance counter stats for './mem-walk-no-thread-no-thrash':

         3,502,155 cache-misses                                                

       3.126118286 seconds time elapsed


 Performance counter stats for './mem-walk-no-thread-no-thrash':

         3,787,782 cache-misses                                                

       4.088124697 seconds time elapsed


 Performance counter stats for './mem-walk-no-thread-no-thrash':

         3,711,736 cache-misses                                                

       3.801222309 seconds time elapsed


 Performance counter stats for './mem-walk-no-thread-no-thrash':

         3,902,989 cache-misses                                                

       4.025570850 seconds time elapsed


 Performance counter stats for './mem-walk-no-thread-no-thrash':

         3,550,185 cache-misses                                                

       3.128710421 seconds time elapsed


 Performance counter stats for './mem-walk-no-thread-no-thrash':

         3,565,935 cache-misses                                                

       3.354628650 seconds time elapsed


 Performance counter stats for './mem-walk-no-thread-no-thrash':

         3,706,868 cache-misses                                                

       3.843535855 seconds time elapsed


 Performance counter stats for './mem-walk-no-thread':

       554,497,405 cache-misses                                                

      10.990332054 seconds time elapsed


 Performance counter stats for './mem-walk-no-thread':

       538,374,692 cache-misses                                                

      10.917792005 seconds time elapsed


 Performance counter stats for './mem-walk-no-thread':

       538,409,755 cache-misses                                                

      10.936482261 seconds time elapsed


 Performance counter stats for './mem-walk-no-thread':

       531,392,658 cache-misses                                                

      10.929234971 seconds time elapsed


 Performance counter stats for './mem-walk-no-thread':

       556,904,823 cache-misses                                                

      10.991558096 seconds time elapsed


 Performance counter stats for './mem-walk-no-thread':

       540,467,579 cache-misses                                                

      10.923754252 seconds time elapsed


 Performance counter stats for './mem-walk-no-thread':

       532,804,716 cache-misses                                                

      10.955214395 seconds time elapsed


 Performance counter stats for './mem-walk-no-thread':

       547,280,229 cache-misses                                                

      10.940846970 seconds time elapsed


 Performance counter stats for './mem-walk-no-thread':

       557,174,852 cache-misses                                                

      10.986686838 seconds time elapsed


 Performance counter stats for './mem-walk-no-thread':

       552,805,831 cache-misses                                                

      10.946569006 seconds time elapsed


 Performance counter stats for './mem-walk-no-thrash':

        29,580,952 cache-misses                                                

      11.216228810 seconds time elapsed


 Performance counter stats for './mem-walk-no-thrash':

        23,126,565 cache-misses                                                

      11.448429446 seconds time elapsed


 Performance counter stats for './mem-walk-no-thrash':

        16,940,000 cache-misses                                                

      11.172393484 seconds time elapsed


 Performance counter stats for './mem-walk-no-thrash':

        30,641,427 cache-misses                                                

      11.548669100 seconds time elapsed


 Performance counter stats for './mem-walk-no-thrash':

        20,915,708 cache-misses                                                

      11.192047563 seconds time elapsed


 Performance counter stats for './mem-walk-no-thrash':

        24,121,676 cache-misses                                                

      11.288482809 seconds time elapsed


 Performance counter stats for './mem-walk-no-thrash':

        28,647,319 cache-misses                                                

      11.282056870 seconds time elapsed


 Performance counter stats for './mem-walk-no-thrash':

        16,473,642 cache-misses                                                

      11.220575014 seconds time elapsed


 Performance counter stats for './mem-walk-no-thrash':

        17,138,831 cache-misses                                                

      11.176095374 seconds time elapsed


 Performance counter stats for './mem-walk-no-thrash':

        21,258,116 cache-misses                                                

      11.183692859 seconds time elapsed


 Performance counter stats for './mem-walk':

     2,714,145,959 cache-misses                                                

      57.680407482 seconds time elapsed


 Performance counter stats for './mem-walk':

     3,116,433,827 cache-misses                                                

      61.010441297 seconds time elapsed


 Performance counter stats for './mem-walk':

     2,856,541,252 cache-misses                                                

      59.153928299 seconds time elapsed


 Performance counter stats for './mem-walk':

     3,131,091,445 cache-misses                                                

      61.694004997 seconds time elapsed


 Performance counter stats for './mem-walk':

     2,825,651,787 cache-misses                                                

      58.480482428 seconds time elapsed


 Performance counter stats for './mem-walk':

     3,240,074,230 cache-misses                                                

      62.026027705 seconds time elapsed


 Performance counter stats for './mem-walk':

     2,130,377,652 cache-misses                                                

      52.753165516 seconds time elapsed


 Performance counter stats for './mem-walk':

     3,373,139,046 cache-misses                                                

      62.925206775 seconds time elapsed


 Performance counter stats for './mem-walk':

     3,585,307,478 cache-misses                                                

      63.967839511 seconds time elapsed


 Performance counter stats for './mem-walk':

     3,901,546,492 cache-misses                                                

      66.336780854 seconds time elapsed

