
 Performance counter stats for './mem-walk-no-thread-no-thrash':

         3,575,067 cache-misses                                                

       3.807293807 seconds time elapsed


 Performance counter stats for './mem-walk-no-thread-no-thrash':

         3,608,294 cache-misses                                                

       3.777502706 seconds time elapsed


 Performance counter stats for './mem-walk-no-thread-no-thrash':

         3,722,683 cache-misses                                                

       3.860727594 seconds time elapsed


 Performance counter stats for './mem-walk-no-thread-no-thrash':

         3,610,804 cache-misses                                                

       4.052054210 seconds time elapsed


 Performance counter stats for './mem-walk-no-thread-no-thrash':

         3,631,450 cache-misses                                                

       3.605306800 seconds time elapsed


 Performance counter stats for './mem-walk-no-thread-no-thrash':

         3,565,605 cache-misses                                                

       3.853430946 seconds time elapsed


 Performance counter stats for './mem-walk-no-thread-no-thrash':

         3,528,582 cache-misses                                                

       3.214338031 seconds time elapsed


 Performance counter stats for './mem-walk-no-thread-no-thrash':

         3,440,701 cache-misses                                                

       3.107427693 seconds time elapsed


 Performance counter stats for './mem-walk-no-thread-no-thrash':

         3,648,464 cache-misses                                                

       4.203353201 seconds time elapsed


 Performance counter stats for './mem-walk-no-thread-no-thrash':

         3,445,745 cache-misses                                                

       3.292314480 seconds time elapsed


 Performance counter stats for './mem-walk-no-thread':

       546,881,570 cache-misses                                                

      10.933542652 seconds time elapsed


 Performance counter stats for './mem-walk-no-thread':

       544,454,662 cache-misses                                                

      10.886441955 seconds time elapsed


 Performance counter stats for './mem-walk-no-thread':

       532,209,615 cache-misses                                                

      10.894213638 seconds time elapsed


 Performance counter stats for './mem-walk-no-thread':

       557,418,673 cache-misses                                                

      10.930761167 seconds time elapsed


 Performance counter stats for './mem-walk-no-thread':

       536,025,229 cache-misses                                                

      10.842965674 seconds time elapsed


 Performance counter stats for './mem-walk-no-thread':

       536,306,930 cache-misses                                                

      10.852199190 seconds time elapsed


 Performance counter stats for './mem-walk-no-thread':

       541,002,671 cache-misses                                                

      10.882377077 seconds time elapsed


 Performance counter stats for './mem-walk-no-thread':

       539,264,779 cache-misses                                                

      10.860059479 seconds time elapsed


 Performance counter stats for './mem-walk-no-thread':

       553,261,008 cache-misses                                                

      10.877151980 seconds time elapsed


 Performance counter stats for './mem-walk-no-thread':

       544,354,791 cache-misses                                                

      10.874232892 seconds time elapsed


 Performance counter stats for './mem-walk-no-thrash':

        13,782,288 cache-misses                                                

      11.165654306 seconds time elapsed


 Performance counter stats for './mem-walk-no-thrash':

        20,053,147 cache-misses                                                

      11.219598978 seconds time elapsed


 Performance counter stats for './mem-walk-no-thrash':

        25,970,927 cache-misses                                                

      11.252493900 seconds time elapsed


 Performance counter stats for './mem-walk-no-thrash':

        25,357,633 cache-misses                                                

      11.280464628 seconds time elapsed


 Performance counter stats for './mem-walk-no-thrash':

        17,230,329 cache-misses                                                

      11.242874623 seconds time elapsed


 Performance counter stats for './mem-walk-no-thrash':

         5,465,852 cache-misses                                                

      11.102673584 seconds time elapsed


 Performance counter stats for './mem-walk-no-thrash':

         5,435,503 cache-misses                                                

      11.084247767 seconds time elapsed


 Performance counter stats for './mem-walk-no-thrash':

        14,055,929 cache-misses                                                

      11.156534950 seconds time elapsed


 Performance counter stats for './mem-walk-no-thrash':

         6,146,189 cache-misses                                                

      11.095698164 seconds time elapsed


 Performance counter stats for './mem-walk-no-thrash':

        26,694,165 cache-misses                                                

      11.461572235 seconds time elapsed


 Performance counter stats for './mem-walk':

     1,906,832,717 cache-misses                                                

      50.320780652 seconds time elapsed


 Performance counter stats for './mem-walk':

     1,949,563,502 cache-misses                                                

      49.783300080 seconds time elapsed


 Performance counter stats for './mem-walk':

     2,083,440,452 cache-misses                                                

      49.483410555 seconds time elapsed


 Performance counter stats for './mem-walk':

     1,866,138,273 cache-misses                                                

      50.592546219 seconds time elapsed


 Performance counter stats for './mem-walk':

     5,675,112,259 cache-misses                                                

      79.022225047 seconds time elapsed


 Performance counter stats for './mem-walk':

     4,018,672,375 cache-misses                                                

      66.047710195 seconds time elapsed


 Performance counter stats for './mem-walk':

     1,465,334,055 cache-misses                                                

      49.701880553 seconds time elapsed


 Performance counter stats for './mem-walk':

     3,463,203,989 cache-misses                                                

      60.067547302 seconds time elapsed


 Performance counter stats for './mem-walk':

     1,685,933,206 cache-misses                                                

      48.867555460 seconds time elapsed


 Performance counter stats for './mem-walk':

     2,016,749,246 cache-misses                                                

      50.564049611 seconds time elapsed

