
 Performance counter stats for './mem-walk-no-thread-no-thrash':

         3,632,762 cache-misses                                                

       3.807091821 seconds time elapsed


 Performance counter stats for './mem-walk-no-thread-no-thrash':

         3,467,123 cache-misses                                                

       3.248938709 seconds time elapsed


 Performance counter stats for './mem-walk-no-thread-no-thrash':

         3,648,183 cache-misses                                                

       3.430188929 seconds time elapsed


 Performance counter stats for './mem-walk-no-thread-no-thrash':

         3,554,639 cache-misses                                                

       3.261677559 seconds time elapsed


 Performance counter stats for './mem-walk-no-thread-no-thrash':

         3,824,809 cache-misses                                                

       4.118718128 seconds time elapsed


 Performance counter stats for './mem-walk-no-thread-no-thrash':

         3,547,540 cache-misses                                                

       3.514872448 seconds time elapsed


 Performance counter stats for './mem-walk-no-thread-no-thrash':

         3,660,182 cache-misses                                                

       3.745303906 seconds time elapsed


 Performance counter stats for './mem-walk-no-thread-no-thrash':

         3,684,849 cache-misses                                                

       3.742888117 seconds time elapsed


 Performance counter stats for './mem-walk-no-thread-no-thrash':

         3,476,923 cache-misses                                                

       3.277146588 seconds time elapsed


 Performance counter stats for './mem-walk-no-thread-no-thrash':

         3,652,653 cache-misses                                                

       3.886174081 seconds time elapsed


 Performance counter stats for './mem-walk-no-thread':

       532,482,969 cache-misses                                                

      10.901249523 seconds time elapsed


 Performance counter stats for './mem-walk-no-thread':

       548,541,796 cache-misses                                                

      10.929989756 seconds time elapsed


 Performance counter stats for './mem-walk-no-thread':

       542,298,192 cache-misses                                                

      10.908314088 seconds time elapsed


 Performance counter stats for './mem-walk-no-thread':

       536,385,569 cache-misses                                                

      10.910720488 seconds time elapsed


 Performance counter stats for './mem-walk-no-thread':

       562,330,030 cache-misses                                                

      10.957079376 seconds time elapsed


 Performance counter stats for './mem-walk-no-thread':

       544,536,789 cache-misses                                                

      10.917742625 seconds time elapsed


 Performance counter stats for './mem-walk-no-thread':

       550,841,492 cache-misses                                                

      10.929164908 seconds time elapsed


 Performance counter stats for './mem-walk-no-thread':

       546,062,742 cache-misses                                                

      10.932123614 seconds time elapsed


 Performance counter stats for './mem-walk-no-thread':

       559,138,539 cache-misses                                                

      10.942753725 seconds time elapsed


 Performance counter stats for './mem-walk-no-thread':

       544,091,724 cache-misses                                                

      10.914218413 seconds time elapsed


 Performance counter stats for './mem-walk-no-thrash':

        23,539,146 cache-misses                                                

      11.388256673 seconds time elapsed


 Performance counter stats for './mem-walk-no-thrash':

         5,428,741 cache-misses                                                

      11.097088542 seconds time elapsed


 Performance counter stats for './mem-walk-no-thrash':

         5,497,897 cache-misses                                                

      11.091252595 seconds time elapsed


 Performance counter stats for './mem-walk-no-thrash':

         8,345,606 cache-misses                                                

      11.220144341 seconds time elapsed


 Performance counter stats for './mem-walk-no-thrash':

        19,548,978 cache-misses                                                

      11.343534131 seconds time elapsed


 Performance counter stats for './mem-walk-no-thrash':

         8,872,191 cache-misses                                                

      11.249420098 seconds time elapsed


 Performance counter stats for './mem-walk-no-thrash':

        18,543,102 cache-misses                                                

      11.279098964 seconds time elapsed


 Performance counter stats for './mem-walk-no-thrash':

         9,580,398 cache-misses                                                

      11.183614421 seconds time elapsed


 Performance counter stats for './mem-walk-no-thrash':

        21,497,345 cache-misses                                                

      11.248609266 seconds time elapsed


 Performance counter stats for './mem-walk-no-thrash':

        22,230,853 cache-misses                                                

      11.330367795 seconds time elapsed


 Performance counter stats for './mem-walk':

     1,477,467,133 cache-misses                                                

      49.045786036 seconds time elapsed


 Performance counter stats for './mem-walk':

     1,583,640,837 cache-misses                                                

      49.496669921 seconds time elapsed


 Performance counter stats for './mem-walk':

     4,589,434,729 cache-misses                                                

      71.391629645 seconds time elapsed


 Performance counter stats for './mem-walk':

     1,677,683,401 cache-misses                                                

      50.184716218 seconds time elapsed


 Performance counter stats for './mem-walk':

     1,863,232,363 cache-misses                                                

      50.964793726 seconds time elapsed


 Performance counter stats for './mem-walk':

     1,845,170,053 cache-misses                                                

      51.490285605 seconds time elapsed


 Performance counter stats for './mem-walk':

     1,821,747,070 cache-misses                                                

      50.437862427 seconds time elapsed


 Performance counter stats for './mem-walk':

     1,769,630,632 cache-misses                                                

      50.370533148 seconds time elapsed


 Performance counter stats for './mem-walk':

     1,743,084,979 cache-misses                                                

      50.709172962 seconds time elapsed


 Performance counter stats for './mem-walk':

     1,876,242,962 cache-misses                                                

      50.688684865 seconds time elapsed

