
 Performance counter stats for './mem-walk-no-thread-no-thrash':

         9,261,633 cache-misses                                                

       3.441740237 seconds time elapsed


 Performance counter stats for './mem-walk-no-thread-no-thrash':

         9,891,429 cache-misses                                                

       3.828550457 seconds time elapsed


 Performance counter stats for './mem-walk-no-thread-no-thrash':

         8,564,630 cache-misses                                                

       3.214439125 seconds time elapsed


 Performance counter stats for './mem-walk-no-thread-no-thrash':

         9,834,162 cache-misses                                                

       3.765631110 seconds time elapsed


 Performance counter stats for './mem-walk-no-thread-no-thrash':

         9,494,221 cache-misses                                                

       3.604358908 seconds time elapsed


 Performance counter stats for './mem-walk-no-thread-no-thrash':

         9,816,148 cache-misses                                                

       3.783500964 seconds time elapsed


 Performance counter stats for './mem-walk-no-thread-no-thrash':

         9,441,905 cache-misses                                                

       3.605600920 seconds time elapsed


 Performance counter stats for './mem-walk-no-thread-no-thrash':

         9,710,454 cache-misses                                                

       3.822422398 seconds time elapsed


 Performance counter stats for './mem-walk-no-thread-no-thrash':

         9,250,555 cache-misses                                                

       3.522111726 seconds time elapsed


 Performance counter stats for './mem-walk-no-thread-no-thrash':

         9,853,395 cache-misses                                                

       3.788400735 seconds time elapsed


 Performance counter stats for './mem-walk-no-thread':

       534,398,246 cache-misses                                                

      11.842322342 seconds time elapsed


 Performance counter stats for './mem-walk-no-thread':

       531,447,441 cache-misses                                                

      11.849977240 seconds time elapsed


 Performance counter stats for './mem-walk-no-thread':

       515,677,523 cache-misses                                                

      11.856906312 seconds time elapsed


 Performance counter stats for './mem-walk-no-thread':

       524,045,276 cache-misses                                                

      11.854901130 seconds time elapsed


 Performance counter stats for './mem-walk-no-thread':

       533,568,979 cache-misses                                                

      11.871431503 seconds time elapsed


 Performance counter stats for './mem-walk-no-thread':

       535,850,346 cache-misses                                                

      11.871318046 seconds time elapsed


 Performance counter stats for './mem-walk-no-thread':

       536,497,879 cache-misses                                                

      11.867115184 seconds time elapsed


 Performance counter stats for './mem-walk-no-thread':

       523,908,279 cache-misses                                                

      11.864621678 seconds time elapsed


 Performance counter stats for './mem-walk-no-thread':

       517,821,208 cache-misses                                                

      11.858059779 seconds time elapsed


 Performance counter stats for './mem-walk-no-thread':

       522,611,129 cache-misses                                                

      11.860535911 seconds time elapsed


 Performance counter stats for './mem-walk-no-thrash':

        45,820,178 cache-misses                                                

      12.206691289 seconds time elapsed


 Performance counter stats for './mem-walk-no-thrash':

        45,048,802 cache-misses                                                

      11.890709848 seconds time elapsed


 Performance counter stats for './mem-walk-no-thrash':

        45,487,809 cache-misses                                                

      12.033003521 seconds time elapsed


 Performance counter stats for './mem-walk-no-thrash':

        45,297,012 cache-misses                                                

      12.442092362 seconds time elapsed


 Performance counter stats for './mem-walk-no-thrash':

        43,853,785 cache-misses                                                

      12.512170877 seconds time elapsed


 Performance counter stats for './mem-walk-no-thrash':

        45,820,789 cache-misses                                                

      12.220301483 seconds time elapsed


 Performance counter stats for './mem-walk-no-thrash':

        43,702,054 cache-misses                                                

      12.186292946 seconds time elapsed


 Performance counter stats for './mem-walk-no-thrash':

        43,979,412 cache-misses                                                

      12.202199809 seconds time elapsed


 Performance counter stats for './mem-walk-no-thrash':

        44,380,347 cache-misses                                                

      12.163071170 seconds time elapsed


 Performance counter stats for './mem-walk-no-thrash':

        42,739,047 cache-misses                                                

      11.842064787 seconds time elapsed


 Performance counter stats for './mem-walk':

    11,920,029,544 cache-misses                                                

     128.859855440 seconds time elapsed


 Performance counter stats for './mem-walk':

    11,354,212,861 cache-misses                                                

     124.439544652 seconds time elapsed


 Performance counter stats for './mem-walk':

    12,278,048,630 cache-misses                                                

     132.332561457 seconds time elapsed


 Performance counter stats for './mem-walk':

    11,462,825,135 cache-misses                                                

     125.893489164 seconds time elapsed


 Performance counter stats for './mem-walk':

    12,314,212,846 cache-misses                                                

     133.699990776 seconds time elapsed


 Performance counter stats for './mem-walk':

    11,643,097,669 cache-misses                                                

     126.541949315 seconds time elapsed


 Performance counter stats for './mem-walk':

    11,417,303,478 cache-misses                                                

     125.400122445 seconds time elapsed


 Performance counter stats for './mem-walk':

    11,407,097,710 cache-misses                                                

     125.652697738 seconds time elapsed


 Performance counter stats for './mem-walk':

    11,710,481,906 cache-misses                                                

     127.989107618 seconds time elapsed


 Performance counter stats for './mem-walk':

    12,314,299,549 cache-misses                                                

     132.759298001 seconds time elapsed

