
 Performance counter stats for './mem-walk-no-thread-no-thrash':

         9,709,793 cache-misses                                                

       3.719103344 seconds time elapsed


 Performance counter stats for './mem-walk-no-thread-no-thrash':

         9,740,090 cache-misses                                                

       3.782284607 seconds time elapsed


 Performance counter stats for './mem-walk-no-thread-no-thrash':

         9,639,954 cache-misses                                                

       3.670315024 seconds time elapsed


 Performance counter stats for './mem-walk-no-thread-no-thrash':

         9,659,986 cache-misses                                                

       3.650581576 seconds time elapsed


 Performance counter stats for './mem-walk-no-thread-no-thrash':

         8,654,374 cache-misses                                                

       3.139828192 seconds time elapsed


 Performance counter stats for './mem-walk-no-thread-no-thrash':

         8,807,049 cache-misses                                                

       3.222019226 seconds time elapsed


 Performance counter stats for './mem-walk-no-thread-no-thrash':

         8,943,004 cache-misses                                                

       3.272880850 seconds time elapsed


 Performance counter stats for './mem-walk-no-thread-no-thrash':

         8,841,899 cache-misses                                                

       3.345146508 seconds time elapsed


 Performance counter stats for './mem-walk-no-thread-no-thrash':

         9,561,563 cache-misses                                                

       3.704446662 seconds time elapsed


 Performance counter stats for './mem-walk-no-thread-no-thrash':

         8,659,481 cache-misses                                                

       3.211323341 seconds time elapsed


 Performance counter stats for './mem-walk-no-thread':

       529,293,490 cache-misses                                                

      11.870507037 seconds time elapsed


 Performance counter stats for './mem-walk-no-thread':

       528,974,696 cache-misses                                                

      11.849141532 seconds time elapsed


 Performance counter stats for './mem-walk-no-thread':

       535,204,754 cache-misses                                                

      11.901463227 seconds time elapsed


 Performance counter stats for './mem-walk-no-thread':

       531,162,684 cache-misses                                                

      11.874664878 seconds time elapsed


 Performance counter stats for './mem-walk-no-thread':

       524,867,220 cache-misses                                                

      11.847384952 seconds time elapsed


 Performance counter stats for './mem-walk-no-thread':

       537,984,814 cache-misses                                                

      11.878496229 seconds time elapsed


 Performance counter stats for './mem-walk-no-thread':

       525,010,722 cache-misses                                                

      11.857013633 seconds time elapsed


 Performance counter stats for './mem-walk-no-thread':

       537,689,270 cache-misses                                                

      11.904562455 seconds time elapsed


 Performance counter stats for './mem-walk-no-thread':

       532,717,551 cache-misses                                                

      11.858635052 seconds time elapsed


 Performance counter stats for './mem-walk-no-thread':

       526,819,403 cache-misses                                                

      11.868049308 seconds time elapsed


 Performance counter stats for './mem-walk-no-thrash':

        45,812,321 cache-misses                                                

      12.175209904 seconds time elapsed


 Performance counter stats for './mem-walk-no-thrash':

        47,089,719 cache-misses                                                

      12.021414706 seconds time elapsed


 Performance counter stats for './mem-walk-no-thrash':

        45,139,955 cache-misses                                                

      12.078513353 seconds time elapsed


 Performance counter stats for './mem-walk-no-thrash':

        43,872,258 cache-misses                                                

      12.017948559 seconds time elapsed


 Performance counter stats for './mem-walk-no-thrash':

        46,139,106 cache-misses                                                

      12.457969787 seconds time elapsed


 Performance counter stats for './mem-walk-no-thrash':

        44,516,027 cache-misses                                                

      12.119795614 seconds time elapsed


 Performance counter stats for './mem-walk-no-thrash':

        40,296,013 cache-misses                                                

      11.900099507 seconds time elapsed


 Performance counter stats for './mem-walk-no-thrash':

        42,559,287 cache-misses                                                

      12.023824858 seconds time elapsed


 Performance counter stats for './mem-walk-no-thrash':

        39,235,942 cache-misses                                                

      12.071834334 seconds time elapsed


 Performance counter stats for './mem-walk-no-thrash':

        44,949,750 cache-misses                                                

      12.417366536 seconds time elapsed


 Performance counter stats for './mem-walk':

    12,928,741,946 cache-misses                                                

     137.496574945 seconds time elapsed


 Performance counter stats for './mem-walk':

    11,434,824,470 cache-misses                                                

     125.154871180 seconds time elapsed


 Performance counter stats for './mem-walk':

    11,642,884,218 cache-misses                                                

     126.886704060 seconds time elapsed


 Performance counter stats for './mem-walk':

    11,626,629,585 cache-misses                                                

     126.902314292 seconds time elapsed


 Performance counter stats for './mem-walk':

    11,463,919,803 cache-misses                                                

     125.723419421 seconds time elapsed


 Performance counter stats for './mem-walk':

    12,031,852,230 cache-misses                                                

     130.239826517 seconds time elapsed


 Performance counter stats for './mem-walk':

    12,214,978,138 cache-misses                                                

     132.335388120 seconds time elapsed


 Performance counter stats for './mem-walk':

    12,244,678,120 cache-misses                                                

     131.974133145 seconds time elapsed


 Performance counter stats for './mem-walk':

    13,239,383,593 cache-misses                                                

     140.232067444 seconds time elapsed


 Performance counter stats for './mem-walk':

    11,579,964,129 cache-misses                                                

     126.106953465 seconds time elapsed

