
 Performance counter stats for './mem-walk-no-thread-no-thrash':

         9,202,038 cache-misses                                                

       3.431698377 seconds time elapsed


 Performance counter stats for './mem-walk-no-thread-no-thrash':

         8,933,395 cache-misses                                                

       3.229681557 seconds time elapsed


 Performance counter stats for './mem-walk-no-thread-no-thrash':

         9,564,348 cache-misses                                                

       3.575230144 seconds time elapsed


 Performance counter stats for './mem-walk-no-thread-no-thrash':

         8,729,251 cache-misses                                                

       3.205637537 seconds time elapsed


 Performance counter stats for './mem-walk-no-thread-no-thrash':

         9,555,121 cache-misses                                                

       3.747358816 seconds time elapsed


 Performance counter stats for './mem-walk-no-thread-no-thrash':

         9,582,290 cache-misses                                                

       3.675072079 seconds time elapsed


 Performance counter stats for './mem-walk-no-thread-no-thrash':

         8,772,362 cache-misses                                                

       3.249726872 seconds time elapsed


 Performance counter stats for './mem-walk-no-thread-no-thrash':

         8,676,928 cache-misses                                                

       3.153438166 seconds time elapsed


 Performance counter stats for './mem-walk-no-thread-no-thrash':

         8,692,760 cache-misses                                                

       3.216205523 seconds time elapsed


 Performance counter stats for './mem-walk-no-thread-no-thrash':

         9,494,841 cache-misses                                                

       3.632859005 seconds time elapsed


 Performance counter stats for './mem-walk-no-thread':

       528,552,453 cache-misses                                                

      11.851717879 seconds time elapsed


 Performance counter stats for './mem-walk-no-thread':

       532,628,174 cache-misses                                                

      11.891287723 seconds time elapsed


 Performance counter stats for './mem-walk-no-thread':

       526,710,772 cache-misses                                                

      11.850732838 seconds time elapsed


 Performance counter stats for './mem-walk-no-thread':

       523,634,617 cache-misses                                                

      11.821684056 seconds time elapsed


 Performance counter stats for './mem-walk-no-thread':

       533,617,504 cache-misses                                                

      11.897336276 seconds time elapsed


 Performance counter stats for './mem-walk-no-thread':

       526,311,009 cache-misses                                                

      11.846762936 seconds time elapsed


 Performance counter stats for './mem-walk-no-thread':

       519,517,877 cache-misses                                                

      11.869417162 seconds time elapsed


 Performance counter stats for './mem-walk-no-thread':

       524,596,976 cache-misses                                                

      11.836200601 seconds time elapsed


 Performance counter stats for './mem-walk-no-thread':

       519,682,630 cache-misses                                                

      11.838312035 seconds time elapsed


 Performance counter stats for './mem-walk-no-thread':

       520,520,296 cache-misses                                                

      11.847419590 seconds time elapsed


 Performance counter stats for './mem-walk-no-thrash':

        42,522,192 cache-misses                                                

      12.306969712 seconds time elapsed


 Performance counter stats for './mem-walk-no-thrash':

        46,185,549 cache-misses                                                

      12.335054314 seconds time elapsed


 Performance counter stats for './mem-walk-no-thrash':

        45,600,140 cache-misses                                                

      12.026633075 seconds time elapsed


 Performance counter stats for './mem-walk-no-thrash':

        42,836,789 cache-misses                                                

      12.018159350 seconds time elapsed


 Performance counter stats for './mem-walk-no-thrash':

        43,265,664 cache-misses                                                

      12.312412819 seconds time elapsed


 Performance counter stats for './mem-walk-no-thrash':

        46,398,844 cache-misses                                                

      12.058707822 seconds time elapsed


 Performance counter stats for './mem-walk-no-thrash':

        46,727,121 cache-misses                                                

      12.206705480 seconds time elapsed


 Performance counter stats for './mem-walk-no-thrash':

        45,221,039 cache-misses                                                

      12.064040816 seconds time elapsed


 Performance counter stats for './mem-walk-no-thrash':

        43,811,070 cache-misses                                                

      12.055296141 seconds time elapsed


 Performance counter stats for './mem-walk-no-thrash':

        46,045,788 cache-misses                                                

      12.351238114 seconds time elapsed


 Performance counter stats for './mem-walk':

    11,665,512,305 cache-misses                                                

     127.580721429 seconds time elapsed


 Performance counter stats for './mem-walk':

    12,090,971,059 cache-misses                                                

     130.750898753 seconds time elapsed


 Performance counter stats for './mem-walk':

    11,452,484,794 cache-misses                                                

     125.563192383 seconds time elapsed


 Performance counter stats for './mem-walk':

    12,053,249,570 cache-misses                                                

     130.180594323 seconds time elapsed


 Performance counter stats for './mem-walk':

    11,840,081,306 cache-misses                                                

     127.669465198 seconds time elapsed


 Performance counter stats for './mem-walk':

    11,076,433,333 cache-misses                                                

     122.381224986 seconds time elapsed


 Performance counter stats for './mem-walk':

    11,409,115,537 cache-misses                                                

     124.878944998 seconds time elapsed


 Performance counter stats for './mem-walk':

    12,300,622,150 cache-misses                                                

     131.909979107 seconds time elapsed


 Performance counter stats for './mem-walk':

    11,910,446,607 cache-misses                                                

     129.541365918 seconds time elapsed


 Performance counter stats for './mem-walk':

    13,158,457,278 cache-misses                                                

     138.933976178 seconds time elapsed

