
 Performance counter stats for 'sleep 30':

             5,194 cache-misses                                                

      30.002147225 seconds time elapsed


 Performance counter stats for 'sleep 30':

             1,657 cache-misses                                                

      30.001241284 seconds time elapsed


 Performance counter stats for 'sleep 30':

             2,167 cache-misses                                                

      30.002944532 seconds time elapsed


 Performance counter stats for 'sleep 30':

             1,050 cache-misses                                                

      30.001249316 seconds time elapsed


 Performance counter stats for 'sleep 30':

             1,004 cache-misses                                                

      30.002276046 seconds time elapsed


 Performance counter stats for 'sleep 30':

               857 cache-misses                                                

      30.001488608 seconds time elapsed


 Performance counter stats for 'sleep 30':

               766 cache-misses                                                

      30.002346973 seconds time elapsed


 Performance counter stats for 'sleep 30':

               776 cache-misses                                                

      30.001464782 seconds time elapsed


 Performance counter stats for 'sleep 30':

               612 cache-misses                                                

      30.002393979 seconds time elapsed


 Performance counter stats for 'sleep 30':

               619 cache-misses                                                

      30.001330741 seconds time elapsed


 Performance counter stats for 'sleep 30':

            18,648 cache-misses                                                

      30.002275216 seconds time elapsed


 Performance counter stats for 'sleep 30':

             1,269 cache-misses                                                

      30.001579541 seconds time elapsed


 Performance counter stats for 'sleep 30':

               872 cache-misses                                                

      30.002862413 seconds time elapsed


 Performance counter stats for 'sleep 30':

             1,048 cache-misses                                                

      30.001449084 seconds time elapsed


 Performance counter stats for 'sleep 30':

               811 cache-misses                                                

      30.002759376 seconds time elapsed


 Performance counter stats for 'sleep 30':

               605 cache-misses                                                

      30.001470779 seconds time elapsed


 Performance counter stats for 'sleep 30':

               702 cache-misses                                                

      30.002435142 seconds time elapsed


 Performance counter stats for 'sleep 30':

               590 cache-misses                                                

      30.001503838 seconds time elapsed


 Performance counter stats for 'sleep 30':

               696 cache-misses                                                

      30.002749062 seconds time elapsed


 Performance counter stats for 'sleep 30':

               404 cache-misses                                                

      30.001473893 seconds time elapsed


 Performance counter stats for 'sleep 30':

               592 cache-misses                                                

      30.002954199 seconds time elapsed


 Performance counter stats for 'sleep 30':

               728 cache-misses                                                

      30.001527829 seconds time elapsed


 Performance counter stats for 'sleep 30':

               654 cache-misses                                                

      30.002345255 seconds time elapsed


 Performance counter stats for 'sleep 30':

               403 cache-misses                                                

      30.001217083 seconds time elapsed


 Performance counter stats for 'sleep 30':

               657 cache-misses                                                

      30.002147625 seconds time elapsed


 Performance counter stats for 'sleep 30':

               496 cache-misses                                                

      30.001513330 seconds time elapsed


 Performance counter stats for 'sleep 30':

               566 cache-misses                                                

      30.003027190 seconds time elapsed


 Performance counter stats for 'sleep 30':

               435 cache-misses                                                

      30.001745057 seconds time elapsed


 Performance counter stats for 'sleep 30':

               648 cache-misses                                                

      30.002047316 seconds time elapsed


 Performance counter stats for 'sleep 30':

               559 cache-misses                                                

      30.001724387 seconds time elapsed


 Performance counter stats for 'sleep 30':

               567 cache-misses                                                

      30.002183792 seconds time elapsed


 Performance counter stats for 'sleep 30':

               499 cache-misses                                                

      30.001686122 seconds time elapsed


 Performance counter stats for 'sleep 30':

               698 cache-misses                                                

      30.002542149 seconds time elapsed


 Performance counter stats for 'sleep 30':

               486 cache-misses                                                

      30.001666280 seconds time elapsed


 Performance counter stats for 'sleep 30':

               596 cache-misses                                                

      30.002809399 seconds time elapsed


 Performance counter stats for 'sleep 30':

               452 cache-misses                                                

      30.001449779 seconds time elapsed


 Performance counter stats for 'sleep 30':

               555 cache-misses                                                

      30.002542849 seconds time elapsed


 Performance counter stats for 'sleep 30':

               507 cache-misses                                                

      30.001647761 seconds time elapsed


 Performance counter stats for 'sleep 30':

               646 cache-misses                                                

      30.001801808 seconds time elapsed


 Performance counter stats for 'sleep 30':

               435 cache-misses                                                

      30.001475101 seconds time elapsed


 Performance counter stats for 'sleep 30':

               565 cache-misses                                                

      30.002852461 seconds time elapsed


 Performance counter stats for 'sleep 30':

               458 cache-misses                                                

      30.001610007 seconds time elapsed


 Performance counter stats for 'sleep 30':

               491 cache-misses                                                

      30.002893994 seconds time elapsed


 Performance counter stats for 'sleep 30':

               563 cache-misses                                                

      30.001661870 seconds time elapsed


 Performance counter stats for 'sleep 30':

               582 cache-misses                                                

      30.002001755 seconds time elapsed


 Performance counter stats for 'sleep 30':

               460 cache-misses                                                

      30.001668467 seconds time elapsed


 Performance counter stats for 'sleep 30':

               613 cache-misses                                                

      30.002272209 seconds time elapsed


 Performance counter stats for 'sleep 30':

               678 cache-misses                                                

      30.001698391 seconds time elapsed


 Performance counter stats for 'sleep 30':

               694 cache-misses                                                

      30.002201731 seconds time elapsed


 Performance counter stats for 'sleep 30':

               421 cache-misses                                                

      30.001413033 seconds time elapsed

