
 Performance counter stats for './mem-walk-no-thread-no-thrash':

         4,404,493 cache-misses                                                

       3.579902693 seconds time elapsed


 Performance counter stats for './mem-walk-no-thread-no-thrash':

         4,710,180 cache-misses                                                

       4.005358651 seconds time elapsed


 Performance counter stats for './mem-walk-no-thread-no-thrash':

         4,169,966 cache-misses                                                

       3.491677331 seconds time elapsed


 Performance counter stats for './mem-walk-no-thread-no-thrash':

         4,402,560 cache-misses                                                

       4.061847234 seconds time elapsed


 Performance counter stats for './mem-walk-no-thread-no-thrash':

         3,964,607 cache-misses                                                

       3.110744913 seconds time elapsed


 Performance counter stats for './mem-walk-no-thread-no-thrash':

         3,989,030 cache-misses                                                

       3.192189652 seconds time elapsed


 Performance counter stats for './mem-walk-no-thread-no-thrash':

         4,441,975 cache-misses                                                

       4.153686517 seconds time elapsed


 Performance counter stats for './mem-walk-no-thread-no-thrash':

         4,258,213 cache-misses                                                

       3.766098421 seconds time elapsed


 Performance counter stats for './mem-walk-no-thread-no-thrash':

         4,516,578 cache-misses                                                

       4.134353802 seconds time elapsed


 Performance counter stats for './mem-walk-no-thread-no-thrash':

         4,003,202 cache-misses                                                

       3.248841437 seconds time elapsed


 Performance counter stats for './mem-walk-no-thread':

       589,202,081 cache-misses                                                

      11.360058853 seconds time elapsed


 Performance counter stats for './mem-walk-no-thread':

       579,156,859 cache-misses                                                

      11.318603063 seconds time elapsed


 Performance counter stats for './mem-walk-no-thread':

       600,140,956 cache-misses                                                

      11.396613260 seconds time elapsed


 Performance counter stats for './mem-walk-no-thread':

       588,542,767 cache-misses                                                

      11.505655046 seconds time elapsed


 Performance counter stats for './mem-walk-no-thread':

       581,183,058 cache-misses                                                

      11.456873191 seconds time elapsed


 Performance counter stats for './mem-walk-no-thread':

       597,979,038 cache-misses                                                

      11.278349284 seconds time elapsed


 Performance counter stats for './mem-walk-no-thread':

       594,483,901 cache-misses                                                

      11.338517682 seconds time elapsed


 Performance counter stats for './mem-walk-no-thread':

       580,280,731 cache-misses                                                

      11.208088558 seconds time elapsed


 Performance counter stats for './mem-walk-no-thread':

       582,201,008 cache-misses                                                

      11.308446217 seconds time elapsed


 Performance counter stats for './mem-walk-no-thread':

       595,347,510 cache-misses                                                

      11.245294075 seconds time elapsed


 Performance counter stats for './mem-walk-no-thrash':

        24,680,361 cache-misses                                                

      11.515410425 seconds time elapsed


 Performance counter stats for './mem-walk-no-thrash':

        29,059,810 cache-misses                                                

      11.523466245 seconds time elapsed


 Performance counter stats for './mem-walk-no-thrash':

        19,674,588 cache-misses                                                

      11.506470297 seconds time elapsed


 Performance counter stats for './mem-walk-no-thrash':

        29,240,026 cache-misses                                                

      12.039882580 seconds time elapsed


 Performance counter stats for './mem-walk-no-thrash':

        29,126,681 cache-misses                                                

      11.532809284 seconds time elapsed


 Performance counter stats for './mem-walk-no-thrash':

        25,742,303 cache-misses                                                

      11.528950413 seconds time elapsed


 Performance counter stats for './mem-walk-no-thrash':

        22,672,888 cache-misses                                                

      11.519309141 seconds time elapsed


 Performance counter stats for './mem-walk-no-thrash':

        26,392,416 cache-misses                                                

      11.534654735 seconds time elapsed


 Performance counter stats for './mem-walk-no-thrash':

        29,160,065 cache-misses                                                

      11.534201270 seconds time elapsed


 Performance counter stats for './mem-walk-no-thrash':

        27,016,887 cache-misses                                                

      11.513184080 seconds time elapsed


 Performance counter stats for './mem-walk':

     7,733,569,452 cache-misses                                                

      99.764988272 seconds time elapsed


 Performance counter stats for './mem-walk':

     6,166,076,420 cache-misses                                                

      87.202840461 seconds time elapsed


 Performance counter stats for './mem-walk':

     6,154,917,726 cache-misses                                                

      87.664609237 seconds time elapsed


 Performance counter stats for './mem-walk':

     6,942,409,631 cache-misses                                                

      93.174809413 seconds time elapsed


 Performance counter stats for './mem-walk':

     6,647,885,187 cache-misses                                                

      90.389923469 seconds time elapsed


 Performance counter stats for './mem-walk':

     6,289,201,913 cache-misses                                                

      88.728829214 seconds time elapsed


 Performance counter stats for './mem-walk':

     6,245,162,776 cache-misses                                                

      89.130016004 seconds time elapsed


 Performance counter stats for './mem-walk':

     5,961,723,440 cache-misses                                                

      84.949289570 seconds time elapsed


 Performance counter stats for './mem-walk':

     5,793,648,515 cache-misses                                                

      85.305189170 seconds time elapsed


 Performance counter stats for './mem-walk':

     6,279,023,668 cache-misses                                                

      88.860312280 seconds time elapsed

