
 Performance counter stats for './mem-walk-no-thread-no-thrash':

         3,565,411 cache-misses                                                

       3.260473877 seconds time elapsed


 Performance counter stats for './mem-walk-no-thread-no-thrash':

         3,615,674 cache-misses                                                

       4.144937080 seconds time elapsed


 Performance counter stats for './mem-walk-no-thread-no-thrash':

         3,665,405 cache-misses                                                

       3.806097573 seconds time elapsed


 Performance counter stats for './mem-walk-no-thread-no-thrash':

         3,615,872 cache-misses                                                

       4.095880197 seconds time elapsed


 Performance counter stats for './mem-walk-no-thread-no-thrash':

         3,400,742 cache-misses                                                

       3.369080794 seconds time elapsed


 Performance counter stats for './mem-walk-no-thread-no-thrash':

         3,289,625 cache-misses                                                

       3.133558130 seconds time elapsed


 Performance counter stats for './mem-walk-no-thread-no-thrash':

         3,488,762 cache-misses                                                

       3.465808407 seconds time elapsed


 Performance counter stats for './mem-walk-no-thread-no-thrash':

         3,540,810 cache-misses                                                

       3.159786207 seconds time elapsed


 Performance counter stats for './mem-walk-no-thread-no-thrash':

         3,470,497 cache-misses                                                

       3.589898055 seconds time elapsed


 Performance counter stats for './mem-walk-no-thread-no-thrash':

         3,493,739 cache-misses                                                

       3.822157766 seconds time elapsed


 Performance counter stats for './mem-walk-no-thread':

       594,117,362 cache-misses                                                

      11.096539476 seconds time elapsed


 Performance counter stats for './mem-walk-no-thread':

       591,951,234 cache-misses                                                

      11.036643316 seconds time elapsed


 Performance counter stats for './mem-walk-no-thread':

       594,340,017 cache-misses                                                

      11.115146252 seconds time elapsed


 Performance counter stats for './mem-walk-no-thread':

       538,553,302 cache-misses                                                

      11.019749109 seconds time elapsed


 Performance counter stats for './mem-walk-no-thread':

       563,799,538 cache-misses                                                

      10.979747381 seconds time elapsed


 Performance counter stats for './mem-walk-no-thread':

       543,281,815 cache-misses                                                

      10.887678482 seconds time elapsed


 Performance counter stats for './mem-walk-no-thread':

       544,001,856 cache-misses                                                

      10.930296251 seconds time elapsed


 Performance counter stats for './mem-walk-no-thread':

       552,286,498 cache-misses                                                

      10.914772560 seconds time elapsed


 Performance counter stats for './mem-walk-no-thread':

       553,479,910 cache-misses                                                

      10.965718966 seconds time elapsed


 Performance counter stats for './mem-walk-no-thread':

       553,391,023 cache-misses                                                

      10.966688475 seconds time elapsed


 Performance counter stats for './mem-walk-no-thrash':

        11,333,276 cache-misses                                                

      11.117585793 seconds time elapsed


 Performance counter stats for './mem-walk-no-thrash':

         9,162,053 cache-misses                                                

      11.159955815 seconds time elapsed


 Performance counter stats for './mem-walk-no-thrash':

         5,821,707 cache-misses                                                

      11.087973434 seconds time elapsed


 Performance counter stats for './mem-walk-no-thrash':

        28,191,678 cache-misses                                                

      11.360282502 seconds time elapsed


 Performance counter stats for './mem-walk-no-thrash':

         5,349,808 cache-misses                                                

      11.097274408 seconds time elapsed


 Performance counter stats for './mem-walk-no-thrash':

         8,225,967 cache-misses                                                

      11.135286502 seconds time elapsed


 Performance counter stats for './mem-walk-no-thrash':

        24,826,542 cache-misses                                                

      11.350232396 seconds time elapsed


 Performance counter stats for './mem-walk-no-thrash':

        24,920,550 cache-misses                                                

      11.369996741 seconds time elapsed


 Performance counter stats for './mem-walk-no-thrash':

        19,875,274 cache-misses                                                

      11.237940736 seconds time elapsed


 Performance counter stats for './mem-walk-no-thrash':

        24,435,956 cache-misses                                                

      11.340056031 seconds time elapsed


 Performance counter stats for './mem-walk':

     1,811,049,843 cache-misses                                                

      49.811601350 seconds time elapsed


 Performance counter stats for './mem-walk':

     1,865,245,723 cache-misses                                                

      50.180558686 seconds time elapsed


 Performance counter stats for './mem-walk':

     2,047,549,489 cache-misses                                                

      49.905174251 seconds time elapsed


 Performance counter stats for './mem-walk':

     2,185,731,517 cache-misses                                                

      50.878082356 seconds time elapsed


 Performance counter stats for './mem-walk':

     2,027,950,043 cache-misses                                                

      50.977520767 seconds time elapsed


 Performance counter stats for './mem-walk':

     1,395,269,139 cache-misses                                                

      49.583708150 seconds time elapsed


 Performance counter stats for './mem-walk':

     1,867,242,292 cache-misses                                                

      49.648105557 seconds time elapsed


 Performance counter stats for './mem-walk':

     1,995,642,628 cache-misses                                                

      49.669955997 seconds time elapsed


 Performance counter stats for './mem-walk':

     1,909,890,857 cache-misses                                                

      49.362034776 seconds time elapsed


 Performance counter stats for './mem-walk':

     1,841,978,203 cache-misses                                                

      49.886604862 seconds time elapsed

