
 Performance counter stats for './mem-walk-no-thread-no-thrash':

         3,902,849 cache-misses                                                

       3.845235851 seconds time elapsed


 Performance counter stats for './mem-walk-no-thread-no-thrash':

         3,918,751 cache-misses                                                

       4.109729109 seconds time elapsed


 Performance counter stats for './mem-walk-no-thread-no-thrash':

         3,790,743 cache-misses                                                

       4.069813073 seconds time elapsed


 Performance counter stats for './mem-walk-no-thread-no-thrash':

         3,644,400 cache-misses                                                

       3.520572627 seconds time elapsed


 Performance counter stats for './mem-walk-no-thread-no-thrash':

         3,679,350 cache-misses                                                

       3.658473340 seconds time elapsed


 Performance counter stats for './mem-walk-no-thread-no-thrash':

         3,849,617 cache-misses                                                

       3.911371634 seconds time elapsed


 Performance counter stats for './mem-walk-no-thread-no-thrash':

         3,539,234 cache-misses                                                

       3.174224713 seconds time elapsed


 Performance counter stats for './mem-walk-no-thread-no-thrash':

         3,792,715 cache-misses                                                

       3.856356253 seconds time elapsed


 Performance counter stats for './mem-walk-no-thread-no-thrash':

         3,585,037 cache-misses                                                

       3.322260801 seconds time elapsed


 Performance counter stats for './mem-walk-no-thread-no-thrash':

         3,810,936 cache-misses                                                

       4.106691738 seconds time elapsed


 Performance counter stats for './mem-walk-no-thread':

       545,676,803 cache-misses                                                

      11.113185662 seconds time elapsed


 Performance counter stats for './mem-walk-no-thread':

       532,988,983 cache-misses                                                

      11.117762488 seconds time elapsed


 Performance counter stats for './mem-walk-no-thread':

       528,403,449 cache-misses                                                

      11.153745214 seconds time elapsed


 Performance counter stats for './mem-walk-no-thread':

       535,935,401 cache-misses                                                

      11.075199979 seconds time elapsed


 Performance counter stats for './mem-walk-no-thread':

       546,463,444 cache-misses                                                

      11.112646558 seconds time elapsed


 Performance counter stats for './mem-walk-no-thread':

       529,047,447 cache-misses                                                

      11.064683652 seconds time elapsed


 Performance counter stats for './mem-walk-no-thread':

       544,873,088 cache-misses                                                

      11.086480883 seconds time elapsed


 Performance counter stats for './mem-walk-no-thread':

       527,896,740 cache-misses                                                

      11.114050151 seconds time elapsed


 Performance counter stats for './mem-walk-no-thread':

       557,096,225 cache-misses                                                

      11.056835021 seconds time elapsed


 Performance counter stats for './mem-walk-no-thread':

       532,358,245 cache-misses                                                

      11.115214327 seconds time elapsed


 Performance counter stats for './mem-walk-no-thrash':

        17,278,645 cache-misses                                                

      11.423051905 seconds time elapsed


 Performance counter stats for './mem-walk-no-thrash':

        18,432,373 cache-misses                                                

      11.258938115 seconds time elapsed


 Performance counter stats for './mem-walk-no-thrash':

        16,302,443 cache-misses                                                

      11.175072171 seconds time elapsed


 Performance counter stats for './mem-walk-no-thrash':

        17,105,110 cache-misses                                                

      11.412450727 seconds time elapsed


 Performance counter stats for './mem-walk-no-thrash':

        14,859,825 cache-misses                                                

      11.172826515 seconds time elapsed


 Performance counter stats for './mem-walk-no-thrash':

        11,691,074 cache-misses                                                

      11.166800006 seconds time elapsed


 Performance counter stats for './mem-walk-no-thrash':

        19,364,544 cache-misses                                                

      11.409426938 seconds time elapsed


 Performance counter stats for './mem-walk-no-thrash':

        22,043,607 cache-misses                                                

      11.287350519 seconds time elapsed


 Performance counter stats for './mem-walk-no-thrash':

        16,517,612 cache-misses                                                

      11.421351848 seconds time elapsed


 Performance counter stats for './mem-walk-no-thrash':

        21,403,992 cache-misses                                                

      11.199531558 seconds time elapsed


 Performance counter stats for './mem-walk':

     5,585,915,619 cache-misses                                                

      79.887363853 seconds time elapsed


 Performance counter stats for './mem-walk':

     5,288,494,345 cache-misses                                                

      77.808618924 seconds time elapsed


 Performance counter stats for './mem-walk':

     5,418,868,767 cache-misses                                                

      78.328269943 seconds time elapsed


 Performance counter stats for './mem-walk':

     4,728,099,127 cache-misses                                                

      74.229348040 seconds time elapsed


 Performance counter stats for './mem-walk':

     5,239,765,256 cache-misses                                                

      77.125635677 seconds time elapsed


 Performance counter stats for './mem-walk':

     5,181,886,678 cache-misses                                                

      76.864659583 seconds time elapsed


 Performance counter stats for './mem-walk':

     5,616,035,520 cache-misses                                                

      80.707921186 seconds time elapsed


 Performance counter stats for './mem-walk':

     4,825,857,354 cache-misses                                                

      74.645242140 seconds time elapsed


 Performance counter stats for './mem-walk':

     5,133,283,287 cache-misses                                                

      76.626695698 seconds time elapsed


 Performance counter stats for './mem-walk':

     5,271,182,184 cache-misses                                                

      77.647861870 seconds time elapsed

