
 Performance counter stats for './mem-walk-no-thread-no-thrash':

         3,648,767 cache-misses                                                

       3.553486914 seconds time elapsed


 Performance counter stats for './mem-walk-no-thread-no-thrash':

         3,682,989 cache-misses                                                

       3.998544571 seconds time elapsed


 Performance counter stats for './mem-walk-no-thread-no-thrash':

         3,597,729 cache-misses                                                

       3.590043932 seconds time elapsed


 Performance counter stats for './mem-walk-no-thread-no-thrash':

         3,421,671 cache-misses                                                

       3.239510692 seconds time elapsed


 Performance counter stats for './mem-walk-no-thread-no-thrash':

         3,594,737 cache-misses                                                

       3.998335344 seconds time elapsed


 Performance counter stats for './mem-walk-no-thread-no-thrash':

         3,442,999 cache-misses                                                

       3.350908574 seconds time elapsed


 Performance counter stats for './mem-walk-no-thread-no-thrash':

         3,540,266 cache-misses                                                

       3.787855605 seconds time elapsed


 Performance counter stats for './mem-walk-no-thread-no-thrash':

         3,821,738 cache-misses                                                

       4.161335183 seconds time elapsed


 Performance counter stats for './mem-walk-no-thread-no-thrash':

         3,463,912 cache-misses                                                

       3.158233792 seconds time elapsed


 Performance counter stats for './mem-walk-no-thread-no-thrash':

         3,659,185 cache-misses                                                

       4.196832610 seconds time elapsed


 Performance counter stats for './mem-walk-no-thread':

       540,227,735 cache-misses                                                

      10.978231325 seconds time elapsed


 Performance counter stats for './mem-walk-no-thread':

       545,092,745 cache-misses                                                

      10.976525584 seconds time elapsed


 Performance counter stats for './mem-walk-no-thread':

       554,173,103 cache-misses                                                

      10.940199943 seconds time elapsed


 Performance counter stats for './mem-walk-no-thread':

       551,056,952 cache-misses                                                

      11.016374095 seconds time elapsed


 Performance counter stats for './mem-walk-no-thread':

       541,805,386 cache-misses                                                

      11.039193254 seconds time elapsed


 Performance counter stats for './mem-walk-no-thread':

       563,024,894 cache-misses                                                

      11.037289420 seconds time elapsed


 Performance counter stats for './mem-walk-no-thread':

       558,479,929 cache-misses                                                

      11.157186344 seconds time elapsed


 Performance counter stats for './mem-walk-no-thread':

       539,489,361 cache-misses                                                

      11.056470896 seconds time elapsed


 Performance counter stats for './mem-walk-no-thread':

       540,991,892 cache-misses                                                

      11.086199093 seconds time elapsed


 Performance counter stats for './mem-walk-no-thread':

       554,104,548 cache-misses                                                

      11.102699483 seconds time elapsed


 Performance counter stats for './mem-walk-no-thrash':

        19,904,056 cache-misses                                                

      11.629276256 seconds time elapsed


 Performance counter stats for './mem-walk-no-thrash':

        13,837,492 cache-misses                                                

      11.283334298 seconds time elapsed


 Performance counter stats for './mem-walk-no-thrash':

         5,241,467 cache-misses                                                

      11.090542685 seconds time elapsed


 Performance counter stats for './mem-walk-no-thrash':

        26,621,499 cache-misses                                                

      11.612792492 seconds time elapsed


 Performance counter stats for './mem-walk-no-thrash':

        18,185,603 cache-misses                                                

      11.273544257 seconds time elapsed


 Performance counter stats for './mem-walk-no-thrash':

        23,553,341 cache-misses                                                

      11.334086554 seconds time elapsed


 Performance counter stats for './mem-walk-no-thrash':

         5,299,013 cache-misses                                                

      11.103541542 seconds time elapsed


 Performance counter stats for './mem-walk-no-thrash':

        17,103,110 cache-misses                                                

      11.234621507 seconds time elapsed


 Performance counter stats for './mem-walk-no-thrash':

        24,649,926 cache-misses                                                

      11.474919651 seconds time elapsed


 Performance counter stats for './mem-walk-no-thrash':

        26,956,049 cache-misses                                                

      11.331650889 seconds time elapsed


 Performance counter stats for './mem-walk':

     1,928,883,678 cache-misses                                                

      51.560256821 seconds time elapsed


 Performance counter stats for './mem-walk':

     1,529,875,859 cache-misses                                                

      49.310216355 seconds time elapsed


 Performance counter stats for './mem-walk':

     1,713,679,416 cache-misses                                                

      49.731016111 seconds time elapsed


 Performance counter stats for './mem-walk':

     1,767,968,774 cache-misses                                                

      49.314360450 seconds time elapsed


 Performance counter stats for './mem-walk':

     2,087,942,525 cache-misses                                                

      51.019905961 seconds time elapsed


 Performance counter stats for './mem-walk':

     1,834,885,679 cache-misses                                                

      50.043456997 seconds time elapsed


 Performance counter stats for './mem-walk':

     1,705,238,134 cache-misses                                                

      49.469598871 seconds time elapsed


 Performance counter stats for './mem-walk':

     1,471,214,959 cache-misses                                                

      49.804828110 seconds time elapsed


 Performance counter stats for './mem-walk':

     1,648,351,022 cache-misses                                                

      49.786853725 seconds time elapsed


 Performance counter stats for './mem-walk':

     2,080,146,200 cache-misses                                                

      51.318758683 seconds time elapsed

