
 Performance counter stats for './mem-walk-no-thread-no-thrash':

         5,983,152 cache-misses                                                

       3.722074802 seconds time elapsed


 Performance counter stats for './mem-walk-no-thread-no-thrash':

         6,278,571 cache-misses                                                

       4.104818004 seconds time elapsed


 Performance counter stats for './mem-walk-no-thread-no-thrash':

         7,285,506 cache-misses                                                

       4.192101144 seconds time elapsed


 Performance counter stats for './mem-walk-no-thread-no-thrash':

         6,348,216 cache-misses                                                

       3.298531098 seconds time elapsed


 Performance counter stats for './mem-walk-no-thread-no-thrash':

         6,805,374 cache-misses                                                

       3.761617456 seconds time elapsed


 Performance counter stats for './mem-walk-no-thread':

       747,892,585 cache-misses                                                

      19.021996891 seconds time elapsed


 Performance counter stats for './mem-walk-no-thread':

       751,906,946 cache-misses                                                

      19.058172334 seconds time elapsed


 Performance counter stats for './mem-walk-no-thread':

       749,853,851 cache-misses                                                

      19.020918264 seconds time elapsed


 Performance counter stats for './mem-walk-no-thread':

       751,770,186 cache-misses                                                

      19.079632630 seconds time elapsed


 Performance counter stats for './mem-walk-no-thread':

       751,021,921 cache-misses                                                

      19.022987672 seconds time elapsed


 Performance counter stats for './mem-walk-no-thrash':

        20,108,848 cache-misses                                                

       6.124691392 seconds time elapsed


 Performance counter stats for './mem-walk-no-thrash':

        22,342,027 cache-misses                                                

       6.138737554 seconds time elapsed


 Performance counter stats for './mem-walk-no-thrash':

        22,611,787 cache-misses                                                

       6.111366658 seconds time elapsed


 Performance counter stats for './mem-walk-no-thrash':

        22,436,817 cache-misses                                                

       6.111883422 seconds time elapsed


 Performance counter stats for './mem-walk-no-thrash':

        23,479,686 cache-misses                                                

       6.111203452 seconds time elapsed


 Performance counter stats for './mem-walk':

     2,849,770,466 cache-misses                                                

      69.243391262 seconds time elapsed


 Performance counter stats for './mem-walk':

     2,854,615,331 cache-misses                                                

      69.397101351 seconds time elapsed


 Performance counter stats for './mem-walk':

     2,829,656,853 cache-misses                                                

      68.930268165 seconds time elapsed


 Performance counter stats for './mem-walk':

     2,776,056,177 cache-misses                                                

      68.299822886 seconds time elapsed


 Performance counter stats for './mem-walk':

     2,805,509,855 cache-misses                                                

      68.402154535 seconds time elapsed

