
 Performance counter stats for './mem-walk-no-thread-no-thrash':

         3,608,206 cache-misses                                                

       3.712283183 seconds time elapsed


 Performance counter stats for './mem-walk-no-thread-no-thrash':

         3,723,550 cache-misses                                                

       3.666053399 seconds time elapsed


 Performance counter stats for './mem-walk-no-thread-no-thrash':

         3,566,112 cache-misses                                                

       3.287056992 seconds time elapsed


 Performance counter stats for './mem-walk-no-thread-no-thrash':

         3,575,046 cache-misses                                                

       3.322392135 seconds time elapsed


 Performance counter stats for './mem-walk-no-thread-no-thrash':

         3,469,490 cache-misses                                                

       3.241862852 seconds time elapsed


 Performance counter stats for './mem-walk-no-thread':

       761,480,587 cache-misses                                                

      17.608526953 seconds time elapsed


 Performance counter stats for './mem-walk-no-thread':

       759,454,568 cache-misses                                                

      17.646777131 seconds time elapsed


 Performance counter stats for './mem-walk-no-thread':

       760,827,470 cache-misses                                                

      17.598896670 seconds time elapsed


 Performance counter stats for './mem-walk-no-thread':

       763,075,230 cache-misses                                                

      17.693216107 seconds time elapsed


 Performance counter stats for './mem-walk-no-thread':

       765,044,130 cache-misses                                                

      17.629867526 seconds time elapsed


 Performance counter stats for './mem-walk-no-thrash':

         5,303,562 cache-misses                                                

       5.722154395 seconds time elapsed


 Performance counter stats for './mem-walk-no-thrash':

        12,247,799 cache-misses                                                

       5.878795339 seconds time elapsed


 Performance counter stats for './mem-walk-no-thrash':

         9,788,283 cache-misses                                                

       5.878707338 seconds time elapsed


 Performance counter stats for './mem-walk-no-thrash':

        10,894,618 cache-misses                                                

       5.842247793 seconds time elapsed


 Performance counter stats for './mem-walk-no-thrash':

         7,028,541 cache-misses                                                

       5.749674317 seconds time elapsed


 Performance counter stats for './mem-walk':

     1,906,742,713 cache-misses                                                

      47.242270042 seconds time elapsed


 Performance counter stats for './mem-walk':

     1,715,965,244 cache-misses                                                

      44.737335199 seconds time elapsed


 Performance counter stats for './mem-walk':

     2,049,256,594 cache-misses                                                

      49.137107881 seconds time elapsed


 Performance counter stats for './mem-walk':

     1,988,157,025 cache-misses                                                

      48.289424485 seconds time elapsed


 Performance counter stats for './mem-walk':

     1,678,961,234 cache-misses                                                

      45.616016174 seconds time elapsed

