
 Performance counter stats for './mem-walk-no-thread-no-thrash':

         3,642,981 cache-misses                                                

       3.100173453 seconds time elapsed


 Performance counter stats for './mem-walk-no-thread-no-thrash':

         3,698,046 cache-misses                                                

       3.589104413 seconds time elapsed


 Performance counter stats for './mem-walk-no-thread-no-thrash':

         3,831,884 cache-misses                                                

       3.930482917 seconds time elapsed


 Performance counter stats for './mem-walk-no-thread-no-thrash':

         3,685,596 cache-misses                                                

       3.595930549 seconds time elapsed


 Performance counter stats for './mem-walk-no-thread-no-thrash':

         3,915,177 cache-misses                                                

       4.024409706 seconds time elapsed


 Performance counter stats for './mem-walk-no-thread-no-thrash':

         3,834,869 cache-misses                                                

       4.142468599 seconds time elapsed


 Performance counter stats for './mem-walk-no-thread-no-thrash':

         3,693,170 cache-misses                                                

       3.622561074 seconds time elapsed


 Performance counter stats for './mem-walk-no-thread-no-thrash':

         3,813,677 cache-misses                                                

       3.647875278 seconds time elapsed


 Performance counter stats for './mem-walk-no-thread-no-thrash':

         3,766,060 cache-misses                                                

       3.732190158 seconds time elapsed


 Performance counter stats for './mem-walk-no-thread-no-thrash':

         3,554,507 cache-misses                                                

       3.125434429 seconds time elapsed


 Performance counter stats for './mem-walk-no-thread':

       598,811,297 cache-misses                                                

      11.099087950 seconds time elapsed


 Performance counter stats for './mem-walk-no-thread':

       575,051,935 cache-misses                                                

      11.095192193 seconds time elapsed


 Performance counter stats for './mem-walk-no-thread':

       583,896,525 cache-misses                                                

      11.098381484 seconds time elapsed


 Performance counter stats for './mem-walk-no-thread':

       591,464,757 cache-misses                                                

      11.107502190 seconds time elapsed


 Performance counter stats for './mem-walk-no-thread':

       578,373,560 cache-misses                                                

      11.085295924 seconds time elapsed


 Performance counter stats for './mem-walk-no-thread':

       596,920,750 cache-misses                                                

      11.082540406 seconds time elapsed


 Performance counter stats for './mem-walk-no-thread':

       602,321,182 cache-misses                                                

      11.123332684 seconds time elapsed


 Performance counter stats for './mem-walk-no-thread':

       594,634,729 cache-misses                                                

      11.101482987 seconds time elapsed


 Performance counter stats for './mem-walk-no-thread':

       591,652,316 cache-misses                                                

      11.131051111 seconds time elapsed


 Performance counter stats for './mem-walk-no-thread':

       583,312,930 cache-misses                                                

      11.092774573 seconds time elapsed


 Performance counter stats for './mem-walk-no-thrash':

        25,722,585 cache-misses                                                

      11.162749177 seconds time elapsed


 Performance counter stats for './mem-walk-no-thrash':

        18,717,123 cache-misses                                                

      11.280061770 seconds time elapsed


 Performance counter stats for './mem-walk-no-thrash':

        26,511,878 cache-misses                                                

      11.365576340 seconds time elapsed


 Performance counter stats for './mem-walk-no-thrash':

        19,412,876 cache-misses                                                

      11.265597224 seconds time elapsed


 Performance counter stats for './mem-walk-no-thrash':

        23,155,099 cache-misses                                                

      11.394316833 seconds time elapsed


 Performance counter stats for './mem-walk-no-thrash':

        23,717,998 cache-misses                                                

      11.274800471 seconds time elapsed


 Performance counter stats for './mem-walk-no-thrash':

        27,903,351 cache-misses                                                

      11.396139369 seconds time elapsed


 Performance counter stats for './mem-walk-no-thrash':

        22,773,632 cache-misses                                                

      11.289325395 seconds time elapsed


 Performance counter stats for './mem-walk-no-thrash':

        27,088,323 cache-misses                                                

      11.450431277 seconds time elapsed


 Performance counter stats for './mem-walk-no-thrash':

        22,695,657 cache-misses                                                

      11.293479384 seconds time elapsed


 Performance counter stats for './mem-walk':

     2,996,000,296 cache-misses                                                

      60.226996736 seconds time elapsed


 Performance counter stats for './mem-walk':

     3,510,684,985 cache-misses                                                

      64.610181106 seconds time elapsed


 Performance counter stats for './mem-walk':

     2,783,875,710 cache-misses                                                

      58.726797532 seconds time elapsed


 Performance counter stats for './mem-walk':

     3,001,436,047 cache-misses                                                

      60.411733932 seconds time elapsed


 Performance counter stats for './mem-walk':

     3,056,932,893 cache-misses                                                

      61.284508556 seconds time elapsed


 Performance counter stats for './mem-walk':

     3,054,836,784 cache-misses                                                

      60.168256098 seconds time elapsed


 Performance counter stats for './mem-walk':

     2,742,297,275 cache-misses                                                

      58.384740506 seconds time elapsed


 Performance counter stats for './mem-walk':

     3,069,594,892 cache-misses                                                

      60.843127045 seconds time elapsed


 Performance counter stats for './mem-walk':

     3,143,824,616 cache-misses                                                

      62.257412511 seconds time elapsed


 Performance counter stats for './mem-walk':

     2,902,797,477 cache-misses                                                

      60.185753795 seconds time elapsed

