
 Performance counter stats for './mem-walk-no-thread-no-thrash':

         4,244,927 cache-misses                                                

       3.350821976 seconds time elapsed


 Performance counter stats for './mem-walk-no-thread-no-thrash':

         4,176,174 cache-misses                                                

       3.552349826 seconds time elapsed


 Performance counter stats for './mem-walk-no-thread-no-thrash':

         4,157,454 cache-misses                                                

       3.319279947 seconds time elapsed


 Performance counter stats for './mem-walk-no-thread-no-thrash':

         4,115,036 cache-misses                                                

       3.339401710 seconds time elapsed


 Performance counter stats for './mem-walk-no-thread-no-thrash':

         4,417,252 cache-misses                                                

       3.929482670 seconds time elapsed


 Performance counter stats for './mem-walk-no-thread':

       566,858,598 cache-misses                                                

      11.471987051 seconds time elapsed


 Performance counter stats for './mem-walk-no-thread':

       569,703,661 cache-misses                                                

      11.470449221 seconds time elapsed


 Performance counter stats for './mem-walk-no-thread':

       559,291,595 cache-misses                                                

      11.471678372 seconds time elapsed


 Performance counter stats for './mem-walk-no-thread':

       567,746,713 cache-misses                                                

      11.479532516 seconds time elapsed


 Performance counter stats for './mem-walk-no-thread':

       556,373,403 cache-misses                                                

      11.516028239 seconds time elapsed


 Performance counter stats for './mem-walk-no-thrash':

        13,976,770 cache-misses                                                

       6.359357360 seconds time elapsed


 Performance counter stats for './mem-walk-no-thrash':

        16,599,263 cache-misses                                                

       6.261809730 seconds time elapsed


 Performance counter stats for './mem-walk-no-thrash':

        16,763,714 cache-misses                                                

       5.996481698 seconds time elapsed


 Performance counter stats for './mem-walk-no-thrash':

        17,531,925 cache-misses                                                

       6.274339691 seconds time elapsed


 Performance counter stats for './mem-walk-no-thrash':

        19,310,777 cache-misses                                                

       6.167612369 seconds time elapsed


 Performance counter stats for './mem-walk':

     1,882,339,928 cache-misses                                                

      31.998800168 seconds time elapsed


 Performance counter stats for './mem-walk':

       775,638,281 cache-misses                                                

      25.093219682 seconds time elapsed


 Performance counter stats for './mem-walk':

       819,979,283 cache-misses                                                

      24.990136149 seconds time elapsed


 Performance counter stats for './mem-walk':

       893,735,592 cache-misses                                                

      25.286810906 seconds time elapsed


 Performance counter stats for './mem-walk':

       842,518,984 cache-misses                                                

      25.047349550 seconds time elapsed

