------------------------------------------------------------
Server listening on UDP port 5001
Receiving 1470 byte datagrams
UDP buffer size:  208 KByte (default)
------------------------------------------------------------
------------------------------------------------------------
Client connecting to 2.0.0.2, UDP port 5001
Sending 1470 byte datagrams
UDP buffer size:  208 KByte (default)
------------------------------------------------------------
[  5] local 1.0.0.1 port 55664 connected with 2.0.0.2 port 5001
[  3] local 1.0.0.1 port 5001 connected with 2.0.0.2 port 42820
[ ID] Interval       Transfer     Bandwidth        Jitter   Lost/Total Datagrams
[  3]  0.0- 1.0 sec  49.1 MBytes   412 Mbits/sec   0.019 ms    0/35044 (0%)
[  5]  0.0- 1.0 sec  96.9 MBytes   813 Mbits/sec
[  5]  1.0- 2.0 sec  96.8 MBytes   812 Mbits/sec
[  3]  1.0- 2.0 sec  48.7 MBytes   409 Mbits/sec   0.016 ms    0/34756 (0%)
[  5]  2.0- 3.0 sec  96.7 MBytes   811 Mbits/sec
[  3]  2.0- 3.0 sec  48.6 MBytes   408 Mbits/sec   0.015 ms    0/34658 (0%)
[  5]  3.0- 4.0 sec  96.7 MBytes   811 Mbits/sec
[  3]  3.0- 4.0 sec  48.3 MBytes   405 Mbits/sec   0.015 ms    0/34444 (0%)
[  5]  4.0- 5.0 sec  96.7 MBytes   811 Mbits/sec
[  3]  4.0- 5.0 sec  48.9 MBytes   410 Mbits/sec   0.014 ms    0/34900 (0%)
[  5]  5.0- 6.0 sec  96.7 MBytes   811 Mbits/sec
[  3]  5.0- 6.0 sec  48.1 MBytes   403 Mbits/sec   0.017 ms    0/34309 (0%)
[  5]  6.0- 7.0 sec  96.7 MBytes   811 Mbits/sec
[  3]  6.0- 7.0 sec  48.8 MBytes   409 Mbits/sec   0.013 ms    0/34793 (0%)
[  3]  7.0- 8.0 sec  48.6 MBytes   407 Mbits/sec   0.020 ms    0/34633 (0%)
[  5]  7.0- 8.0 sec  96.9 MBytes   813 Mbits/sec
[  5]  8.0- 9.0 sec  96.8 MBytes   812 Mbits/sec
[  3]  8.0- 9.0 sec  48.3 MBytes   405 Mbits/sec   0.016 ms    0/34469 (0%)
[  5]  9.0-10.0 sec  96.7 MBytes   811 Mbits/sec
[  3]  9.0-10.0 sec  48.9 MBytes   410 Mbits/sec   0.016 ms    0/34900 (0%)
[  5] 10.0-11.0 sec  96.7 MBytes   811 Mbits/sec
[  3] 10.0-11.0 sec  48.1 MBytes   403 Mbits/sec   0.020 ms    0/34278 (0%)
[  5] 11.0-12.0 sec  96.7 MBytes   811 Mbits/sec
[  3] 11.0-12.0 sec  48.8 MBytes   410 Mbits/sec   0.015 ms    0/34824 (0%)
[  5] 12.0-13.0 sec  96.8 MBytes   812 Mbits/sec
[  3] 12.0-13.0 sec  48.5 MBytes   407 Mbits/sec   0.012 ms    0/34596 (0%)
[  5] 13.0-14.0 sec  96.7 MBytes   811 Mbits/sec
[  3] 13.0-14.0 sec  48.4 MBytes   406 Mbits/sec   0.017 ms    0/34506 (0%)
[  5] 14.0-15.0 sec  96.9 MBytes   813 Mbits/sec
[  3] 14.0-15.0 sec  48.9 MBytes   410 Mbits/sec   0.011 ms    0/34900 (0%)
[  5] 15.0-16.0 sec  96.8 MBytes   812 Mbits/sec
[  3] 15.0-16.0 sec  48.0 MBytes   403 Mbits/sec   0.022 ms    0/34248 (0%)
[  5] 16.0-17.0 sec  96.7 MBytes   811 Mbits/sec
[  3] 16.0-17.0 sec  48.9 MBytes   410 Mbits/sec   0.012 ms    0/34854 (0%)
[  5] 17.0-18.0 sec  96.7 MBytes   811 Mbits/sec
[  3] 17.0-18.0 sec  48.5 MBytes   406 Mbits/sec   0.011 ms    0/34561 (0%)
[  5] 18.0-19.0 sec  96.7 MBytes   811 Mbits/sec
[  3] 18.0-19.0 sec  48.4 MBytes   406 Mbits/sec   0.013 ms    0/34541 (0%)
[  5] 19.0-20.0 sec  96.7 MBytes   811 Mbits/sec
[  3] 19.0-20.0 sec  48.9 MBytes   410 Mbits/sec   0.018 ms    0/34883 (0%)
[  5] 20.0-21.0 sec  96.7 MBytes   811 Mbits/sec
[  3] 20.0-21.0 sec  48.0 MBytes   403 Mbits/sec   0.044 ms    0/34234 (0%)
[  5] 21.0-22.0 sec  96.9 MBytes   813 Mbits/sec
[  3] 21.0-22.0 sec  48.9 MBytes   410 Mbits/sec   0.018 ms    0/34885 (0%)
[  5] 22.0-23.0 sec  96.8 MBytes   812 Mbits/sec
[  3] 22.0-23.0 sec  48.4 MBytes   406 Mbits/sec   0.018 ms    0/34529 (0%)
[  5] 23.0-24.0 sec  96.7 MBytes   811 Mbits/sec
[  3] 23.0-24.0 sec  48.5 MBytes   407 Mbits/sec   0.014 ms    0/34573 (0%)
[  5] 24.0-25.0 sec  96.7 MBytes   811 Mbits/sec
[  3] 24.0-25.0 sec  48.9 MBytes   410 Mbits/sec   0.011 ms    0/34849 (0%)
[  5] 25.0-26.0 sec  96.7 MBytes   811 Mbits/sec
[  3] 25.0-26.0 sec  48.0 MBytes   403 Mbits/sec   0.014 ms    0/34253 (0%)
[  5] 26.0-27.0 sec  96.7 MBytes   811 Mbits/sec
[  3] 26.0-27.0 sec  48.9 MBytes   410 Mbits/sec   0.018 ms    0/34900 (0%)
[  3] 27.0-28.0 sec  48.4 MBytes   406 Mbits/sec   0.041 ms    0/34499 (0%)
[  5] 27.0-28.0 sec  96.8 MBytes   812 Mbits/sec
[  5] 28.0-29.0 sec  96.9 MBytes   813 Mbits/sec
[  3] 28.0-29.0 sec  48.5 MBytes   407 Mbits/sec   0.017 ms    0/34603 (0%)
[  5] 29.0-30.0 sec  96.7 MBytes   811 Mbits/sec
[  3] 29.0-30.0 sec  48.8 MBytes   409 Mbits/sec   0.019 ms    0/34812 (0%)
[  5] 30.0-31.0 sec  96.7 MBytes   811 Mbits/sec
[  3] 30.0-31.0 sec  48.1 MBytes   403 Mbits/sec   0.016 ms    0/34290 (0%)
[  5] 31.0-32.0 sec  96.7 MBytes   811 Mbits/sec
[  3] 31.0-32.0 sec  48.9 MBytes   410 Mbits/sec   0.016 ms    0/34900 (0%)
[  5] 32.0-33.0 sec  96.7 MBytes   812 Mbits/sec
[  3] 32.0-33.0 sec  48.3 MBytes   405 Mbits/sec   0.018 ms    0/34465 (0%)
[  5] 33.0-34.0 sec  96.6 MBytes   810 Mbits/sec
[  3] 33.0-34.0 sec  48.6 MBytes   407 Mbits/sec   0.013 ms    0/34637 (0%)
[  3] 34.0-35.0 sec  48.8 MBytes   409 Mbits/sec   0.018 ms    0/34779 (0%)
[  5] 34.0-35.0 sec  96.8 MBytes   812 Mbits/sec
[  3] 35.0-36.0 sec  48.1 MBytes   404 Mbits/sec   0.017 ms    0/34323 (0%)
[  5] 35.0-36.0 sec  96.9 MBytes   813 Mbits/sec
[  5] 36.0-37.0 sec  96.7 MBytes   811 Mbits/sec
[  3] 36.0-37.0 sec  48.9 MBytes   410 Mbits/sec   0.019 ms    0/34900 (0%)
[  5] 37.0-38.0 sec  96.7 MBytes   811 Mbits/sec
[  3] 37.0-38.0 sec  48.3 MBytes   405 Mbits/sec   0.017 ms    0/34436 (0%)
[  5] 38.0-39.0 sec  96.7 MBytes   811 Mbits/sec
[  3] 38.0-39.0 sec  48.6 MBytes   408 Mbits/sec   0.014 ms    0/34666 (0%)
[  5] 39.0-40.0 sec  96.7 MBytes   811 Mbits/sec
[  3] 39.0-40.0 sec  48.7 MBytes   409 Mbits/sec   0.018 ms    0/34748 (0%)
[  5] 40.0-41.0 sec  96.8 MBytes   812 Mbits/sec
[  3] 40.0-41.0 sec  48.2 MBytes   404 Mbits/sec   0.014 ms    0/34354 (0%)
[  5] 41.0-42.0 sec  96.7 MBytes   811 Mbits/sec
[  3] 41.0-42.0 sec  48.9 MBytes   410 Mbits/sec   0.015 ms    0/34900 (0%)
[  3] 42.0-43.0 sec  48.2 MBytes   404 Mbits/sec   0.017 ms    0/34394 (0%)
[  5] 42.0-43.0 sec  96.9 MBytes   813 Mbits/sec
[  5] 43.0-44.0 sec  96.7 MBytes   811 Mbits/sec
[  3] 43.0-44.0 sec  48.7 MBytes   408 Mbits/sec   0.016 ms    0/34708 (0%)
[  5] 44.0-45.0 sec  96.7 MBytes   811 Mbits/sec
[  3] 44.0-45.0 sec  48.6 MBytes   408 Mbits/sec   0.014 ms    0/34696 (0%)
[  5] 45.0-46.0 sec  96.7 MBytes   811 Mbits/sec
[  3] 45.0-46.0 sec  48.2 MBytes   405 Mbits/sec   0.016 ms    0/34406 (0%)
[  5] 46.0-47.0 sec  96.7 MBytes   811 Mbits/sec
[  3] 46.0-47.0 sec  48.9 MBytes   410 Mbits/sec   0.016 ms    0/34900 (0%)
[  5] 47.0-48.0 sec  96.7 MBytes   811 Mbits/sec
[  3] 47.0-48.0 sec  48.2 MBytes   404 Mbits/sec   0.017 ms    0/34348 (0%)
[  5] 48.0-49.0 sec  96.8 MBytes   812 Mbits/sec
[  3] 48.0-49.0 sec  48.7 MBytes   409 Mbits/sec   0.017 ms    0/34754 (0%)
[  5] 49.0-50.0 sec  96.8 MBytes   812 Mbits/sec
[  3] 49.0-50.0 sec  48.6 MBytes   408 Mbits/sec   0.023 ms    0/34658 (0%)
[  5] 50.0-51.0 sec  96.7 MBytes   811 Mbits/sec
[  3] 50.0-51.0 sec  48.3 MBytes   405 Mbits/sec   0.015 ms    0/34444 (0%)
[  5] 51.0-52.0 sec  96.7 MBytes   811 Mbits/sec
[  3] 51.0-52.0 sec  48.9 MBytes   410 Mbits/sec   0.017 ms    0/34900 (0%)
[  5] 52.0-53.0 sec  96.7 MBytes   811 Mbits/sec
[  3] 52.0-53.0 sec  48.1 MBytes   403 Mbits/sec   0.016 ms    0/34311 (0%)
[  5] 53.0-54.0 sec  96.8 MBytes   812 Mbits/sec
[  3] 53.0-54.0 sec  48.8 MBytes   409 Mbits/sec   0.016 ms    0/34791 (0%)
[  5] 54.0-55.0 sec  96.6 MBytes   810 Mbits/sec
[  3] 54.0-55.0 sec  48.6 MBytes   407 Mbits/sec   0.023 ms    0/34632 (0%)
[  5] 55.0-56.0 sec  96.8 MBytes   812 Mbits/sec
[  3] 55.0-56.0 sec  48.3 MBytes   405 Mbits/sec   0.017 ms    0/34470 (0%)
[  5] 56.0-57.0 sec  96.8 MBytes   812 Mbits/sec
[  3] 56.0-57.0 sec  48.9 MBytes   410 Mbits/sec   0.016 ms    0/34900 (0%)
[  5] 57.0-58.0 sec  96.7 MBytes   811 Mbits/sec
[  3] 57.0-58.0 sec  48.1 MBytes   403 Mbits/sec   0.018 ms    0/34276 (0%)
[  5] 58.0-59.0 sec  96.7 MBytes   811 Mbits/sec
[  3] 58.0-59.0 sec  48.8 MBytes   410 Mbits/sec   0.016 ms    0/34826 (0%)
[  5] 59.0-60.0 sec  96.7 MBytes   811 Mbits/sec
[  3] 59.0-60.0 sec  48.5 MBytes   407 Mbits/sec   0.018 ms    0/34588 (0%)
[  5] 60.0-61.0 sec  96.7 MBytes   811 Mbits/sec
[  3] 60.0-61.0 sec  48.4 MBytes   406 Mbits/sec   0.015 ms    0/34514 (0%)
[  5] 61.0-62.0 sec  96.7 MBytes   811 Mbits/sec
[  3] 61.0-62.0 sec  48.9 MBytes   410 Mbits/sec   0.015 ms    0/34900 (0%)
[  3] 62.0-63.0 sec  48.0 MBytes   403 Mbits/sec   0.028 ms    0/34229 (0%)
[  5] 62.0-63.0 sec  96.9 MBytes   812 Mbits/sec
[  5] 63.0-64.0 sec  96.8 MBytes   812 Mbits/sec
[  3] 63.0-64.0 sec  48.9 MBytes   410 Mbits/sec   0.015 ms    0/34873 (0%)
[  5] 64.0-65.0 sec  96.7 MBytes   811 Mbits/sec
[  3] 64.0-65.0 sec  48.4 MBytes   406 Mbits/sec   0.017 ms    0/34547 (0%)
[  5] 65.0-66.0 sec  96.7 MBytes   811 Mbits/sec
[  3] 65.0-66.0 sec  48.4 MBytes   406 Mbits/sec   0.016 ms    0/34555 (0%)
[  5] 66.0-67.0 sec  96.7 MBytes   811 Mbits/sec
[  3] 66.0-67.0 sec  48.9 MBytes   410 Mbits/sec   0.015 ms    0/34865 (0%)
[  5] 67.0-68.0 sec  96.7 MBytes   811 Mbits/sec
[  3] 67.0-68.0 sec  48.0 MBytes   403 Mbits/sec   0.069 ms    0/34240 (0%)
[  5] 68.0-69.0 sec  96.7 MBytes   811 Mbits/sec
[  3] 68.0-69.0 sec  48.9 MBytes   410 Mbits/sec   0.016 ms    0/34897 (0%)
[  3] 69.0-70.0 sec  48.4 MBytes   406 Mbits/sec   0.017 ms    0/34517 (0%)
[  5] 69.0-70.0 sec  96.9 MBytes   813 Mbits/sec
[  5] 70.0-71.0 sec  96.8 MBytes   812 Mbits/sec
[  3] 70.0-71.0 sec  48.5 MBytes   407 Mbits/sec   0.011 ms    0/34585 (0%)
[  5] 71.0-72.0 sec  96.7 MBytes   811 Mbits/sec
[  3] 71.0-72.0 sec  48.8 MBytes   410 Mbits/sec   0.016 ms    0/34827 (0%)
[  5] 72.0-73.0 sec  96.7 MBytes   811 Mbits/sec
[  3] 72.0-73.0 sec  48.1 MBytes   403 Mbits/sec   0.015 ms    0/34275 (0%)
[  5] 73.0-74.0 sec  96.7 MBytes   812 Mbits/sec
[  3] 73.0-74.0 sec  48.9 MBytes   410 Mbits/sec   0.015 ms    0/34900 (0%)
[  5] 74.0-75.0 sec  96.6 MBytes   811 Mbits/sec
[  3] 74.0-75.0 sec  48.4 MBytes   406 Mbits/sec   0.016 ms    0/34489 (0%)
[  5] 75.0-76.0 sec  96.7 MBytes   811 Mbits/sec
[  3] 75.0-76.0 sec  48.5 MBytes   407 Mbits/sec   0.011 ms    0/34613 (0%)
[  3] 76.0-77.0 sec  48.8 MBytes   409 Mbits/sec   0.019 ms    0/34798 (0%)
[  5] 76.0-77.0 sec  96.9 MBytes   813 Mbits/sec
[  5] 77.0-78.0 sec  96.8 MBytes   812 Mbits/sec
[  3] 77.0-78.0 sec  48.1 MBytes   403 Mbits/sec   0.010 ms    0/34304 (0%)
[  5] 78.0-79.0 sec  96.7 MBytes   811 Mbits/sec
[  3] 78.0-79.0 sec  48.9 MBytes   410 Mbits/sec   0.014 ms    0/34900 (0%)
[  5] 79.0-80.0 sec  96.7 MBytes   811 Mbits/sec
[  3] 79.0-80.0 sec  48.3 MBytes   405 Mbits/sec   0.022 ms    0/34453 (0%)
[  5] 80.0-81.0 sec  96.7 MBytes   811 Mbits/sec
[  3] 80.0-81.0 sec  48.6 MBytes   407 Mbits/sec   0.011 ms    0/34649 (0%)
[  5] 81.0-82.0 sec  96.7 MBytes   811 Mbits/sec
[  3] 81.0-82.0 sec  48.7 MBytes   409 Mbits/sec   0.014 ms    0/34771 (0%)
[  5] 82.0-83.0 sec  96.7 MBytes   811 Mbits/sec
[  3] 82.0-83.0 sec  48.1 MBytes   404 Mbits/sec   0.016 ms    0/34331 (0%)
[  5] 83.0-84.0 sec  96.9 MBytes   813 Mbits/sec
[  3] 83.0-84.0 sec  48.9 MBytes   410 Mbits/sec   0.011 ms    0/34900 (0%)
[  5] 84.0-85.0 sec  96.8 MBytes   812 Mbits/sec
[  3] 84.0-85.0 sec  48.3 MBytes   405 Mbits/sec   0.017 ms    0/34424 (0%)
[  5] 85.0-86.0 sec  96.7 MBytes   811 Mbits/sec
[  3] 85.0-86.0 sec  48.6 MBytes   408 Mbits/sec   0.015 ms    0/34678 (0%)
[  5] 86.0-87.0 sec  96.7 MBytes   811 Mbits/sec
[  3] 86.0-87.0 sec  48.7 MBytes   409 Mbits/sec   0.019 ms    0/34739 (0%)
[  5] 87.0-88.0 sec  96.7 MBytes   811 Mbits/sec
[  3] 87.0-88.0 sec  48.2 MBytes   404 Mbits/sec   0.010 ms    0/34363 (0%)
[  5] 88.0-89.0 sec  96.8 MBytes   812 Mbits/sec
[  3] 88.0-89.0 sec  48.9 MBytes   410 Mbits/sec   0.016 ms    0/34900 (0%)
[  5] 89.0-90.0 sec  96.7 MBytes   811 Mbits/sec
[  3] 89.0-90.0 sec  48.2 MBytes   404 Mbits/sec   0.022 ms    0/34393 (0%)
[  5] 90.0-91.0 sec  96.9 MBytes   813 Mbits/sec
[  3] 90.0-91.0 sec  48.7 MBytes   408 Mbits/sec   0.013 ms    0/34709 (0%)
[  5] 91.0-92.0 sec  96.8 MBytes   812 Mbits/sec
[  3] 91.0-92.0 sec  48.7 MBytes   408 Mbits/sec   0.015 ms    0/34704 (0%)
[  5] 92.0-93.0 sec  96.7 MBytes   811 Mbits/sec
[  3] 92.0-93.0 sec  48.2 MBytes   405 Mbits/sec   0.011 ms    0/34398 (0%)
[  5] 93.0-94.0 sec  96.7 MBytes   811 Mbits/sec
[  3] 93.0-94.0 sec  48.9 MBytes   410 Mbits/sec   0.011 ms    0/34900 (0%)
[  5] 94.0-95.0 sec  96.7 MBytes   811 Mbits/sec
[  3] 94.0-95.0 sec  48.2 MBytes   404 Mbits/sec   0.019 ms    0/34363 (0%)
[  5] 95.0-96.0 sec  96.6 MBytes   811 Mbits/sec
[  3] 95.0-96.0 sec  48.7 MBytes   409 Mbits/sec   0.016 ms    0/34739 (0%)
[  3] 96.0-97.0 sec  48.6 MBytes   408 Mbits/sec   0.018 ms    0/34678 (0%)
[  5] 96.0-97.0 sec  96.8 MBytes   812 Mbits/sec
[  5] 97.0-98.0 sec  96.9 MBytes   813 Mbits/sec
[  3] 97.0-98.0 sec  48.3 MBytes   405 Mbits/sec   0.014 ms    0/34424 (0%)
[  5] 98.0-99.0 sec  96.7 MBytes   812 Mbits/sec
[  3] 98.0-99.0 sec  48.9 MBytes   410 Mbits/sec   0.015 ms    0/34900 (0%)
[  5] 99.0-100.0 sec  96.7 MBytes   811 Mbits/sec
[  3] 99.0-100.0 sec  48.1 MBytes   404 Mbits/sec   0.013 ms    0/34337 (0%)
[  5] 100.0-101.0 sec  96.7 MBytes   811 Mbits/sec
[  3] 100.0-101.0 sec  48.7 MBytes   409 Mbits/sec   0.015 ms    0/34765 (0%)
[  5] 101.0-102.0 sec  96.7 MBytes   811 Mbits/sec
[  3] 101.0-102.0 sec  48.6 MBytes   408 Mbits/sec   0.018 ms    0/34655 (0%)
[  5] 102.0-103.0 sec  96.7 MBytes   811 Mbits/sec
[  3] 102.0-103.0 sec  48.3 MBytes   405 Mbits/sec   0.010 ms    0/34447 (0%)
[  5] 103.0-104.0 sec  96.8 MBytes   812 Mbits/sec
[  3] 103.0-104.0 sec  48.9 MBytes   410 Mbits/sec   0.011 ms    0/34900 (0%)
[  3] 104.0-105.0 sec  48.1 MBytes   403 Mbits/sec   0.017 ms    0/34307 (0%)
[  5] 104.0-105.0 sec  96.9 MBytes   813 Mbits/sec
[  5] 105.0-106.0 sec  96.7 MBytes   811 Mbits/sec
[  3] 105.0-106.0 sec  48.8 MBytes   409 Mbits/sec   0.016 ms    0/34795 (0%)
[  5] 106.0-107.0 sec  96.7 MBytes   811 Mbits/sec
[  3] 106.0-107.0 sec  48.5 MBytes   407 Mbits/sec   0.041 ms    0/34618 (0%)
[  5] 107.0-108.0 sec  96.7 MBytes   811 Mbits/sec
[  3] 107.0-108.0 sec  48.3 MBytes   406 Mbits/sec   0.016 ms    0/34484 (0%)
[  5] 108.0-109.0 sec  96.7 MBytes   811 Mbits/sec
[  3] 108.0-109.0 sec  48.9 MBytes   410 Mbits/sec   0.017 ms    0/34900 (0%)
[  5] 109.0-110.0 sec  96.8 MBytes   812 Mbits/sec
[  3] 109.0-110.0 sec  48.1 MBytes   403 Mbits/sec   0.013 ms    0/34276 (0%)
[  5] 110.0-111.0 sec  96.7 MBytes   811 Mbits/sec
[  3] 110.0-111.0 sec  48.8 MBytes   410 Mbits/sec   0.018 ms    0/34826 (0%)
[  3] 111.0-112.0 sec  33.6 MBytes   282 Mbits/sec   0.016 ms    0/23982 (0%)
[  5] 111.0-112.0 sec  93.7 MBytes   786 Mbits/sec
[  5] 112.0-113.0 sec  96.7 MBytes   811 Mbits/sec
[  3] 112.0-113.0 sec  24.0 MBytes   201 Mbits/sec   0.033 ms    0/17094 (0%)
