
 Performance counter stats for './mem-walk-no-thread-no-thrash':

         5,689,002 cache-misses                                                

       3.706624130 seconds time elapsed


 Performance counter stats for './mem-walk-no-thread-no-thrash':

         3,456,872 cache-misses                                                

       3.202128912 seconds time elapsed


 Performance counter stats for './mem-walk-no-thread-no-thrash':

         3,640,856 cache-misses                                                

       3.762889898 seconds time elapsed


 Performance counter stats for './mem-walk-no-thread-no-thrash':

         3,465,524 cache-misses                                                

       3.078995374 seconds time elapsed


 Performance counter stats for './mem-walk-no-thread-no-thrash':

         3,632,548 cache-misses                                                

       4.036550950 seconds time elapsed


 Performance counter stats for './mem-walk-no-thread':

       585,647,292 cache-misses                                                

      11.906307681 seconds time elapsed


 Performance counter stats for './mem-walk-no-thread':

       579,073,926 cache-misses                                                

      11.016442906 seconds time elapsed


 Performance counter stats for './mem-walk-no-thread':

       577,124,330 cache-misses                                                

      11.033952702 seconds time elapsed


 Performance counter stats for './mem-walk-no-thread':

       592,296,324 cache-misses                                                

      11.037029580 seconds time elapsed


 Performance counter stats for './mem-walk-no-thread':

       583,017,885 cache-misses                                                

      11.028863691 seconds time elapsed


 Performance counter stats for './mem-walk-no-thrash':

         6,000,853 cache-misses                                                

       5.865919680 seconds time elapsed


 Performance counter stats for './mem-walk-no-thrash':

         7,828,394 cache-misses                                                

       5.768130482 seconds time elapsed


 Performance counter stats for './mem-walk-no-thrash':

         6,629,684 cache-misses                                                

       5.727250214 seconds time elapsed


 Performance counter stats for './mem-walk-no-thrash':

        10,548,685 cache-misses                                                

       5.779496393 seconds time elapsed


 Performance counter stats for './mem-walk-no-thrash':

         6,242,546 cache-misses                                                

       5.758322311 seconds time elapsed


 Performance counter stats for './mem-walk':

       824,693,458 cache-misses                                                

      25.834857713 seconds time elapsed


 Performance counter stats for './mem-walk':

       768,187,213 cache-misses                                                

      25.106345640 seconds time elapsed


 Performance counter stats for './mem-walk':

       963,634,771 cache-misses                                                

      25.300125551 seconds time elapsed


 Performance counter stats for './mem-walk':

       847,476,397 cache-misses                                                

      25.210326631 seconds time elapsed


 Performance counter stats for './mem-walk':

       702,893,253 cache-misses                                                

      24.959939496 seconds time elapsed

