
 Performance counter stats for './mem-walk-no-thread-no-thrash':

         4,011,238 cache-misses                                                

       3.181218844 seconds time elapsed


 Performance counter stats for './mem-walk-no-thread-no-thrash':

         3,963,076 cache-misses                                                

       3.411010849 seconds time elapsed


 Performance counter stats for './mem-walk-no-thread-no-thrash':

         4,111,849 cache-misses                                                

       3.428625593 seconds time elapsed


 Performance counter stats for './mem-walk-no-thread-no-thrash':

         4,227,136 cache-misses                                                

       3.597120715 seconds time elapsed


 Performance counter stats for './mem-walk-no-thread-no-thrash':

         4,270,037 cache-misses                                                

       3.751155576 seconds time elapsed


 Performance counter stats for './mem-walk-no-thread-no-thrash':

         4,224,457 cache-misses                                                

       3.765476834 seconds time elapsed


 Performance counter stats for './mem-walk-no-thread-no-thrash':

         4,224,686 cache-misses                                                

       3.648653060 seconds time elapsed


 Performance counter stats for './mem-walk-no-thread-no-thrash':

         4,103,312 cache-misses                                                

       3.434219532 seconds time elapsed


 Performance counter stats for './mem-walk-no-thread-no-thrash':

         3,888,789 cache-misses                                                

       3.075893798 seconds time elapsed


 Performance counter stats for './mem-walk-no-thread-no-thrash':

         4,003,120 cache-misses                                                

       3.255963364 seconds time elapsed


 Performance counter stats for './mem-walk-no-thread':

       582,866,227 cache-misses                                                

      11.186039880 seconds time elapsed


 Performance counter stats for './mem-walk-no-thread':

       581,874,261 cache-misses                                                

      11.164531961 seconds time elapsed


 Performance counter stats for './mem-walk-no-thread':

       582,581,468 cache-misses                                                

      11.150402780 seconds time elapsed


 Performance counter stats for './mem-walk-no-thread':

       595,120,876 cache-misses                                                

      11.159561513 seconds time elapsed


 Performance counter stats for './mem-walk-no-thread':

       586,484,321 cache-misses                                                

      11.162812151 seconds time elapsed


 Performance counter stats for './mem-walk-no-thread':

       590,744,492 cache-misses                                                

      11.181423046 seconds time elapsed


 Performance counter stats for './mem-walk-no-thread':

       585,027,283 cache-misses                                                

      11.154294424 seconds time elapsed


 Performance counter stats for './mem-walk-no-thread':

       593,941,815 cache-misses                                                

      11.161352091 seconds time elapsed


 Performance counter stats for './mem-walk-no-thread':

       576,078,275 cache-misses                                                

      11.157574630 seconds time elapsed


 Performance counter stats for './mem-walk-no-thread':

       576,704,781 cache-misses                                                

      11.160992839 seconds time elapsed


 Performance counter stats for './mem-walk-no-thrash':

        27,674,402 cache-misses                                                

      11.782280175 seconds time elapsed


 Performance counter stats for './mem-walk-no-thrash':

        27,504,944 cache-misses                                                

      11.898055072 seconds time elapsed


 Performance counter stats for './mem-walk-no-thrash':

        22,955,874 cache-misses                                                

      11.837389296 seconds time elapsed


 Performance counter stats for './mem-walk-no-thrash':

        20,088,804 cache-misses                                                

      11.859627629 seconds time elapsed


 Performance counter stats for './mem-walk-no-thrash':

        31,687,380 cache-misses                                                

      11.851859905 seconds time elapsed


 Performance counter stats for './mem-walk-no-thrash':

        28,659,005 cache-misses                                                

      11.866474613 seconds time elapsed


 Performance counter stats for './mem-walk-no-thrash':

        29,068,700 cache-misses                                                

      11.857471100 seconds time elapsed


 Performance counter stats for './mem-walk-no-thrash':

        25,025,677 cache-misses                                                

      11.853153283 seconds time elapsed


 Performance counter stats for './mem-walk-no-thrash':

        27,921,914 cache-misses                                                

      11.845274382 seconds time elapsed


 Performance counter stats for './mem-walk-no-thrash':

        28,879,915 cache-misses                                                

      11.869891695 seconds time elapsed


 Performance counter stats for './mem-walk':

     2,859,431,297 cache-misses                                                

      65.472359406 seconds time elapsed


 Performance counter stats for './mem-walk':

     3,174,637,596 cache-misses                                                

      63.747475915 seconds time elapsed


 Performance counter stats for './mem-walk':

     3,156,665,092 cache-misses                                                

      61.972024089 seconds time elapsed


 Performance counter stats for './mem-walk':

     3,186,337,661 cache-misses                                                

      65.327921923 seconds time elapsed


 Performance counter stats for './mem-walk':

     3,248,078,972 cache-misses                                                

      62.149201482 seconds time elapsed


 Performance counter stats for './mem-walk':

     3,567,670,002 cache-misses                                                

      66.183081095 seconds time elapsed


 Performance counter stats for './mem-walk':

     3,378,930,788 cache-misses                                                

      64.077947533 seconds time elapsed


 Performance counter stats for './mem-walk':

     3,533,213,253 cache-misses                                                

      64.717843052 seconds time elapsed


 Performance counter stats for './mem-walk':

     3,594,375,493 cache-misses                                                

      65.617262977 seconds time elapsed


 Performance counter stats for './mem-walk':

     3,371,770,917 cache-misses                                                

      61.587181911 seconds time elapsed

