
 Performance counter stats for './mem-walk-no-thread-no-thrash':

         3,944,279 cache-misses                                                

       3.543692780 seconds time elapsed


 Performance counter stats for './mem-walk-no-thread-no-thrash':

         3,819,316 cache-misses                                                

       3.544789225 seconds time elapsed


 Performance counter stats for './mem-walk-no-thread-no-thrash':

         3,875,442 cache-misses                                                

       3.655685633 seconds time elapsed


 Performance counter stats for './mem-walk-no-thread-no-thrash':

         3,739,122 cache-misses                                                

       3.521511622 seconds time elapsed


 Performance counter stats for './mem-walk-no-thread-no-thrash':

         4,054,493 cache-misses                                                

       4.020615365 seconds time elapsed


 Performance counter stats for './mem-walk-no-thread-no-thrash':

         3,732,736 cache-misses                                                

       3.485296718 seconds time elapsed


 Performance counter stats for './mem-walk-no-thread-no-thrash':

         3,849,104 cache-misses                                                

       3.335059713 seconds time elapsed


 Performance counter stats for './mem-walk-no-thread-no-thrash':

         3,854,856 cache-misses                                                

       3.734420492 seconds time elapsed


 Performance counter stats for './mem-walk-no-thread-no-thrash':

         3,993,200 cache-misses                                                

       4.059407449 seconds time elapsed


 Performance counter stats for './mem-walk-no-thread-no-thrash':

         3,966,145 cache-misses                                                

       4.161521981 seconds time elapsed


 Performance counter stats for './mem-walk-no-thread':

       582,522,518 cache-misses                                                

      11.098150214 seconds time elapsed


 Performance counter stats for './mem-walk-no-thread':

       594,161,726 cache-misses                                                

      11.078786843 seconds time elapsed


 Performance counter stats for './mem-walk-no-thread':

       593,505,577 cache-misses                                                

      11.091887157 seconds time elapsed


 Performance counter stats for './mem-walk-no-thread':

       584,598,762 cache-misses                                                

      11.075722530 seconds time elapsed


 Performance counter stats for './mem-walk-no-thread':

       588,048,970 cache-misses                                                

      11.119377336 seconds time elapsed


 Performance counter stats for './mem-walk-no-thread':

       586,809,952 cache-misses                                                

      11.055946666 seconds time elapsed


 Performance counter stats for './mem-walk-no-thread':

       579,723,900 cache-misses                                                

      11.193199141 seconds time elapsed


 Performance counter stats for './mem-walk-no-thread':

       583,635,581 cache-misses                                                

      11.039231090 seconds time elapsed


 Performance counter stats for './mem-walk-no-thread':

       601,987,982 cache-misses                                                

      11.142649441 seconds time elapsed


 Performance counter stats for './mem-walk-no-thread':

       592,716,833 cache-misses                                                

      11.157384576 seconds time elapsed


 Performance counter stats for './mem-walk-no-thrash':

        22,442,116 cache-misses                                                

      11.981968469 seconds time elapsed


 Performance counter stats for './mem-walk-no-thrash':

        26,315,834 cache-misses                                                

      11.410424553 seconds time elapsed


 Performance counter stats for './mem-walk-no-thrash':

        20,408,171 cache-misses                                                

      11.419476387 seconds time elapsed


 Performance counter stats for './mem-walk-no-thrash':

        22,712,905 cache-misses                                                

      11.474807583 seconds time elapsed


 Performance counter stats for './mem-walk-no-thrash':

        26,394,303 cache-misses                                                

      11.421841526 seconds time elapsed


 Performance counter stats for './mem-walk-no-thrash':

        29,134,079 cache-misses                                                

      11.441833600 seconds time elapsed


 Performance counter stats for './mem-walk-no-thrash':

        28,552,388 cache-misses                                                

      11.438875883 seconds time elapsed


 Performance counter stats for './mem-walk-no-thrash':

        29,595,938 cache-misses                                                

      11.464266130 seconds time elapsed


 Performance counter stats for './mem-walk-no-thrash':

        19,194,597 cache-misses                                                

      11.419001720 seconds time elapsed


 Performance counter stats for './mem-walk-no-thrash':

        28,354,722 cache-misses                                                

      11.555414459 seconds time elapsed


 Performance counter stats for './mem-walk':

     2,992,478,370 cache-misses                                                

      60.761649448 seconds time elapsed


 Performance counter stats for './mem-walk':

     4,545,521,547 cache-misses                                                

      74.021241664 seconds time elapsed


 Performance counter stats for './mem-walk':

     3,154,476,383 cache-misses                                                

      62.116968434 seconds time elapsed


 Performance counter stats for './mem-walk':

     3,265,156,075 cache-misses                                                

      64.755496985 seconds time elapsed


 Performance counter stats for './mem-walk':

     3,178,504,720 cache-misses                                                

      63.614659246 seconds time elapsed


 Performance counter stats for './mem-walk':

     3,198,787,206 cache-misses                                                

      64.156108954 seconds time elapsed


 Performance counter stats for './mem-walk':

     2,773,818,556 cache-misses                                                

      62.337924551 seconds time elapsed


 Performance counter stats for './mem-walk':

     3,542,023,322 cache-misses                                                

      66.672221349 seconds time elapsed


 Performance counter stats for './mem-walk':

     3,231,202,282 cache-misses                                                

      64.010543220 seconds time elapsed


 Performance counter stats for './mem-walk':

     2,898,667,746 cache-misses                                                

      60.157011897 seconds time elapsed

