
 Performance counter stats for './mem-walk-no-thread-no-thrash':

         4,833,105 cache-misses                                                

       4.103399454 seconds time elapsed


 Performance counter stats for './mem-walk-no-thread-no-thrash':

         4,697,282 cache-misses                                                

       3.672230688 seconds time elapsed


 Performance counter stats for './mem-walk-no-thread-no-thrash':

         4,405,558 cache-misses                                                

       3.203263929 seconds time elapsed


 Performance counter stats for './mem-walk-no-thread-no-thrash':

         4,675,582 cache-misses                                                

       3.796498020 seconds time elapsed


 Performance counter stats for './mem-walk-no-thread-no-thrash':

         4,889,696 cache-misses                                                

       4.110011896 seconds time elapsed


 Performance counter stats for './mem-walk-no-thread-no-thrash':

         4,780,851 cache-misses                                                

       3.891576498 seconds time elapsed


 Performance counter stats for './mem-walk-no-thread-no-thrash':

         4,662,862 cache-misses                                                

       3.715809267 seconds time elapsed


 Performance counter stats for './mem-walk-no-thread-no-thrash':

         4,994,243 cache-misses                                                

       4.143180473 seconds time elapsed


 Performance counter stats for './mem-walk-no-thread-no-thrash':

         4,859,312 cache-misses                                                

       3.831294201 seconds time elapsed


 Performance counter stats for './mem-walk-no-thread-no-thrash':

         4,804,029 cache-misses                                                

       3.626258352 seconds time elapsed


 Performance counter stats for './mem-walk-no-thread':

       515,695,719 cache-misses                                                

      11.903879091 seconds time elapsed


 Performance counter stats for './mem-walk-no-thread':

       511,440,035 cache-misses                                                

      11.889258792 seconds time elapsed


 Performance counter stats for './mem-walk-no-thread':

       503,309,278 cache-misses                                                

      11.920969662 seconds time elapsed


 Performance counter stats for './mem-walk-no-thread':

       512,799,527 cache-misses                                                

      11.921421026 seconds time elapsed


 Performance counter stats for './mem-walk-no-thread':

       506,646,233 cache-misses                                                

      11.857161517 seconds time elapsed


 Performance counter stats for './mem-walk-no-thread':

       520,138,241 cache-misses                                                

      11.867798389 seconds time elapsed


 Performance counter stats for './mem-walk-no-thread':

       500,804,934 cache-misses                                                

      11.937545617 seconds time elapsed


 Performance counter stats for './mem-walk-no-thread':

       512,089,254 cache-misses                                                

      11.840191958 seconds time elapsed


 Performance counter stats for './mem-walk-no-thread':

       508,469,947 cache-misses                                                

      11.880168245 seconds time elapsed


 Performance counter stats for './mem-walk-no-thread':

       495,890,875 cache-misses                                                

      11.917334508 seconds time elapsed


 Performance counter stats for './mem-walk-no-thrash':

        35,824,519 cache-misses                                                

      11.573494935 seconds time elapsed


 Performance counter stats for './mem-walk-no-thrash':

        40,089,627 cache-misses                                                

      12.403425124 seconds time elapsed


 Performance counter stats for './mem-walk-no-thrash':

        39,573,363 cache-misses                                                

      11.542935562 seconds time elapsed


 Performance counter stats for './mem-walk-no-thrash':

        41,101,584 cache-misses                                                

      11.724615116 seconds time elapsed


 Performance counter stats for './mem-walk-no-thrash':

        36,993,127 cache-misses                                                

      11.724136488 seconds time elapsed


 Performance counter stats for './mem-walk-no-thrash':

        39,937,190 cache-misses                                                

      11.632885685 seconds time elapsed


 Performance counter stats for './mem-walk-no-thrash':

        38,813,473 cache-misses                                                

      11.614315609 seconds time elapsed


 Performance counter stats for './mem-walk-no-thrash':

        40,251,846 cache-misses                                                

      11.527304486 seconds time elapsed


 Performance counter stats for './mem-walk-no-thrash':

        39,967,627 cache-misses                                                

      11.605943566 seconds time elapsed


 Performance counter stats for './mem-walk-no-thrash':

        38,617,022 cache-misses                                                

      11.735042814 seconds time elapsed


 Performance counter stats for './mem-walk':

     8,296,421,593 cache-misses                                                

     104.495053826 seconds time elapsed


 Performance counter stats for './mem-walk':

     8,346,189,274 cache-misses                                                

     105.169731507 seconds time elapsed


 Performance counter stats for './mem-walk':

     8,864,887,616 cache-misses                                                

     109.702516485 seconds time elapsed


 Performance counter stats for './mem-walk':

     8,384,837,885 cache-misses                                                

     105.057072591 seconds time elapsed


 Performance counter stats for './mem-walk':

     8,558,138,990 cache-misses                                                

     105.318042331 seconds time elapsed


 Performance counter stats for './mem-walk':

     8,938,428,009 cache-misses                                                

     109.193477208 seconds time elapsed


 Performance counter stats for './mem-walk':

     8,750,312,142 cache-misses                                                

     107.897628159 seconds time elapsed


 Performance counter stats for './mem-walk':

     8,520,785,162 cache-misses                                                

     108.313411675 seconds time elapsed


 Performance counter stats for './mem-walk':

     8,862,397,494 cache-misses                                                

     109.616526137 seconds time elapsed


 Performance counter stats for './mem-walk':

     8,307,488,780 cache-misses                                                

     104.611086294 seconds time elapsed

