
 Performance counter stats for './mem-walk-no-thread-no-thrash':

         3,365,757 cache-misses                                                

       3.244225114 seconds time elapsed


 Performance counter stats for './mem-walk-no-thread-no-thrash':

         3,537,167 cache-misses                                                

       3.851868993 seconds time elapsed


 Performance counter stats for './mem-walk-no-thread-no-thrash':

         3,586,737 cache-misses                                                

       3.935025816 seconds time elapsed


 Performance counter stats for './mem-walk-no-thread-no-thrash':

         3,623,395 cache-misses                                                

       3.438146448 seconds time elapsed


 Performance counter stats for './mem-walk-no-thread-no-thrash':

         3,650,702 cache-misses                                                

       3.939046507 seconds time elapsed


 Performance counter stats for './mem-walk-no-thread-no-thrash':

         3,413,704 cache-misses                                                

       3.538375364 seconds time elapsed


 Performance counter stats for './mem-walk-no-thread-no-thrash':

         3,351,219 cache-misses                                                

       3.251847793 seconds time elapsed


 Performance counter stats for './mem-walk-no-thread-no-thrash':

         3,379,869 cache-misses                                                

       3.236656625 seconds time elapsed


 Performance counter stats for './mem-walk-no-thread-no-thrash':

         3,535,070 cache-misses                                                

       3.850948417 seconds time elapsed


 Performance counter stats for './mem-walk-no-thread-no-thrash':

         3,440,167 cache-misses                                                

       3.424206099 seconds time elapsed


 Performance counter stats for './mem-walk-no-thread':

       606,914,950 cache-misses                                                

      11.086050169 seconds time elapsed


 Performance counter stats for './mem-walk-no-thread':

       583,772,452 cache-misses                                                

      11.072829442 seconds time elapsed


 Performance counter stats for './mem-walk-no-thread':

       598,435,081 cache-misses                                                

      11.074027084 seconds time elapsed


 Performance counter stats for './mem-walk-no-thread':

       582,677,684 cache-misses                                                

      11.072089997 seconds time elapsed


 Performance counter stats for './mem-walk-no-thread':

       601,192,793 cache-misses                                                

      11.064477305 seconds time elapsed


 Performance counter stats for './mem-walk-no-thread':

       582,952,895 cache-misses                                                

      11.120819027 seconds time elapsed


 Performance counter stats for './mem-walk-no-thread':

       593,770,335 cache-misses                                                

      11.060245937 seconds time elapsed


 Performance counter stats for './mem-walk-no-thread':

       607,476,728 cache-misses                                                

      11.062271913 seconds time elapsed


 Performance counter stats for './mem-walk-no-thread':

       596,004,730 cache-misses                                                

      11.073677390 seconds time elapsed


 Performance counter stats for './mem-walk-no-thread':

       596,466,824 cache-misses                                                

      11.041913140 seconds time elapsed


 Performance counter stats for './mem-walk-no-thrash':

        17,779,661 cache-misses                                                

      11.181307886 seconds time elapsed


 Performance counter stats for './mem-walk-no-thrash':

        19,186,261 cache-misses                                                

      11.231655644 seconds time elapsed


 Performance counter stats for './mem-walk-no-thrash':

        19,689,043 cache-misses                                                

      11.290419425 seconds time elapsed


 Performance counter stats for './mem-walk-no-thrash':

        21,391,307 cache-misses                                                

      11.340030842 seconds time elapsed


 Performance counter stats for './mem-walk-no-thrash':

        25,328,866 cache-misses                                                

      11.344092546 seconds time elapsed


 Performance counter stats for './mem-walk-no-thrash':

        17,371,656 cache-misses                                                

      11.181563207 seconds time elapsed


 Performance counter stats for './mem-walk-no-thrash':

        25,769,100 cache-misses                                                

      11.600072799 seconds time elapsed


 Performance counter stats for './mem-walk-no-thrash':

        20,606,656 cache-misses                                                

      11.328509963 seconds time elapsed


 Performance counter stats for './mem-walk-no-thrash':

         6,069,629 cache-misses                                                

      11.092679953 seconds time elapsed


 Performance counter stats for './mem-walk-no-thrash':

        17,159,709 cache-misses                                                

      11.341680292 seconds time elapsed


 Performance counter stats for './mem-walk':

     1,912,715,033 cache-misses                                                

      50.070932731 seconds time elapsed


 Performance counter stats for './mem-walk':

     1,518,050,025 cache-misses                                                

      50.169863969 seconds time elapsed


 Performance counter stats for './mem-walk':

     1,810,329,748 cache-misses                                                

      50.106048844 seconds time elapsed


 Performance counter stats for './mem-walk':

     1,668,631,574 cache-misses                                                

      49.942698528 seconds time elapsed


 Performance counter stats for './mem-walk':

     1,507,662,522 cache-misses                                                

      49.741802078 seconds time elapsed


 Performance counter stats for './mem-walk':

     1,730,491,124 cache-misses                                                

      50.966978144 seconds time elapsed


 Performance counter stats for './mem-walk':

     1,842,463,070 cache-misses                                                

      49.885301626 seconds time elapsed


 Performance counter stats for './mem-walk':

     2,065,158,664 cache-misses                                                

      51.690025561 seconds time elapsed


 Performance counter stats for './mem-walk':

     1,822,913,675 cache-misses                                                

      50.471416129 seconds time elapsed


 Performance counter stats for './mem-walk':

     1,441,579,257 cache-misses                                                

      49.880400989 seconds time elapsed

