
 Performance counter stats for './mem-walk-no-thread-no-thrash':

         4,502,417 cache-misses                                                

       4.184324944 seconds time elapsed


 Performance counter stats for './mem-walk-no-thread-no-thrash':

         4,263,010 cache-misses                                                

       3.669563898 seconds time elapsed


 Performance counter stats for './mem-walk-no-thread-no-thrash':

         4,436,494 cache-misses                                                

       4.020785300 seconds time elapsed


 Performance counter stats for './mem-walk-no-thread-no-thrash':

         4,194,175 cache-misses                                                

       3.438579408 seconds time elapsed


 Performance counter stats for './mem-walk-no-thread-no-thrash':

         3,996,467 cache-misses                                                

       3.346307709 seconds time elapsed


 Performance counter stats for './mem-walk-no-thread-no-thrash':

         4,347,395 cache-misses                                                

       4.164224775 seconds time elapsed


 Performance counter stats for './mem-walk-no-thread-no-thrash':

         4,166,503 cache-misses                                                

       3.752032559 seconds time elapsed


 Performance counter stats for './mem-walk-no-thread-no-thrash':

         4,088,041 cache-misses                                                

       3.557565856 seconds time elapsed


 Performance counter stats for './mem-walk-no-thread-no-thrash':

         4,053,613 cache-misses                                                

       3.168409067 seconds time elapsed


 Performance counter stats for './mem-walk-no-thread-no-thrash':

         4,408,973 cache-misses                                                

       4.069277925 seconds time elapsed


 Performance counter stats for './mem-walk-no-thread-no-thrash':

         4,098,540 cache-misses                                                

       3.158198637 seconds time elapsed


 Performance counter stats for './mem-walk-no-thread-no-thrash':

         4,369,400 cache-misses                                                

       4.127541874 seconds time elapsed


 Performance counter stats for './mem-walk-no-thread-no-thrash':

         4,183,659 cache-misses                                                

       3.729866664 seconds time elapsed


 Performance counter stats for './mem-walk-no-thread-no-thrash':

         4,249,734 cache-misses                                                

       3.889202619 seconds time elapsed


 Performance counter stats for './mem-walk-no-thread-no-thrash':

         4,293,121 cache-misses                                                

       3.858855562 seconds time elapsed


 Performance counter stats for './mem-walk-no-thread-no-thrash':

         4,290,585 cache-misses                                                

       3.658971340 seconds time elapsed


 Performance counter stats for './mem-walk-no-thread-no-thrash':

         4,219,433 cache-misses                                                

       3.586751740 seconds time elapsed


 Performance counter stats for './mem-walk-no-thread-no-thrash':

         4,385,038 cache-misses                                                

       4.140729275 seconds time elapsed


 Performance counter stats for './mem-walk-no-thread-no-thrash':

         4,490,532 cache-misses                                                

       3.903996599 seconds time elapsed


 Performance counter stats for './mem-walk-no-thread-no-thrash':

         4,177,440 cache-misses                                                

       3.617600140 seconds time elapsed


 Performance counter stats for './mem-walk-no-thread-no-thrash':

         4,094,050 cache-misses                                                

       3.556460636 seconds time elapsed


 Performance counter stats for './mem-walk-no-thread-no-thrash':

         4,256,983 cache-misses                                                

       3.978403653 seconds time elapsed


 Performance counter stats for './mem-walk-no-thread-no-thrash':

         4,279,738 cache-misses                                                

       3.848067120 seconds time elapsed


 Performance counter stats for './mem-walk-no-thread-no-thrash':

         4,462,390 cache-misses                                                

       4.020106569 seconds time elapsed


 Performance counter stats for './mem-walk-no-thread-no-thrash':

         4,264,737 cache-misses                                                

       3.976793018 seconds time elapsed


 Performance counter stats for './mem-walk-no-thread-no-thrash':

         4,064,222 cache-misses                                                

       3.214724513 seconds time elapsed


 Performance counter stats for './mem-walk-no-thread-no-thrash':

         4,226,420 cache-misses                                                

       3.837261484 seconds time elapsed


 Performance counter stats for './mem-walk-no-thread-no-thrash':

         4,213,098 cache-misses                                                

       3.776418135 seconds time elapsed


 Performance counter stats for './mem-walk-no-thread-no-thrash':

         4,128,704 cache-misses                                                

       3.645235056 seconds time elapsed


 Performance counter stats for './mem-walk-no-thread-no-thrash':

         4,437,014 cache-misses                                                

       4.075684758 seconds time elapsed


 Performance counter stats for './mem-walk-no-thread-no-thrash':

         4,221,970 cache-misses                                                

       3.609316328 seconds time elapsed


 Performance counter stats for './mem-walk-no-thread-no-thrash':

         4,383,212 cache-misses                                                

       3.874336674 seconds time elapsed


 Performance counter stats for './mem-walk-no-thread-no-thrash':

         4,445,037 cache-misses                                                

       4.133307218 seconds time elapsed


 Performance counter stats for './mem-walk-no-thread-no-thrash':

         4,320,710 cache-misses                                                

       4.100506523 seconds time elapsed


 Performance counter stats for './mem-walk-no-thread-no-thrash':

         4,383,334 cache-misses                                                

       3.969743317 seconds time elapsed


 Performance counter stats for './mem-walk-no-thread-no-thrash':

         4,076,226 cache-misses                                                

       3.513468584 seconds time elapsed


 Performance counter stats for './mem-walk-no-thread-no-thrash':

         4,399,910 cache-misses                                                

       4.068113691 seconds time elapsed


 Performance counter stats for './mem-walk-no-thread-no-thrash':

         4,360,395 cache-misses                                                

       4.199549315 seconds time elapsed


 Performance counter stats for './mem-walk-no-thread-no-thrash':

         4,085,775 cache-misses                                                

       3.159243278 seconds time elapsed


 Performance counter stats for './mem-walk-no-thread-no-thrash':

         4,541,225 cache-misses                                                

       4.185298764 seconds time elapsed


 Performance counter stats for './mem-walk-no-thread-no-thrash':

         4,197,360 cache-misses                                                

       3.788588335 seconds time elapsed


 Performance counter stats for './mem-walk-no-thread-no-thrash':

         4,054,783 cache-misses                                                

       3.216478088 seconds time elapsed


 Performance counter stats for './mem-walk-no-thread-no-thrash':

         4,280,732 cache-misses                                                

       3.593977782 seconds time elapsed


 Performance counter stats for './mem-walk-no-thread-no-thrash':

         4,319,105 cache-misses                                                

       3.958424714 seconds time elapsed


 Performance counter stats for './mem-walk-no-thread-no-thrash':

         4,123,655 cache-misses                                                

       3.524849214 seconds time elapsed


 Performance counter stats for './mem-walk-no-thread-no-thrash':

         5,619,187 cache-misses                                                

       4.300782532 seconds time elapsed


 Performance counter stats for './mem-walk-no-thread-no-thrash':

         5,695,829 cache-misses                                                

       3.674475761 seconds time elapsed


 Performance counter stats for './mem-walk-no-thread-no-thrash':

         5,259,955 cache-misses                                                

       4.371843565 seconds time elapsed


 Performance counter stats for './mem-walk-no-thread-no-thrash':

         4,350,489 cache-misses                                                

       3.900859151 seconds time elapsed


 Performance counter stats for './mem-walk-no-thread-no-thrash':

         4,179,289 cache-misses                                                

       3.279172514 seconds time elapsed


 Performance counter stats for './mem-walk-no-thread':

       573,085,392 cache-misses                                                

      11.220778405 seconds time elapsed


 Performance counter stats for './mem-walk-no-thread':

       597,687,940 cache-misses                                                

      11.262874767 seconds time elapsed


 Performance counter stats for './mem-walk-no-thread':

       576,468,669 cache-misses                                                

      11.242916436 seconds time elapsed


 Performance counter stats for './mem-walk-no-thread':

       586,263,971 cache-misses                                                

      11.256231412 seconds time elapsed


 Performance counter stats for './mem-walk-no-thread':

       578,324,925 cache-misses                                                

      11.230817247 seconds time elapsed


 Performance counter stats for './mem-walk-no-thread':

       585,060,632 cache-misses                                                

      11.234117216 seconds time elapsed


 Performance counter stats for './mem-walk-no-thread':

       576,123,633 cache-misses                                                

      11.248943140 seconds time elapsed


 Performance counter stats for './mem-walk-no-thread':

       589,340,154 cache-misses                                                

      11.236499238 seconds time elapsed


 Performance counter stats for './mem-walk-no-thread':

       574,022,095 cache-misses                                                

      11.227575299 seconds time elapsed


 Performance counter stats for './mem-walk-no-thread':

       569,272,255 cache-misses                                                

      12.801087033 seconds time elapsed


 Performance counter stats for './mem-walk-no-thread':

       568,919,681 cache-misses                                                

      11.231201280 seconds time elapsed


 Performance counter stats for './mem-walk-no-thread':

       575,723,944 cache-misses                                                

      11.239680632 seconds time elapsed


 Performance counter stats for './mem-walk-no-thread':

       591,848,829 cache-misses                                                

      11.255229109 seconds time elapsed


 Performance counter stats for './mem-walk-no-thread':

       575,054,469 cache-misses                                                

      11.269299825 seconds time elapsed


 Performance counter stats for './mem-walk-no-thread':

       591,891,406 cache-misses                                                

      11.266047855 seconds time elapsed


 Performance counter stats for './mem-walk-no-thread':

       585,111,029 cache-misses                                                

      11.258153051 seconds time elapsed


 Performance counter stats for './mem-walk-no-thread':

       574,561,940 cache-misses                                                

      11.241833279 seconds time elapsed


 Performance counter stats for './mem-walk-no-thread':

       576,684,370 cache-misses                                                

      11.224067509 seconds time elapsed


 Performance counter stats for './mem-walk-no-thread':

       590,732,868 cache-misses                                                

      11.255562665 seconds time elapsed


 Performance counter stats for './mem-walk-no-thread':

       587,106,451 cache-misses                                                

      11.246707895 seconds time elapsed


 Performance counter stats for './mem-walk-no-thread':

       581,200,925 cache-misses                                                

      11.245195945 seconds time elapsed


 Performance counter stats for './mem-walk-no-thread':

       577,643,708 cache-misses                                                

      11.259644618 seconds time elapsed


 Performance counter stats for './mem-walk-no-thread':

       572,953,144 cache-misses                                                

      11.248345409 seconds time elapsed


 Performance counter stats for './mem-walk-no-thread':

       583,592,043 cache-misses                                                

      11.243823684 seconds time elapsed


 Performance counter stats for './mem-walk-no-thread':

       568,771,098 cache-misses                                                

      11.235752828 seconds time elapsed


 Performance counter stats for './mem-walk-no-thread':

       544,311,639 cache-misses                                                

      12.599062772 seconds time elapsed


 Performance counter stats for './mem-walk-no-thread':

       579,833,495 cache-misses                                                

      11.221812202 seconds time elapsed


 Performance counter stats for './mem-walk-no-thread':

       573,900,822 cache-misses                                                

      11.246250048 seconds time elapsed


 Performance counter stats for './mem-walk-no-thread':

       578,083,808 cache-misses                                                

      11.236930591 seconds time elapsed


 Performance counter stats for './mem-walk-no-thread':

       588,271,604 cache-misses                                                

      11.245055766 seconds time elapsed


 Performance counter stats for './mem-walk-no-thread':

       597,343,329 cache-misses                                                

      11.261989658 seconds time elapsed


 Performance counter stats for './mem-walk-no-thread':

       585,125,175 cache-misses                                                

      11.255114567 seconds time elapsed


 Performance counter stats for './mem-walk-no-thread':

       576,711,901 cache-misses                                                

      11.240129065 seconds time elapsed


 Performance counter stats for './mem-walk-no-thread':

       576,306,307 cache-misses                                                

      11.242243528 seconds time elapsed


 Performance counter stats for './mem-walk-no-thread':

       578,428,644 cache-misses                                                

      11.215311683 seconds time elapsed


 Performance counter stats for './mem-walk-no-thread':

       576,113,410 cache-misses                                                

      11.239073065 seconds time elapsed


 Performance counter stats for './mem-walk-no-thread':

       574,439,678 cache-misses                                                

      11.226653058 seconds time elapsed


 Performance counter stats for './mem-walk-no-thread':

       583,806,124 cache-misses                                                

      11.236146584 seconds time elapsed


 Performance counter stats for './mem-walk-no-thread':

       574,415,895 cache-misses                                                

      11.230312673 seconds time elapsed


 Performance counter stats for './mem-walk-no-thread':

       596,164,279 cache-misses                                                

      11.280869828 seconds time elapsed


 Performance counter stats for './mem-walk-no-thread':

       590,735,256 cache-misses                                                

      11.242341324 seconds time elapsed


 Performance counter stats for './mem-walk-no-thread':

       585,153,510 cache-misses                                                

      11.240932036 seconds time elapsed


 Performance counter stats for './mem-walk-no-thread':

       596,834,134 cache-misses                                                

      11.260935383 seconds time elapsed


 Performance counter stats for './mem-walk-no-thread':

       570,816,570 cache-misses                                                

      11.244291328 seconds time elapsed


 Performance counter stats for './mem-walk-no-thread':

       597,174,261 cache-misses                                                

      11.248102504 seconds time elapsed


 Performance counter stats for './mem-walk-no-thread':

       594,991,464 cache-misses                                                

      11.272139302 seconds time elapsed


 Performance counter stats for './mem-walk-no-thread':

       581,233,790 cache-misses                                                

      11.226608812 seconds time elapsed


 Performance counter stats for './mem-walk-no-thread':

       586,457,551 cache-misses                                                

      11.238733370 seconds time elapsed


 Performance counter stats for './mem-walk-no-thread':

       576,273,704 cache-misses                                                

      11.244974502 seconds time elapsed


 Performance counter stats for './mem-walk-no-thread':

       577,056,658 cache-misses                                                

      11.244306337 seconds time elapsed


 Performance counter stats for './mem-walk-no-thrash':

        10,957,263 cache-misses                                                

       6.077512152 seconds time elapsed


 Performance counter stats for './mem-walk-no-thrash':

        11,883,230 cache-misses                                                

       6.257686000 seconds time elapsed


 Performance counter stats for './mem-walk-no-thrash':

        14,841,683 cache-misses                                                

       6.256039081 seconds time elapsed


 Performance counter stats for './mem-walk-no-thrash':

        11,101,830 cache-misses                                                

       6.251569575 seconds time elapsed


 Performance counter stats for './mem-walk-no-thrash':

        12,266,285 cache-misses                                                

       6.248147947 seconds time elapsed


 Performance counter stats for './mem-walk-no-thrash':

        13,668,870 cache-misses                                                

       6.049634929 seconds time elapsed


 Performance counter stats for './mem-walk-no-thrash':

        12,616,751 cache-misses                                                

       6.269424295 seconds time elapsed


 Performance counter stats for './mem-walk-no-thrash':

        14,037,722 cache-misses                                                

       6.095064488 seconds time elapsed


 Performance counter stats for './mem-walk-no-thrash':

        12,460,068 cache-misses                                                

       6.235564355 seconds time elapsed


 Performance counter stats for './mem-walk-no-thrash':

        11,068,588 cache-misses                                                

       6.248845787 seconds time elapsed


 Performance counter stats for './mem-walk-no-thrash':

        13,111,491 cache-misses                                                

       5.967913050 seconds time elapsed


 Performance counter stats for './mem-walk-no-thrash':

        14,285,859 cache-misses                                                

       6.251022709 seconds time elapsed


 Performance counter stats for './mem-walk-no-thrash':

        15,560,650 cache-misses                                                

       6.198213947 seconds time elapsed


 Performance counter stats for './mem-walk-no-thrash':

        12,482,671 cache-misses                                                

       6.108804902 seconds time elapsed


 Performance counter stats for './mem-walk-no-thrash':

        13,408,132 cache-misses                                                

       6.255110994 seconds time elapsed


 Performance counter stats for './mem-walk-no-thrash':

        15,765,479 cache-misses                                                

       6.040933486 seconds time elapsed


 Performance counter stats for './mem-walk-no-thrash':

        11,518,897 cache-misses                                                

       6.254950068 seconds time elapsed


 Performance counter stats for './mem-walk-no-thrash':

        13,097,808 cache-misses                                                

       6.253329709 seconds time elapsed


 Performance counter stats for './mem-walk-no-thrash':

        11,774,166 cache-misses                                                

       6.022778955 seconds time elapsed


 Performance counter stats for './mem-walk-no-thrash':

        12,238,208 cache-misses                                                

       6.249596403 seconds time elapsed


 Performance counter stats for './mem-walk-no-thrash':

        14,299,906 cache-misses                                                

       6.009936993 seconds time elapsed


 Performance counter stats for './mem-walk-no-thrash':

        14,971,947 cache-misses                                                

       6.210483151 seconds time elapsed


 Performance counter stats for './mem-walk-no-thrash':

        14,471,425 cache-misses                                                

       6.248324234 seconds time elapsed


 Performance counter stats for './mem-walk-no-thrash':

        11,233,672 cache-misses                                                

       5.973825227 seconds time elapsed


 Performance counter stats for './mem-walk-no-thrash':

        11,964,617 cache-misses                                                

       6.249245181 seconds time elapsed


 Performance counter stats for './mem-walk-no-thrash':

        14,958,165 cache-misses                                                

       6.201135648 seconds time elapsed


 Performance counter stats for './mem-walk-no-thrash':

        12,258,100 cache-misses                                                

       6.092531652 seconds time elapsed


 Performance counter stats for './mem-walk-no-thrash':

        11,135,942 cache-misses                                                

       6.246517667 seconds time elapsed


 Performance counter stats for './mem-walk-no-thrash':

        12,769,883 cache-misses                                                

       6.035225365 seconds time elapsed


 Performance counter stats for './mem-walk-no-thrash':

        13,415,886 cache-misses                                                

       6.261138934 seconds time elapsed


 Performance counter stats for './mem-walk-no-thrash':

        11,620,229 cache-misses                                                

       6.213767780 seconds time elapsed


 Performance counter stats for './mem-walk-no-thrash':

        14,168,704 cache-misses                                                

       6.014104759 seconds time elapsed


 Performance counter stats for './mem-walk-no-thrash':

        14,004,196 cache-misses                                                

       6.250545606 seconds time elapsed


 Performance counter stats for './mem-walk-no-thrash':

        13,525,081 cache-misses                                                

       6.018860022 seconds time elapsed


 Performance counter stats for './mem-walk-no-thrash':

        14,903,127 cache-misses                                                

       6.196352869 seconds time elapsed


 Performance counter stats for './mem-walk-no-thrash':

        14,920,743 cache-misses                                                

       6.254758211 seconds time elapsed


 Performance counter stats for './mem-walk-no-thrash':

        11,603,820 cache-misses                                                

       5.966001589 seconds time elapsed


 Performance counter stats for './mem-walk-no-thrash':

        12,714,379 cache-misses                                                

       6.247519458 seconds time elapsed


 Performance counter stats for './mem-walk-no-thrash':

        15,478,925 cache-misses                                                

       6.255340608 seconds time elapsed


 Performance counter stats for './mem-walk-no-thrash':

        12,217,915 cache-misses                                                

       6.076005574 seconds time elapsed


 Performance counter stats for './mem-walk-no-thrash':

        13,351,790 cache-misses                                                

       6.261062898 seconds time elapsed


 Performance counter stats for './mem-walk-no-thrash':

        13,635,819 cache-misses                                                

       6.041306035 seconds time elapsed


 Performance counter stats for './mem-walk-no-thrash':

        12,273,558 cache-misses                                                

       6.254773716 seconds time elapsed


 Performance counter stats for './mem-walk-no-thrash':

        14,255,399 cache-misses                                                

       6.247710642 seconds time elapsed


 Performance counter stats for './mem-walk-no-thrash':

        14,308,674 cache-misses                                                

       6.134054650 seconds time elapsed


 Performance counter stats for './mem-walk-no-thrash':

        15,196,877 cache-misses                                                

       6.247879855 seconds time elapsed


 Performance counter stats for './mem-walk-no-thrash':

        14,548,907 cache-misses                                                

       6.175902548 seconds time elapsed


 Performance counter stats for './mem-walk-no-thrash':

        12,258,309 cache-misses                                                

       6.216010091 seconds time elapsed


 Performance counter stats for './mem-walk-no-thrash':

        12,126,695 cache-misses                                                

       6.246058311 seconds time elapsed


 Performance counter stats for './mem-walk-no-thrash':

        12,865,434 cache-misses                                                

       6.012397059 seconds time elapsed


 Performance counter stats for './mem-walk':

     3,321,409,929 cache-misses                                                

      43.755096536 seconds time elapsed


 Performance counter stats for './mem-walk':

     3,949,204,165 cache-misses                                                

      50.420340006 seconds time elapsed


 Performance counter stats for './mem-walk':

     3,748,268,513 cache-misses                                                

      48.081901882 seconds time elapsed


 Performance counter stats for './mem-walk':

     3,540,987,774 cache-misses                                                

      46.117461143 seconds time elapsed


 Performance counter stats for './mem-walk':

     3,670,510,527 cache-misses                                                

      47.403677615 seconds time elapsed


 Performance counter stats for './mem-walk':

     3,419,667,764 cache-misses                                                

      45.255857551 seconds time elapsed


 Performance counter stats for './mem-walk':

     3,676,794,368 cache-misses                                                

      46.676725738 seconds time elapsed


 Performance counter stats for './mem-walk':

     3,432,662,829 cache-misses                                                

      45.298516148 seconds time elapsed


 Performance counter stats for './mem-walk':

     3,676,402,213 cache-misses                                                

      47.221796487 seconds time elapsed


 Performance counter stats for './mem-walk':

     3,862,116,119 cache-misses                                                

      49.037242972 seconds time elapsed


 Performance counter stats for './mem-walk':

     3,742,541,512 cache-misses                                                

      47.327048969 seconds time elapsed


 Performance counter stats for './mem-walk':

     3,750,837,080 cache-misses                                                

      48.048493236 seconds time elapsed


 Performance counter stats for './mem-walk':

     3,129,768,136 cache-misses                                                

      42.755816456 seconds time elapsed


 Performance counter stats for './mem-walk':

     3,554,255,672 cache-misses                                                

      47.149187597 seconds time elapsed


 Performance counter stats for './mem-walk':

     3,645,966,993 cache-misses                                                

      46.824704000 seconds time elapsed


 Performance counter stats for './mem-walk':

     3,718,741,253 cache-misses                                                

      47.647171419 seconds time elapsed


 Performance counter stats for './mem-walk':

     3,334,729,309 cache-misses                                                

      44.370087952 seconds time elapsed


 Performance counter stats for './mem-walk':

     3,228,532,707 cache-misses                                                

      43.148519846 seconds time elapsed


 Performance counter stats for './mem-walk':

     3,738,445,057 cache-misses                                                

      47.643613693 seconds time elapsed


 Performance counter stats for './mem-walk':

     3,364,983,842 cache-misses                                                

      44.768786174 seconds time elapsed


 Performance counter stats for './mem-walk':

     3,283,274,908 cache-misses                                                

      44.290176359 seconds time elapsed


 Performance counter stats for './mem-walk':

     3,337,833,973 cache-misses                                                

      44.996844803 seconds time elapsed


 Performance counter stats for './mem-walk':

     3,799,636,785 cache-misses                                                

      47.908907507 seconds time elapsed


 Performance counter stats for './mem-walk':

     3,318,724,099 cache-misses                                                

      43.973776787 seconds time elapsed


 Performance counter stats for './mem-walk':

     3,531,212,541 cache-misses                                                

      45.848347369 seconds time elapsed


 Performance counter stats for './mem-walk':

     3,495,654,290 cache-misses                                                

      46.385335935 seconds time elapsed


 Performance counter stats for './mem-walk':

     3,301,279,141 cache-misses                                                

      43.562909078 seconds time elapsed


 Performance counter stats for './mem-walk':

     4,015,653,443 cache-misses                                                

      49.980057205 seconds time elapsed


 Performance counter stats for './mem-walk':

     3,557,890,757 cache-misses                                                

      46.281673824 seconds time elapsed


 Performance counter stats for './mem-walk':

     3,233,822,311 cache-misses                                                

      44.124274414 seconds time elapsed


 Performance counter stats for './mem-walk':

     3,235,675,700 cache-misses                                                

      42.890698261 seconds time elapsed


 Performance counter stats for './mem-walk':

     3,685,722,701 cache-misses                                                

      47.405911146 seconds time elapsed


 Performance counter stats for './mem-walk':

     3,286,081,117 cache-misses                                                

      43.476654623 seconds time elapsed


 Performance counter stats for './mem-walk':

     3,301,725,992 cache-misses                                                

      43.715447375 seconds time elapsed


 Performance counter stats for './mem-walk':

     3,307,540,387 cache-misses                                                

      44.841680427 seconds time elapsed


 Performance counter stats for './mem-walk':

     3,670,080,286 cache-misses                                                

      46.655245513 seconds time elapsed


 Performance counter stats for './mem-walk':

     3,601,808,612 cache-misses                                                

      47.274928718 seconds time elapsed


 Performance counter stats for './mem-walk':

     3,524,079,005 cache-misses                                                

      45.976568022 seconds time elapsed


 Performance counter stats for './mem-walk':

     3,748,553,672 cache-misses                                                

      47.898471099 seconds time elapsed


 Performance counter stats for './mem-walk':

     3,430,605,953 cache-misses                                                

      44.901662430 seconds time elapsed


 Performance counter stats for './mem-walk':

     3,558,845,814 cache-misses                                                

      46.479882535 seconds time elapsed


 Performance counter stats for './mem-walk':

     3,852,329,067 cache-misses                                                

      48.185664341 seconds time elapsed


 Performance counter stats for './mem-walk':

     3,555,904,346 cache-misses                                                

      46.574489916 seconds time elapsed


 Performance counter stats for './mem-walk':

     4,101,119,460 cache-misses                                                

      51.269067782 seconds time elapsed


 Performance counter stats for './mem-walk':

     3,552,083,371 cache-misses                                                

      47.179669250 seconds time elapsed


 Performance counter stats for './mem-walk':

     3,953,487,324 cache-misses                                                

      49.419618123 seconds time elapsed


 Performance counter stats for './mem-walk':

     3,580,822,653 cache-misses                                                

      46.703212678 seconds time elapsed


 Performance counter stats for './mem-walk':

     3,255,578,525 cache-misses                                                

      43.103983599 seconds time elapsed


 Performance counter stats for './mem-walk':

     3,429,653,094 cache-misses                                                

      44.929453424 seconds time elapsed


 Performance counter stats for './mem-walk':

     3,182,932,178 cache-misses                                                

      42.956724450 seconds time elapsed

