------------------------------------------------------------
Client connecting to 2.0.0.2, UDP port 5001
Sending 1470 byte datagrams
UDP buffer size:  208 KByte (default)
------------------------------------------------------------
[  3] local 1.0.0.1 port 36782 connected with 2.0.0.2 port 5001
[ ID] Interval       Transfer     Bandwidth
[  3]  0.0- 1.0 sec  96.9 MBytes   813 Mbits/sec
[  3]  1.0- 2.0 sec  96.9 MBytes   813 Mbits/sec
[  3]  2.0- 3.0 sec  96.9 MBytes   813 Mbits/sec
[  3]  3.0- 4.0 sec  96.9 MBytes   813 Mbits/sec
[  3]  4.0- 5.0 sec  96.9 MBytes   813 Mbits/sec
[  3]  5.0- 6.0 sec  95.8 MBytes   803 Mbits/sec
[  3]  6.0- 7.0 sec  92.1 MBytes   773 Mbits/sec
[  3]  7.0- 8.0 sec  88.2 MBytes   740 Mbits/sec
[  3]  8.0- 9.0 sec  92.6 MBytes   776 Mbits/sec
[  3]  9.0-10.0 sec  95.5 MBytes   801 Mbits/sec
[  3] 10.0-11.0 sec  95.8 MBytes   803 Mbits/sec
[  3] 11.0-12.0 sec  96.6 MBytes   811 Mbits/sec
[  3] 12.0-13.0 sec  96.9 MBytes   813 Mbits/sec
[  3] 13.0-14.0 sec  96.9 MBytes   813 Mbits/sec
[  3] 14.0-15.0 sec  96.7 MBytes   811 Mbits/sec
[  3] 15.0-16.0 sec  95.1 MBytes   798 Mbits/sec
[  3] 16.0-17.0 sec  88.2 MBytes   740 Mbits/sec
[  3] 17.0-18.0 sec  96.9 MBytes   813 Mbits/sec
[  3] 18.0-19.0 sec  96.2 MBytes   807 Mbits/sec
[  3] 19.0-20.0 sec  96.9 MBytes   813 Mbits/sec
[  3] 20.0-21.0 sec  96.9 MBytes   813 Mbits/sec
[  3] 21.0-22.0 sec  96.9 MBytes   813 Mbits/sec
[  3] 22.0-23.0 sec  96.9 MBytes   813 Mbits/sec
[  3] 23.0-24.0 sec  96.9 MBytes   813 Mbits/sec
[  3] 24.0-25.0 sec  96.9 MBytes   813 Mbits/sec
[  3] 25.0-26.0 sec  96.9 MBytes   813 Mbits/sec
[  3] 26.0-27.0 sec  96.9 MBytes   813 Mbits/sec
[  3] 27.0-28.0 sec  94.7 MBytes   794 Mbits/sec
[  3] 28.0-29.0 sec  85.5 MBytes   717 Mbits/sec
[  3] 29.0-30.0 sec  94.5 MBytes   793 Mbits/sec
[  3] 30.0-31.0 sec  96.9 MBytes   813 Mbits/sec
[  3] 31.0-32.0 sec  95.7 MBytes   803 Mbits/sec
[  3] 32.0-33.0 sec  96.6 MBytes   810 Mbits/sec
[  3] 33.0-34.0 sec  96.3 MBytes   808 Mbits/sec
[  3] 34.0-35.0 sec  96.7 MBytes   812 Mbits/sec
[  3] 35.0-36.0 sec  96.9 MBytes   813 Mbits/sec
[  3] 36.0-37.0 sec  96.9 MBytes   813 Mbits/sec
[  3] 37.0-38.0 sec  96.9 MBytes   813 Mbits/sec
[  3] 38.0-39.0 sec  96.9 MBytes   813 Mbits/sec
[  3] 39.0-40.0 sec  96.9 MBytes   813 Mbits/sec
[  3] 40.0-41.0 sec  96.9 MBytes   813 Mbits/sec
[  3] 41.0-42.0 sec  96.9 MBytes   813 Mbits/sec
[  3] 42.0-43.0 sec  96.9 MBytes   813 Mbits/sec
[  3] 43.0-44.0 sec  94.7 MBytes   794 Mbits/sec
[  3] 44.0-45.0 sec  96.9 MBytes   813 Mbits/sec
[  3] 45.0-46.0 sec  96.6 MBytes   811 Mbits/sec
[  3] 46.0-47.0 sec  94.9 MBytes   796 Mbits/sec
[  3] 47.0-48.0 sec  94.5 MBytes   793 Mbits/sec
[  3] 48.0-49.0 sec  96.9 MBytes   813 Mbits/sec
[  3] 49.0-50.0 sec  65.3 MBytes   548 Mbits/sec
[  3] 50.0-51.0 sec  90.8 MBytes   761 Mbits/sec
[  3] 51.0-52.0 sec  96.9 MBytes   813 Mbits/sec
[  3] 52.0-53.0 sec  96.9 MBytes   813 Mbits/sec
[  3] 53.0-54.0 sec  96.9 MBytes   813 Mbits/sec
[  3] 54.0-55.0 sec  96.9 MBytes   813 Mbits/sec
[  3] 55.0-56.0 sec  94.6 MBytes   794 Mbits/sec
[  3] 56.0-57.0 sec  96.0 MBytes   806 Mbits/sec
[  3] 57.0-58.0 sec  96.0 MBytes   805 Mbits/sec
[  3] 58.0-59.0 sec  96.3 MBytes   808 Mbits/sec
[  3] 59.0-60.0 sec  95.3 MBytes   799 Mbits/sec
[  3] 60.0-61.0 sec  96.8 MBytes   812 Mbits/sec
[  3] 61.0-62.0 sec  95.7 MBytes   803 Mbits/sec
[  3] 62.0-63.0 sec  92.4 MBytes   775 Mbits/sec
[  3] 63.0-64.0 sec  92.2 MBytes   773 Mbits/sec
[  3] 64.0-65.0 sec  87.3 MBytes   733 Mbits/sec
[  3] 65.0-66.0 sec  85.8 MBytes   720 Mbits/sec
[  3] 66.0-67.0 sec  96.3 MBytes   808 Mbits/sec
[  3] 67.0-68.0 sec  96.9 MBytes   813 Mbits/sec
[  3] 68.0-69.0 sec  91.4 MBytes   767 Mbits/sec
[  3] 69.0-70.0 sec  96.5 MBytes   810 Mbits/sec
[  3] 70.0-71.0 sec  96.9 MBytes   813 Mbits/sec
[  3] 71.0-72.0 sec  83.5 MBytes   701 Mbits/sec
[  3] 72.0-73.0 sec  96.1 MBytes   807 Mbits/sec
[  3] 73.0-74.0 sec  96.7 MBytes   811 Mbits/sec
[  3] 74.0-75.0 sec  95.3 MBytes   799 Mbits/sec
[  3] 75.0-76.0 sec  96.8 MBytes   812 Mbits/sec
[  3] 76.0-77.0 sec  96.5 MBytes   809 Mbits/sec
[  3] 77.0-78.0 sec  84.4 MBytes   708 Mbits/sec
[  3] 78.0-79.0 sec  93.0 MBytes   780 Mbits/sec
[  3] 79.0-80.0 sec  95.6 MBytes   802 Mbits/sec
[  3] 80.0-81.0 sec  90.4 MBytes   758 Mbits/sec
[  3] 81.0-82.0 sec  95.1 MBytes   798 Mbits/sec
[  3] 82.0-83.0 sec  94.5 MBytes   793 Mbits/sec
[  3] 83.0-84.0 sec  94.3 MBytes   791 Mbits/sec
[  3] 84.0-85.0 sec  96.5 MBytes   809 Mbits/sec
[  3] 85.0-86.0 sec  96.9 MBytes   813 Mbits/sec
[  3] 86.0-87.0 sec  90.8 MBytes   762 Mbits/sec
[  3] 87.0-88.0 sec  95.2 MBytes   798 Mbits/sec
[  3] 88.0-89.0 sec  95.9 MBytes   805 Mbits/sec
[  3] 89.0-90.0 sec  96.9 MBytes   813 Mbits/sec
[  3] 90.0-91.0 sec  84.3 MBytes   707 Mbits/sec
[  3] 91.0-92.0 sec  94.2 MBytes   790 Mbits/sec
[  3] 92.0-93.0 sec  90.6 MBytes   760 Mbits/sec
[  3] 93.0-94.0 sec  90.2 MBytes   757 Mbits/sec
[  3] 94.0-95.0 sec  88.9 MBytes   745 Mbits/sec
[  3] 95.0-96.0 sec  83.0 MBytes   697 Mbits/sec
[  3] 96.0-97.0 sec  93.1 MBytes   781 Mbits/sec
[  3] 97.0-98.0 sec  96.9 MBytes   813 Mbits/sec
[  3] 98.0-99.0 sec  91.3 MBytes   766 Mbits/sec
[  3] 99.0-100.0 sec  84.8 MBytes   712 Mbits/sec
[  3] 100.0-101.0 sec  90.2 MBytes   757 Mbits/sec
[  3] 101.0-102.0 sec  95.6 MBytes   802 Mbits/sec
[  3] 102.0-103.0 sec  94.4 MBytes   792 Mbits/sec
[  3] 103.0-104.0 sec  88.8 MBytes   745 Mbits/sec
[  3] 104.0-105.0 sec  96.9 MBytes   813 Mbits/sec
[  3] 105.0-106.0 sec  95.0 MBytes   797 Mbits/sec
[  3] 106.0-107.0 sec  96.9 MBytes   813 Mbits/sec
[  3] 107.0-108.0 sec  95.9 MBytes   804 Mbits/sec
[  3] 108.0-109.0 sec  96.3 MBytes   808 Mbits/sec
[  3] 109.0-110.0 sec  88.6 MBytes   743 Mbits/sec
[  3] 110.0-111.0 sec  87.1 MBytes   730 Mbits/sec
[  3] 111.0-112.0 sec  96.9 MBytes   813 Mbits/sec
[  3] 112.0-113.0 sec  93.9 MBytes   787 Mbits/sec
[  3] 113.0-114.0 sec  96.3 MBytes   807 Mbits/sec
[  3] 114.0-115.0 sec  90.6 MBytes   760 Mbits/sec
[  3] 115.0-116.0 sec  96.9 MBytes   813 Mbits/sec
[  3] 116.0-117.0 sec  96.9 MBytes   813 Mbits/sec
[  3] 117.0-118.0 sec  89.8 MBytes   753 Mbits/sec
[  3] 118.0-119.0 sec  95.3 MBytes   799 Mbits/sec
[  3] 119.0-120.0 sec  95.7 MBytes   803 Mbits/sec
[  3] 120.0-121.0 sec  73.0 MBytes   612 Mbits/sec
[  3] 121.0-122.0 sec  95.1 MBytes   798 Mbits/sec
[  3] 122.0-123.0 sec  96.9 MBytes   813 Mbits/sec
[  3] 123.0-124.0 sec  96.9 MBytes   813 Mbits/sec
[  3] 124.0-125.0 sec  94.5 MBytes   793 Mbits/sec
[  3] 125.0-126.0 sec  96.6 MBytes   810 Mbits/sec
[  3] 126.0-127.0 sec  96.9 MBytes   813 Mbits/sec
[  3] 127.0-128.0 sec  94.5 MBytes   793 Mbits/sec
[  3] 128.0-129.0 sec  89.3 MBytes   749 Mbits/sec
[  3] 129.0-130.0 sec  96.9 MBytes   813 Mbits/sec
[  3] 130.0-131.0 sec  96.9 MBytes   813 Mbits/sec
[  3] 131.0-132.0 sec  96.9 MBytes   813 Mbits/sec
[  3] 132.0-133.0 sec  94.3 MBytes   791 Mbits/sec
[  3] 133.0-134.0 sec  93.0 MBytes   780 Mbits/sec
[  3] 134.0-135.0 sec  96.9 MBytes   813 Mbits/sec
[  3] 135.0-136.0 sec  94.4 MBytes   792 Mbits/sec
[  3] 136.0-137.0 sec  96.9 MBytes   813 Mbits/sec
[  3] 137.0-138.0 sec  93.3 MBytes   783 Mbits/sec
[  3] 138.0-139.0 sec  92.7 MBytes   777 Mbits/sec
[  3] 139.0-140.0 sec  74.4 MBytes   624 Mbits/sec
[  3] 140.0-141.0 sec  82.0 MBytes   688 Mbits/sec
[  3] 141.0-142.0 sec  96.9 MBytes   813 Mbits/sec
[  3] 142.0-143.0 sec  96.9 MBytes   813 Mbits/sec
[  3] 143.0-144.0 sec  96.9 MBytes   813 Mbits/sec
[  3] 144.0-145.0 sec  96.9 MBytes   813 Mbits/sec
[  3] 145.0-146.0 sec  96.9 MBytes   813 Mbits/sec
[  3] 146.0-147.0 sec  96.9 MBytes   813 Mbits/sec
[  3] 147.0-148.0 sec  96.9 MBytes   813 Mbits/sec
[  3] 148.0-149.0 sec  96.9 MBytes   813 Mbits/sec
[  3] 149.0-150.0 sec  96.9 MBytes   813 Mbits/sec
[  3] 150.0-151.0 sec  96.9 MBytes   813 Mbits/sec
[  3] 151.0-152.0 sec  96.9 MBytes   813 Mbits/sec
[  3] 152.0-153.0 sec  96.9 MBytes   813 Mbits/sec
[  3] 153.0-154.0 sec  96.9 MBytes   813 Mbits/sec
[  3] 154.0-155.0 sec  96.9 MBytes   813 Mbits/sec
[  3] 155.0-156.0 sec  96.9 MBytes   813 Mbits/sec
[  3] 156.0-157.0 sec  96.9 MBytes   813 Mbits/sec
[  3] 157.0-158.0 sec  96.9 MBytes   813 Mbits/sec
[  3] 158.0-159.0 sec  96.9 MBytes   813 Mbits/sec
[  3] 159.0-160.0 sec  96.9 MBytes   813 Mbits/sec
[  3] 160.0-161.0 sec  96.9 MBytes   813 Mbits/sec
[  3] 161.0-162.0 sec  96.9 MBytes   813 Mbits/sec
[  3] 162.0-163.0 sec  96.9 MBytes   813 Mbits/sec
[  3] 163.0-164.0 sec  96.9 MBytes   813 Mbits/sec
[  3] 164.0-165.0 sec  96.9 MBytes   813 Mbits/sec
[  3] 165.0-166.0 sec  96.9 MBytes   813 Mbits/sec
[  3] 166.0-167.0 sec  96.9 MBytes   813 Mbits/sec
[  3] 167.0-168.0 sec  96.9 MBytes   813 Mbits/sec
[  3] 168.0-169.0 sec  96.9 MBytes   813 Mbits/sec
[  3] 169.0-170.0 sec  96.9 MBytes   813 Mbits/sec
[  3] 170.0-171.0 sec  96.9 MBytes   813 Mbits/sec
[  3] 171.0-172.0 sec  96.9 MBytes   813 Mbits/sec
[  3] 172.0-173.0 sec  96.9 MBytes   813 Mbits/sec
[  3] 173.0-174.0 sec  96.9 MBytes   813 Mbits/sec
[  3] 174.0-175.0 sec  96.9 MBytes   813 Mbits/sec
[  3] 175.0-176.0 sec  96.9 MBytes   813 Mbits/sec
[  3] 176.0-177.0 sec  96.9 MBytes   813 Mbits/sec
[  3] 177.0-178.0 sec  97.0 MBytes   814 Mbits/sec
[  3] 178.0-179.0 sec  96.9 MBytes   813 Mbits/sec
[  3] 179.0-180.0 sec  96.9 MBytes   813 Mbits/sec
[  3] 180.0-181.0 sec  96.9 MBytes   813 Mbits/sec
[  3] 181.0-182.0 sec  96.9 MBytes   813 Mbits/sec
[  3] 182.0-183.0 sec  96.9 MBytes   813 Mbits/sec
[  3] 183.0-184.0 sec  96.9 MBytes   813 Mbits/sec
[  3] 184.0-185.0 sec  96.9 MBytes   813 Mbits/sec
[  3] 185.0-186.0 sec  96.9 MBytes   813 Mbits/sec
[  3] 186.0-187.0 sec  96.9 MBytes   813 Mbits/sec
[  3] 187.0-188.0 sec  96.9 MBytes   813 Mbits/sec
[  3] 188.0-189.0 sec  96.9 MBytes   813 Mbits/sec
[  3] 189.0-190.0 sec  96.9 MBytes   813 Mbits/sec
[  3] 190.0-191.0 sec  96.9 MBytes   813 Mbits/sec
[  3] 191.0-192.0 sec  96.9 MBytes   813 Mbits/sec
[  3] 192.0-193.0 sec  96.9 MBytes   813 Mbits/sec
[  3] 193.0-194.0 sec  96.9 MBytes   813 Mbits/sec
[  3] 194.0-195.0 sec  96.9 MBytes   813 Mbits/sec
[  3] 195.0-196.0 sec  96.9 MBytes   813 Mbits/sec
[  3] 196.0-197.0 sec  96.9 MBytes   813 Mbits/sec
[  3] 197.0-198.0 sec  97.0 MBytes   814 Mbits/sec
[  3] 198.0-199.0 sec  96.9 MBytes   812 Mbits/sec
[  3] 199.0-200.0 sec  96.9 MBytes   813 Mbits/sec
[  3] 200.0-201.0 sec  96.9 MBytes   813 Mbits/sec
[  3] 201.0-202.0 sec  96.9 MBytes   813 Mbits/sec
[  3] 202.0-203.0 sec  96.9 MBytes   813 Mbits/sec
[  3] 203.0-204.0 sec  97.0 MBytes   813 Mbits/sec
[  3] 204.0-205.0 sec  96.9 MBytes   813 Mbits/sec
[  3] 205.0-206.0 sec  96.9 MBytes   813 Mbits/sec
[  3] 206.0-207.0 sec  96.9 MBytes   813 Mbits/sec
[  3] 207.0-208.0 sec  96.9 MBytes   813 Mbits/sec
[  3] 208.0-209.0 sec  96.9 MBytes   813 Mbits/sec
[  3] 209.0-210.0 sec  97.0 MBytes   813 Mbits/sec
[  3]  0.0-210.5 sec  19.5 GBytes   796 Mbits/sec
[  3] Sent 14253454 datagrams
[  3] Server Report:
[  3]  0.0-210.5 sec  19.4 GBytes   792 Mbits/sec   0.019 ms 73547/14253453 (0.52%)
[  3]  0.0-210.5 sec  1 datagrams received out-of-order
