
 Performance counter stats for './mem-walk-no-thread-no-thrash':

         4,466,538 cache-misses                                                

       3.851628586 seconds time elapsed


 Performance counter stats for './mem-walk-no-thread-no-thrash':

         4,497,347 cache-misses                                                

       4.152557324 seconds time elapsed


 Performance counter stats for './mem-walk-no-thread-no-thrash':

         4,379,973 cache-misses                                                

       3.442969520 seconds time elapsed


 Performance counter stats for './mem-walk-no-thread-no-thrash':

         4,308,060 cache-misses                                                

       3.597270057 seconds time elapsed


 Performance counter stats for './mem-walk-no-thread-no-thrash':

         4,478,821 cache-misses                                                

       4.051436213 seconds time elapsed


 Performance counter stats for './mem-walk-no-thread-no-thrash':

         4,396,225 cache-misses                                                

       3.631037127 seconds time elapsed


 Performance counter stats for './mem-walk-no-thread-no-thrash':

         4,467,088 cache-misses                                                

       3.780461035 seconds time elapsed


 Performance counter stats for './mem-walk-no-thread-no-thrash':

         4,537,339 cache-misses                                                

       3.806997873 seconds time elapsed


 Performance counter stats for './mem-walk-no-thread-no-thrash':

         4,529,195 cache-misses                                                

       3.691885165 seconds time elapsed


 Performance counter stats for './mem-walk-no-thread-no-thrash':

         4,239,542 cache-misses                                                

       3.145844096 seconds time elapsed


 Performance counter stats for './mem-walk-no-thread':

       581,210,913 cache-misses                                                

      11.197158228 seconds time elapsed


 Performance counter stats for './mem-walk-no-thread':

       591,024,235 cache-misses                                                

      11.206764032 seconds time elapsed


 Performance counter stats for './mem-walk-no-thread':

       580,237,711 cache-misses                                                

      11.206025210 seconds time elapsed


 Performance counter stats for './mem-walk-no-thread':

       580,250,298 cache-misses                                                

      11.209440773 seconds time elapsed


 Performance counter stats for './mem-walk-no-thread':

       573,077,676 cache-misses                                                

      11.205971998 seconds time elapsed


 Performance counter stats for './mem-walk-no-thread':

       590,696,014 cache-misses                                                

      11.200300061 seconds time elapsed


 Performance counter stats for './mem-walk-no-thread':

       598,492,311 cache-misses                                                

      11.241681992 seconds time elapsed


 Performance counter stats for './mem-walk-no-thread':

       598,740,943 cache-misses                                                

      11.227508522 seconds time elapsed


 Performance counter stats for './mem-walk-no-thread':

       592,633,248 cache-misses                                                

      11.212785269 seconds time elapsed


 Performance counter stats for './mem-walk-no-thread':

       592,344,183 cache-misses                                                

      11.199099480 seconds time elapsed


 Performance counter stats for './mem-walk-no-thrash':

        25,910,294 cache-misses                                                

      11.921939903 seconds time elapsed


 Performance counter stats for './mem-walk-no-thrash':

        28,979,204 cache-misses                                                

      12.045273633 seconds time elapsed


 Performance counter stats for './mem-walk-no-thrash':

        30,560,636 cache-misses                                                

      12.049271013 seconds time elapsed


 Performance counter stats for './mem-walk-no-thrash':

        29,682,417 cache-misses                                                

      12.035886830 seconds time elapsed


 Performance counter stats for './mem-walk-no-thrash':

        26,070,217 cache-misses                                                

      12.051146667 seconds time elapsed


 Performance counter stats for './mem-walk-no-thrash':

        28,915,729 cache-misses                                                

      12.039038707 seconds time elapsed


 Performance counter stats for './mem-walk-no-thrash':

        24,431,345 cache-misses                                                

      12.040919370 seconds time elapsed


 Performance counter stats for './mem-walk-no-thrash':

        37,795,777 cache-misses                                                

      12.042620448 seconds time elapsed


 Performance counter stats for './mem-walk-no-thrash':

        36,141,841 cache-misses                                                

      12.028911648 seconds time elapsed


 Performance counter stats for './mem-walk-no-thrash':

        26,596,719 cache-misses                                                

      12.025709645 seconds time elapsed


 Performance counter stats for './mem-walk':

     4,386,233,466 cache-misses                                                

      69.102439113 seconds time elapsed


 Performance counter stats for './mem-walk':

     4,480,408,258 cache-misses                                                

      70.317121202 seconds time elapsed


 Performance counter stats for './mem-walk':

     6,076,611,922 cache-misses                                                

      83.052887144 seconds time elapsed


 Performance counter stats for './mem-walk':

     4,406,072,232 cache-misses                                                

      69.410524800 seconds time elapsed


 Performance counter stats for './mem-walk':

     4,758,427,415 cache-misses                                                

      72.129158013 seconds time elapsed


 Performance counter stats for './mem-walk':

     4,507,611,195 cache-misses                                                

      70.465931026 seconds time elapsed


 Performance counter stats for './mem-walk':

     4,669,349,285 cache-misses                                                

      71.422862392 seconds time elapsed


 Performance counter stats for './mem-walk':

     5,104,444,137 cache-misses                                                

      75.721865395 seconds time elapsed


 Performance counter stats for './mem-walk':

     5,684,416,414 cache-misses                                                

      79.877046682 seconds time elapsed


 Performance counter stats for './mem-walk':

     5,439,596,902 cache-misses                                                

      79.132652228 seconds time elapsed

