
 Performance counter stats for './mem-walk-no-thread-no-thrash':

         3,646,051 cache-misses                                                

       4.003179766 seconds time elapsed


 Performance counter stats for './mem-walk-no-thread-no-thrash':

         3,595,715 cache-misses                                                

       3.898926919 seconds time elapsed


 Performance counter stats for './mem-walk-no-thread-no-thrash':

         3,530,499 cache-misses                                                

       3.571125373 seconds time elapsed


 Performance counter stats for './mem-walk-no-thread-no-thrash':

         3,610,765 cache-misses                                                

       3.893286573 seconds time elapsed


 Performance counter stats for './mem-walk-no-thread-no-thrash':

         3,574,607 cache-misses                                                

       3.697568779 seconds time elapsed


 Performance counter stats for './mem-walk-no-thread-no-thrash':

         3,687,707 cache-misses                                                

       3.904714335 seconds time elapsed


 Performance counter stats for './mem-walk-no-thread-no-thrash':

         3,396,727 cache-misses                                                

       3.155759688 seconds time elapsed


 Performance counter stats for './mem-walk-no-thread-no-thrash':

         3,576,671 cache-misses                                                

       3.385253087 seconds time elapsed


 Performance counter stats for './mem-walk-no-thread-no-thrash':

         3,417,896 cache-misses                                                

       3.095988019 seconds time elapsed


 Performance counter stats for './mem-walk-no-thread-no-thrash':

         3,640,355 cache-misses                                                

       3.722852710 seconds time elapsed


 Performance counter stats for './mem-walk-no-thread':

       581,717,730 cache-misses                                                

      11.045725013 seconds time elapsed


 Performance counter stats for './mem-walk-no-thread':

       599,924,961 cache-misses                                                

      11.023106997 seconds time elapsed


 Performance counter stats for './mem-walk-no-thread':

       594,410,266 cache-misses                                                

      11.058305471 seconds time elapsed


 Performance counter stats for './mem-walk-no-thread':

       597,822,638 cache-misses                                                

      11.030577846 seconds time elapsed


 Performance counter stats for './mem-walk-no-thread':

       586,816,506 cache-misses                                                

      11.036143608 seconds time elapsed


 Performance counter stats for './mem-walk-no-thread':

       587,052,494 cache-misses                                                

      11.019328718 seconds time elapsed


 Performance counter stats for './mem-walk-no-thread':

       588,489,486 cache-misses                                                

      11.036231812 seconds time elapsed


 Performance counter stats for './mem-walk-no-thread':

       583,079,911 cache-misses                                                

      11.036922034 seconds time elapsed


 Performance counter stats for './mem-walk-no-thread':

       593,113,317 cache-misses                                                

      11.022707480 seconds time elapsed


 Performance counter stats for './mem-walk-no-thread':

       604,611,023 cache-misses                                                

      11.082601249 seconds time elapsed


 Performance counter stats for './mem-walk-no-thrash':

        28,108,566 cache-misses                                                

      11.442177027 seconds time elapsed


 Performance counter stats for './mem-walk-no-thrash':

        15,754,577 cache-misses                                                

      11.206826034 seconds time elapsed


 Performance counter stats for './mem-walk-no-thrash':

        20,190,387 cache-misses                                                

      11.340422864 seconds time elapsed


 Performance counter stats for './mem-walk-no-thrash':

        19,176,093 cache-misses                                                

      11.470781125 seconds time elapsed


 Performance counter stats for './mem-walk-no-thrash':

        19,664,219 cache-misses                                                

      11.357500596 seconds time elapsed


 Performance counter stats for './mem-walk-no-thrash':

        25,211,469 cache-misses                                                

      11.356524588 seconds time elapsed


 Performance counter stats for './mem-walk-no-thrash':

        17,269,858 cache-misses                                                

      11.162477198 seconds time elapsed


 Performance counter stats for './mem-walk-no-thrash':

        21,896,753 cache-misses                                                

      11.497910940 seconds time elapsed


 Performance counter stats for './mem-walk-no-thrash':

        23,104,870 cache-misses                                                

      11.482439040 seconds time elapsed


 Performance counter stats for './mem-walk-no-thrash':

        18,881,295 cache-misses                                                

      11.223387261 seconds time elapsed


 Performance counter stats for './mem-walk':

     1,694,610,086 cache-misses                                                

      49.328616478 seconds time elapsed


 Performance counter stats for './mem-walk':

     1,588,891,765 cache-misses                                                

      49.141528116 seconds time elapsed


 Performance counter stats for './mem-walk':

     2,102,783,549 cache-misses                                                

      49.989547207 seconds time elapsed


 Performance counter stats for './mem-walk':

     4,972,212,430 cache-misses                                                

      73.935298947 seconds time elapsed


 Performance counter stats for './mem-walk':

     2,014,597,942 cache-misses                                                

      49.880114383 seconds time elapsed


 Performance counter stats for './mem-walk':

     1,978,611,221 cache-misses                                                

      49.758822611 seconds time elapsed


 Performance counter stats for './mem-walk':

     1,565,389,804 cache-misses                                                

      49.687601697 seconds time elapsed


 Performance counter stats for './mem-walk':

     1,765,802,042 cache-misses                                                

      49.815634741 seconds time elapsed


 Performance counter stats for './mem-walk':

     1,983,052,985 cache-misses                                                

      49.913508370 seconds time elapsed


 Performance counter stats for './mem-walk':

     2,532,037,696 cache-misses                                                

      53.987301891 seconds time elapsed

