
 Performance counter stats for './mem-walk-no-thread-no-thrash':

         3,743,027 cache-misses                                                

       3.369111323 seconds time elapsed


 Performance counter stats for './mem-walk-no-thread-no-thrash':

         3,670,284 cache-misses                                                

       3.595503617 seconds time elapsed


 Performance counter stats for './mem-walk-no-thread-no-thrash':

         3,659,488 cache-misses                                                

       3.644207090 seconds time elapsed


 Performance counter stats for './mem-walk-no-thread-no-thrash':

         3,918,972 cache-misses                                                

       4.223544752 seconds time elapsed


 Performance counter stats for './mem-walk-no-thread-no-thrash':

         3,684,494 cache-misses                                                

       3.793593134 seconds time elapsed


 Performance counter stats for './mem-walk-no-thread-no-thrash':

         3,656,174 cache-misses                                                

       3.777861298 seconds time elapsed


 Performance counter stats for './mem-walk-no-thread-no-thrash':

         3,457,864 cache-misses                                                

       3.093783609 seconds time elapsed


 Performance counter stats for './mem-walk-no-thread-no-thrash':

         3,673,991 cache-misses                                                

       3.435351015 seconds time elapsed


 Performance counter stats for './mem-walk-no-thread-no-thrash':

         3,570,056 cache-misses                                                

       3.488577526 seconds time elapsed


 Performance counter stats for './mem-walk-no-thread-no-thrash':

         3,566,797 cache-misses                                                

       3.259387920 seconds time elapsed


 Performance counter stats for './mem-walk-no-thread':

       540,846,620 cache-misses                                                

      10.985142086 seconds time elapsed


 Performance counter stats for './mem-walk-no-thread':

       539,582,464 cache-misses                                                

      10.950840808 seconds time elapsed


 Performance counter stats for './mem-walk-no-thread':

       559,928,551 cache-misses                                                

      10.961249545 seconds time elapsed


 Performance counter stats for './mem-walk-no-thread':

       559,138,338 cache-misses                                                

      10.982597542 seconds time elapsed


 Performance counter stats for './mem-walk-no-thread':

       546,577,642 cache-misses                                                

      10.967285619 seconds time elapsed


 Performance counter stats for './mem-walk-no-thread':

       545,933,375 cache-misses                                                

      10.931001551 seconds time elapsed


 Performance counter stats for './mem-walk-no-thread':

       549,333,767 cache-misses                                                

      10.964758433 seconds time elapsed


 Performance counter stats for './mem-walk-no-thread':

       540,144,107 cache-misses                                                

      10.897912746 seconds time elapsed


 Performance counter stats for './mem-walk-no-thread':

       538,357,862 cache-misses                                                

      10.928887209 seconds time elapsed


 Performance counter stats for './mem-walk-no-thread':

       544,200,552 cache-misses                                                

      10.938324752 seconds time elapsed


 Performance counter stats for './mem-walk-no-thrash':

        23,787,671 cache-misses                                                

      11.360376304 seconds time elapsed


 Performance counter stats for './mem-walk-no-thrash':

        14,793,612 cache-misses                                                

      11.164106013 seconds time elapsed


 Performance counter stats for './mem-walk-no-thrash':

        13,784,948 cache-misses                                                

      11.184737303 seconds time elapsed


 Performance counter stats for './mem-walk-no-thrash':

        13,015,064 cache-misses                                                

      11.169188667 seconds time elapsed


 Performance counter stats for './mem-walk-no-thrash':

        32,014,097 cache-misses                                                

      11.377748895 seconds time elapsed


 Performance counter stats for './mem-walk-no-thrash':

        20,907,795 cache-misses                                                

      11.198226389 seconds time elapsed


 Performance counter stats for './mem-walk-no-thrash':

        18,812,124 cache-misses                                                

      11.189706053 seconds time elapsed


 Performance counter stats for './mem-walk-no-thrash':

        12,477,527 cache-misses                                                

      11.173608200 seconds time elapsed


 Performance counter stats for './mem-walk-no-thrash':

        16,442,514 cache-misses                                                

      11.635775694 seconds time elapsed


 Performance counter stats for './mem-walk-no-thrash':

        14,655,562 cache-misses                                                

      11.175192064 seconds time elapsed


 Performance counter stats for './mem-walk':

     3,503,499,712 cache-misses                                                

      64.248976510 seconds time elapsed


 Performance counter stats for './mem-walk':

     3,570,938,169 cache-misses                                                

      64.674030414 seconds time elapsed


 Performance counter stats for './mem-walk':

     3,368,719,457 cache-misses                                                

      63.104288764 seconds time elapsed


 Performance counter stats for './mem-walk':

     3,120,668,762 cache-misses                                                

      61.123339910 seconds time elapsed


 Performance counter stats for './mem-walk':

     3,386,493,669 cache-misses                                                

      62.712442810 seconds time elapsed


 Performance counter stats for './mem-walk':

     3,224,349,071 cache-misses                                                

      62.574417781 seconds time elapsed


 Performance counter stats for './mem-walk':

     2,836,259,995 cache-misses                                                

      58.542793961 seconds time elapsed


 Performance counter stats for './mem-walk':

     2,649,426,718 cache-misses                                                

      55.730124943 seconds time elapsed


 Performance counter stats for './mem-walk':

     3,307,217,455 cache-misses                                                

      62.318889428 seconds time elapsed


 Performance counter stats for './mem-walk':

     3,051,285,350 cache-misses                                                

      60.755617720 seconds time elapsed

