
 Performance counter stats for './mem-walk-no-thread-no-thrash':

         3,448,198 cache-misses                                                

       3.129457169 seconds time elapsed


 Performance counter stats for './mem-walk-no-thread-no-thrash':

         3,683,799 cache-misses                                                

       3.542952997 seconds time elapsed


 Performance counter stats for './mem-walk-no-thread-no-thrash':

         3,721,536 cache-misses                                                

       3.650943517 seconds time elapsed


 Performance counter stats for './mem-walk-no-thread-no-thrash':

         3,512,429 cache-misses                                                

       3.113425709 seconds time elapsed


 Performance counter stats for './mem-walk-no-thread-no-thrash':

         3,614,199 cache-misses                                                

       3.784970746 seconds time elapsed


 Performance counter stats for './mem-walk-no-thread-no-thrash':

         3,679,872 cache-misses                                                

       3.321457289 seconds time elapsed


 Performance counter stats for './mem-walk-no-thread-no-thrash':

         3,663,555 cache-misses                                                

       3.548175842 seconds time elapsed


 Performance counter stats for './mem-walk-no-thread-no-thrash':

         3,625,878 cache-misses                                                

       3.694881708 seconds time elapsed


 Performance counter stats for './mem-walk-no-thread-no-thrash':

         3,757,073 cache-misses                                                

       3.591672788 seconds time elapsed


 Performance counter stats for './mem-walk-no-thread-no-thrash':

         3,673,162 cache-misses                                                

       3.926414837 seconds time elapsed


 Performance counter stats for './mem-walk-no-thread':

       597,060,695 cache-misses                                                

      11.061520974 seconds time elapsed


 Performance counter stats for './mem-walk-no-thread':

       581,518,010 cache-misses                                                

      11.143097393 seconds time elapsed


 Performance counter stats for './mem-walk-no-thread':

       587,306,712 cache-misses                                                

      11.066507489 seconds time elapsed


 Performance counter stats for './mem-walk-no-thread':

       595,216,897 cache-misses                                                

      11.055969945 seconds time elapsed


 Performance counter stats for './mem-walk-no-thread':

       584,071,506 cache-misses                                                

      11.068206358 seconds time elapsed


 Performance counter stats for './mem-walk-no-thread':

       605,143,489 cache-misses                                                

      11.105931001 seconds time elapsed


 Performance counter stats for './mem-walk-no-thread':

       602,391,975 cache-misses                                                

      11.105967755 seconds time elapsed


 Performance counter stats for './mem-walk-no-thread':

       603,858,788 cache-misses                                                

      11.093287816 seconds time elapsed


 Performance counter stats for './mem-walk-no-thread':

       583,528,232 cache-misses                                                

      11.072021791 seconds time elapsed


 Performance counter stats for './mem-walk-no-thread':

       604,114,821 cache-misses                                                

      11.112029443 seconds time elapsed


 Performance counter stats for './mem-walk-no-thrash':

        23,986,717 cache-misses                                                

      11.218185497 seconds time elapsed


 Performance counter stats for './mem-walk-no-thrash':

        19,084,826 cache-misses                                                

      12.025800049 seconds time elapsed


 Performance counter stats for './mem-walk-no-thrash':

        19,935,716 cache-misses                                                

      11.378818713 seconds time elapsed


 Performance counter stats for './mem-walk-no-thrash':

        13,637,315 cache-misses                                                

      11.245273736 seconds time elapsed


 Performance counter stats for './mem-walk-no-thrash':

        10,904,126 cache-misses                                                

      11.538345369 seconds time elapsed


 Performance counter stats for './mem-walk-no-thrash':

         9,890,663 cache-misses                                                

      11.287616413 seconds time elapsed


 Performance counter stats for './mem-walk-no-thrash':

        24,600,751 cache-misses                                                

      12.013756642 seconds time elapsed


 Performance counter stats for './mem-walk-no-thrash':

        25,211,307 cache-misses                                                

      11.436638031 seconds time elapsed


 Performance counter stats for './mem-walk-no-thrash':

        17,603,340 cache-misses                                                

      11.229362594 seconds time elapsed


 Performance counter stats for './mem-walk-no-thrash':

        11,735,093 cache-misses                                                

      11.147045004 seconds time elapsed


 Performance counter stats for './mem-walk':

     1,710,258,386 cache-misses                                                

      50.334482616 seconds time elapsed


 Performance counter stats for './mem-walk':

     1,579,001,163 cache-misses                                                

      49.999699945 seconds time elapsed


 Performance counter stats for './mem-walk':

     2,148,874,241 cache-misses                                                

      51.677822480 seconds time elapsed


 Performance counter stats for './mem-walk':

     1,859,315,726 cache-misses                                                

      51.637090126 seconds time elapsed


 Performance counter stats for './mem-walk':

     1,461,147,940 cache-misses                                                

      49.870921583 seconds time elapsed


 Performance counter stats for './mem-walk':

     1,522,402,462 cache-misses                                                

      50.144311310 seconds time elapsed


 Performance counter stats for './mem-walk':

     1,626,238,784 cache-misses                                                

      50.101865864 seconds time elapsed


 Performance counter stats for './mem-walk':

     1,742,555,851 cache-misses                                                

      50.675701489 seconds time elapsed


 Performance counter stats for './mem-walk':

     1,701,810,253 cache-misses                                                

      50.491560246 seconds time elapsed


 Performance counter stats for './mem-walk':

     1,618,211,498 cache-misses                                                

      50.219588778 seconds time elapsed

